
aurora -b -a2 -c -T -Y3 -d0 -e /dev/serial/by-id/usb-1a86_USB2.0-Serial-if00-port0 

szttyDevice: /dev/serial/by-id/usb-1a86_USB2.0-Serial-if00-port0
yDelay:     1
yTimeout    0 mS
yMaxRunTime ~
devLCKfile: </var/lock/LCK..usb-1a86_USB2.0-Serial-if00-port0>
devLCKfileNew: </var/lock/LCK..usb-1a86_USB2.0-Serial-if00-port0.11695>
Got Params

RunTime 20120604-13:39:40 v1.8.0 
Endian : Little
PID : 11695

Attempting to get lock on Serial Port /dev/serial/by-id/usb-1a86_USB2.0-Serial-if00-port0...
Checking for lock

Checking process 11695 for lock
rPID: 11695 SubStrPos: aurora command: aurora = me
Appears we got the lock.

Opening Serial Port /dev/serial/by-id/usb-1a86_USB2.0-Serial-if00-port0...  Serial Port /dev/serial/by-id/usb-1a86_USB2.0-Serial-if00-port0 successfully opened.
Configuring serial device... Flushing unread data first...  Success!
Flushing serial device buffer... Success!

Comm Check: Let's see if the Aurora is listening... 
Elapsed time since last comm 0 us
Attempt 1
Clearing read buffer Success!
szSerBufferSave OK! 02 3a 00 00 00 00 00 00 00 00 
command: 02 3a 00 00 00 00 00 00 01 b7 
Flushing serial device buffer... Success!
Sending command... sent 10 characters
Draining serial device buffer... Success!
Cleared data buffer: 00 00 00 00 00 00 00 00 00 00 
Read char #1 RC=0 (00) waited/max    97751/1000000  uS 
answer:  Got -1 characters

Elapsed time since last comm 0 us
Attempt 2
Clearing read buffer Success!
szSerBufferSave OK! 02 3a 00 00 00 00 00 00 00 00 
command: 02 3a 00 00 00 00 00 00 01 b7 
Flushing serial device buffer... Success!
Sending command... sent 10 characters
Draining serial device buffer... Success!
Cleared data buffer: 00 00 00 00 00 00 00 00 00 00 
Read char #1 RC=1 (00) 
Read char #2 RC=1 (06) waited/max        9/1000000  uS 
Read char #3 RC=1 (31) waited/max        9/1000000  uS 
Read char #4 RC=1 (42) waited/max        8/1000000  uS 
Read char #5 RC=1 (4e) waited/max        9/1000000  uS 
Read char #6 RC=1 (4e) waited/max        8/1000000  uS 
Read char #7 RC=1 (9c) waited/max        8/1000000  uS 
Read char #8 RC=1 (58) waited/max        9/1000000  uS 
answer:  00 06 31 42 4e 4e 9c 58 
received 8 characters
CRC receive OK 589c
Transmission State Check: 0
Model ID "1" Multipler 0.0970019 -- PVI-3.0-OUTD (new) --
Comm Check: OK

Elapsed time since last comm 194 us
Attempt 1
Clearing read buffer Success!
szSerBufferSave OK! 02 3b 04 00 00 00 00 00 00 00 
command: 02 3b 04 00 00 00 00 00 78 38 
Flushing serial device buffer... Success!
Sending command... sent 10 characters
Draining serial device buffer... Success!
Cleared data buffer: 00 00 00 00 00 00 00 00 00 00 
Read char #1 RC=1 (00) waited/max    17807/1000000  uS 
Read char #2 RC=1 (06) waited/max        9/1000000  uS 
Read char #3 RC=1 (42) waited/max        9/1000000  uS 
Read char #4 RC=1 (47) waited/max        8/1000000  uS 
Read char #5 RC=1 (f6) waited/max        8/1000000  uS 
Read char #6 RC=1 (c9) waited/max        8/1000000  uS 
Read char #7 RC=1 (b0) waited/max        9/1000000  uS 
Read char #8 RC=1 (1a) waited/max        8/1000000  uS 
answer:  00 06 42 47 f6 c9 b0 1a 
received 8 characters
CRC receive OK 1ab0
Transmission State Check: 0
szCvrtFloat    49.991001 0x4247f6c9
value        49.991001

Elapsed time since last comm 78 us
Attempt 1
Clearing read buffer Success!
szSerBufferSave OK! 02 3b 01 00 00 00 00 00 00 00 
command: 02 3b 01 00 00 00 00 00 ff 2c 
Flushing serial device buffer... Success!
Sending command... sent 10 characters
Draining serial device buffer... Success!
Cleared data buffer: 00 00 00 00 00 00 00 00 00 00 
Read char #1 RC=1 (00) waited/max    10811/1000000  uS 
Read char #2 RC=1 (06) waited/max        9/1000000  uS 
Read char #3 RC=1 (43) waited/max        8/1000000  uS 
Read char #4 RC=1 (62) waited/max        8/1000000  uS 
Read char #5 RC=1 (0d) waited/max        9/1000000  uS 
Read char #6 RC=1 (9d) waited/max        8/1000000  uS 
Read char #7 RC=1 (8c) waited/max        9/1000000  uS 
Read char #8 RC=1 (b0) waited/max        8/1000000  uS 
answer:  00 06 43 62 0d 9d 8c b0 
received 8 characters
CRC receive OK b08c
Transmission State Check: 0
szCvrtFloat   226.053177 0x43620d9d
value       226.053177

Elapsed time since last comm 78 us
Attempt 1
Clearing read buffer Success!
szSerBufferSave OK! 02 3b 02 00 00 00 00 00 00 00 
command: 02 3b 02 00 00 00 00 00 82 20 
Flushing serial device buffer... Success!
Sending command... sent 10 characters
Draining serial device buffer... Success!
Cleared data buffer: 00 00 00 00 00 00 00 00 00 00 
Read char #1 RC=1 (00) waited/max    10810/1000000  uS 
Read char #2 RC=1 (06) waited/max        9/1000000  uS 
Read char #3 RC=1 (40) waited/max        9/1000000  uS 
Read char #4 RC=1 (4f) waited/max        8/1000000  uS 
Read char #5 RC=1 (f2) waited/max        9/1000000  uS 
Read char #6 RC=1 (c5) waited/max        9/1000000  uS 
Read char #7 RC=1 (08) waited/max        8/1000000  uS 
Read char #8 RC=1 (48) waited/max        9/1000000  uS 
answer:  00 06 40 4f f2 c5 08 48 
received 8 characters
CRC receive OK 4808
Transmission State Check: 0
szCvrtFloat     3.249192 0x404ff2c5
value         3.249192

Elapsed time since last comm 61 us
Attempt 1
Clearing read buffer Success!
szSerBufferSave OK! 02 3b 03 00 00 00 00 00 00 00 
command: 02 3b 03 00 00 00 00 00 a9 24 
Flushing serial device buffer... Success!
Sending command... sent 10 characters
Draining serial device buffer... Success!
Cleared data buffer: 00 00 00 00 00 00 00 00 00 00 
Read char #1 RC=0 (00) waited/max    96783/1000000  uS 
answer:  Got -1 characters

Elapsed time since last comm 0 us
Attempt 2
Clearing read buffer Success!
szSerBufferSave OK! 02 3b 03 00 00 00 00 00 00 00 
command: 02 3b 03 00 00 00 00 00 a9 24 
Flushing serial device buffer... Success!
Sending command... sent 10 characters
Draining serial device buffer... Success!
Cleared data buffer: 00 00 00 00 00 00 00 00 00 00 
Read char #1 RC=1 (00) waited/max    15802/1000000  uS 
Read char #2 RC=1 (06) waited/max       10/1000000  uS 
Read char #3 RC=1 (44) waited/max        9/1000000  uS 
Read char #4 RC=1 (2e) waited/max        8/1000000  uS 
Read char #5 RC=1 (19) waited/max        9/1000000  uS 
Read char #6 RC=1 (1d) waited/max        9/1000000  uS 
Read char #7 RC=1 (81) waited/max        9/1000000  uS 
Read char #8 RC=1 (32) waited/max        9/1000000  uS 
answer:  00 06 44 2e 19 1d 81 32 
received 8 characters
CRC receive OK 3281
Transmission State Check: 0
szCvrtFloat   696.392395 0x442e191d
value       696.392395

Elapsed time since last comm 79 us
Attempt 1
Clearing read buffer Success!
szSerBufferSave OK! 02 3b 17 00 00 00 00 00 00 00 
command: 02 3b 17 00 00 00 00 00 b5 76 
Flushing serial device buffer... Success!
Sending command... sent 10 characters
Draining serial device buffer... Success!
Cleared data buffer: 00 00 00 00 00 00 00 00 00 00 
Read char #1 RC=1 (00) waited/max    33809/1000000  uS 
Read char #2 RC=1 (06) waited/max       10/1000000  uS 
Read char #3 RC=1 (43) waited/max        9/1000000  uS 
Read char #4 RC=1 (ba) waited/max        8/1000000  uS 
Read char #5 RC=1 (fe) waited/max        9/1000000  uS 
Read char #6 RC=1 (d8) waited/max        9/1000000  uS 
Read char #7 RC=1 (88) waited/max        9/1000000  uS 
Read char #8 RC=1 (ba) waited/max        9/1000000  uS 
answer:  00 06 43 ba fe d8 88 ba 
received 8 characters
CRC receive OK ba88
Transmission State Check: 0
szCvrtFloat   373.990967 0x43bafed8
value       373.990967

Elapsed time since last comm 69 us
Attempt 1
Clearing read buffer Success!
szSerBufferSave OK! 02 3b 19 00 00 00 00 00 00 00 
command: 02 3b 19 00 00 00 00 00 17 4f 
Flushing serial device buffer... Success!
Sending command... sent 10 characters
Draining serial device buffer... Success!
Cleared data buffer: 00 00 00 00 00 00 00 00 00 00 
Read char #1 RC=1 (00) waited/max    11811/1000000  uS 
Read char #2 RC=1 (06) waited/max        9/1000000  uS 
Read char #3 RC=1 (3f) waited/max        9/1000000  uS 
Read char #4 RC=1 (8b) waited/max        9/1000000  uS 
Read char #5 RC=1 (35) waited/max        9/1000000  uS 
Read char #6 RC=1 (2b) waited/max        9/1000000  uS 
Read char #7 RC=1 (9d) waited/max        9/1000000  uS 
Read char #8 RC=1 (40) waited/max        9/1000000  uS 
answer:  00 06 3f 8b 35 2b 9d 40 
received 8 characters
CRC receive OK 409d
Transmission State Check: 0
szCvrtFloat     1.087560 0x3f8b352b
value         1.087560

Elapsed time since last comm 64 us
Attempt 1
Clearing read buffer Success!
szSerBufferSave OK! 02 3b 1a 00 00 00 00 00 00 00 
command: 02 3b 1a 00 00 00 00 00 6a 43 
Flushing serial device buffer... Success!
Sending command... sent 10 characters
Draining serial device buffer... Success!
Cleared data buffer: 00 00 00 00 00 00 00 00 00 00 
Read char #1 RC=1 (00) waited/max    97827/1000000  uS 
Read char #2 RC=1 (06) waited/max       10/1000000  uS 
Read char #3 RC=1 (43) waited/max        9/1000000  uS 
Read char #4 RC=1 (95) waited/max        9/1000000  uS 
Read char #5 RC=1 (72) waited/max        9/1000000  uS 
Read char #6 RC=1 (7f) waited/max        9/1000000  uS 
Read char #7 RC=1 (ad) waited/max        8/1000000  uS 
Read char #8 RC=1 (07) waited/max        8/1000000  uS 
answer:  00 06 43 95 72 7f ad 07 
received 8 characters
CRC receive OK 07ad
Transmission State Check: 0
szCvrtFloat   298.894501 0x4395727f
value       298.894501

Elapsed time since last comm 74 us
Attempt 1
Clearing read buffer Success!
szSerBufferSave OK! 02 3b 1b 00 00 00 00 00 00 00 
command: 02 3b 1b 00 00 00 00 00 41 47 
Flushing serial device buffer... Success!
Sending command... sent 10 characters
Draining serial device buffer... Success!
Cleared data buffer: 00 00 00 00 00 00 00 00 00 00 
Read char #1 RC=1 (00) waited/max    20806/1000000  uS 
Read char #2 RC=1 (06) waited/max       13/1000000  uS 
Read char #3 RC=1 (3f) waited/max        9/1000000  uS 
Read char #4 RC=1 (88) waited/max        9/1000000  uS 
Read char #5 RC=1 (bb) waited/max        8/1000000  uS 
Read char #6 RC=1 (9e) waited/max        8/1000000  uS 
Read char #7 RC=1 (03) waited/max        8/1000000  uS 
Read char #8 RC=1 (5b) waited/max        8/1000000  uS 
answer:  00 06 3f 88 bb 9e 03 5b 
received 8 characters
CRC receive OK 5b03
Transmission State Check: 0
szCvrtFloat     1.068226 0x3f88bb9e
value         1.068226

Elapsed time since last comm 64 us
Attempt 1
Clearing read buffer Success!
szSerBufferSave OK! 02 3b 15 00 00 00 00 00 00 00 
command: 02 3b 15 00 00 00 00 00 e3 7e 
Flushing serial device buffer... Success!
Sending command... sent 10 characters
Draining serial device buffer... Success!
Cleared data buffer: 00 00 00 00 00 00 00 00 00 00 
Read char #1 RC=1 (00) waited/max    11808/1000000  uS 
Read char #2 RC=1 (06) waited/max       10/1000000  uS 
Read char #3 RC=1 (41) waited/max        9/1000000  uS 
Read char #4 RC=1 (dd) waited/max        9/1000000  uS 
Read char #5 RC=1 (76) waited/max        9/1000000  uS 
Read char #6 RC=1 (4f) waited/max        9/1000000  uS 
Read char #7 RC=1 (8c) waited/max        8/1000000  uS 
Read char #8 RC=1 (a8) waited/max        8/1000000  uS 
answer:  00 06 41 dd 76 4f 8c a8 
received 8 characters
CRC receive OK a88c
Transmission State Check: 0
szCvrtFloat    27.682768 0x41dd764f
value        27.682768

Elapsed time since last comm 70 us
Attempt 1
Clearing read buffer Success!
szSerBufferSave OK! 02 3b 16 00 00 00 00 00 00 00 
command: 02 3b 16 00 00 00 00 00 9e 72 
Flushing serial device buffer... Success!
Sending command... sent 10 characters
Draining serial device buffer... Success!
Cleared data buffer: 00 00 00 00 00 00 00 00 00 00 
Read char #1 RC=1 (00) waited/max    10812/1000000  uS 
Read char #2 RC=1 (06) waited/max        9/1000000  uS 
Read char #3 RC=1 (41) waited/max        9/1000000  uS 
Read char #4 RC=1 (c0) waited/max        9/1000000  uS 
Read char #5 RC=1 (38) waited/max        9/1000000  uS 
Read char #6 RC=1 (b4) waited/max        9/1000000  uS 
Read char #7 RC=1 (4c) waited/max        9/1000000  uS 
Read char #8 RC=1 (47) waited/max        9/1000000  uS 
answer:  00 06 41 c0 38 b4 4c 47 
received 8 characters
CRC receive OK 474c
Transmission State Check: 0
szCvrtFloat    24.027687 0x41c038b4
value        24.027687

Attempting to get Partial Energy value 
Elapsed time since last comm 171 us
Attempt 1
Clearing read buffer Success!
szSerBufferSave OK! 02 4e 06 00 00 00 00 00 00 00 
command: 02 4e 06 00 00 00 00 00 c1 d1 
Flushing serial device buffer... Success!
Sending command... sent 10 characters
Draining serial device buffer... Success!
Cleared data buffer: 00 00 00 00 00 00 00 00 00 00 
Read char #1 RC=0 (00) waited/max    96777/1000000  uS 
answer:  Got -1 characters

Elapsed time since last comm 0 us
Attempt 2
Clearing read buffer Success!
szSerBufferSave OK! 02 4e 06 00 00 00 00 00 00 00 
command: 02 4e 06 00 00 00 00 00 c1 d1 
Flushing serial device buffer... Success!
Sending command... sent 10 characters
Draining serial device buffer... Success!
Cleared data buffer: 00 00 00 00 00 00 00 00 00 00 
Read char #1 RC=1 (00) waited/max    18804/1000000  uS 
Read char #2 RC=1 (06) waited/max       10/1000000  uS 
Read char #3 RC=1 (00) waited/max        9/1000000  uS 
Read char #4 RC=1 (00) waited/max        9/1000000  uS 
Read char #5 RC=1 (84) waited/max        9/1000000  uS 
Read char #6 RC=1 (e3) waited/max        9/1000000  uS 
Read char #7 RC=1 (2e) waited/max        9/1000000  uS 
Read char #8 RC=1 (f2) waited/max        8/1000000  uS 
answer:  00 06 00 00 84 e3 2e f2 
received 8 characters
CRC receive OK f22e
Transmission State Check: 0
szCvrtLong          34019 0x000084e3
value               34019

Elapsed time since last comm 57 us
Attempt 1
Clearing read buffer Success!
szSerBufferSave OK! 02 4e 00 00 00 00 00 00 00 00 
command: 02 4e 00 00 00 00 00 00 3b c9 
Flushing serial device buffer... Success!
Sending command... sent 10 characters
Draining serial device buffer... Success!
Cleared data buffer: 00 00 00 00 00 00 00 00 00 00 
Read char #1 RC=1 (00) waited/max    24872/1000000  uS 
Read char #2 RC=1 (06) waited/max       11/1000000  uS 
Read char #3 RC=1 (00) waited/max        9/1000000  uS 
Read char #4 RC=1 (00) waited/max        8/1000000  uS 
Read char #5 RC=1 (05) waited/max        8/1000000  uS 
Read char #6 RC=1 (89) waited/max        9/1000000  uS 
Read char #7 RC=1 (66) waited/max        9/1000000  uS 
Read char #8 RC=1 (ab) waited/max        8/1000000  uS 
answer:  00 06 00 00 05 89 66 ab 
received 8 characters
CRC receive OK ab66
Transmission State Check: 0
szCvrtLong           1417 0x00000589
value                1417

Elapsed time since last comm 54 us
Attempt 1
Clearing read buffer Success!
szSerBufferSave OK! 02 4e 01 00 00 00 00 00 00 00 
command: 02 4e 01 00 00 00 00 00 10 cd 
Flushing serial device buffer... Success!
Sending command... sent 10 characters
Draining serial device buffer... Success!
Cleared data buffer: 00 00 00 00 00 00 00 00 00 00 
Read char #1 RC=1 (00) waited/max    11800/1000000  uS 
Read char #2 RC=1 (06) waited/max       10/1000000  uS 
Read char #3 RC=1 (00) waited/max        9/1000000  uS 
Read char #4 RC=1 (00) waited/max        9/1000000  uS 
Read char #5 RC=1 (14) waited/max        9/1000000  uS 
Read char #6 RC=1 (ed) waited/max       10/1000000  uS 
Read char #7 RC=1 (0d) waited/max        9/1000000  uS 
Read char #8 RC=1 (02) waited/max        9/1000000  uS 
answer:  00 06 00 00 14 ed 0d 02 
received 8 characters
CRC receive OK 020d
Transmission State Check: 0
szCvrtLong           5357 0x000014ed
value                5357

Elapsed time since last comm 52 us
Attempt 1
Clearing read buffer Success!
szSerBufferSave OK! 02 4e 03 00 00 00 00 00 00 00 
command: 02 4e 03 00 00 00 00 00 46 c5 
Flushing serial device buffer... Success!
Sending command... sent 10 characters
Draining serial device buffer... Success!
Cleared data buffer: 00 00 00 00 00 00 00 00 00 00 
Read char #1 RC=0 (00) waited/max    96769/1000000  uS 
answer:  Got -1 characters

Elapsed time since last comm 0 us
Attempt 2
Clearing read buffer Success!
szSerBufferSave OK! 02 4e 03 00 00 00 00 00 00 00 
command: 02 4e 03 00 00 00 00 00 46 c5 
Flushing serial device buffer... Success!
Sending command... sent 10 characters
Draining serial device buffer... Success!
Cleared data buffer: 00 00 00 00 00 00 00 00 00 00 
Read char #1 RC=1 (ff) waited/max     8790/1000000  uS 
Read char #2 RC=1 (ff) waited/max       10/1000000  uS 
Read char #3 RC=1 (ee) waited/max        9/1000000  uS 
Read char #4 RC=1 (67) waited/max        9/1000000  uS 
Read char #5 RC=1 (18) waited/max        9/1000000  uS 
Read char #6 RC=1 (a7) waited/max        9/1000000  uS 
Read char #7 RC=1 (b5) waited/max        9/1000000  uS 
Read char #8 RC=1 (fe) waited/max        9/1000000  uS 
answer:  ff ff ee 67 18 a7 b5 fe 
received 8 characters

Elapsed time since last comm 0 us
Attempt 3
Clearing read buffer Success!
szSerBufferSave OK! 02 4e 03 00 00 00 00 00 00 00 
command: 02 4e 03 00 00 00 00 00 46 c5 
Flushing serial device buffer... Success!
Sending command... sent 10 characters
Draining serial device buffer... Success!
Cleared data buffer: 00 00 00 00 00 00 00 00 00 00 
Read char #1 RC=0 (00) waited/max    99801/1000000  uS 
answer:  Got -1 characters

Restoring Serial Port settings /dev/serial/by-id/usb-1a86_USB2.0-Serial-if00-port0... Success!
Flushing serial device buffer... Success!
Closing Serial Port /dev/serial/by-id/usb-1a86_USB2.0-Serial-if00-port0... Success!

devLCKfile: </var/lock/LCK..usb-1a86_USB2.0-Serial-if00-port0>
devLCKfileNew: </var/lock/LCK..usb-1a86_USB2.0-Serial-if00-port0.11695>
Clearing Serial Port Lock (11695)... done.

20120604-13:39:41: aurora: ERROR: Received bad return code (-1 78 3)

Complete 20120604-13:39:41

