
aurora -b -a2 -c -T -Y3 -d0 -e /dev/serial/by-id/usb-1a86_USB2.0-Serial-if00-port0 

szttyDevice: /dev/serial/by-id/usb-1a86_USB2.0-Serial-if00-port0
yDelay:     1
yTimeout    0 mS
yMaxRunTime ~
devLCKfile: </var/lock/LCK..usb-1a86_USB2.0-Serial-if00-port0>
devLCKfileNew: </var/lock/LCK..usb-1a86_USB2.0-Serial-if00-port0.6410>
Got Params

RunTime 20120604-13:23:33 v1.8.0 
Endian : Little
PID : 6410

Attempting to get lock on Serial Port /dev/serial/by-id/usb-1a86_USB2.0-Serial-if00-port0...
Checking for lock

Checking process 6410 for lock
rPID: 6410 SubStrPos: aurora command: aurora = me
Appears we got the lock.

Opening Serial Port /dev/serial/by-id/usb-1a86_USB2.0-Serial-if00-port0...  Serial Port /dev/serial/by-id/usb-1a86_USB2.0-Serial-if00-port0 successfully opened.
Configuring serial device... Flushing unread data first...  Success!
Flushing serial device buffer... Success!

Comm Check: Let's see if the Aurora is listening... 
Elapsed time since last comm 0 us
Attempt 1
Clearing read buffer Success!
szSerBufferSave OK! 02 3a 00 00 00 00 00 00 00 00 
command: 02 3a 00 00 00 00 00 00 01 b7 
Flushing serial device buffer... Success!
Sending command... sent 10 characters
Draining serial device buffer... Success!
Cleared data buffer: 00 00 00 00 00 00 00 00 00 00 
Read char #1 RC=0 (00) waited/max    99760/1000000  uS 
answer:  Got -1 characters

Elapsed time since last comm 0 us
Attempt 2
Clearing read buffer Success!
szSerBufferSave OK! 02 3a 00 00 00 00 00 00 00 00 
command: 02 3a 00 00 00 00 00 00 01 b7 
Flushing serial device buffer... Success!
Sending command... sent 10 characters
Draining serial device buffer... Success!
Cleared data buffer: 00 00 00 00 00 00 00 00 00 00 
Read char #1 RC=1 (00) waited/max    14815/1000000  uS 
Read char #2 RC=1 (06) waited/max       10/1000000  uS 
Read char #3 RC=1 (31) waited/max        9/1000000  uS 
Read char #4 RC=1 (42) waited/max        9/1000000  uS 
Read char #5 RC=1 (4e) waited/max        9/1000000  uS 
Read char #6 RC=1 (4e) waited/max        8/1000000  uS 
Read char #7 RC=1 (9c) waited/max        9/1000000  uS 
Read char #8 RC=1 (58) waited/max        8/1000000  uS 
answer:  00 06 31 42 4e 4e 9c 58 
received 8 characters
CRC receive OK 589c
Transmission State Check: 0
Model ID "1" Multipler 0.0970019 -- PVI-3.0-OUTD (new) --
Comm Check: OK

Elapsed time since last comm 199 us
Attempt 1
Clearing read buffer Success!
szSerBufferSave OK! 02 3b 04 00 00 00 00 00 00 00 
command: 02 3b 04 00 00 00 00 00 78 38 
Flushing serial device buffer... Success!
Sending command... sent 10 characters
Draining serial device buffer... Success!
Cleared data buffer: 00 00 00 00 00 00 00 00 00 00 
Read char #1 RC=1 (00) waited/max    18803/1000000  uS 
Read char #2 RC=1 (06) waited/max        9/1000000  uS 
Read char #3 RC=1 (42) waited/max        8/1000000  uS 
Read char #4 RC=1 (47) waited/max        9/1000000  uS 
Read char #5 RC=1 (ec) waited/max        8/1000000  uS 
Read char #6 RC=1 (8d) waited/max        8/1000000  uS 
Read char #7 RC=1 (71) waited/max        9/1000000  uS 
Read char #8 RC=1 (76) waited/max        9/1000000  uS 
answer:  00 06 42 47 ec 8d 71 76 
received 8 characters
CRC receive OK 7671
Transmission State Check: 0
szCvrtFloat    49.981007 0x4247ec8d
value        49.981007

Elapsed time since last comm 79 us
Attempt 1
Clearing read buffer Success!
szSerBufferSave OK! 02 3b 01 00 00 00 00 00 00 00 
command: 02 3b 01 00 00 00 00 00 ff 2c 
Flushing serial device buffer... Success!
Sending command... sent 10 characters
Draining serial device buffer... Success!
Cleared data buffer: 00 00 00 00 00 00 00 00 00 00 
Read char #1 RC=1 (00) waited/max    10810/1000000  uS 
Read char #2 RC=1 (06) waited/max        9/1000000  uS 
Read char #3 RC=1 (43) waited/max        8/1000000  uS 
Read char #4 RC=1 (61) waited/max        8/1000000  uS 
Read char #5 RC=1 (0e) waited/max        8/1000000  uS 
Read char #6 RC=1 (ce) waited/max        9/1000000  uS 
Read char #7 RC=1 (9e) waited/max        9/1000000  uS 
Read char #8 RC=1 (15) waited/max        9/1000000  uS 
answer:  00 06 43 61 0e ce 9e 15 
received 8 characters
CRC receive OK 159e
Transmission State Check: 0
szCvrtFloat   225.057831 0x43610ece
value       225.057831

Elapsed time since last comm 77 us
Attempt 1
Clearing read buffer Success!
szSerBufferSave OK! 02 3b 02 00 00 00 00 00 00 00 
command: 02 3b 02 00 00 00 00 00 82 20 
Flushing serial device buffer... Success!
Sending command... sent 10 characters
Draining serial device buffer... Success!
Cleared data buffer: 00 00 00 00 00 00 00 00 00 00 
Read char #1 RC=1 (00) waited/max    10803/1000000  uS 
Read char #2 RC=1 (06) waited/max        9/1000000  uS 
Read char #3 RC=1 (40) waited/max        9/1000000  uS 
Read char #4 RC=1 (39) waited/max        9/1000000  uS 
Read char #5 RC=1 (88) waited/max        8/1000000  uS 
Read char #6 RC=1 (41) waited/max        9/1000000  uS 
Read char #7 RC=1 (91) waited/max        9/1000000  uS 
Read char #8 RC=1 (d1) waited/max        9/1000000  uS 
answer:  00 06 40 39 88 41 91 d1 
received 8 characters
CRC receive OK d191
Transmission State Check: 0
szCvrtFloat     2.898941 0x40398841
value         2.898941

Elapsed time since last comm 61 us
Attempt 1
Clearing read buffer Success!
szSerBufferSave OK! 02 3b 03 00 00 00 00 00 00 00 
command: 02 3b 03 00 00 00 00 00 a9 24 
Flushing serial device buffer... Success!
Sending command... sent 10 characters
Draining serial device buffer... Success!
Cleared data buffer: 00 00 00 00 00 00 00 00 00 00 
Read char #1 RC=0 (00) waited/max    98751/1000000  uS 
answer:  Got -1 characters

Elapsed time since last comm 0 us
Attempt 2
Clearing read buffer Success!
szSerBufferSave OK! 02 3b 03 00 00 00 00 00 00 00 
command: 02 3b 03 00 00 00 00 00 a9 24 
Flushing serial device buffer... Success!
Sending command... sent 10 characters
Draining serial device buffer... Success!
Cleared data buffer: 00 00 00 00 00 00 00 00 00 00 
Read char #1 RC=1 (ff) waited/max     8814/1000000  uS 
Read char #2 RC=1 (af) waited/max        9/1000000  uS 
Read char #3 RC=1 (f7) waited/max        8/1000000  uS 
Read char #4 RC=1 (21) waited/max        9/1000000  uS 
Read char #5 RC=1 (d9) waited/max        8/1000000  uS 
Read char #6 RC=1 (5d) waited/max        8/1000000  uS 
Read char #7 RC=1 (e8) waited/max        9/1000000  uS 
Read char #8 RC=1 (f0) waited/max        9/1000000  uS 
answer:  ff af f7 21 d9 5d e8 f0 
received 8 characters

Elapsed time since last comm 0 us
Attempt 3
Clearing read buffer Success!
szSerBufferSave OK! 02 3b 03 00 00 00 00 00 00 00 
command: 02 3b 03 00 00 00 00 00 a9 24 
Flushing serial device buffer... Success!
Sending command... sent 10 characters
Draining serial device buffer... Success!
Cleared data buffer: 00 00 00 00 00 00 00 00 00 00 
Read char #1 RC=0 (00) waited/max    99757/1000000  uS 
answer:  Got -1 characters

Restoring Serial Port settings /dev/serial/by-id/usb-1a86_USB2.0-Serial-if00-port0... Success!
Flushing serial device buffer... Success!
Closing Serial Port /dev/serial/by-id/usb-1a86_USB2.0-Serial-if00-port0... Success!

devLCKfile: </var/lock/LCK..usb-1a86_USB2.0-Serial-if00-port0>
devLCKfileNew: </var/lock/LCK..usb-1a86_USB2.0-Serial-if00-port0.6410>
Clearing Serial Port Lock (6410)... done.

20120604-13:23:33: aurora: ERROR: Received bad return code (-1 59 3)

Complete 20120604-13:23:33

