
aurora -b -a2 -c -T -Y3 -d0 -e /dev/serial/by-id/usb-1a86_USB2.0-Serial-if00-port0 

szttyDevice: /dev/serial/by-id/usb-1a86_USB2.0-Serial-if00-port0
yDelay:     1
yTimeout    0 mS
yMaxRunTime ~
devLCKfile: </var/lock/LCK..usb-1a86_USB2.0-Serial-if00-port0>
devLCKfileNew: </var/lock/LCK..usb-1a86_USB2.0-Serial-if00-port0.6345>
Got Params

RunTime 20120604-13:23:21 v1.8.0 
Endian : Little
PID : 6345

Attempting to get lock on Serial Port /dev/serial/by-id/usb-1a86_USB2.0-Serial-if00-port0...
Checking for lock

Checking process 6345 for lock
rPID: 6345 SubStrPos: aurora command: aurora = me
Appears we got the lock.

Opening Serial Port /dev/serial/by-id/usb-1a86_USB2.0-Serial-if00-port0...  Serial Port /dev/serial/by-id/usb-1a86_USB2.0-Serial-if00-port0 successfully opened.
Configuring serial device... Flushing unread data first...  Success!
Flushing serial device buffer... Success!

Comm Check: Let's see if the Aurora is listening... 
Elapsed time since last comm 0 us
Attempt 1
Clearing read buffer Success!
szSerBufferSave OK! 02 3a 00 00 00 00 00 00 00 00 
command: 02 3a 00 00 00 00 00 00 01 b7 
Flushing serial device buffer... Success!
Sending command... sent 10 characters
Draining serial device buffer... Success!
Cleared data buffer: 00 00 00 00 00 00 00 00 00 00 
Read char #1 RC=1 (00) waited/max     9709/1000000  uS 
Read char #2 RC=1 (06) waited/max       13/1000000  uS 
Read char #3 RC=1 (31) waited/max       13/1000000  uS 
Read char #4 RC=1 (42) waited/max       12/1000000  uS 
Read char #5 RC=1 (4e) waited/max       13/1000000  uS 
Read char #6 RC=1 (4e) waited/max       11/1000000  uS 
Read char #7 RC=1 (9c) waited/max       13/1000000  uS 
Read char #8 RC=1 (58) waited/max       11/1000000  uS 
answer:  00 06 31 42 4e 4e 9c 58 
received 8 characters
CRC receive OK 589c
Transmission State Check: 0
Model ID "1" Multipler 0.0970019 -- PVI-3.0-OUTD (new) --
Comm Check: OK

Elapsed time since last comm 262 us
Attempt 1
Clearing read buffer Success!
szSerBufferSave OK! 02 3b 04 00 00 00 00 00 00 00 
command: 02 3b 04 00 00 00 00 00 78 38 
Flushing serial device buffer... Success!
Sending command... sent 10 characters
Draining serial device buffer... Success!
Cleared data buffer: 00 00 00 00 00 00 00 00 00 00 
Read char #1 RC=1 (00) waited/max    10732/1000000  uS 
Read char #2 RC=1 (06) waited/max       10/1000000  uS 
Read char #3 RC=1 (42) waited/max        9/1000000  uS 
Read char #4 RC=1 (47) waited/max        9/1000000  uS 
Read char #5 RC=1 (f1) waited/max        8/1000000  uS 
Read char #6 RC=1 (ab) waited/max        9/1000000  uS 
Read char #7 RC=1 (ac) waited/max        8/1000000  uS 
Read char #8 RC=1 (17) waited/max        9/1000000  uS 
answer:  00 06 42 47 f1 ab ac 17 
received 8 characters
CRC receive OK 17ac
Transmission State Check: 0
szCvrtFloat    49.986004 0x4247f1ab
value        49.986004

Elapsed time since last comm 88 us
Attempt 1
Clearing read buffer Success!
szSerBufferSave OK! 02 3b 01 00 00 00 00 00 00 00 
command: 02 3b 01 00 00 00 00 00 ff 2c 
Flushing serial device buffer... Success!
Sending command... sent 10 characters
Draining serial device buffer... Success!
Cleared data buffer: 00 00 00 00 00 00 00 00 00 00 
Read char #1 RC=1 (00) waited/max    10688/1000000  uS 
Read char #2 RC=1 (06) waited/max       15/1000000  uS 
Read char #3 RC=1 (43) waited/max       12/1000000  uS 
Read char #4 RC=1 (61) waited/max       12/1000000  uS 
Read char #5 RC=1 (30) waited/max       12/1000000  uS 
Read char #6 RC=1 (64) waited/max       12/1000000  uS 
Read char #7 RC=1 (7c) waited/max       12/1000000  uS 
Read char #8 RC=1 (33) waited/max       13/1000000  uS 
answer:  00 06 43 61 30 64 7c 33 
received 8 characters
CRC receive OK 337c
Transmission State Check: 0
szCvrtFloat   225.189026 0x43613064
value       225.189026

Elapsed time since last comm 126 us
Attempt 1
Clearing read buffer Success!
szSerBufferSave OK! 02 3b 02 00 00 00 00 00 00 00 
command: 02 3b 02 00 00 00 00 00 82 20 
Flushing serial device buffer... Success!
Sending command... sent 10 characters
Draining serial device buffer... Success!
Cleared data buffer: 00 00 00 00 00 00 00 00 00 00 
Read char #1 RC=0 (00) waited/max    97581/1000000  uS 
answer:  Got -1 characters

Elapsed time since last comm 0 us
Attempt 2
Clearing read buffer Success!
szSerBufferSave OK! 02 3b 02 00 00 00 00 00 00 00 
command: 02 3b 02 00 00 00 00 00 82 20 
Flushing serial device buffer... Success!
Sending command... sent 10 characters
Draining serial device buffer... Success!
Cleared data buffer: 00 00 00 00 00 00 00 00 00 00 
Read char #1 RC=1 (00) waited/max    13796/1000000  uS 
Read char #2 RC=1 (06) waited/max        9/1000000  uS 
Read char #3 RC=1 (40) waited/max        9/1000000  uS 
Read char #4 RC=1 (39) waited/max        8/1000000  uS 
Read char #5 RC=1 (88) waited/max        9/1000000  uS 
Read char #6 RC=1 (41) waited/max        9/1000000  uS 
Read char #7 RC=1 (91) waited/max        8/1000000  uS 
Read char #8 RC=1 (d1) waited/max        8/1000000  uS 
answer:  00 06 40 39 88 41 91 d1 
received 8 characters
CRC receive OK d191
Transmission State Check: 0
szCvrtFloat     2.898941 0x40398841
value         2.898941

Elapsed time since last comm 69 us
Attempt 1
Clearing read buffer Success!
szSerBufferSave OK! 02 3b 03 00 00 00 00 00 00 00 
command: 02 3b 03 00 00 00 00 00 a9 24 
Flushing serial device buffer... Success!
Sending command... sent 10 characters
Draining serial device buffer... Success!
Cleared data buffer: 00 00 00 00 00 00 00 00 00 00 
Read char #1 RC=1 (00) waited/max    16809/1000000  uS 
Read char #2 RC=1 (06) waited/max       10/1000000  uS 
Read char #3 RC=1 (44) waited/max        8/1000000  uS 
Read char #4 RC=1 (22) waited/max        9/1000000  uS 
Read char #5 RC=1 (74) waited/max        8/1000000  uS 
Read char #6 RC=1 (9a) waited/max        9/1000000  uS 
Read char #7 RC=1 (b8) waited/max        9/1000000  uS 
Read char #8 RC=1 (b2) waited/max        9/1000000  uS 
answer:  00 06 44 22 74 9a b8 b2 
received 8 characters
CRC receive OK b2b8
Transmission State Check: 0
szCvrtFloat   649.821899 0x4422749a
value       649.821899

Elapsed time since last comm 71 us
Attempt 1
Clearing read buffer Success!
szSerBufferSave OK! 02 3b 17 00 00 00 00 00 00 00 
command: 02 3b 17 00 00 00 00 00 b5 76 
Flushing serial device buffer... Success!
Sending command... sent 10 characters
Draining serial device buffer... Success!
Cleared data buffer: 00 00 00 00 00 00 00 00 00 00 
Read char #1 RC=1 (00) waited/max    10708/1000000  uS 
Read char #2 RC=1 (06) waited/max        9/1000000  uS 
Read char #3 RC=1 (43) waited/max        9/1000000  uS 
Read char #4 RC=1 (b6) waited/max        9/1000000  uS 
Read char #5 RC=1 (ec) waited/max        9/1000000  uS 
Read char #6 RC=1 (7b) waited/max        8/1000000  uS 
Read char #7 RC=1 (9b) waited/max        8/1000000  uS 
Read char #8 RC=1 (2e) waited/max        8/1000000  uS 
answer:  00 06 43 b6 ec 7b 9b 2e 
received 8 characters
CRC receive OK 2e9b
Transmission State Check: 0
szCvrtFloat   365.847504 0x43b6ec7b
value       365.847504

Elapsed time since last comm 71 us
Attempt 1
Clearing read buffer Success!
szSerBufferSave OK! 02 3b 19 00 00 00 00 00 00 00 
command: 02 3b 19 00 00 00 00 00 17 4f 
Flushing serial device buffer... Success!
Sending command... sent 10 characters
Draining serial device buffer... Success!
Cleared data buffer: 00 00 00 00 00 00 00 00 00 00 
Read char #1 RC=1 (00) waited/max    10812/1000000  uS 
Read char #2 RC=1 (06) waited/max        9/1000000  uS 
Read char #3 RC=1 (3f) waited/max        9/1000000  uS 
Read char #4 RC=1 (85) waited/max        9/1000000  uS 
Read char #5 RC=1 (05) waited/max        8/1000000  uS 
Read char #6 RC=1 (4b) waited/max        8/1000000  uS 
Read char #7 RC=1 (22) waited/max        9/1000000  uS 
Read char #8 RC=1 (85) waited/max        8/1000000  uS 
answer:  00 06 3f 85 05 4b 22 85 
received 8 characters
CRC receive OK 8522
Transmission State Check: 0
szCvrtFloat     1.039224 0x3f85054b
value         1.039224

Elapsed time since last comm 62 us
Attempt 1
Clearing read buffer Success!
szSerBufferSave OK! 02 3b 1a 00 00 00 00 00 00 00 
command: 02 3b 1a 00 00 00 00 00 6a 43 
Flushing serial device buffer... Success!
Sending command... sent 10 characters
Draining serial device buffer... Success!
Cleared data buffer: 00 00 00 00 00 00 00 00 00 00 
Read char #1 RC=0 (00) waited/max    97752/1000000  uS 
answer:  Got -1 characters

Elapsed time since last comm 0 us
Attempt 2
Clearing read buffer Success!
szSerBufferSave OK! 02 3b 1a 00 00 00 00 00 00 00 
command: 02 3b 1a 00 00 00 00 00 6a 43 
Flushing serial device buffer... Success!
Sending command... sent 10 characters
Draining serial device buffer... Success!
Cleared data buffer: 00 00 00 00 00 00 00 00 00 00 
Read char #1 RC=1 (79) waited/max     9808/1000000  uS 
Read char #2 RC=1 (06) waited/max        9/1000000  uS 
Read char #3 RC=1 (43) waited/max        9/1000000  uS 
Read char #4 RC=1 (93) waited/max        9/1000000  uS 
Read char #5 RC=1 (24) waited/max        8/1000000  uS 
Read char #6 RC=1 (3e) waited/max        9/1000000  uS 
Read char #7 RC=1 (de) waited/max        8/1000000  uS 
Read char #8 RC=1 (05) waited/max        9/1000000  uS 
answer:  79 06 43 93 24 3e de 05 
received 8 characters

Elapsed time since last comm 0 us
Attempt 3
Clearing read buffer Success!
szSerBufferSave OK! 02 3b 1a 00 00 00 00 00 00 00 
command: 02 3b 1a 00 00 00 00 00 6a 43 
Flushing serial device buffer... Success!
Sending command... sent 10 characters
Draining serial device buffer... Success!
Cleared data buffer: 00 00 00 00 00 00 00 00 00 00 
Read char #1 RC=0 (00) waited/max    98791/1000000  uS 
answer:  Got -1 characters

Restoring Serial Port settings /dev/serial/by-id/usb-1a86_USB2.0-Serial-if00-port0... Success!
Flushing serial device buffer... Success!
Closing Serial Port /dev/serial/by-id/usb-1a86_USB2.0-Serial-if00-port0... Success!

devLCKfile: </var/lock/LCK..usb-1a86_USB2.0-Serial-if00-port0>
devLCKfileNew: </var/lock/LCK..usb-1a86_USB2.0-Serial-if00-port0.6345>
Clearing Serial Port Lock (6345)... done.

20120604-13:23:22: aurora: ERROR: Received bad return code (-1 59 26)

Complete 20120604-13:23:22

