
aurora -b -a2 -c -T -Y3 -d0 -e /dev/serial/by-id/usb-1a86_USB2.0-Serial-if00-port0 

szttyDevice: /dev/serial/by-id/usb-1a86_USB2.0-Serial-if00-port0
yDelay:     1
yTimeout    0 mS
yMaxRunTime ~
devLCKfile: </var/lock/LCK..usb-1a86_USB2.0-Serial-if00-port0>
devLCKfileNew: </var/lock/LCK..usb-1a86_USB2.0-Serial-if00-port0.10129>
Got Params

RunTime 20120604-13:34:51 v1.8.0 
Endian : Little
PID : 10129

Attempting to get lock on Serial Port /dev/serial/by-id/usb-1a86_USB2.0-Serial-if00-port0...
Checking for lock

Checking process 10129 for lock
rPID: 10129 SubStrPos: aurora command: aurora = me
Appears we got the lock.

Opening Serial Port /dev/serial/by-id/usb-1a86_USB2.0-Serial-if00-port0...  Serial Port /dev/serial/by-id/usb-1a86_USB2.0-Serial-if00-port0 successfully opened.
Configuring serial device... Flushing unread data first...  Success!
Flushing serial device buffer... Success!

Comm Check: Let's see if the Aurora is listening... 
Elapsed time since last comm 0 us
Attempt 1
Clearing read buffer Success!
szSerBufferSave OK! 02 3a 00 00 00 00 00 00 00 00 
command: 02 3a 00 00 00 00 00 00 01 b7 
Flushing serial device buffer... Success!
Sending command... sent 10 characters
Draining serial device buffer... Success!
Cleared data buffer: 00 00 00 00 00 00 00 00 00 00 
Read char #1 RC=1 (00) waited/max    90836/1000000  uS 
Read char #2 RC=1 (06) waited/max       11/1000000  uS 
Read char #3 RC=1 (31) waited/max        9/1000000  uS 
Read char #4 RC=1 (42) waited/max        8/1000000  uS 
Read char #5 RC=1 (4e) waited/max        8/1000000  uS 
Read char #6 RC=1 (4e) waited/max        8/1000000  uS 
Read char #7 RC=1 (9c) waited/max        9/1000000  uS 
Read char #8 RC=1 (58) waited/max        9/1000000  uS 
answer:  00 06 31 42 4e 4e 9c 58 
received 8 characters
CRC receive OK 589c
Transmission State Check: 0
Model ID "1" Multipler 0.0970019 -- PVI-3.0-OUTD (new) --
Comm Check: OK

Elapsed time since last comm 263 us
Attempt 1
Clearing read buffer Success!
szSerBufferSave OK! 02 3b 04 00 00 00 00 00 00 00 
command: 02 3b 04 00 00 00 00 00 78 38 
Flushing serial device buffer... Success!
Sending command... sent 10 characters
Draining serial device buffer... Success!
Cleared data buffer: 00 00 00 00 00 00 00 00 00 00 
Read char #1 RC=1 (00) waited/max    20801/1000000  uS 
Read char #2 RC=1 (06) waited/max        9/1000000  uS 
Read char #3 RC=1 (42) waited/max        9/1000000  uS 
Read char #4 RC=1 (47) waited/max        9/1000000  uS 
Read char #5 RC=1 (dd) waited/max        9/1000000  uS 
Read char #6 RC=1 (35) waited/max        9/1000000  uS 
Read char #7 RC=1 (c8) waited/max        9/1000000  uS 
Read char #8 RC=1 (e0) waited/max        9/1000000  uS 
answer:  00 06 42 47 dd 35 c8 e0 
received 8 characters
CRC receive OK e0c8
Transmission State Check: 0
szCvrtFloat    49.966022 0x4247dd35
value        49.966022

Elapsed time since last comm 81 us
Attempt 1
Clearing read buffer Success!
szSerBufferSave OK! 02 3b 01 00 00 00 00 00 00 00 
command: 02 3b 01 00 00 00 00 00 ff 2c 
Flushing serial device buffer... Success!
Sending command... sent 10 characters
Draining serial device buffer... Success!
Cleared data buffer: 00 00 00 00 00 00 00 00 00 00 
Read char #1 RC=1 (00) waited/max    10842/1000000  uS 
Read char #2 RC=1 (06) waited/max       10/1000000  uS 
Read char #3 RC=1 (43) waited/max        9/1000000  uS 
Read char #4 RC=1 (61) waited/max        8/1000000  uS 
Read char #5 RC=1 (c7) waited/max        8/1000000  uS 
Read char #6 RC=1 (52) waited/max        9/1000000  uS 
Read char #7 RC=1 (c9) waited/max        9/1000000  uS 
Read char #8 RC=1 (56) waited/max        9/1000000  uS 
answer:  00 06 43 61 c7 52 c9 56 
received 8 characters
CRC receive OK 56c9
Transmission State Check: 0
szCvrtFloat   225.778595 0x4361c752
value       225.778595

Elapsed time since last comm 88 us
Attempt 1
Clearing read buffer Success!
szSerBufferSave OK! 02 3b 02 00 00 00 00 00 00 00 
command: 02 3b 02 00 00 00 00 00 82 20 
Flushing serial device buffer... Success!
Sending command... sent 10 characters
Draining serial device buffer... Success!
Cleared data buffer: 00 00 00 00 00 00 00 00 00 00 
Read char #1 RC=1 (00) waited/max    11802/1000000  uS 
Read char #2 RC=1 (06) waited/max        9/1000000  uS 
Read char #3 RC=1 (40) waited/max        9/1000000  uS 
Read char #4 RC=1 (43) waited/max        9/1000000  uS 
Read char #5 RC=1 (27) waited/max        9/1000000  uS 
Read char #6 RC=1 (b9) waited/max        9/1000000  uS 
Read char #7 RC=1 (c3) waited/max        8/1000000  uS 
Read char #8 RC=1 (75) waited/max        9/1000000  uS 
answer:  00 06 40 43 27 b9 c3 75 
received 8 characters
CRC receive OK 75c3
Transmission State Check: 0
szCvrtFloat     3.049299 0x404327b9
value         3.049299

Elapsed time since last comm 63 us
Attempt 1
Clearing read buffer Success!
szSerBufferSave OK! 02 3b 03 00 00 00 00 00 00 00 
command: 02 3b 03 00 00 00 00 00 a9 24 
Flushing serial device buffer... Success!
Sending command... sent 10 characters
Draining serial device buffer... Success!
Cleared data buffer: 00 00 00 00 00 00 00 00 00 00 
Read char #1 RC=0 (00) waited/max    96761/1000000  uS 
answer:  Got -1 characters

Elapsed time since last comm 0 us
Attempt 2
Clearing read buffer Success!
szSerBufferSave OK! 02 3b 03 00 00 00 00 00 00 00 
command: 02 3b 03 00 00 00 00 00 a9 24 
Flushing serial device buffer... Success!
Sending command... sent 10 characters
Draining serial device buffer... Success!
Cleared data buffer: 00 00 00 00 00 00 00 00 00 00 
Read char #1 RC=1 (ff) waited/max     7547/1000000  uS 
Read char #2 RC=1 (ff) waited/max        9/1000000  uS 
Read char #3 RC=1 (bd) waited/max        8/1000000  uS 
Read char #4 RC=1 (9b) waited/max        9/1000000  uS 
Read char #5 RC=1 (63) waited/max        9/1000000  uS 
Read char #6 RC=1 (6b) waited/max        9/1000000  uS 
Read char #7 RC=1 (c4) waited/max        8/1000000  uS 
Read char #8 RC=0 (00) waited/max    98439/1000000  uS 
answer:  Got -1 characters

Elapsed time since last comm 0 us
Attempt 3
Clearing read buffer Success!
szSerBufferSave OK! 02 3b 03 00 00 00 00 00 00 00 
command: 02 3b 03 00 00 00 00 00 a9 24 
Flushing serial device buffer... Success!
Sending command... sent 10 characters
Draining serial device buffer... Success!
Cleared data buffer: 00 00 00 00 00 00 00 00 00 00 
Read char #1 RC=1 (00) waited/max    61741/1000000  uS 
Read char #2 RC=1 (06) waited/max       11/1000000  uS 
Read char #3 RC=1 (44) waited/max        9/1000000  uS 
Read char #4 RC=1 (2a) waited/max        8/1000000  uS 
Read char #5 RC=1 (b3) waited/max        9/1000000  uS 
Read char #6 RC=1 (cc) waited/max        9/1000000  uS 
Read char #7 RC=1 (6b) waited/max        9/1000000  uS 
Read char #8 RC=1 (c4) waited/max        8/1000000  uS 
answer:  00 06 44 2a b3 cc 6b c4 
received 8 characters
CRC receive OK c46b
Transmission State Check: 0
szCvrtFloat   682.809326 0x442ab3cc
value       682.809326

Elapsed time since last comm 80 us
Attempt 1
Clearing read buffer Success!
szSerBufferSave OK! 02 3b 17 00 00 00 00 00 00 00 
command: 02 3b 17 00 00 00 00 00 b5 76 
Flushing serial device buffer... Success!
Sending command... sent 10 characters
Draining serial device buffer... Success!
Cleared data buffer: 00 00 00 00 00 00 00 00 00 00 
Read char #1 RC=1 (00) waited/max    18841/1000000  uS 
Read char #2 RC=1 (06) waited/max       10/1000000  uS 
Read char #3 RC=1 (43) waited/max        9/1000000  uS 
Read char #4 RC=1 (b7) waited/max        9/1000000  uS 
Read char #5 RC=1 (08) waited/max        9/1000000  uS 
Read char #6 RC=1 (1c) waited/max        8/1000000  uS 
Read char #7 RC=1 (07) waited/max        9/1000000  uS 
Read char #8 RC=1 (ed) waited/max        8/1000000  uS 
answer:  00 06 43 b7 08 1c 07 ed 
received 8 characters
CRC receive OK ed07
Transmission State Check: 0
szCvrtFloat   366.063354 0x43b7081c
value       366.063354

Elapsed time since last comm 75 us
Attempt 1
Clearing read buffer Success!
szSerBufferSave OK! 02 3b 19 00 00 00 00 00 00 00 
command: 02 3b 19 00 00 00 00 00 17 4f 
Flushing serial device buffer... Success!
Sending command... sent 10 characters
Draining serial device buffer... Success!
Cleared data buffer: 00 00 00 00 00 00 00 00 00 00 
Read char #1 RC=1 (00) waited/max    10805/1000000  uS 
Read char #2 RC=1 (06) waited/max       10/1000000  uS 
Read char #3 RC=1 (3f) waited/max        8/1000000  uS 
Read char #4 RC=1 (8b) waited/max        8/1000000  uS 
Read char #5 RC=1 (35) waited/max        8/1000000  uS 
Read char #6 RC=1 (2b) waited/max        8/1000000  uS 
Read char #7 RC=1 (9d) waited/max        9/1000000  uS 
Read char #8 RC=1 (40) waited/max        9/1000000  uS 
answer:  00 06 3f 8b 35 2b 9d 40 
received 8 characters
CRC receive OK 409d
Transmission State Check: 0
szCvrtFloat     1.087560 0x3f8b352b
value         1.087560

Elapsed time since last comm 63 us
Attempt 1
Clearing read buffer Success!
szSerBufferSave OK! 02 3b 1a 00 00 00 00 00 00 00 
command: 02 3b 1a 00 00 00 00 00 6a 43 
Flushing serial device buffer... Success!
Sending command... sent 10 characters
Draining serial device buffer... Success!
Cleared data buffer: 00 00 00 00 00 00 00 00 00 00 
Read char #1 RC=1 (00) waited/max    10807/1000000  uS 
Read char #2 RC=1 (06) waited/max        9/1000000  uS 
Read char #3 RC=1 (43) waited/max        9/1000000  uS 
Read char #4 RC=1 (93) waited/max        8/1000000  uS 
Read char #5 RC=1 (7c) waited/max        9/1000000  uS 
Read char #6 RC=1 (27) waited/max        9/1000000  uS 
Read char #7 RC=1 (a9) waited/max        9/1000000  uS 
Read char #8 RC=1 (95) waited/max        9/1000000  uS 
answer:  00 06 43 93 7c 27 a9 95 
received 8 characters
CRC receive OK 95a9
Transmission State Check: 0
szCvrtFloat   294.969940 0x43937c27
value       294.969940

Elapsed time since last comm 68 us
Attempt 1
Clearing read buffer Success!
szSerBufferSave OK! 02 3b 1b 00 00 00 00 00 00 00 
command: 02 3b 1b 00 00 00 00 00 41 47 
Flushing serial device buffer... Success!
Sending command... sent 10 characters
Draining serial device buffer... Success!
Cleared data buffer: 00 00 00 00 00 00 00 00 00 00 
Read char #1 RC=0 (00) waited/max    99764/1000000  uS 
answer:  Got -1 characters

Elapsed time since last comm 0 us
Attempt 2
Clearing read buffer Success!
szSerBufferSave OK! 02 3b 1b 00 00 00 00 00 00 00 
command: 02 3b 1b 00 00 00 00 00 41 47 
Flushing serial device buffer... Success!
Sending command... sent 10 characters
Draining serial device buffer... Success!
Cleared data buffer: 00 00 00 00 00 00 00 00 00 00 
Read char #1 RC=1 (b1) waited/max     2789/1000000  uS 
Read char #2 RC=1 (bf) waited/max        9/1000000  uS 
Read char #3 RC=1 (ff) waited/max      849/1000000  uS 
Read char #4 RC=1 (7d) waited/max     2938/1000000  uS 
Read char #5 RC=1 (ff) waited/max        9/1000000  uS 
Read char #6 RC=0 (00) waited/max    99818/1000000  uS 
answer:  Got -1 characters

Elapsed time since last comm 0 us
Attempt 3
Clearing read buffer Success!
szSerBufferSave OK! 02 3b 1b 00 00 00 00 00 00 00 
command: 02 3b 1b 00 00 00 00 00 41 47 
Flushing serial device buffer... Success!
Sending command... sent 10 characters
Draining serial device buffer... Success!
Cleared data buffer: 00 00 00 00 00 00 00 00 00 00 
Read char #1 RC=1 (00) waited/max    52797/1000000  uS 
Read char #2 RC=1 (06) waited/max       10/1000000  uS 
Read char #3 RC=1 (3f) waited/max        9/1000000  uS 
Read char #4 RC=1 (88) waited/max        8/1000000  uS 
Read char #5 RC=1 (1d) waited/max        9/1000000  uS 
Read char #6 RC=1 (3b) waited/max        9/1000000  uS 
Read char #7 RC=1 (8b) waited/max        9/1000000  uS 
Read char #8 RC=1 (52) waited/max        8/1000000  uS 
answer:  00 06 3f 88 1d 3b 8b 52 
received 8 characters
CRC receive OK 528b
Transmission State Check: 0
szCvrtFloat     1.063392 0x3f881d3b
value         1.063392

Elapsed time since last comm 70 us
Attempt 1
Clearing read buffer Success!
szSerBufferSave OK! 02 3b 15 00 00 00 00 00 00 00 
command: 02 3b 15 00 00 00 00 00 e3 7e 
Flushing serial device buffer... Success!
Sending command... sent 10 characters
Draining serial device buffer... Success!
Cleared data buffer: 00 00 00 00 00 00 00 00 00 00 
Read char #1 RC=1 (00) waited/max    18832/1000000  uS 
Read char #2 RC=1 (06) waited/max       11/1000000  uS 
Read char #3 RC=1 (41) waited/max        9/1000000  uS 
Read char #4 RC=1 (dc) waited/max        9/1000000  uS 
Read char #5 RC=1 (6b) waited/max        9/1000000  uS 
Read char #6 RC=1 (5b) waited/max        9/1000000  uS 
Read char #7 RC=1 (1c) waited/max        8/1000000  uS 
Read char #8 RC=1 (81) waited/max        9/1000000  uS 
answer:  00 06 41 dc 6b 5b 1c 81 
received 8 characters
CRC receive OK 811c
Transmission State Check: 0
szCvrtFloat    27.552420 0x41dc6b5b
value        27.552420

Elapsed time since last comm 79 us
Attempt 1
Clearing read buffer Success!
szSerBufferSave OK! 02 3b 16 00 00 00 00 00 00 00 
command: 02 3b 16 00 00 00 00 00 9e 72 
Flushing serial device buffer... Success!
Sending command... sent 10 characters
Draining serial device buffer... Success!
Cleared data buffer: 00 00 00 00 00 00 00 00 00 00 
Read char #1 RC=1 (00) waited/max    10806/1000000  uS 
Read char #2 RC=1 (06) waited/max        9/1000000  uS 
Read char #3 RC=1 (41) waited/max        9/1000000  uS 
Read char #4 RC=1 (bf) waited/max        9/1000000  uS 
Read char #5 RC=1 (71) waited/max        9/1000000  uS 
Read char #6 RC=1 (22) waited/max        9/1000000  uS 
Read char #7 RC=1 (92) waited/max        9/1000000  uS 
Read char #8 RC=1 (ed) waited/max        9/1000000  uS 
answer:  00 06 41 bf 71 22 92 ed 
received 8 characters
CRC receive OK ed92
Transmission State Check: 0
szCvrtFloat    23.930241 0x41bf7122
value        23.930241

Attempting to get Partial Energy value 
Elapsed time since last comm 137 us
Attempt 1
Clearing read buffer Success!
szSerBufferSave OK! 02 4e 06 00 00 00 00 00 00 00 
command: 02 4e 06 00 00 00 00 00 c1 d1 
Flushing serial device buffer... Success!
Sending command... sent 10 characters
Draining serial device buffer... Success!
Cleared data buffer: 00 00 00 00 00 00 00 00 00 00 
Read char #1 RC=1 (00) waited/max    10810/1000000  uS 
Read char #2 RC=1 (06) waited/max        9/1000000  uS 
Read char #3 RC=1 (00) waited/max        9/1000000  uS 
Read char #4 RC=1 (00) waited/max        9/1000000  uS 
Read char #5 RC=1 (84) waited/max        9/1000000  uS 
Read char #6 RC=1 (ac) waited/max        9/1000000  uS 
Read char #7 RC=1 (dd) waited/max        8/1000000  uS 
Read char #8 RC=1 (48) waited/max        9/1000000  uS 
answer:  00 06 00 00 84 ac dd 48 
received 8 characters
CRC receive OK 48dd
Transmission State Check: 0
szCvrtLong          33964 0x000084ac
value               33964

Elapsed time since last comm 50 us
Attempt 1
Clearing read buffer Success!
szSerBufferSave OK! 02 4e 00 00 00 00 00 00 00 00 
command: 02 4e 00 00 00 00 00 00 3b c9 
Flushing serial device buffer... Success!
Sending command... sent 10 characters
Draining serial device buffer... Success!
Cleared data buffer: 00 00 00 00 00 00 00 00 00 00 
Read char #1 RC=0 (00) 
answer:  Got -1 characters

Elapsed time since last comm 0 us
Attempt 2
Clearing read buffer Success!
szSerBufferSave OK! 02 4e 00 00 00 00 00 00 00 00 
command: 02 4e 00 00 00 00 00 00 3b c9 
Flushing serial device buffer... Success!
Sending command... sent 10 characters
Draining serial device buffer... Success!
Cleared data buffer: 00 00 00 00 00 00 00 00 00 00 
Read char #1 RC=1 (ff) waited/max     7710/1000000  uS 
Read char #2 RC=1 (ff) waited/max       14/1000000  uS 
Read char #3 RC=1 (c9) waited/max       12/1000000  uS 
Read char #4 RC=1 (ed) waited/max       10/1000000  uS 
Read char #5 RC=1 (2a) waited/max       12/1000000  uS 
Read char #6 RC=1 (36) waited/max       11/1000000  uS 
Read char #7 RC=0 (00) waited/max    97240/1000000  uS 
answer:  Got -1 characters

Elapsed time since last comm 0 us
Attempt 3
Clearing read buffer Success!
szSerBufferSave OK! 02 4e 00 00 00 00 00 00 00 00 
command: 02 4e 00 00 00 00 00 00 3b c9 
Flushing serial device buffer... Success!
Sending command... sent 10 characters
Draining serial device buffer... Success!
Cleared data buffer: 00 00 00 00 00 00 00 00 00 00 
Read char #1 RC=1 (00) waited/max    61825/1000000  uS 
Read char #2 RC=1 (06) waited/max       10/1000000  uS 
Read char #3 RC=1 (00) waited/max        9/1000000  uS 
Read char #4 RC=1 (00) waited/max        9/1000000  uS 
Read char #5 RC=1 (05) waited/max        9/1000000  uS 
Read char #6 RC=1 (52) waited/max        8/1000000  uS 
Read char #7 RC=1 (38) waited/max        9/1000000  uS 
Read char #8 RC=1 (c3) waited/max        9/1000000  uS 
answer:  00 06 00 00 05 52 38 c3 
received 8 characters
CRC receive OK c338
Transmission State Check: 0
szCvrtLong           1362 0x00000552
value                1362

Elapsed time since last comm 56 us
Attempt 1
Clearing read buffer Success!
szSerBufferSave OK! 02 4e 01 00 00 00 00 00 00 00 
command: 02 4e 01 00 00 00 00 00 10 cd 
Flushing serial device buffer... Success!
Sending command... sent 10 characters
Draining serial device buffer... Success!
Cleared data buffer: 00 00 00 00 00 00 00 00 00 00 
Read char #1 RC=1 (00) waited/max    19802/1000000  uS 
Read char #2 RC=1 (06) waited/max        9/1000000  uS 
Read char #3 RC=1 (00) waited/max        9/1000000  uS 
Read char #4 RC=1 (00) waited/max        9/1000000  uS 
Read char #5 RC=1 (14) waited/max        9/1000000  uS 
Read char #6 RC=1 (b6) waited/max        9/1000000  uS 
Read char #7 RC=1 (5b) waited/max        9/1000000  uS 
Read char #8 RC=1 (ee) waited/max        8/1000000  uS 
answer:  00 06 00 00 14 b6 5b ee 
received 8 characters
CRC receive OK ee5b
Transmission State Check: 0
szCvrtLong           5302 0x000014b6
value                5302

Elapsed time since last comm 51 us
Attempt 1
Clearing read buffer Success!
szSerBufferSave OK! 02 4e 03 00 00 00 00 00 00 00 
command: 02 4e 03 00 00 00 00 00 46 c5 
Flushing serial device buffer... Success!
Sending command... sent 10 characters
Draining serial device buffer... Success!
Cleared data buffer: 00 00 00 00 00 00 00 00 00 00 
Read char #1 RC=1 (00) waited/max    10804/1000000  uS 
Read char #2 RC=1 (06) waited/max        9/1000000  uS 
Read char #3 RC=1 (00) waited/max        9/1000000  uS 
Read char #4 RC=1 (00) waited/max        9/1000000  uS 
Read char #5 RC=1 (84) waited/max        9/1000000  uS 
Read char #6 RC=1 (a5) waited/max        9/1000000  uS 
Read char #7 RC=1 (1c) waited/max        9/1000000  uS 
Read char #8 RC=1 (d5) waited/max        9/1000000  uS 
answer:  00 06 00 00 84 a5 1c d5 
received 8 characters
CRC receive OK d51c
Transmission State Check: 0
szCvrtLong          33957 0x000084a5
value               33957

Elapsed time since last comm 51 us
Attempt 1
Clearing read buffer Success!
szSerBufferSave OK! 02 4e 04 00 00 00 00 00 00 00 
command: 02 4e 04 00 00 00 00 00 97 d9 
Flushing serial device buffer... Success!
Sending command... sent 10 characters
Draining serial device buffer... Success!
Cleared data buffer: 00 00 00 00 00 00 00 00 00 00 
Read char #1 RC=1 (00) waited/max    10807/1000000  uS 
Read char #2 RC=1 (06) waited/max       10/1000000  uS 
Read char #3 RC=1 (00) waited/max        9/1000000  uS 
Read char #4 RC=1 (00) waited/max        8/1000000  uS 
Read char #5 RC=1 (84) waited/max        9/1000000  uS 
Read char #6 RC=1 (af) waited/max        9/1000000  uS 
Read char #7 RC=1 (46) waited/max        9/1000000  uS 
Read char #8 RC=1 (7a) waited/max        9/1000000  uS 
answer:  00 06 00 00 84 af 46 7a 
received 8 characters
CRC receive OK 7a46
Transmission State Check: 0
szCvrtLong          33967 0x000084af
value               33967

Elapsed time since last comm 52 us
Attempt 1
Clearing read buffer Success!
szSerBufferSave OK! 02 4e 05 00 00 00 00 00 00 00 
command: 02 4e 05 00 00 00 00 00 bc dd 
Flushing serial device buffer... Success!
Sending command... sent 10 characters
Draining serial device buffer... Success!
Cleared data buffer: 00 00 00 00 00 00 00 00 00 00 
Read char #1 RC=0 (00) waited/max    98669/1000000  uS 
answer:  Got -1 characters

Elapsed time since last comm 0 us
Attempt 2
Clearing read buffer Success!
szSerBufferSave OK! 02 4e 05 00 00 00 00 00 00 00 
command: 02 4e 05 00 00 00 00 00 bc dd 
Flushing serial device buffer... Success!
Sending command... sent 10 characters
Draining serial device buffer... Success!
Cleared data buffer: 00 00 00 00 00 00 00 00 00 00 
Read char #1 RC=1 (ff) waited/max     7765/1000000  uS 
Read char #2 RC=1 (ff) waited/max       11/1000000  uS 
Read char #3 RC=1 (ff) waited/max       10/1000000  uS 
Read char #4 RC=1 (ff) waited/max        8/1000000  uS 
Read char #5 RC=1 (bf) waited/max        9/1000000  uS 
Read char #6 RC=1 (1f) waited/max        9/1000000  uS 
Read char #7 RC=1 (58) waited/max        8/1000000  uS 
Read char #8 RC=1 (f9) waited/max        9/1000000  uS 
answer:  ff ff ff ff bf 1f 58 f9 
received 8 characters

Elapsed time since last comm 0 us
Attempt 3
Clearing read buffer Success!
szSerBufferSave OK! 02 4e 05 00 00 00 00 00 00 00 
command: 02 4e 05 00 00 00 00 00 bc dd 
Flushing serial device buffer... Success!
Sending command... sent 10 characters
Draining serial device buffer... Success!
Cleared data buffer: 00 00 00 00 00 00 00 00 00 00 
Read char #1 RC=0 (00) waited/max    96774/1000000  uS 
answer:  Got -1 characters

Restoring Serial Port settings /dev/serial/by-id/usb-1a86_USB2.0-Serial-if00-port0... Success!
Flushing serial device buffer... Success!
Closing Serial Port /dev/serial/by-id/usb-1a86_USB2.0-Serial-if00-port0... Success!

devLCKfile: </var/lock/LCK..usb-1a86_USB2.0-Serial-if00-port0>
devLCKfileNew: </var/lock/LCK..usb-1a86_USB2.0-Serial-if00-port0.10129>
Clearing Serial Port Lock (10129)... done.

20120604-13:34:52: aurora: ERROR: Received bad return code (-1 78 5)

Complete 20120604-13:34:52

