
aurora -b -a2 -c -T -Y3 -d0 -e /dev/serial/by-id/usb-1a86_USB2.0-Serial-if00-port0 

szttyDevice: /dev/serial/by-id/usb-1a86_USB2.0-Serial-if00-port0
yDelay:     1
yTimeout    0 mS
yMaxRunTime ~
devLCKfile: </var/lock/LCK..usb-1a86_USB2.0-Serial-if00-port0>
devLCKfileNew: </var/lock/LCK..usb-1a86_USB2.0-Serial-if00-port0.10351>
Got Params

RunTime 20120604-13:35:35 v1.8.0 
Endian : Little
PID : 10351

Attempting to get lock on Serial Port /dev/serial/by-id/usb-1a86_USB2.0-Serial-if00-port0...
Checking for lock

Checking process 10351 for lock
rPID: 10351 SubStrPos: aurora command: aurora = me
Appears we got the lock.

Opening Serial Port /dev/serial/by-id/usb-1a86_USB2.0-Serial-if00-port0...  Serial Port /dev/serial/by-id/usb-1a86_USB2.0-Serial-if00-port0 successfully opened.
Configuring serial device... Flushing unread data first...  Success!
Flushing serial device buffer... Success!

Comm Check: Let's see if the Aurora is listening... 
Elapsed time since last comm 0 us
Attempt 1
Clearing read buffer Success!
szSerBufferSave OK! 02 3a 00 00 00 00 00 00 00 00 
command: 02 3a 00 00 00 00 00 00 01 b7 
Flushing serial device buffer... Success!
Sending command... sent 10 characters
Draining serial device buffer... Success!
Cleared data buffer: 00 00 00 00 00 00 00 00 00 00 
Read char #1 RC=1 (00) waited/max    10805/1000000  uS 
Read char #2 RC=1 (06) waited/max       10/1000000  uS 
Read char #3 RC=1 (31) waited/max        9/1000000  uS 
Read char #4 RC=1 (42) waited/max        9/1000000  uS 
Read char #5 RC=1 (4e) waited/max        9/1000000  uS 
Read char #6 RC=1 (4e) waited/max        9/1000000  uS 
Read char #7 RC=1 (9c) waited/max        9/1000000  uS 
Read char #8 RC=1 (58) waited/max        9/1000000  uS 
answer:  00 06 31 42 4e 4e 9c 58 
received 8 characters
CRC receive OK 589c
Transmission State Check: 0
Model ID "1" Multipler 0.0970019 -- PVI-3.0-OUTD (new) --
Comm Check: OK

Elapsed time since last comm 189 us
Attempt 1
Clearing read buffer Success!
szSerBufferSave OK! 02 3b 04 00 00 00 00 00 00 00 
command: 02 3b 04 00 00 00 00 00 78 38 
Flushing serial device buffer... Success!
Sending command... sent 10 characters
Draining serial device buffer... Success!
Cleared data buffer: 00 00 00 00 00 00 00 00 00 00 
Read char #1 RC=0 (00) waited/max    99746/1000000  uS 
answer:  Got -1 characters

Elapsed time since last comm 0 us
Attempt 2
Clearing read buffer Success!
szSerBufferSave OK! 02 3b 04 00 00 00 00 00 00 00 
command: 02 3b 04 00 00 00 00 00 78 38 
Flushing serial device buffer... Success!
Sending command... sent 10 characters
Draining serial device buffer... Success!
Cleared data buffer: 00 00 00 00 00 00 00 00 00 00 
Read char #1 RC=1 (00) waited/max    15817/1000000  uS 
Read char #2 RC=1 (06) waited/max       10/1000000  uS 
Read char #3 RC=1 (42) waited/max        8/1000000  uS 
Read char #4 RC=1 (47) waited/max        8/1000000  uS 
Read char #5 RC=1 (ec) waited/max        9/1000000  uS 
Read char #6 RC=1 (8d) waited/max        9/1000000  uS 
Read char #7 RC=1 (71) waited/max        8/1000000  uS 
Read char #8 RC=1 (76) waited/max        8/1000000  uS 
answer:  00 06 42 47 ec 8d 71 76 
received 8 characters
CRC receive OK 7671
Transmission State Check: 0
szCvrtFloat    49.981007 0x4247ec8d
value        49.981007

Elapsed time since last comm 81 us
Attempt 1
Clearing read buffer Success!
szSerBufferSave OK! 02 3b 01 00 00 00 00 00 00 00 
command: 02 3b 01 00 00 00 00 00 ff 2c 
Flushing serial device buffer... Success!
Sending command... sent 10 characters
Draining serial device buffer... Success!
Cleared data buffer: 00 00 00 00 00 00 00 00 00 00 
Read char #1 RC=1 (00) waited/max    21880/1000000  uS 
Read char #2 RC=1 (06) waited/max       11/1000000  uS 
Read char #3 RC=1 (43) waited/max        9/1000000  uS 
Read char #4 RC=1 (61) waited/max        9/1000000  uS 
Read char #5 RC=1 (9f) waited/max        9/1000000  uS 
Read char #6 RC=1 (1e) waited/max        8/1000000  uS 
Read char #7 RC=1 (96) waited/max        9/1000000  uS 
Read char #8 RC=1 (c3) waited/max        8/1000000  uS 
answer:  00 06 43 61 9f 1e 96 c3 
received 8 characters
CRC receive OK c396
Transmission State Check: 0
szCvrtFloat   225.621552 0x43619f1e
value       225.621552

Elapsed time since last comm 90 us
Attempt 1
Clearing read buffer Success!
szSerBufferSave OK! 02 3b 02 00 00 00 00 00 00 00 
command: 02 3b 02 00 00 00 00 00 82 20 
Flushing serial device buffer... Success!
Sending command... sent 10 characters
Draining serial device buffer... Success!
Cleared data buffer: 00 00 00 00 00 00 00 00 00 00 
Read char #1 RC=1 (00) waited/max    10799/1000000  uS 
Read char #2 RC=1 (06) waited/max       10/1000000  uS 
Read char #3 RC=1 (40) waited/max        8/1000000  uS 
Read char #4 RC=1 (41) waited/max        8/1000000  uS 
Read char #5 RC=1 (df) waited/max        9/1000000  uS 
Read char #6 RC=1 (1e) waited/max        9/1000000  uS 
Read char #7 RC=1 (06) waited/max        9/1000000  uS 
Read char #8 RC=1 (a3) waited/max        9/1000000  uS 
answer:  00 06 40 41 df 1e 06 a3 
received 8 characters
CRC receive OK a306
Transmission State Check: 0
szCvrtFloat     3.029243 0x4041df1e
value         3.029243

Elapsed time since last comm 63 us
Attempt 1
Clearing read buffer Success!
szSerBufferSave OK! 02 3b 03 00 00 00 00 00 00 00 
command: 02 3b 03 00 00 00 00 00 a9 24 
Flushing serial device buffer... Success!
Sending command... sent 10 characters
Draining serial device buffer... Success!
Cleared data buffer: 00 00 00 00 00 00 00 00 00 00 
Read char #1 RC=0 (00) waited/max    99759/1000000  uS 
answer:  Got -1 characters

Elapsed time since last comm 0 us
Attempt 2
Clearing read buffer Success!
szSerBufferSave OK! 02 3b 03 00 00 00 00 00 00 00 
command: 02 3b 03 00 00 00 00 00 a9 24 
Flushing serial device buffer... Success!
Sending command... sent 10 characters
Draining serial device buffer... Success!
Cleared data buffer: 00 00 00 00 00 00 00 00 00 00 
Read char #1 RC=1 (00) waited/max     1801/1000000  uS 
Read char #2 RC=1 (06) waited/max       10/1000000  uS 
Read char #3 RC=1 (eb) waited/max      853/1000000  uS 
Read char #4 RC=1 (ff) waited/max     1927/1000000  uS 
Read char #5 RC=0 (00) waited/max    97879/1000000  uS 
answer:  Got -1 characters

Elapsed time since last comm 0 us
Attempt 3
Clearing read buffer Success!
szSerBufferSave OK! 02 3b 03 00 00 00 00 00 00 00 
command: 02 3b 03 00 00 00 00 00 a9 24 
Flushing serial device buffer... Success!
Sending command... sent 10 characters
Draining serial device buffer... Success!
Cleared data buffer: 00 00 00 00 00 00 00 00 00 00 
Read char #1 RC=1 (00) waited/max    57807/1000000  uS 
Read char #2 RC=1 (06) waited/max       10/1000000  uS 
Read char #3 RC=1 (44) waited/max        9/1000000  uS 
Read char #4 RC=1 (29) waited/max        9/1000000  uS 
Read char #5 RC=1 (bb) waited/max        9/1000000  uS 
Read char #6 RC=1 (6c) waited/max        8/1000000  uS 
Read char #7 RC=1 (c5) waited/max        9/1000000  uS 
Read char #8 RC=1 (40) waited/max        9/1000000  uS 
answer:  00 06 44 29 bb 6c c5 40 
received 8 characters
CRC receive OK 40c5
Transmission State Check: 0
szCvrtFloat   678.928467 0x4429bb6c
value       678.928467

Elapsed time since last comm 79 us
Attempt 1
Clearing read buffer Success!
szSerBufferSave OK! 02 3b 17 00 00 00 00 00 00 00 
command: 02 3b 17 00 00 00 00 00 b5 76 
Flushing serial device buffer... Success!
Sending command... sent 10 characters
Draining serial device buffer... Success!
Cleared data buffer: 00 00 00 00 00 00 00 00 00 00 
Read char #1 RC=1 (00) waited/max    15812/1000000  uS 
Read char #2 RC=1 (06) waited/max        9/1000000  uS 
Read char #3 RC=1 (43) waited/max        9/1000000  uS 
Read char #4 RC=1 (b5) waited/max        9/1000000  uS 
Read char #5 RC=1 (39) waited/max        9/1000000  uS 
Read char #6 RC=1 (f4) waited/max        9/1000000  uS 
Read char #7 RC=1 (83) waited/max        8/1000000  uS 
Read char #8 RC=1 (9c) waited/max        9/1000000  uS 
answer:  00 06 43 b5 39 f4 83 9c 
received 8 characters
CRC receive OK 9c83
Transmission State Check: 0
szCvrtFloat   362.452759 0x43b539f4
value       362.452759

Elapsed time since last comm 70 us
Attempt 1
Clearing read buffer Success!
szSerBufferSave OK! 02 3b 19 00 00 00 00 00 00 00 
command: 02 3b 19 00 00 00 00 00 17 4f 
Flushing serial device buffer... Success!
Sending command... sent 10 characters
Draining serial device buffer... Success!
Cleared data buffer: 00 00 00 00 00 00 00 00 00 00 
Read char #1 RC=1 (00) waited/max    10812/1000000  uS 
Read char #2 RC=1 (06) waited/max       10/1000000  uS 
Read char #3 RC=1 (3f) waited/max        9/1000000  uS 
Read char #4 RC=1 (8b) waited/max        8/1000000  uS 
Read char #5 RC=1 (d3) waited/max        8/1000000  uS 
Read char #6 RC=1 (8e) waited/max        9/1000000  uS 
Read char #7 RC=1 (73) waited/max        8/1000000  uS 
Read char #8 RC=1 (0f) waited/max        9/1000000  uS 
answer:  00 06 3f 8b d3 8e 73 0f 
received 8 characters
CRC receive OK 0f73
Transmission State Check: 0
szCvrtFloat     1.092394 0x3f8bd38e
value         1.092394

Elapsed time since last comm 63 us
Attempt 1
Clearing read buffer Success!
szSerBufferSave OK! 02 3b 1a 00 00 00 00 00 00 00 
command: 02 3b 1a 00 00 00 00 00 6a 43 
Flushing serial device buffer... Success!
Sending command... sent 10 characters
Draining serial device buffer... Success!
Cleared data buffer: 00 00 00 00 00 00 00 00 00 00 
Read char #1 RC=1 (00) waited/max    10801/1000000  uS 
Read char #2 RC=1 (06) waited/max        9/1000000  uS 
Read char #3 RC=1 (43) waited/max        9/1000000  uS 
Read char #4 RC=1 (92) waited/max        9/1000000  uS 
Read char #5 RC=1 (00) waited/max        9/1000000  uS 
Read char #6 RC=1 (e2) waited/max        9/1000000  uS 
Read char #7 RC=1 (b0) waited/max        9/1000000  uS 
Read char #8 RC=1 (07) waited/max        9/1000000  uS 
answer:  00 06 43 92 00 e2 b0 07 
received 8 characters
CRC receive OK 07b0
Transmission State Check: 0
szCvrtFloat   292.006897 0x439200e2
value       292.006897

Elapsed time since last comm 69 us
Attempt 1
Clearing read buffer Success!
szSerBufferSave OK! 02 3b 1b 00 00 00 00 00 00 00 
command: 02 3b 1b 00 00 00 00 00 41 47 
Flushing serial device buffer... Success!
Sending command... sent 10 characters
Draining serial device buffer... Success!
Cleared data buffer: 00 00 00 00 00 00 00 00 00 00 
Read char #1 RC=0 (00) 
answer:  Got -1 characters

Elapsed time since last comm 0 us
Attempt 2
Clearing read buffer Success!
szSerBufferSave OK! 02 3b 1b 00 00 00 00 00 00 00 
command: 02 3b 1b 00 00 00 00 00 41 47 
Flushing serial device buffer... Success!
Sending command... sent 10 characters
Draining serial device buffer... Success!
Cleared data buffer: 00 00 00 00 00 00 00 00 00 00 
Read char #1 RC=1 (7d) waited/max     9812/1000000  uS 
Read char #2 RC=1 (77) waited/max        9/1000000  uS 
Read char #3 RC=1 (3f) waited/max        9/1000000  uS 
Read char #4 RC=1 (88) waited/max        9/1000000  uS 
Read char #5 RC=1 (6c) waited/max        8/1000000  uS 
Read char #6 RC=1 (6c) waited/max        8/1000000  uS 
Read char #7 RC=1 (ad) waited/max        9/1000000  uS 
Read char #8 RC=1 (9d) waited/max        8/1000000  uS 
answer:  7d 77 3f 88 6c 6c ad 9d 
received 8 characters

Elapsed time since last comm 0 us
Attempt 3
Clearing read buffer Success!
szSerBufferSave OK! 02 3b 1b 00 00 00 00 00 00 00 
command: 02 3b 1b 00 00 00 00 00 41 47 
Flushing serial device buffer... Success!
Sending command... sent 10 characters
Draining serial device buffer... Success!
Cleared data buffer: 00 00 00 00 00 00 00 00 00 00 
Read char #1 RC=0 (00) waited/max    98766/1000000  uS 
answer:  Got -1 characters

Restoring Serial Port settings /dev/serial/by-id/usb-1a86_USB2.0-Serial-if00-port0... Success!
Flushing serial device buffer... Success!
Closing Serial Port /dev/serial/by-id/usb-1a86_USB2.0-Serial-if00-port0... Success!

devLCKfile: </var/lock/LCK..usb-1a86_USB2.0-Serial-if00-port0>
devLCKfileNew: </var/lock/LCK..usb-1a86_USB2.0-Serial-if00-port0.10351>
Clearing Serial Port Lock (10351)... done.

20120604-13:35:36: aurora: ERROR: Received bad return code (-1 59 27)

Complete 20120604-13:35:36

