
aurora -b -a2 -c -T -Y3 -d0 -e /dev/serial/by-id/usb-1a86_USB2.0-Serial-if00-port0 

szttyDevice: /dev/serial/by-id/usb-1a86_USB2.0-Serial-if00-port0
yDelay:     1
yTimeout    0 mS
yMaxRunTime ~
devLCKfile: </var/lock/LCK..usb-1a86_USB2.0-Serial-if00-port0>
devLCKfileNew: </var/lock/LCK..usb-1a86_USB2.0-Serial-if00-port0.7898>
Got Params

RunTime 20120604-13:28:06 v1.8.0 
Endian : Little
PID : 7898

Attempting to get lock on Serial Port /dev/serial/by-id/usb-1a86_USB2.0-Serial-if00-port0...
Checking for lock

Checking process 7898 for lock
rPID: 7898 SubStrPos: aurora command: aurora = me
Appears we got the lock.

Opening Serial Port /dev/serial/by-id/usb-1a86_USB2.0-Serial-if00-port0...  Serial Port /dev/serial/by-id/usb-1a86_USB2.0-Serial-if00-port0 successfully opened.
Configuring serial device... Flushing unread data first...  Success!
Flushing serial device buffer... Success!

Comm Check: Let's see if the Aurora is listening... 
Elapsed time since last comm 0 us
Attempt 1
Clearing read buffer Success!
szSerBufferSave OK! 02 3a 00 00 00 00 00 00 00 00 
command: 02 3a 00 00 00 00 00 00 01 b7 
Flushing serial device buffer... Success!
Sending command... sent 10 characters
Draining serial device buffer... Success!
Cleared data buffer: 00 00 00 00 00 00 00 00 00 00 
Read char #1 RC=0 (00) waited/max    99748/1000000  uS 
answer:  Got -1 characters

Elapsed time since last comm 0 us
Attempt 2
Clearing read buffer Success!
szSerBufferSave OK! 02 3a 00 00 00 00 00 00 00 00 
command: 02 3a 00 00 00 00 00 00 01 b7 
Flushing serial device buffer... Success!
Sending command... sent 10 characters
Draining serial device buffer... Success!
Cleared data buffer: 00 00 00 00 00 00 00 00 00 00 
Read char #1 RC=1 (bf) waited/max     2789/1000000  uS 
Read char #2 RC=1 (ef) waited/max        9/1000000  uS 
Read char #3 RC=1 (ff) waited/max     2849/1000000  uS 
Read char #4 RC=1 (ff) waited/max        9/1000000  uS 
Read char #5 RC=1 (ff) waited/max        9/1000000  uS 
Read char #6 RC=1 (ff) waited/max        8/1000000  uS 
Read char #7 RC=0 (00) waited/max    96683/1000000  uS 
answer:  Got -1 characters

Elapsed time since last comm 0 us
Attempt 3
Clearing read buffer Success!
szSerBufferSave OK! 02 3a 00 00 00 00 00 00 00 00 
command: 02 3a 00 00 00 00 00 00 01 b7 
Flushing serial device buffer... Success!
Sending command... sent 10 characters
Draining serial device buffer... Success!
Cleared data buffer: 00 00 00 00 00 00 00 00 00 00 
Read char #1 RC=1 (00) waited/max    46816/1000000  uS 
Read char #2 RC=1 (06) waited/max       11/1000000  uS 
Read char #3 RC=1 (31) waited/max        9/1000000  uS 
Read char #4 RC=1 (42) waited/max        9/1000000  uS 
Read char #5 RC=1 (4e) waited/max        9/1000000  uS 
Read char #6 RC=1 (4e) waited/max        9/1000000  uS 
Read char #7 RC=1 (9c) waited/max        9/1000000  uS 
Read char #8 RC=1 (58) waited/max        8/1000000  uS 
answer:  00 06 31 42 4e 4e 9c 58 
received 8 characters
CRC receive OK 589c
Transmission State Check: 0
Model ID "1" Multipler 0.0970019 -- PVI-3.0-OUTD (new) --
Comm Check: OK

Elapsed time since last comm 215 us
Attempt 1
Clearing read buffer Success!
szSerBufferSave OK! 02 3b 04 00 00 00 00 00 00 00 
command: 02 3b 04 00 00 00 00 00 78 38 
Flushing serial device buffer... Success!
Sending command... sent 10 characters
Draining serial device buffer... Success!
Cleared data buffer: 00 00 00 00 00 00 00 00 00 00 
Read char #1 RC=1 (00) waited/max    20786/1000000  uS 
Read char #2 RC=1 (06) waited/max       10/1000000  uS 
Read char #3 RC=1 (42) waited/max        8/1000000  uS 
Read char #4 RC=1 (48) waited/max        8/1000000  uS 
Read char #5 RC=1 (0e) waited/max        8/1000000  uS 
Read char #6 RC=1 (57) waited/max        8/1000000  uS 
Read char #7 RC=1 (48) waited/max        9/1000000  uS 
Read char #8 RC=1 (9f) waited/max        9/1000000  uS 
answer:  00 06 42 48 0e 57 48 9f 
received 8 characters
CRC receive OK 9f48
Transmission State Check: 0
szCvrtFloat    50.014004 0x42480e57
value        50.014004

Elapsed time since last comm 81 us
Attempt 1
Clearing read buffer Success!
szSerBufferSave OK! 02 3b 01 00 00 00 00 00 00 00 
command: 02 3b 01 00 00 00 00 00 ff 2c 
Flushing serial device buffer... Success!
Sending command... sent 10 characters
Draining serial device buffer... Success!
Cleared data buffer: 00 00 00 00 00 00 00 00 00 00 
Read char #1 RC=0 (00) waited/max    98758/1000000  uS 
answer:  Got -1 characters

Elapsed time since last comm 0 us
Attempt 2
Clearing read buffer Success!
szSerBufferSave OK! 02 3b 01 00 00 00 00 00 00 00 
command: 02 3b 01 00 00 00 00 00 ff 2c 
Flushing serial device buffer... Success!
Sending command... sent 10 characters
Draining serial device buffer... Success!
Cleared data buffer: 00 00 00 00 00 00 00 00 00 00 
Read char #1 RC=1 (00) waited/max     2801/1000000  uS 
Read char #2 RC=1 (06) waited/max       10/1000000  uS 
Read char #3 RC=1 (43) waited/max        9/1000000  uS 
Read char #4 RC=1 (61) waited/max        8/1000000  uS 
Read char #5 RC=1 (d8) waited/max        9/1000000  uS 
Read char #6 RC=1 (db) waited/max        8/1000000  uS 
Read char #7 RC=1 (ff) waited/max        8/1000000  uS 
Read char #8 RC=0 (00) waited/max    99474/1000000  uS 
answer:  Got -1 characters

Elapsed time since last comm 0 us
Attempt 3
Clearing read buffer Success!
szSerBufferSave OK! 02 3b 01 00 00 00 00 00 00 00 
command: 02 3b 01 00 00 00 00 00 ff 2c 
Flushing serial device buffer... Success!
Sending command... sent 10 characters
Draining serial device buffer... Success!
Cleared data buffer: 00 00 00 00 00 00 00 00 00 00 
Read char #1 RC=1 (00) waited/max    56844/1000000  uS 
Read char #2 RC=1 (06) waited/max       10/1000000  uS 
Read char #3 RC=1 (43) waited/max        9/1000000  uS 
Read char #4 RC=1 (61) waited/max        8/1000000  uS 
Read char #5 RC=1 (98) waited/max        8/1000000  uS 
Read char #6 RC=1 (69) waited/max        9/1000000  uS 
Read char #7 RC=1 (a6) waited/max        9/1000000  uS 
Read char #8 RC=1 (89) waited/max        9/1000000  uS 
answer:  00 06 43 61 98 69 a6 89 
received 8 characters
CRC receive OK 89a6
Transmission State Check: 0
szCvrtFloat   225.595352 0x43619869
value       225.595352

Elapsed time since last comm 92 us
Attempt 1
Clearing read buffer Success!
szSerBufferSave OK! 02 3b 02 00 00 00 00 00 00 00 
command: 02 3b 02 00 00 00 00 00 82 20 
Flushing serial device buffer... Success!
Sending command... sent 10 characters
Draining serial device buffer... Success!
Cleared data buffer: 00 00 00 00 00 00 00 00 00 00 
Read char #1 RC=1 (00) waited/max    23835/1000000  uS 
Read char #2 RC=1 (06) waited/max       11/1000000  uS 
Read char #3 RC=1 (40) waited/max        9/1000000  uS 
Read char #4 RC=1 (36) waited/max        8/1000000  uS 
Read char #5 RC=1 (d1) waited/max        8/1000000  uS 
Read char #6 RC=1 (7e) waited/max        9/1000000  uS 
Read char #7 RC=1 (cd) waited/max        9/1000000  uS 
Read char #8 RC=1 (56) waited/max        9/1000000  uS 
answer:  00 06 40 36 d1 7e cd 56 
received 8 characters
CRC receive OK 56cd
Transmission State Check: 0
szCvrtFloat     2.856536 0x4036d17e
value         2.856536

Elapsed time since last comm 70 us
Attempt 1
Clearing read buffer Success!
szSerBufferSave OK! 02 3b 03 00 00 00 00 00 00 00 
command: 02 3b 03 00 00 00 00 00 a9 24 
Flushing serial device buffer... Success!
Sending command... sent 10 characters
Draining serial device buffer... Success!
Cleared data buffer: 00 00 00 00 00 00 00 00 00 00 
Read char #1 RC=1 (00) waited/max    10804/1000000  uS 
Read char #2 RC=1 (06) waited/max       10/1000000  uS 
Read char #3 RC=1 (44) waited/max        9/1000000  uS 
Read char #4 RC=1 (21) waited/max        9/1000000  uS 
Read char #5 RC=1 (00) waited/max        8/1000000  uS 
Read char #6 RC=1 (09) waited/max        8/1000000  uS 
Read char #7 RC=1 (6a) waited/max        8/1000000  uS 
Read char #8 RC=1 (6c) waited/max        8/1000000  uS 
answer:  00 06 44 21 00 09 6a 6c 
received 8 characters
CRC receive OK 6c6a
Transmission State Check: 0
szCvrtFloat   644.000549 0x44210009
value       644.000549

Elapsed time since last comm 72 us
Attempt 1
Clearing read buffer Success!
szSerBufferSave OK! 02 3b 17 00 00 00 00 00 00 00 
command: 02 3b 17 00 00 00 00 00 b5 76 
Flushing serial device buffer... Success!
Sending command... sent 10 characters
Draining serial device buffer... Success!
Cleared data buffer: 00 00 00 00 00 00 00 00 00 00 
Read char #1 RC=1 (00) waited/max    10821/1000000  uS 
Read char #2 RC=1 (06) waited/max       10/1000000  uS 
Read char #3 RC=1 (43) waited/max        9/1000000  uS 
Read char #4 RC=1 (b9) waited/max        9/1000000  uS 
Read char #5 RC=1 (f4) waited/max        9/1000000  uS 
Read char #6 RC=1 (9a) waited/max        9/1000000  uS 
Read char #7 RC=1 (8a) waited/max        8/1000000  uS 
Read char #8 RC=1 (c9) waited/max        8/1000000  uS 
answer:  00 06 43 b9 f4 9a 8a c9 
received 8 characters
CRC receive OK c98a
Transmission State Check: 0
szCvrtFloat   371.910950 0x43b9f49a
value       371.910950

Elapsed time since last comm 75 us
Attempt 1
Clearing read buffer Success!
szSerBufferSave OK! 02 3b 19 00 00 00 00 00 00 00 
command: 02 3b 19 00 00 00 00 00 17 4f 
Flushing serial device buffer... Success!
Sending command... sent 10 characters
Draining serial device buffer... Success!
Cleared data buffer: 00 00 00 00 00 00 00 00 00 00 
Read char #1 RC=0 (00) 
answer:  Got -1 characters

Elapsed time since last comm 0 us
Attempt 2
Clearing read buffer Success!
szSerBufferSave OK! 02 3b 19 00 00 00 00 00 00 00 
command: 02 3b 19 00 00 00 00 00 17 4f 
Flushing serial device buffer... Success!
Sending command... sent 10 characters
Draining serial device buffer... Success!
Cleared data buffer: 00 00 00 00 00 00 00 00 00 00 
Read char #1 RC=1 (00) waited/max    20796/1000000  uS 
Read char #2 RC=1 (06) waited/max        9/1000000  uS 
Read char #3 RC=1 (3f) waited/max        9/1000000  uS 
Read char #4 RC=1 (81) waited/max        8/1000000  uS 
Read char #5 RC=1 (83) waited/max        8/1000000  uS 
Read char #6 RC=1 (c4) waited/max        9/1000000  uS 
Read char #7 RC=1 (a0) waited/max        9/1000000  uS 
Read char #8 RC=1 (42) waited/max        9/1000000  uS 
answer:  00 06 3f 81 83 c4 a0 42 
received 8 characters
CRC receive OK 42a0
Transmission State Check: 0
szCvrtFloat     1.011834 0x3f8183c4
value         1.011834

Elapsed time since last comm 70 us
Attempt 1
Clearing read buffer Success!
szSerBufferSave OK! 02 3b 1a 00 00 00 00 00 00 00 
command: 02 3b 1a 00 00 00 00 00 6a 43 
Flushing serial device buffer... Success!
Sending command... sent 10 characters
Draining serial device buffer... Success!
Cleared data buffer: 00 00 00 00 00 00 00 00 00 00 
Read char #1 RC=1 (00) waited/max    16822/1000000  uS 
Read char #2 RC=1 (06) waited/max       10/1000000  uS 
Read char #3 RC=1 (43) waited/max        9/1000000  uS 
Read char #4 RC=1 (94) waited/max        9/1000000  uS 
Read char #5 RC=1 (b8) waited/max        8/1000000  uS 
Read char #6 RC=1 (a1) waited/max        8/1000000  uS 
Read char #7 RC=1 (58) waited/max        8/1000000  uS 
Read char #8 RC=1 (55) waited/max        8/1000000  uS 
answer:  00 06 43 94 b8 a1 58 55 
received 8 characters
CRC receive OK 5558
Transmission State Check: 0
szCvrtFloat   297.442413 0x4394b8a1
value       297.442413

Elapsed time since last comm 78 us
Attempt 1
Clearing read buffer Success!
szSerBufferSave OK! 02 3b 1b 00 00 00 00 00 00 00 
command: 02 3b 1b 00 00 00 00 00 41 47 
Flushing serial device buffer... Success!
Sending command... sent 10 characters
Draining serial device buffer... Success!
Cleared data buffer: 00 00 00 00 00 00 00 00 00 00 
Read char #1 RC=1 (00) waited/max    10802/1000000  uS 
Read char #2 RC=1 (06) waited/max       10/1000000  uS 
Read char #3 RC=1 (3f) waited/max        9/1000000  uS 
Read char #4 RC=1 (7e) waited/max        9/1000000  uS 
Read char #5 RC=1 (14) waited/max        9/1000000  uS 
Read char #6 RC=1 (6e) waited/max        9/1000000  uS 
Read char #7 RC=1 (56) waited/max        9/1000000  uS 
Read char #8 RC=1 (da) waited/max        9/1000000  uS 
answer:  00 06 3f 7e 14 6e 56 da 
received 8 characters
CRC receive OK da56
Transmission State Check: 0
szCvrtFloat     0.992499 0x3f7e146e
value         0.992499

Elapsed time since last comm 103 us
Attempt 1
Clearing read buffer Success!
szSerBufferSave OK! 02 3b 15 00 00 00 00 00 00 00 
command: 02 3b 15 00 00 00 00 00 e3 7e 
Flushing serial device buffer... Success!
Sending command... sent 10 characters
Draining serial device buffer... Success!
Cleared data buffer: 00 00 00 00 00 00 00 00 00 00 
Read char #1 RC=1 (00) waited/max    10793/1000000  uS 
Read char #2 RC=1 (06) waited/max        9/1000000  uS 
Read char #3 RC=1 (41) waited/max        8/1000000  uS 
Read char #4 RC=1 (d9) waited/max        8/1000000  uS 
Read char #5 RC=1 (27) waited/max        9/1000000  uS 
Read char #6 RC=1 (3f) waited/max        9/1000000  uS 
Read char #7 RC=1 (45) waited/max        8/1000000  uS 
Read char #8 RC=1 (72) waited/max        9/1000000  uS 
answer:  00 06 41 d9 27 3f 45 72 
received 8 characters
CRC receive OK 7245
Transmission State Check: 0
szCvrtFloat    27.144163 0x41d9273f
value        27.144163

Elapsed time since last comm 68 us
Attempt 1
Clearing read buffer Success!
szSerBufferSave OK! 02 3b 16 00 00 00 00 00 00 00 
command: 02 3b 16 00 00 00 00 00 9e 72 
Flushing serial device buffer... Success!
Sending command... sent 10 characters
Draining serial device buffer... Success!
Cleared data buffer: 00 00 00 00 00 00 00 00 00 00 
Read char #1 RC=0 (00) waited/max    98766/1000000  uS 
answer:  Got -1 characters

Elapsed time since last comm 0 us
Attempt 2
Clearing read buffer Success!
szSerBufferSave OK! 02 3b 16 00 00 00 00 00 00 00 
command: 02 3b 16 00 00 00 00 00 9e 72 
Flushing serial device buffer... Success!
Sending command... sent 10 characters
Draining serial device buffer... Success!
Cleared data buffer: 00 00 00 00 00 00 00 00 00 00 
Read char #1 RC=1 (cf) waited/max     9799/1000000  uS 
Read char #2 RC=1 (27) waited/max        9/1000000  uS 
Read char #3 RC=1 (e3) waited/max        8/1000000  uS 
Read char #4 RC=1 (33) waited/max        9/1000000  uS 
Read char #5 RC=1 (fb) waited/max        9/1000000  uS 
Read char #6 RC=1 (09) waited/max        8/1000000  uS 
Read char #7 RC=1 (30) waited/max        8/1000000  uS 
Read char #8 RC=0 (00) waited/max    96488/1000000  uS 
answer:  Got -1 characters

Elapsed time since last comm 0 us
Attempt 3
Clearing read buffer Success!
szSerBufferSave OK! 02 3b 16 00 00 00 00 00 00 00 
command: 02 3b 16 00 00 00 00 00 9e 72 
Flushing serial device buffer... Success!
Sending command... sent 10 characters
Draining serial device buffer... Success!
Cleared data buffer: 00 00 00 00 00 00 00 00 00 00 
Read char #1 RC=1 (00) waited/max    50804/1000000  uS 
Read char #2 RC=1 (06) waited/max        9/1000000  uS 
Read char #3 RC=1 (41) waited/max        8/1000000  uS 
Read char #4 RC=1 (bc) waited/max        8/1000000  uS 
Read char #5 RC=1 (66) waited/max        9/1000000  uS 
Read char #6 RC=1 (1f) waited/max        8/1000000  uS 
Read char #7 RC=1 (09) waited/max        9/1000000  uS 
Read char #8 RC=1 (30) waited/max        9/1000000  uS 
answer:  00 06 41 bc 66 1f 09 30 
received 8 characters
CRC receive OK 3009
Transmission State Check: 0
szCvrtFloat    23.549864 0x41bc661f
value        23.549864

Attempting to get Partial Energy value 
Elapsed time since last comm 148 us
Attempt 1
Clearing read buffer Success!
szSerBufferSave OK! 02 4e 06 00 00 00 00 00 00 00 
command: 02 4e 06 00 00 00 00 00 c1 d1 
Flushing serial device buffer... Success!
Sending command... sent 10 characters
Draining serial device buffer... Success!
Cleared data buffer: 00 00 00 00 00 00 00 00 00 00 
Read char #1 RC=1 (00) waited/max    20809/1000000  uS 
Read char #2 RC=1 (06) waited/max        9/1000000  uS 
Read char #3 RC=1 (00) waited/max        9/1000000  uS 
Read char #4 RC=1 (00) waited/max        8/1000000  uS 
Read char #5 RC=1 (84) waited/max        9/1000000  uS 
Read char #6 RC=1 (62) waited/max        8/1000000  uS 
Read char #7 RC=1 (af) waited/max        8/1000000  uS 
Read char #8 RC=1 (67) waited/max        9/1000000  uS 
answer:  00 06 00 00 84 62 af 67 
received 8 characters
CRC receive OK 67af
Transmission State Check: 0
szCvrtLong          33890 0x00008462
value               33890

Elapsed time since last comm 54 us
Attempt 1
Clearing read buffer Success!
szSerBufferSave OK! 02 4e 00 00 00 00 00 00 00 00 
command: 02 4e 00 00 00 00 00 00 3b c9 
Flushing serial device buffer... Success!
Sending command... sent 10 characters
Draining serial device buffer... Success!
Cleared data buffer: 00 00 00 00 00 00 00 00 00 00 
Read char #1 RC=1 (00) waited/max    11803/1000000  uS 
Read char #2 RC=1 (06) waited/max        9/1000000  uS 
Read char #3 RC=1 (00) waited/max        8/1000000  uS 
Read char #4 RC=1 (00) waited/max        8/1000000  uS 
Read char #5 RC=1 (05) waited/max        8/1000000  uS 
Read char #6 RC=1 (07) waited/max        8/1000000  uS 
Read char #7 RC=1 (10) waited/max        9/1000000  uS 
Read char #8 RC=1 (c6) waited/max        8/1000000  uS 
answer:  00 06 00 00 05 07 10 c6 
received 8 characters
CRC receive OK c610
Transmission State Check: 0
szCvrtLong           1287 0x00000507
value                1287

Elapsed time since last comm 51 us
Attempt 1
Clearing read buffer Success!
szSerBufferSave OK! 02 4e 01 00 00 00 00 00 00 00 
command: 02 4e 01 00 00 00 00 00 10 cd 
Flushing serial device buffer... Success!
Sending command... sent 10 characters
Draining serial device buffer... Success!
Cleared data buffer: 00 00 00 00 00 00 00 00 00 00 
Read char #1 RC=1 (00) waited/max    11833/1000000  uS 
Read char #2 RC=1 (06) waited/max       10/1000000  uS 
Read char #3 RC=1 (00) waited/max        9/1000000  uS 
Read char #4 RC=1 (00) waited/max        9/1000000  uS 
Read char #5 RC=1 (14) waited/max        8/1000000  uS 
Read char #6 RC=1 (6b) waited/max        9/1000000  uS 
Read char #7 RC=1 (33) waited/max        9/1000000  uS 
Read char #8 RC=1 (e3) waited/max        9/1000000  uS 
answer:  00 06 00 00 14 6b 33 e3 
received 8 characters
CRC receive OK e333
Transmission State Check: 0
szCvrtLong           5227 0x0000146b
value                5227

Elapsed time since last comm 55 us
Attempt 1
Clearing read buffer Success!
szSerBufferSave OK! 02 4e 03 00 00 00 00 00 00 00 
command: 02 4e 03 00 00 00 00 00 46 c5 
Flushing serial device buffer... Success!
Sending command... sent 10 characters
Draining serial device buffer... Success!
Cleared data buffer: 00 00 00 00 00 00 00 00 00 00 
Read char #1 RC=0 (00) waited/max    97033/1000000  uS 
answer:  Got -1 characters

Elapsed time since last comm 0 us
Attempt 2
Clearing read buffer Success!
szSerBufferSave OK! 02 4e 03 00 00 00 00 00 00 00 
command: 02 4e 03 00 00 00 00 00 46 c5 
Flushing serial device buffer... Success!
Sending command... sent 10 characters
Draining serial device buffer... Success!
Cleared data buffer: 00 00 00 00 00 00 00 00 00 00 
Read char #1 RC=1 (ff) waited/max     8798/1000000  uS 
Read char #2 RC=1 (ff) waited/max        9/1000000  uS 
Read char #3 RC=1 (73) waited/max        8/1000000  uS 
Read char #4 RC=1 (75) waited/max        9/1000000  uS 
Read char #5 RC=1 (d8) waited/max        8/1000000  uS 
Read char #6 RC=1 (ad) waited/max        8/1000000  uS 
Read char #7 RC=1 (6f) waited/max        8/1000000  uS 
Read char #8 RC=1 (fe) waited/max        9/1000000  uS 
answer:  ff ff 73 75 d8 ad 6f fe 
received 8 characters

Elapsed time since last comm 0 us
Attempt 3
Clearing read buffer Success!
szSerBufferSave OK! 02 4e 03 00 00 00 00 00 00 00 
command: 02 4e 03 00 00 00 00 00 46 c5 
Flushing serial device buffer... Success!
Sending command... sent 10 characters
Draining serial device buffer... Success!
Cleared data buffer: 00 00 00 00 00 00 00 00 00 00 
Read char #1 RC=0 (00) waited/max    99746/1000000  uS 
answer:  Got -1 characters

Restoring Serial Port settings /dev/serial/by-id/usb-1a86_USB2.0-Serial-if00-port0... Success!
Flushing serial device buffer... Success!
Closing Serial Port /dev/serial/by-id/usb-1a86_USB2.0-Serial-if00-port0... Success!

devLCKfile: </var/lock/LCK..usb-1a86_USB2.0-Serial-if00-port0>
devLCKfileNew: </var/lock/LCK..usb-1a86_USB2.0-Serial-if00-port0.7898>
Clearing Serial Port Lock (7898)... done.

20120604-13:28:07: aurora: ERROR: Received bad return code (-1 78 3)

Complete 20120604-13:28:07

