
aurora -b -a2 -c -T -Y3 -d0 -e /dev/serial/by-id/usb-1a86_USB2.0-Serial-if00-port0 

szttyDevice: /dev/serial/by-id/usb-1a86_USB2.0-Serial-if00-port0
yDelay:     1
yTimeout    0 mS
yMaxRunTime ~
devLCKfile: </var/lock/LCK..usb-1a86_USB2.0-Serial-if00-port0>
devLCKfileNew: </var/lock/LCK..usb-1a86_USB2.0-Serial-if00-port0.7183>
Got Params

RunTime 20120604-13:25:56 v1.8.0 
Endian : Little
PID : 7183

Attempting to get lock on Serial Port /dev/serial/by-id/usb-1a86_USB2.0-Serial-if00-port0...
Checking for lock

Checking process 7183 for lock
rPID: 7183 SubStrPos: aurora command: aurora = me
Appears we got the lock.

Opening Serial Port /dev/serial/by-id/usb-1a86_USB2.0-Serial-if00-port0...  Serial Port /dev/serial/by-id/usb-1a86_USB2.0-Serial-if00-port0 successfully opened.
Configuring serial device... Flushing unread data first...  Success!
Flushing serial device buffer... Success!

Comm Check: Let's see if the Aurora is listening... 
Elapsed time since last comm 0 us
Attempt 1
Clearing read buffer Success!
szSerBufferSave OK! 02 3a 00 00 00 00 00 00 00 00 
command: 02 3a 00 00 00 00 00 00 01 b7 
Flushing serial device buffer... Success!
Sending command... sent 10 characters
Draining serial device buffer... Success!
Cleared data buffer: 00 00 00 00 00 00 00 00 00 00 
Read char #1 RC=0 (00) waited/max    97750/1000000  uS 
answer:  Got -1 characters

Elapsed time since last comm 0 us
Attempt 2
Clearing read buffer Success!
szSerBufferSave OK! 02 3a 00 00 00 00 00 00 00 00 
command: 02 3a 00 00 00 00 00 00 01 b7 
Flushing serial device buffer... Success!
Sending command... sent 10 characters
Draining serial device buffer... Success!
Cleared data buffer: 00 00 00 00 00 00 00 00 00 00 
Read char #1 RC=1 (00) waited/max      807/1000000  uS 
Read char #2 RC=1 (06) waited/max        9/1000000  uS 
Read char #3 RC=1 (31) waited/max        9/1000000  uS 
Read char #4 RC=1 (42) waited/max        8/1000000  uS 
Read char #5 RC=1 (fe) waited/max        9/1000000  uS 
Read char #6 RC=1 (fe) waited/max     1661/1000000  uS 
Read char #7 RC=0 (00) waited/max    99887/1000000  uS 
answer:  Got -1 characters

Elapsed time since last comm 0 us
Attempt 3
Clearing read buffer Success!
szSerBufferSave OK! 02 3a 00 00 00 00 00 00 00 00 
command: 02 3a 00 00 00 00 00 00 01 b7 
Flushing serial device buffer... Success!
Sending command... sent 10 characters
Draining serial device buffer... Success!
Cleared data buffer: 00 00 00 00 00 00 00 00 00 00 
Read char #1 RC=1 (00) waited/max    44802/1000000  uS 
Read char #2 RC=1 (06) waited/max        9/1000000  uS 
Read char #3 RC=1 (31) waited/max        8/1000000  uS 
Read char #4 RC=1 (42) waited/max        8/1000000  uS 
Read char #5 RC=1 (4e) waited/max        8/1000000  uS 
Read char #6 RC=1 (4e) waited/max        8/1000000  uS 
Read char #7 RC=1 (9c) waited/max        9/1000000  uS 
Read char #8 RC=1 (58) waited/max        8/1000000  uS 
answer:  00 06 31 42 4e 4e 9c 58 
received 8 characters
CRC receive OK 589c
Transmission State Check: 0
Model ID "1" Multipler 0.0970019 -- PVI-3.0-OUTD (new) --
Comm Check: OK

Elapsed time since last comm 211 us
Attempt 1
Clearing read buffer Success!
szSerBufferSave OK! 02 3b 04 00 00 00 00 00 00 00 
command: 02 3b 04 00 00 00 00 00 78 38 
Flushing serial device buffer... Success!
Sending command... sent 10 characters
Draining serial device buffer... Success!
Cleared data buffer: 00 00 00 00 00 00 00 00 00 00 
Read char #1 RC=1 (00) waited/max    22789/1000000  uS 
Read char #2 RC=1 (06) waited/max       10/1000000  uS 
Read char #3 RC=1 (42) waited/max        9/1000000  uS 
Read char #4 RC=1 (47) waited/max        8/1000000  uS 
Read char #5 RC=1 (f2) waited/max        8/1000000  uS 
Read char #6 RC=1 (b1) waited/max        8/1000000  uS 
Read char #7 RC=1 (1f) waited/max        8/1000000  uS 
Read char #8 RC=1 (82) waited/max        8/1000000  uS 
answer:  00 06 42 47 f2 b1 1f 82 
received 8 characters
CRC receive OK 821f
Transmission State Check: 0
szCvrtFloat    49.987003 0x4247f2b1
value        49.987003

Elapsed time since last comm 84 us
Attempt 1
Clearing read buffer Success!
szSerBufferSave OK! 02 3b 01 00 00 00 00 00 00 00 
command: 02 3b 01 00 00 00 00 00 ff 2c 
Flushing serial device buffer... Success!
Sending command... sent 10 characters
Draining serial device buffer... Success!
Cleared data buffer: 00 00 00 00 00 00 00 00 00 00 
Read char #1 RC=1 (00) waited/max    10805/1000000  uS 
Read char #2 RC=1 (06) waited/max        9/1000000  uS 
Read char #3 RC=1 (43) waited/max        9/1000000  uS 
Read char #4 RC=1 (61) waited/max        9/1000000  uS 
Read char #5 RC=1 (e5) waited/max        9/1000000  uS 
Read char #6 RC=1 (75) waited/max        8/1000000  uS 
Read char #7 RC=1 (f7) waited/max        9/1000000  uS 
Read char #8 RC=1 (13) waited/max        8/1000000  uS 
answer:  00 06 43 61 e5 75 f7 13 
received 8 characters
CRC receive OK 13f7
Transmission State Check: 0
szCvrtFloat   225.896317 0x4361e575
value       225.896317

Elapsed time since last comm 77 us
Attempt 1
Clearing read buffer Success!
szSerBufferSave OK! 02 3b 02 00 00 00 00 00 00 00 
command: 02 3b 02 00 00 00 00 00 82 20 
Flushing serial device buffer... Success!
Sending command... sent 10 characters
Draining serial device buffer... Success!
Cleared data buffer: 00 00 00 00 00 00 00 00 00 00 
Read char #1 RC=1 (00) waited/max    10808/1000000  uS 
Read char #2 RC=1 (06) waited/max       10/1000000  uS 
Read char #3 RC=1 (40) waited/max        9/1000000  uS 
Read char #4 RC=1 (31) waited/max        8/1000000  uS 
Read char #5 RC=1 (bb) waited/max        9/1000000  uS 
Read char #6 RC=1 (b4) waited/max        9/1000000  uS 
Read char #7 RC=1 (bb) waited/max        8/1000000  uS 
Read char #8 RC=1 (2b) waited/max        8/1000000  uS 
answer:  00 06 40 31 bb b4 bb 2b 
received 8 characters
CRC receive OK 2bbb
Transmission State Check: 0
szCvrtFloat     2.777081 0x4031bbb4
value         2.777081

Elapsed time since last comm 61 us
Attempt 1
Clearing read buffer Success!
szSerBufferSave OK! 02 3b 03 00 00 00 00 00 00 00 
command: 02 3b 03 00 00 00 00 00 a9 24 
Flushing serial device buffer... Success!
Sending command... sent 10 characters
Draining serial device buffer... Success!
Cleared data buffer: 00 00 00 00 00 00 00 00 00 00 
Read char #1 RC=0 (00) waited/max    96759/1000000  uS 
answer:  Got -1 characters

Elapsed time since last comm 0 us
Attempt 2
Clearing read buffer Success!
szSerBufferSave OK! 02 3b 03 00 00 00 00 00 00 00 
command: 02 3b 03 00 00 00 00 00 a9 24 
Flushing serial device buffer... Success!
Sending command... sent 10 characters
Draining serial device buffer... Success!
Cleared data buffer: 00 00 00 00 00 00 00 00 00 00 
Read char #1 RC=1 (00) waited/max    19811/1000000  uS 
Read char #2 RC=1 (06) waited/max        9/1000000  uS 
Read char #3 RC=1 (44) waited/max        9/1000000  uS 
Read char #4 RC=1 (1c) waited/max        9/1000000  uS 
Read char #5 RC=1 (07) waited/max        9/1000000  uS 
Read char #6 RC=1 (1c) waited/max        9/1000000  uS 
Read char #7 RC=1 (9f) waited/max        9/1000000  uS 
Read char #8 RC=1 (1f) waited/max        9/1000000  uS 
answer:  00 06 44 1c 07 1c 9f 1f 
received 8 characters
CRC receive OK 1f9f
Transmission State Check: 0
szCvrtFloat   624.111084 0x441c071c
value       624.111084

Elapsed time since last comm 72 us
Attempt 1
Clearing read buffer Success!
szSerBufferSave OK! 02 3b 17 00 00 00 00 00 00 00 
command: 02 3b 17 00 00 00 00 00 b5 76 
Flushing serial device buffer... Success!
Sending command... sent 10 characters
Draining serial device buffer... Success!
Cleared data buffer: 00 00 00 00 00 00 00 00 00 00 
Read char #1 RC=1 (00) waited/max    16811/1000000  uS 
Read char #2 RC=1 (06) waited/max        9/1000000  uS 
Read char #3 RC=1 (43) waited/max        8/1000000  uS 
Read char #4 RC=1 (b8) waited/max        9/1000000  uS 
Read char #5 RC=1 (ab) waited/max        9/1000000  uS 
Read char #6 RC=1 (91) waited/max        9/1000000  uS 
Read char #7 RC=1 (ba) waited/max        8/1000000  uS 
Read char #8 RC=1 (7d) waited/max        8/1000000  uS 
answer:  00 06 43 b8 ab 91 ba 7d 
received 8 characters
CRC receive OK 7dba
Transmission State Check: 0
szCvrtFloat   369.340363 0x43b8ab91
value       369.340363

Elapsed time since last comm 92 us
Attempt 1
Clearing read buffer Success!
szSerBufferSave OK! 02 3b 19 00 00 00 00 00 00 00 
command: 02 3b 19 00 00 00 00 00 17 4f 
Flushing serial device buffer... Success!
Sending command... sent 10 characters
Draining serial device buffer... Success!
Cleared data buffer: 00 00 00 00 00 00 00 00 00 00 
Read char #1 RC=1 (00) waited/max    10811/1000000  uS 
Read char #2 RC=1 (06) waited/max        9/1000000  uS 
Read char #3 RC=1 (3f) waited/max        9/1000000  uS 
Read char #4 RC=1 (7c) waited/max        8/1000000  uS 
Read char #5 RC=1 (39) waited/max        9/1000000  uS 
Read char #6 RC=1 (44) waited/max        9/1000000  uS 
Read char #7 RC=1 (fd) waited/max        9/1000000  uS 
Read char #8 RC=1 (72) waited/max        8/1000000  uS 
answer:  00 06 3f 7c 39 44 fd 72 
received 8 characters
CRC receive OK 72fd
Transmission State Check: 0
szCvrtFloat     0.985249 0x3f7c3944
value         0.985249

Elapsed time since last comm 63 us
Attempt 1
Clearing read buffer Success!
szSerBufferSave OK! 02 3b 1a 00 00 00 00 00 00 00 
command: 02 3b 1a 00 00 00 00 00 6a 43 
Flushing serial device buffer... Success!
Sending command... sent 10 characters
Draining serial device buffer... Success!
Cleared data buffer: 00 00 00 00 00 00 00 00 00 00 
Read char #1 RC=1 (00) waited/max    10816/1000000  uS 
Read char #2 RC=1 (06) waited/max        9/1000000  uS 
Read char #3 RC=1 (43) waited/max        8/1000000  uS 
Read char #4 RC=1 (94) waited/max        9/1000000  uS 
Read char #5 RC=1 (cc) waited/max        8/1000000  uS 
Read char #6 RC=1 (b9) waited/max        9/1000000  uS 
Read char #7 RC=1 (35) waited/max        8/1000000  uS 
Read char #8 RC=1 (5e) waited/max        9/1000000  uS 
answer:  00 06 43 94 cc b9 35 5e 
received 8 characters
CRC receive OK 5e35
Transmission State Check: 0
szCvrtFloat   297.599396 0x4394ccb9
value       297.599396

Elapsed time since last comm 67 us
Attempt 1
Clearing read buffer Success!
szSerBufferSave OK! 02 3b 1b 00 00 00 00 00 00 00 
command: 02 3b 1b 00 00 00 00 00 41 47 
Flushing serial device buffer... Success!
Sending command... sent 10 characters
Draining serial device buffer... Success!
Cleared data buffer: 00 00 00 00 00 00 00 00 00 00 
Read char #1 RC=0 (00) waited/max    99748/1000000  uS 
answer:  Got -1 characters

Elapsed time since last comm 0 us
Attempt 2
Clearing read buffer Success!
szSerBufferSave OK! 02 3b 1b 00 00 00 00 00 00 00 
command: 02 3b 1b 00 00 00 00 00 41 47 
Flushing serial device buffer... Success!
Sending command... sent 10 characters
Draining serial device buffer... Success!
Cleared data buffer: 00 00 00 00 00 00 00 00 00 00 
Read char #1 RC=1 (ff) waited/max     7812/1000000  uS 
Read char #2 RC=1 (ff) waited/max        9/1000000  uS 
Read char #3 RC=1 (dd) waited/max        8/1000000  uS 
Read char #4 RC=1 (eb) waited/max        9/1000000  uS 
Read char #5 RC=1 (66) waited/max        9/1000000  uS 
Read char #6 RC=1 (2d) waited/max        8/1000000  uS 
Read char #7 RC=1 (f7) waited/max        8/1000000  uS 
Read char #8 RC=0 (00) 
answer:  Got -1 characters

Elapsed time since last comm 0 us
Attempt 3
Clearing read buffer Success!
szSerBufferSave OK! 02 3b 1b 00 00 00 00 00 00 00 
command: 02 3b 1b 00 00 00 00 00 41 47 
Flushing serial device buffer... Success!
Sending command... sent 10 characters
Draining serial device buffer... Success!
Cleared data buffer: 00 00 00 00 00 00 00 00 00 00 
Read char #1 RC=1 (00) waited/max    53812/1000000  uS 
Read char #2 RC=1 (06) waited/max       10/1000000  uS 
Read char #3 RC=1 (3f) waited/max        9/1000000  uS 
Read char #4 RC=1 (75) waited/max        8/1000000  uS 
Read char #5 RC=1 (d4) waited/max        9/1000000  uS 
Read char #6 RC=1 (99) waited/max        9/1000000  uS 
Read char #7 RC=1 (6a) waited/max        9/1000000  uS 
Read char #8 RC=1 (ba) waited/max        9/1000000  uS 
answer:  00 06 3f 75 d4 99 6a ba 
received 8 characters
CRC receive OK ba6a
Transmission State Check: 0
szCvrtFloat     0.960275 0x3f75d499
value         0.960275

Elapsed time since last comm 113 us
Attempt 1
Clearing read buffer Success!
szSerBufferSave OK! 02 3b 15 00 00 00 00 00 00 00 
command: 02 3b 15 00 00 00 00 00 e3 7e 
Flushing serial device buffer... Success!
Sending command... sent 10 characters
Draining serial device buffer... Success!
Cleared data buffer: 00 00 00 00 00 00 00 00 00 00 
Read char #1 RC=1 (00) waited/max    23808/1000000  uS 
Read char #2 RC=1 (06) waited/max        9/1000000  uS 
Read char #3 RC=1 (41) waited/max        9/1000000  uS 
Read char #4 RC=1 (d8) waited/max        8/1000000  uS 
Read char #5 RC=1 (30) waited/max        9/1000000  uS 
Read char #6 RC=1 (5e) waited/max        9/1000000  uS 
Read char #7 RC=1 (8f) waited/max        9/1000000  uS 
Read char #8 RC=1 (82) waited/max        8/1000000  uS 
answer:  00 06 41 d8 30 5e 8f 82 
received 8 characters
CRC receive OK 828f
Transmission State Check: 0
szCvrtFloat    27.023617 0x41d8305e
value        27.023617

Elapsed time since last comm 69 us
Attempt 1
Clearing read buffer Success!
szSerBufferSave OK! 02 3b 16 00 00 00 00 00 00 00 
command: 02 3b 16 00 00 00 00 00 9e 72 
Flushing serial device buffer... Success!
Sending command... sent 10 characters
Draining serial device buffer... Success!
Cleared data buffer: 00 00 00 00 00 00 00 00 00 00 
Read char #1 RC=1 (00) waited/max    10811/1000000  uS 
Read char #2 RC=1 (06) waited/max        9/1000000  uS 
Read char #3 RC=1 (41) waited/max        8/1000000  uS 
Read char #4 RC=1 (bb) waited/max        8/1000000  uS 
Read char #5 RC=1 (a3) waited/max        9/1000000  uS 
Read char #6 RC=1 (79) waited/max        9/1000000  uS 
Read char #7 RC=1 (2e) waited/max        9/1000000  uS 
Read char #8 RC=1 (0e) waited/max        8/1000000  uS 
answer:  00 06 41 bb a3 79 2e 0e 
received 8 characters
CRC receive OK 0e2e
Transmission State Check: 0
szCvrtFloat    23.454821 0x41bba379
value        23.454821

Attempting to get Partial Energy value 
Elapsed time since last comm 137 us
Attempt 1
Clearing read buffer Success!
szSerBufferSave OK! 02 4e 06 00 00 00 00 00 00 00 
command: 02 4e 06 00 00 00 00 00 c1 d1 
Flushing serial device buffer... Success!
Sending command... sent 10 characters
Draining serial device buffer... Success!
Cleared data buffer: 00 00 00 00 00 00 00 00 00 00 
Read char #1 RC=0 (00) waited/max    99763/1000000  uS 
answer:  Got -1 characters

Elapsed time since last comm 0 us
Attempt 2
Clearing read buffer Success!
szSerBufferSave OK! 02 4e 06 00 00 00 00 00 00 00 
command: 02 4e 06 00 00 00 00 00 c1 d1 
Flushing serial device buffer... Success!
Sending command... sent 10 characters
Draining serial device buffer... Success!
Cleared data buffer: 00 00 00 00 00 00 00 00 00 00 
Read char #1 RC=1 (00) waited/max     3791/1000000  uS 
Read char #2 RC=1 (06) waited/max        9/1000000  uS 
Read char #3 RC=1 (00) waited/max        8/1000000  uS 
Read char #4 RC=1 (ec) waited/max        8/1000000  uS 
Read char #5 RC=1 (63) waited/max        9/1000000  uS 
Read char #6 RC=1 (f3) waited/max        8/1000000  uS 
Read char #7 RC=1 (ff) waited/max        9/1000000  uS 
Read char #8 RC=1 (ff) waited/max        9/1000000  uS 
answer:  00 06 00 ec 63 f3 ff ff 
received 8 characters

Elapsed time since last comm 0 us
Attempt 3
Clearing read buffer Success!
szSerBufferSave OK! 02 4e 06 00 00 00 00 00 00 00 
command: 02 4e 06 00 00 00 00 00 c1 d1 
Flushing serial device buffer... Success!
Sending command... sent 10 characters
Draining serial device buffer... Success!
Cleared data buffer: 00 00 00 00 00 00 00 00 00 00 
Read char #1 RC=0 (00) waited/max    96768/1000000  uS 
answer:  Got -1 characters

Restoring Serial Port settings /dev/serial/by-id/usb-1a86_USB2.0-Serial-if00-port0... Success!
Flushing serial device buffer... Success!
Closing Serial Port /dev/serial/by-id/usb-1a86_USB2.0-Serial-if00-port0... Success!

devLCKfile: </var/lock/LCK..usb-1a86_USB2.0-Serial-if00-port0>
devLCKfileNew: </var/lock/LCK..usb-1a86_USB2.0-Serial-if00-port0.7183>
Clearing Serial Port Lock (7183)... done.

20120604-13:25:57: aurora: ERROR: Received bad return code (-1 78 6)

Complete 20120604-13:25:57

