
aurora -b -a2 -c -T -Y3 -d0 -e /dev/serial/by-id/usb-1a86_USB2.0-Serial-if00-port0 

szttyDevice: /dev/serial/by-id/usb-1a86_USB2.0-Serial-if00-port0
yDelay:     1
yTimeout    0 mS
yMaxRunTime ~
devLCKfile: </var/lock/LCK..usb-1a86_USB2.0-Serial-if00-port0>
devLCKfileNew: </var/lock/LCK..usb-1a86_USB2.0-Serial-if00-port0.8819>
Got Params

RunTime 20120604-13:30:52 v1.8.0 
Endian : Little
PID : 8819

Attempting to get lock on Serial Port /dev/serial/by-id/usb-1a86_USB2.0-Serial-if00-port0...
Checking for lock

Checking process 8819 for lock
rPID: 8819 SubStrPos: aurora command: aurora = me
Appears we got the lock.

Opening Serial Port /dev/serial/by-id/usb-1a86_USB2.0-Serial-if00-port0...  Serial Port /dev/serial/by-id/usb-1a86_USB2.0-Serial-if00-port0 successfully opened.
Configuring serial device... Flushing unread data first...  Success!
Flushing serial device buffer... Success!

Comm Check: Let's see if the Aurora is listening... 
Elapsed time since last comm 0 us
Attempt 1
Clearing read buffer Success!
szSerBufferSave OK! 02 3a 00 00 00 00 00 00 00 00 
command: 02 3a 00 00 00 00 00 00 01 b7 
Flushing serial device buffer... Success!
Sending command... sent 10 characters
Draining serial device buffer... Success!
Cleared data buffer: 00 00 00 00 00 00 00 00 00 00 
Read char #1 RC=1 (00) waited/max    76828/1000000  uS 
Read char #2 RC=1 (06) waited/max       10/1000000  uS 
Read char #3 RC=1 (31) waited/max        9/1000000  uS 
Read char #4 RC=1 (42) waited/max        8/1000000  uS 
Read char #5 RC=1 (4e) waited/max        8/1000000  uS 
Read char #6 RC=1 (4e) waited/max        9/1000000  uS 
Read char #7 RC=1 (9c) waited/max        9/1000000  uS 
Read char #8 RC=1 (58) waited/max        9/1000000  uS 
answer:  00 06 31 42 4e 4e 9c 58 
received 8 characters
CRC receive OK 589c
Transmission State Check: 0
Model ID "1" Multipler 0.0970019 -- PVI-3.0-OUTD (new) --
Comm Check: OK

Elapsed time since last comm 222 us
Attempt 1
Clearing read buffer Success!
szSerBufferSave OK! 02 3b 04 00 00 00 00 00 00 00 
command: 02 3b 04 00 00 00 00 00 78 38 
Flushing serial device buffer... Success!
Sending command... sent 10 characters
Draining serial device buffer... Success!
Cleared data buffer: 00 00 00 00 00 00 00 00 00 00 
Read char #1 RC=1 (00) waited/max    19801/1000000  uS 
Read char #2 RC=1 (06) waited/max        9/1000000  uS 
Read char #3 RC=1 (42) waited/max        9/1000000  uS 
Read char #4 RC=1 (47) waited/max        9/1000000  uS 
Read char #5 RC=1 (dc) waited/max        8/1000000  uS 
Read char #6 RC=1 (2f) waited/max        8/1000000  uS 
Read char #7 RC=1 (cb) waited/max        9/1000000  uS 
Read char #8 RC=1 (46) waited/max        9/1000000  uS 
answer:  00 06 42 47 dc 2f cb 46 
received 8 characters
CRC receive OK 46cb
Transmission State Check: 0
szCvrtFloat    49.965023 0x4247dc2f
value        49.965023

Elapsed time since last comm 78 us
Attempt 1
Clearing read buffer Success!
szSerBufferSave OK! 02 3b 01 00 00 00 00 00 00 00 
command: 02 3b 01 00 00 00 00 00 ff 2c 
Flushing serial device buffer... Success!
Sending command... sent 10 characters
Draining serial device buffer... Success!
Cleared data buffer: 00 00 00 00 00 00 00 00 00 00 
Read char #1 RC=1 (00) waited/max    10803/1000000  uS 
Read char #2 RC=1 (06) waited/max        9/1000000  uS 
Read char #3 RC=1 (43) waited/max        8/1000000  uS 
Read char #4 RC=1 (61) waited/max        9/1000000  uS 
Read char #5 RC=1 (ac) waited/max        8/1000000  uS 
Read char #6 RC=1 (85) waited/max        8/1000000  uS 
Read char #7 RC=1 (06) waited/max        8/1000000  uS 
Read char #8 RC=1 (75) waited/max        9/1000000  uS 
answer:  00 06 43 61 ac 85 06 75 
received 8 characters
CRC receive OK 7506
Transmission State Check: 0
szCvrtFloat   225.673904 0x4361ac85
value       225.673904

Elapsed time since last comm 74 us
Attempt 1
Clearing read buffer Success!
szSerBufferSave OK! 02 3b 02 00 00 00 00 00 00 00 
command: 02 3b 02 00 00 00 00 00 82 20 
Flushing serial device buffer... Success!
Sending command... sent 10 characters
Draining serial device buffer... Success!
Cleared data buffer: 00 00 00 00 00 00 00 00 00 00 
Read char #1 RC=1 (00) waited/max    10994/1000000  uS 
Read char #2 RC=1 (06) waited/max       10/1000000  uS 
Read char #3 RC=1 (40) waited/max        9/1000000  uS 
Read char #4 RC=1 (4b) waited/max        8/1000000  uS 
Read char #5 RC=1 (80) waited/max        9/1000000  uS 
Read char #6 RC=1 (9d) waited/max        9/1000000  uS 
Read char #7 RC=1 (d0) waited/max        8/1000000  uS 
Read char #8 RC=1 (36) waited/max        9/1000000  uS 
answer:  00 06 40 4b 80 9d d0 36 
received 8 characters
CRC receive OK 36d0
Transmission State Check: 0
szCvrtFloat     3.179725 0x404b809d
value         3.179725

Elapsed time since last comm 69 us
Attempt 1
Clearing read buffer Success!
szSerBufferSave OK! 02 3b 03 00 00 00 00 00 00 00 
command: 02 3b 03 00 00 00 00 00 a9 24 
Flushing serial device buffer... Success!
Sending command... sent 10 characters
Draining serial device buffer... Success!
Cleared data buffer: 00 00 00 00 00 00 00 00 00 00 
Read char #1 RC=0 (00) waited/max    97769/1000000  uS 
answer:  Got -1 characters

Elapsed time since last comm 0 us
Attempt 2
Clearing read buffer Success!
szSerBufferSave OK! 02 3b 03 00 00 00 00 00 00 00 
command: 02 3b 03 00 00 00 00 00 a9 24 
Flushing serial device buffer... Success!
Sending command... sent 10 characters
Draining serial device buffer... Success!
Cleared data buffer: 00 00 00 00 00 00 00 00 00 00 
Read char #1 RC=1 (00) waited/max    10791/1000000  uS 
Read char #2 RC=1 (06) waited/max        9/1000000  uS 
Read char #3 RC=1 (44) waited/max        9/1000000  uS 
Read char #4 RC=1 (29) waited/max        8/1000000  uS 
Read char #5 RC=1 (bb) waited/max        9/1000000  uS 
Read char #6 RC=1 (6c) waited/max        8/1000000  uS 
Read char #7 RC=1 (c5) waited/max        9/1000000  uS 
Read char #8 RC=1 (40) waited/max        8/1000000  uS 
answer:  00 06 44 29 bb 6c c5 40 
received 8 characters
CRC receive OK 40c5
Transmission State Check: 0
szCvrtFloat   678.928467 0x4429bb6c
value       678.928467

Elapsed time since last comm 79 us
Attempt 1
Clearing read buffer Success!
szSerBufferSave OK! 02 3b 17 00 00 00 00 00 00 00 
command: 02 3b 17 00 00 00 00 00 b5 76 
Flushing serial device buffer... Success!
Sending command... sent 10 characters
Draining serial device buffer... Success!
Cleared data buffer: 00 00 00 00 00 00 00 00 00 00 
Read char #1 RC=1 (00) waited/max    16935/1000000  uS 
Read char #2 RC=1 (06) waited/max       14/1000000  uS 
Read char #3 RC=1 (43) waited/max       12/1000000  uS 
Read char #4 RC=1 (ba) waited/max       13/1000000  uS 
Read char #5 RC=1 (cf) waited/max       13/1000000  uS 
Read char #6 RC=1 (1f) waited/max       12/1000000  uS 
Read char #7 RC=1 (41) waited/max       12/1000000  uS 
Read char #8 RC=1 (a7) waited/max       13/1000000  uS 
answer:  00 06 43 ba cf 1f 41 a7 
received 8 characters
CRC receive OK a741
Transmission State Check: 0
szCvrtFloat   373.618134 0x43bacf1f
value       373.618134

Elapsed time since last comm 109 us
Attempt 1
Clearing read buffer Success!
szSerBufferSave OK! 02 3b 19 00 00 00 00 00 00 00 
command: 02 3b 19 00 00 00 00 00 17 4f 
Flushing serial device buffer... Success!
Sending command... sent 10 characters
Draining serial device buffer... Success!
Cleared data buffer: 00 00 00 00 00 00 00 00 00 00 
Read char #1 RC=1 (00) waited/max    10796/1000000  uS 
Read char #2 RC=1 (06) waited/max        9/1000000  uS 
Read char #3 RC=1 (3f) waited/max        8/1000000  uS 
Read char #4 RC=1 (88) waited/max        9/1000000  uS 
Read char #5 RC=1 (1d) waited/max        8/1000000  uS 
Read char #6 RC=1 (3b) waited/max        8/1000000  uS 
Read char #7 RC=1 (8b) waited/max        8/1000000  uS 
Read char #8 RC=1 (52) waited/max        8/1000000  uS 
answer:  00 06 3f 88 1d 3b 8b 52 
received 8 characters
CRC receive OK 528b
Transmission State Check: 0
szCvrtFloat     1.063392 0x3f881d3b
value         1.063392

Elapsed time since last comm 63 us
Attempt 1
Clearing read buffer Success!
szSerBufferSave OK! 02 3b 1a 00 00 00 00 00 00 00 
command: 02 3b 1a 00 00 00 00 00 6a 43 
Flushing serial device buffer... Success!
Sending command... sent 10 characters
Draining serial device buffer... Success!
Cleared data buffer: 00 00 00 00 00 00 00 00 00 00 
Read char #1 RC=1 (00) waited/max    11815/1000000  uS 
Read char #2 RC=1 (06) waited/max        9/1000000  uS 
Read char #3 RC=1 (43) waited/max        9/1000000  uS 
Read char #4 RC=1 (93) waited/max        8/1000000  uS 
Read char #5 RC=1 (74) waited/max        9/1000000  uS 
Read char #6 RC=1 (9e) waited/max        9/1000000  uS 
Read char #7 RC=1 (23) waited/max        8/1000000  uS 
Read char #8 RC=1 (73) waited/max        8/1000000  uS 
answer:  00 06 43 93 74 9e 23 73 
received 8 characters
CRC receive OK 7323
Transmission State Check: 0
szCvrtFloat   294.911072 0x4393749e
value       294.911072

Elapsed time since last comm 70 us
Attempt 1
Clearing read buffer Success!
szSerBufferSave OK! 02 3b 1b 00 00 00 00 00 00 00 
command: 02 3b 1b 00 00 00 00 00 41 47 
Flushing serial device buffer... Success!
Sending command... sent 10 characters
Draining serial device buffer... Success!
Cleared data buffer: 00 00 00 00 00 00 00 00 00 00 
Read char #1 RC=0 (00) waited/max    98778/1000000  uS 
answer:  Got -1 characters

Elapsed time since last comm 0 us
Attempt 2
Clearing read buffer Success!
szSerBufferSave OK! 02 3b 1b 00 00 00 00 00 00 00 
command: 02 3b 1b 00 00 00 00 00 41 47 
Flushing serial device buffer... Success!
Sending command... sent 10 characters
Draining serial device buffer... Success!
Cleared data buffer: 00 00 00 00 00 00 00 00 00 00 
Read char #1 RC=1 (ff) waited/max     8802/1000000  uS 
Read char #2 RC=1 (ff) waited/max        9/1000000  uS 
Read char #3 RC=1 (7f) waited/max        8/1000000  uS 
Read char #4 RC=1 (f7) waited/max        8/1000000  uS 
Read char #5 RC=1 (ce) waited/max        8/1000000  uS 
Read char #6 RC=1 (09) waited/max        8/1000000  uS 
Read char #7 RC=1 (8e) waited/max        8/1000000  uS 
Read char #8 RC=1 (7f) waited/max        9/1000000  uS 
answer:  ff ff 7f f7 ce 09 8e 7f 
received 8 characters

Elapsed time since last comm 0 us
Attempt 3
Clearing read buffer Success!
szSerBufferSave OK! 02 3b 1b 00 00 00 00 00 00 00 
command: 02 3b 1b 00 00 00 00 00 41 47 
Flushing serial device buffer... Success!
Sending command... sent 10 characters
Draining serial device buffer... Success!
Cleared data buffer: 00 00 00 00 00 00 00 00 00 00 
Read char #1 RC=0 (00) waited/max    99762/1000000  uS 
answer:  Got -1 characters

Restoring Serial Port settings /dev/serial/by-id/usb-1a86_USB2.0-Serial-if00-port0... Success!
Flushing serial device buffer... Success!
Closing Serial Port /dev/serial/by-id/usb-1a86_USB2.0-Serial-if00-port0... Success!

devLCKfile: </var/lock/LCK..usb-1a86_USB2.0-Serial-if00-port0>
devLCKfileNew: </var/lock/LCK..usb-1a86_USB2.0-Serial-if00-port0.8819>
Clearing Serial Port Lock (8819)... done.

20120604-13:30:52: aurora: ERROR: Received bad return code (-1 59 27)

Complete 20120604-13:30:52

