
aurora -b -a2 -c -T -Y3 -d0 -e /dev/serial/by-id/usb-1a86_USB2.0-Serial-if00-port0 

szttyDevice: /dev/serial/by-id/usb-1a86_USB2.0-Serial-if00-port0
yDelay:     1
yTimeout    0 mS
yMaxRunTime ~
devLCKfile: </var/lock/LCK..usb-1a86_USB2.0-Serial-if00-port0>
devLCKfileNew: </var/lock/LCK..usb-1a86_USB2.0-Serial-if00-port0.9509>
Got Params

RunTime 20120604-13:32:56 v1.8.0 
Endian : Little
PID : 9509

Attempting to get lock on Serial Port /dev/serial/by-id/usb-1a86_USB2.0-Serial-if00-port0...
Checking for lock

Checking process 9509 for lock
rPID: 9509 SubStrPos: aurora command: aurora = me
Appears we got the lock.

Opening Serial Port /dev/serial/by-id/usb-1a86_USB2.0-Serial-if00-port0...  Serial Port /dev/serial/by-id/usb-1a86_USB2.0-Serial-if00-port0 successfully opened.
Configuring serial device... Flushing unread data first...  Success!
Flushing serial device buffer... Success!

Comm Check: Let's see if the Aurora is listening... 
Elapsed time since last comm 0 us
Attempt 1
Clearing read buffer Success!
szSerBufferSave OK! 02 3a 00 00 00 00 00 00 00 00 
command: 02 3a 00 00 00 00 00 00 01 b7 
Flushing serial device buffer... Success!
Sending command... sent 10 characters
Draining serial device buffer... Success!
Cleared data buffer: 00 00 00 00 00 00 00 00 00 00 
Read char #1 RC=1 (00) waited/max    50829/1000000  uS 
Read char #2 RC=1 (06) waited/max       10/1000000  uS 
Read char #3 RC=1 (31) waited/max        9/1000000  uS 
Read char #4 RC=1 (42) waited/max        8/1000000  uS 
Read char #5 RC=1 (4e) waited/max        8/1000000  uS 
Read char #6 RC=1 (4e) waited/max        9/1000000  uS 
Read char #7 RC=1 (9c) waited/max        9/1000000  uS 
Read char #8 RC=1 (58) waited/max        8/1000000  uS 
answer:  00 06 31 42 4e 4e 9c 58 
received 8 characters
CRC receive OK 589c
Transmission State Check: 0
Model ID "1" Multipler 0.0970019 -- PVI-3.0-OUTD (new) --
Comm Check: OK

Elapsed time since last comm 193 us
Attempt 1
Clearing read buffer Success!
szSerBufferSave OK! 02 3b 04 00 00 00 00 00 00 00 
command: 02 3b 04 00 00 00 00 00 78 38 
Flushing serial device buffer... Success!
Sending command... sent 10 characters
Draining serial device buffer... Success!
Cleared data buffer: 00 00 00 00 00 00 00 00 00 00 
Read char #1 RC=1 (00) waited/max    16800/1000000  uS 
Read char #2 RC=1 (06) waited/max        9/1000000  uS 
Read char #3 RC=1 (42) waited/max        8/1000000  uS 
Read char #4 RC=1 (47) waited/max        8/1000000  uS 
Read char #5 RC=1 (dc) waited/max        8/1000000  uS 
Read char #6 RC=1 (2f) waited/max        8/1000000  uS 
Read char #7 RC=1 (cb) waited/max        9/1000000  uS 
Read char #8 RC=1 (46) waited/max        8/1000000  uS 
answer:  00 06 42 47 dc 2f cb 46 
received 8 characters
CRC receive OK 46cb
Transmission State Check: 0
szCvrtFloat    49.965023 0x4247dc2f
value        49.965023

Elapsed time since last comm 78 us
Attempt 1
Clearing read buffer Success!
szSerBufferSave OK! 02 3b 01 00 00 00 00 00 00 00 
command: 02 3b 01 00 00 00 00 00 ff 2c 
Flushing serial device buffer... Success!
Sending command... sent 10 characters
Draining serial device buffer... Success!
Cleared data buffer: 00 00 00 00 00 00 00 00 00 00 
Read char #1 RC=1 (00) waited/max    10861/1000000  uS 
Read char #2 RC=1 (06) waited/max       15/1000000  uS 
Read char #3 RC=1 (43) waited/max       13/1000000  uS 
Read char #4 RC=1 (61) waited/max       12/1000000  uS 
Read char #5 RC=1 (18) waited/max       12/1000000  uS 
Read char #6 RC=1 (e1) waited/max       12/1000000  uS 
Read char #7 RC=1 (2a) waited/max       12/1000000  uS 
Read char #8 RC=1 (0d) waited/max       13/1000000  uS 
answer:  00 06 43 61 18 e1 2a 0d 
received 8 characters
CRC receive OK 0d2a
Transmission State Check: 0
szCvrtFloat   225.097183 0x436118e1
value       225.097183

Elapsed time since last comm 130 us
Attempt 1
Clearing read buffer Success!
szSerBufferSave OK! 02 3b 02 00 00 00 00 00 00 00 
command: 02 3b 02 00 00 00 00 00 82 20 
Flushing serial device buffer... Success!
Sending command... sent 10 characters
Draining serial device buffer... Success!
Cleared data buffer: 00 00 00 00 00 00 00 00 00 00 
Read char #1 RC=1 (00) waited/max    10796/1000000  uS 
Read char #2 RC=1 (06) waited/max       10/1000000  uS 
Read char #3 RC=1 (40) waited/max        9/1000000  uS 
Read char #4 RC=1 (44) waited/max        9/1000000  uS 
Read char #5 RC=1 (01) waited/max        9/1000000  uS 
Read char #6 RC=1 (94) waited/max        9/1000000  uS 
Read char #7 RC=1 (c2) waited/max        9/1000000  uS 
Read char #8 RC=1 (74) waited/max        9/1000000  uS 
answer:  00 06 40 44 01 94 c2 74 
received 8 characters
CRC receive OK 74c2
Transmission State Check: 0
szCvrtFloat     3.062596 0x40440194
value         3.062596

Elapsed time since last comm 65 us
Attempt 1
Clearing read buffer Success!
szSerBufferSave OK! 02 3b 03 00 00 00 00 00 00 00 
command: 02 3b 03 00 00 00 00 00 a9 24 
Flushing serial device buffer... Success!
Sending command... sent 10 characters
Draining serial device buffer... Success!
Cleared data buffer: 00 00 00 00 00 00 00 00 00 00 
Read char #1 RC=0 (00) waited/max    98772/1000000  uS 
answer:  Got -1 characters

Elapsed time since last comm 0 us
Attempt 2
Clearing read buffer Success!
szSerBufferSave OK! 02 3b 03 00 00 00 00 00 00 00 
command: 02 3b 03 00 00 00 00 00 a9 24 
Flushing serial device buffer... Success!
Sending command... sent 10 characters
Draining serial device buffer... Success!
Cleared data buffer: 00 00 00 00 00 00 00 00 00 00 
Read char #1 RC=1 (00) waited/max    13795/1000000  uS 
Read char #2 RC=1 (06) waited/max        9/1000000  uS 
Read char #3 RC=1 (44) waited/max        9/1000000  uS 
Read char #4 RC=1 (2b) waited/max        8/1000000  uS 
Read char #5 RC=1 (2f) waited/max        9/1000000  uS 
Read char #6 RC=1 (fc) waited/max        9/1000000  uS 
Read char #7 RC=1 (c9) waited/max        9/1000000  uS 
Read char #8 RC=1 (1f) waited/max        9/1000000  uS 
answer:  00 06 44 2b 2f fc c9 1f 
received 8 characters
CRC receive OK 1fc9
Transmission State Check: 0
szCvrtFloat   684.749756 0x442b2ffc
value       684.749756

Elapsed time since last comm 83 us
Attempt 1
Clearing read buffer Success!
szSerBufferSave OK! 02 3b 17 00 00 00 00 00 00 00 
command: 02 3b 17 00 00 00 00 00 b5 76 
Flushing serial device buffer... Success!
Sending command... sent 10 characters
Draining serial device buffer... Success!
Cleared data buffer: 00 00 00 00 00 00 00 00 00 00 
Read char #1 RC=1 (00) 
Read char #2 RC=1 (06) waited/max       10/1000000  uS 
Read char #3 RC=1 (43) waited/max        8/1000000  uS 
Read char #4 RC=1 (b6) waited/max        8/1000000  uS 
Read char #5 RC=1 (fb) waited/max        9/1000000  uS 
Read char #6 RC=1 (8d) waited/max        8/1000000  uS 
Read char #7 RC=1 (bb) waited/max        9/1000000  uS 
Read char #8 RC=1 (64) waited/max        9/1000000  uS 
answer:  00 06 43 b6 fb 8d bb 64 
received 8 characters
CRC receive OK 64bb
Transmission State Check: 0
szCvrtFloat   365.965240 0x43b6fb8d
value       365.965240

Elapsed time since last comm 68 us
Attempt 1
Clearing read buffer Success!
szSerBufferSave OK! 02 3b 19 00 00 00 00 00 00 00 
command: 02 3b 19 00 00 00 00 00 17 4f 
Flushing serial device buffer... Success!
Sending command... sent 10 characters
Draining serial device buffer... Success!
Cleared data buffer: 00 00 00 00 00 00 00 00 00 00 
Read char #1 RC=1 (00) waited/max    10799/1000000  uS 
Read char #2 RC=1 (06) waited/max        9/1000000  uS 
Read char #3 RC=1 (3f) waited/max        9/1000000  uS 
Read char #4 RC=1 (8b) waited/max        8/1000000  uS 
Read char #5 RC=1 (b9) waited/max        9/1000000  uS 
Read char #6 RC=1 (28) waited/max        9/1000000  uS 
Read char #7 RC=1 (6a) waited/max        8/1000000  uS 
Read char #8 RC=1 (57) waited/max        9/1000000  uS 
answer:  00 06 3f 8b b9 28 6a 57 
received 8 characters
CRC receive OK 576a
Transmission State Check: 0
szCvrtFloat     1.091588 0x3f8bb928
value         1.091588

Elapsed time since last comm 60 us
Attempt 1
Clearing read buffer Success!
szSerBufferSave OK! 02 3b 1a 00 00 00 00 00 00 00 
command: 02 3b 1a 00 00 00 00 00 6a 43 
Flushing serial device buffer... Success!
Sending command... sent 10 characters
Draining serial device buffer... Success!
Cleared data buffer: 00 00 00 00 00 00 00 00 00 00 
Read char #1 RC=1 (00) waited/max    10809/1000000  uS 
Read char #2 RC=1 (06) waited/max        9/1000000  uS 
Read char #3 RC=1 (43) waited/max        9/1000000  uS 
Read char #4 RC=1 (93) waited/max        8/1000000  uS 
Read char #5 RC=1 (74) waited/max        8/1000000  uS 
Read char #6 RC=1 (9e) waited/max        8/1000000  uS 
Read char #7 RC=1 (23) waited/max        8/1000000  uS 
Read char #8 RC=1 (73) waited/max        9/1000000  uS 
answer:  00 06 43 93 74 9e 23 73 
received 8 characters
CRC receive OK 7323
Transmission State Check: 0
szCvrtFloat   294.911072 0x4393749e
value       294.911072

Elapsed time since last comm 69 us
Attempt 1
Clearing read buffer Success!
szSerBufferSave OK! 02 3b 1b 00 00 00 00 00 00 00 
command: 02 3b 1b 00 00 00 00 00 41 47 
Flushing serial device buffer... Success!
Sending command... sent 10 characters
Draining serial device buffer... Success!
Cleared data buffer: 00 00 00 00 00 00 00 00 00 00 
Read char #1 RC=0 (00) waited/max    97749/1000000  uS 
answer:  Got -1 characters

Elapsed time since last comm 0 us
Attempt 2
Clearing read buffer Success!
szSerBufferSave OK! 02 3b 1b 00 00 00 00 00 00 00 
command: 02 3b 1b 00 00 00 00 00 41 47 
Flushing serial device buffer... Success!
Sending command... sent 10 characters
Draining serial device buffer... Success!
Cleared data buffer: 00 00 00 00 00 00 00 00 00 00 
Read char #1 RC=1 (f1) waited/max     9811/1000000  uS 
Read char #2 RC=1 (83) waited/max        9/1000000  uS 
Read char #3 RC=1 (3f) waited/max        9/1000000  uS 
Read char #4 RC=1 (88) waited/max        8/1000000  uS 
Read char #5 RC=1 (6c) waited/max        8/1000000  uS 
Read char #6 RC=1 (6c) waited/max        9/1000000  uS 
Read char #7 RC=1 (ad) waited/max        9/1000000  uS 
Read char #8 RC=1 (9d) waited/max        9/1000000  uS 
answer:  f1 83 3f 88 6c 6c ad 9d 
received 8 characters

Elapsed time since last comm 0 us
Attempt 3
Clearing read buffer Success!
szSerBufferSave OK! 02 3b 1b 00 00 00 00 00 00 00 
command: 02 3b 1b 00 00 00 00 00 41 47 
Flushing serial device buffer... Success!
Sending command... sent 10 characters
Draining serial device buffer... Success!
Cleared data buffer: 00 00 00 00 00 00 00 00 00 00 
Read char #1 RC=0 (00) waited/max    98764/1000000  uS 
answer:  Got -1 characters

Restoring Serial Port settings /dev/serial/by-id/usb-1a86_USB2.0-Serial-if00-port0... Success!
Flushing serial device buffer... Success!
Closing Serial Port /dev/serial/by-id/usb-1a86_USB2.0-Serial-if00-port0... Success!

devLCKfile: </var/lock/LCK..usb-1a86_USB2.0-Serial-if00-port0>
devLCKfileNew: </var/lock/LCK..usb-1a86_USB2.0-Serial-if00-port0.9509>
Clearing Serial Port Lock (9509)... done.

20120604-13:32:57: aurora: ERROR: Received bad return code (-1 59 27)

Complete 20120604-13:32:57

