
aurora -b -a2 -c -T -Y3 -d0 -e /dev/serial/by-id/usb-1a86_USB2.0-Serial-if00-port0 

szttyDevice: /dev/serial/by-id/usb-1a86_USB2.0-Serial-if00-port0
yDelay:     1
yTimeout    0 mS
yMaxRunTime ~
devLCKfile: </var/lock/LCK..usb-1a86_USB2.0-Serial-if00-port0>
devLCKfileNew: </var/lock/LCK..usb-1a86_USB2.0-Serial-if00-port0.8570>
Got Params

RunTime 20120604-13:30:11 v1.8.0 
Endian : Little
PID : 8570

Attempting to get lock on Serial Port /dev/serial/by-id/usb-1a86_USB2.0-Serial-if00-port0...
Checking for lock

Checking process 8570 for lock
rPID: 8570 SubStrPos: aurora command: aurora = me
Appears we got the lock.

Opening Serial Port /dev/serial/by-id/usb-1a86_USB2.0-Serial-if00-port0...  Serial Port /dev/serial/by-id/usb-1a86_USB2.0-Serial-if00-port0 successfully opened.
Configuring serial device... Flushing unread data first...  Success!
Flushing serial device buffer... Success!

Comm Check: Let's see if the Aurora is listening... 
Elapsed time since last comm 0 us
Attempt 1
Clearing read buffer Success!
szSerBufferSave OK! 02 3a 00 00 00 00 00 00 00 00 
command: 02 3a 00 00 00 00 00 00 01 b7 
Flushing serial device buffer... Success!
Sending command... sent 10 characters
Draining serial device buffer... Success!
Cleared data buffer: 00 00 00 00 00 00 00 00 00 00 
Read char #1 RC=1 (00) waited/max    11798/1000000  uS 
Read char #2 RC=1 (06) waited/max       10/1000000  uS 
Read char #3 RC=1 (31) waited/max        9/1000000  uS 
Read char #4 RC=1 (42) waited/max        8/1000000  uS 
Read char #5 RC=1 (4e) waited/max        9/1000000  uS 
Read char #6 RC=1 (4e) waited/max        8/1000000  uS 
Read char #7 RC=1 (9c) waited/max        9/1000000  uS 
Read char #8 RC=1 (58) waited/max        8/1000000  uS 
answer:  00 06 31 42 4e 4e 9c 58 
received 8 characters
CRC receive OK 589c
Transmission State Check: 0
Model ID "1" Multipler 0.0970019 -- PVI-3.0-OUTD (new) --
Comm Check: OK

Elapsed time since last comm 194 us
Attempt 1
Clearing read buffer Success!
szSerBufferSave OK! 02 3b 04 00 00 00 00 00 00 00 
command: 02 3b 04 00 00 00 00 00 78 38 
Flushing serial device buffer... Success!
Sending command... sent 10 characters
Draining serial device buffer... Success!
Cleared data buffer: 00 00 00 00 00 00 00 00 00 00 
Read char #1 RC=1 (00) waited/max    10797/1000000  uS 
Read char #2 RC=1 (06) waited/max        9/1000000  uS 
Read char #3 RC=1 (42) waited/max        9/1000000  uS 
Read char #4 RC=1 (47) waited/max        9/1000000  uS 
Read char #5 RC=1 (e7) waited/max        9/1000000  uS 
Read char #6 RC=1 (70) waited/max        9/1000000  uS 
Read char #7 RC=1 (b3) waited/max        9/1000000  uS 
Read char #8 RC=1 (be) waited/max        9/1000000  uS 
answer:  00 06 42 47 e7 70 b3 be 
received 8 characters
CRC receive OK beb3
Transmission State Check: 0
szCvrtFloat    49.976013 0x4247e770
value        49.976013

Elapsed time since last comm 79 us
Attempt 1
Clearing read buffer Success!
szSerBufferSave OK! 02 3b 01 00 00 00 00 00 00 00 
command: 02 3b 01 00 00 00 00 00 ff 2c 
Flushing serial device buffer... Success!
Sending command... sent 10 characters
Draining serial device buffer... Success!
Cleared data buffer: 00 00 00 00 00 00 00 00 00 00 
Read char #1 RC=1 (00) waited/max    16806/1000000  uS 
Read char #2 RC=1 (06) waited/max        9/1000000  uS 
Read char #3 RC=1 (43) waited/max        9/1000000  uS 
Read char #4 RC=1 (61) waited/max        9/1000000  uS 
Read char #5 RC=1 (ca) waited/max        9/1000000  uS 
Read char #6 RC=1 (ac) waited/max        8/1000000  uS 
Read char #7 RC=1 (40) waited/max        9/1000000  uS 
Read char #8 RC=1 (f8) waited/max        8/1000000  uS 
answer:  00 06 43 61 ca ac 40 f8 
received 8 characters
CRC receive OK f840
Transmission State Check: 0
szCvrtFloat   225.791687 0x4361caac
value       225.791687

Elapsed time since last comm 75 us
Attempt 1
Clearing read buffer Success!
szSerBufferSave OK! 02 3b 02 00 00 00 00 00 00 00 
command: 02 3b 02 00 00 00 00 00 82 20 
Flushing serial device buffer... Success!
Sending command... sent 10 characters
Draining serial device buffer... Success!
Cleared data buffer: 00 00 00 00 00 00 00 00 00 00 
Read char #1 RC=0 (00) 
answer:  Got -1 characters

Elapsed time since last comm 0 us
Attempt 2
Clearing read buffer Success!
szSerBufferSave OK! 02 3b 02 00 00 00 00 00 00 00 
command: 02 3b 02 00 00 00 00 00 82 20 
Flushing serial device buffer... Success!
Sending command... sent 10 characters
Draining serial device buffer... Success!
Cleared data buffer: 00 00 00 00 00 00 00 00 00 00 
Read char #1 RC=1 (fb) waited/max     2857/1000000  uS 
Read char #2 RC=1 (ff) waited/max     2833/1000000  uS 
Read char #3 RC=1 (ff) waited/max        9/1000000  uS 
Read char #4 RC=0 (00) waited/max    96824/1000000  uS 
answer:  Got -1 characters

Elapsed time since last comm 0 us
Attempt 3
Clearing read buffer Success!
szSerBufferSave OK! 02 3b 02 00 00 00 00 00 00 00 
command: 02 3b 02 00 00 00 00 00 82 20 
Flushing serial device buffer... Success!
Sending command... sent 10 characters
Draining serial device buffer... Success!
Cleared data buffer: 00 00 00 00 00 00 00 00 00 00 
Read char #1 RC=1 (00) waited/max    56801/1000000  uS 
Read char #2 RC=1 (06) waited/max        9/1000000  uS 
Read char #3 RC=1 (40) waited/max        9/1000000  uS 
Read char #4 RC=1 (3c) waited/max        8/1000000  uS 
Read char #5 RC=1 (34) waited/max        8/1000000  uS 
Read char #6 RC=1 (d3) waited/max        8/1000000  uS 
Read char #7 RC=1 (79) waited/max        9/1000000  uS 
Read char #8 RC=1 (cc) waited/max        8/1000000  uS 
answer:  00 06 40 3c 34 d3 79 cc 
received 8 characters
CRC receive OK cc79
Transmission State Check: 0
szCvrtFloat     2.940724 0x403c34d3
value         2.940724

Elapsed time since last comm 69 us
Attempt 1
Clearing read buffer Success!
szSerBufferSave OK! 02 3b 03 00 00 00 00 00 00 00 
command: 02 3b 03 00 00 00 00 00 a9 24 
Flushing serial device buffer... Success!
Sending command... sent 10 characters
Draining serial device buffer... Success!
Cleared data buffer: 00 00 00 00 00 00 00 00 00 00 
Read char #1 RC=1 (00) waited/max    18720/1000000  uS 
Read char #2 RC=1 (06) waited/max        9/1000000  uS 
Read char #3 RC=1 (44) waited/max        9/1000000  uS 
Read char #4 RC=1 (25) waited/max        9/1000000  uS 
Read char #5 RC=1 (5d) waited/max        9/1000000  uS 
Read char #6 RC=1 (ba) waited/max        9/1000000  uS 
Read char #7 RC=1 (94) waited/max        8/1000000  uS 
Read char #8 RC=1 (eb) waited/max        8/1000000  uS 
answer:  00 06 44 25 5d ba 94 eb 
received 8 characters
CRC receive OK eb94
Transmission State Check: 0
szCvrtFloat   661.464478 0x44255dba
value       661.464478

Elapsed time since last comm 75 us
Attempt 1
Clearing read buffer Success!
szSerBufferSave OK! 02 3b 17 00 00 00 00 00 00 00 
command: 02 3b 17 00 00 00 00 00 b5 76 
Flushing serial device buffer... Success!
Sending command... sent 10 characters
Draining serial device buffer... Success!
Cleared data buffer: 00 00 00 00 00 00 00 00 00 00 
Read char #1 RC=1 (00) waited/max    10812/1000000  uS 
Read char #2 RC=1 (06) waited/max        9/1000000  uS 
Read char #3 RC=1 (43) waited/max        9/1000000  uS 
Read char #4 RC=1 (ba) waited/max        9/1000000  uS 
Read char #5 RC=1 (e5) waited/max        8/1000000  uS 
Read char #6 RC=1 (ba) waited/max        8/1000000  uS 
Read char #7 RC=1 (a5) waited/max        8/1000000  uS 
Read char #8 RC=1 (8b) waited/max        8/1000000  uS 
answer:  00 06 43 ba e5 ba a5 8b 
received 8 characters
CRC receive OK 8ba5
Transmission State Check: 0
szCvrtFloat   373.794739 0x43bae5ba
value       373.794739

Elapsed time since last comm 70 us
Attempt 1
Clearing read buffer Success!
szSerBufferSave OK! 02 3b 19 00 00 00 00 00 00 00 
command: 02 3b 19 00 00 00 00 00 17 4f 
Flushing serial device buffer... Success!
Sending command... sent 10 characters
Draining serial device buffer... Success!
Cleared data buffer: 00 00 00 00 00 00 00 00 00 00 
Read char #1 RC=1 (00) waited/max    10805/1000000  uS 
Read char #2 RC=1 (06) waited/max        9/1000000  uS 
Read char #3 RC=1 (3f) waited/max        9/1000000  uS 
Read char #4 RC=1 (84) waited/max        8/1000000  uS 
Read char #5 RC=1 (81) waited/max       10/1000000  uS 
Read char #6 RC=1 (4e) waited/max        9/1000000  uS 
Read char #7 RC=1 (ff) waited/max        9/1000000  uS 
Read char #8 RC=1 (63) waited/max        9/1000000  uS 
answer:  00 06 3f 84 81 4e ff 63 
received 8 characters
CRC receive OK 63ff
Transmission State Check: 0
szCvrtFloat     1.035196 0x3f84814e
value         1.035196

Elapsed time since last comm 62 us
Attempt 1
Clearing read buffer Success!
szSerBufferSave OK! 02 3b 1a 00 00 00 00 00 00 00 
command: 02 3b 1a 00 00 00 00 00 6a 43 
Flushing serial device buffer... Success!
Sending command... sent 10 characters
Draining serial device buffer... Success!
Cleared data buffer: 00 00 00 00 00 00 00 00 00 00 
Read char #1 RC=0 (00) waited/max    96759/1000000  uS 
answer:  Got -1 characters

Elapsed time since last comm 0 us
Attempt 2
Clearing read buffer Success!
szSerBufferSave OK! 02 3b 1a 00 00 00 00 00 00 00 
command: 02 3b 1a 00 00 00 00 00 6a 43 
Flushing serial device buffer... Success!
Sending command... sent 10 characters
Draining serial device buffer... Success!
Cleared data buffer: 00 00 00 00 00 00 00 00 00 00 
Read char #1 RC=1 (3b) waited/max     8810/1000000  uS 
Read char #2 RC=1 (7b) waited/max        9/1000000  uS 
Read char #3 RC=1 (ab) waited/max        9/1000000  uS 
Read char #4 RC=1 (0e) waited/max        9/1000000  uS 
Read char #5 RC=1 (07) waited/max        8/1000000  uS 
Read char #6 RC=1 (06) waited/max        8/1000000  uS 
Read char #7 RC=1 (a1) waited/max        9/1000000  uS 
Read char #8 RC=0 (00) waited/max    97489/1000000  uS 
answer:  Got -1 characters

Elapsed time since last comm 0 us
Attempt 3
Clearing read buffer Success!
szSerBufferSave OK! 02 3b 1a 00 00 00 00 00 00 00 
command: 02 3b 1a 00 00 00 00 00 6a 43 
Flushing serial device buffer... Success!
Sending command... sent 10 characters
Draining serial device buffer... Success!
Cleared data buffer: 00 00 00 00 00 00 00 00 00 00 
Read char #1 RC=1 (00) waited/max    50803/1000000  uS 
Read char #2 RC=1 (06) waited/max        9/1000000  uS 
Read char #3 RC=1 (43) waited/max        8/1000000  uS 
Read char #4 RC=1 (95) waited/max        9/1000000  uS 
Read char #5 RC=1 (0e) waited/max        8/1000000  uS 
Read char #6 RC=1 (07) waited/max        8/1000000  uS 
Read char #7 RC=1 (06) waited/max        9/1000000  uS 
Read char #8 RC=1 (a1) waited/max        9/1000000  uS 
answer:  00 06 43 95 0e 07 06 a1 
received 8 characters
CRC receive OK a106
Transmission State Check: 0
szCvrtFloat   298.109589 0x43950e07
value       298.109589

Elapsed time since last comm 78 us
Attempt 1
Clearing read buffer Success!
szSerBufferSave OK! 02 3b 1b 00 00 00 00 00 00 00 
command: 02 3b 1b 00 00 00 00 00 41 47 
Flushing serial device buffer... Success!
Sending command... sent 10 characters
Draining serial device buffer... Success!
Cleared data buffer: 00 00 00 00 00 00 00 00 00 00 
Read char #1 RC=1 (00) waited/max    18832/1000000  uS 
Read char #2 RC=1 (06) waited/max       10/1000000  uS 
Read char #3 RC=1 (3f) waited/max        8/1000000  uS 
Read char #4 RC=1 (82) waited/max        9/1000000  uS 
Read char #5 RC=1 (3c) waited/max        9/1000000  uS 
Read char #6 RC=1 (8d) waited/max        8/1000000  uS 
Read char #7 RC=1 (a7) waited/max        8/1000000  uS 
Read char #8 RC=1 (cb) waited/max        8/1000000  uS 
answer:  00 06 3f 82 3c 8d a7 cb 
received 8 characters
CRC receive OK cba7
Transmission State Check: 0
szCvrtFloat     1.017473 0x3f823c8d
value         1.017473

Elapsed time since last comm 66 us
Attempt 1
Clearing read buffer Success!
szSerBufferSave OK! 02 3b 15 00 00 00 00 00 00 00 
command: 02 3b 15 00 00 00 00 00 e3 7e 
Flushing serial device buffer... Success!
Sending command... sent 10 characters
Draining serial device buffer... Success!
Cleared data buffer: 00 00 00 00 00 00 00 00 00 00 
Read char #1 RC=1 (00) waited/max    10807/1000000  uS 
Read char #2 RC=1 (06) waited/max        9/1000000  uS 
Read char #3 RC=1 (41) waited/max        9/1000000  uS 
Read char #4 RC=1 (da) waited/max        9/1000000  uS 
Read char #5 RC=1 (00) waited/max        9/1000000  uS 
Read char #6 RC=1 (09) waited/max        8/1000000  uS 
Read char #7 RC=1 (af) waited/max        8/1000000  uS 
Read char #8 RC=1 (a7) waited/max        8/1000000  uS 
answer:  00 06 41 da 00 09 af a7 
received 8 characters
CRC receive OK a7af
Transmission State Check: 0
szCvrtFloat    27.250017 0x41da0009
value        27.250017

Elapsed time since last comm 70 us
Attempt 1
Clearing read buffer Success!
szSerBufferSave OK! 02 3b 16 00 00 00 00 00 00 00 
command: 02 3b 16 00 00 00 00 00 9e 72 
Flushing serial device buffer... Success!
Sending command... sent 10 characters
Draining serial device buffer... Success!
Cleared data buffer: 00 00 00 00 00 00 00 00 00 00 
Read char #1 RC=1 (00) waited/max    10798/1000000  uS 
Read char #2 RC=1 (06) waited/max        9/1000000  uS 
Read char #3 RC=1 (41) waited/max        9/1000000  uS 
Read char #4 RC=1 (bd) waited/max        9/1000000  uS 
Read char #5 RC=1 (2c) waited/max        9/1000000  uS 
Read char #6 RC=1 (82) waited/max        9/1000000  uS 
Read char #7 RC=1 (af) waited/max        9/1000000  uS 
Read char #8 RC=1 (9e) waited/max        9/1000000  uS 
answer:  00 06 41 bd 2c 82 af 9e 
received 8 characters
CRC receive OK 9eaf
Transmission State Check: 0
szCvrtFloat    23.646732 0x41bd2c82
value        23.646732

Attempting to get Partial Energy value 
Elapsed time since last comm 135 us
Attempt 1
Clearing read buffer Success!
szSerBufferSave OK! 02 4e 06 00 00 00 00 00 00 00 
command: 02 4e 06 00 00 00 00 00 c1 d1 
Flushing serial device buffer... Success!
Sending command... sent 10 characters
Draining serial device buffer... Success!
Cleared data buffer: 00 00 00 00 00 00 00 00 00 00 
Read char #1 RC=0 (00) waited/max    98781/1000000  uS 
answer:  Got -1 characters

Elapsed time since last comm 0 us
Attempt 2
Clearing read buffer Success!
szSerBufferSave OK! 02 4e 06 00 00 00 00 00 00 00 
command: 02 4e 06 00 00 00 00 00 c1 d1 
Flushing serial device buffer... Success!
Sending command... sent 10 characters
Draining serial device buffer... Success!
Cleared data buffer: 00 00 00 00 00 00 00 00 00 00 
Read char #1 RC=1 (00) waited/max    13836/1000000  uS 
Read char #2 RC=1 (06) waited/max       11/1000000  uS 
Read char #3 RC=1 (00) waited/max        8/1000000  uS 
Read char #4 RC=1 (00) waited/max        9/1000000  uS 
Read char #5 RC=1 (84) waited/max        9/1000000  uS 
Read char #6 RC=1 (78) waited/max        8/1000000  uS 
Read char #7 RC=1 (74) waited/max        8/1000000  uS 
Read char #8 RC=1 (d8) waited/max        8/1000000  uS 
answer:  00 06 00 00 84 78 74 d8 
received 8 characters
CRC receive OK d874
Transmission State Check: 0
szCvrtLong          33912 0x00008478
value               33912

Elapsed time since last comm 53 us
Attempt 1
Clearing read buffer Success!
szSerBufferSave OK! 02 4e 00 00 00 00 00 00 00 00 
command: 02 4e 00 00 00 00 00 00 3b c9 
Flushing serial device buffer... Success!
Sending command... sent 10 characters
Draining serial device buffer... Success!
Cleared data buffer: 00 00 00 00 00 00 00 00 00 00 
Read char #1 RC=1 (00) waited/max    23813/1000000  uS 
Read char #2 RC=1 (06) waited/max       10/1000000  uS 
Read char #3 RC=1 (00) waited/max        9/1000000  uS 
Read char #4 RC=1 (00) waited/max        8/1000000  uS 
Read char #5 RC=1 (05) waited/max        9/1000000  uS 
Read char #6 RC=1 (1d) waited/max        9/1000000  uS 
Read char #7 RC=1 (cb) waited/max        8/1000000  uS 
Read char #8 RC=1 (79) waited/max        8/1000000  uS 
answer:  00 06 00 00 05 1d cb 79 
received 8 characters
CRC receive OK 79cb
Transmission State Check: 0
szCvrtLong           1309 0x0000051d
value                1309

Elapsed time since last comm 52 us
Attempt 1
Clearing read buffer Success!
szSerBufferSave OK! 02 4e 01 00 00 00 00 00 00 00 
command: 02 4e 01 00 00 00 00 00 10 cd 
Flushing serial device buffer... Success!
Sending command... sent 10 characters
Draining serial device buffer... Success!
Cleared data buffer: 00 00 00 00 00 00 00 00 00 00 
Read char #1 RC=1 (00) waited/max    11810/1000000  uS 
Read char #2 RC=1 (06) waited/max       10/1000000  uS 
Read char #3 RC=1 (00) waited/max        8/1000000  uS 
Read char #4 RC=1 (00) waited/max        8/1000000  uS 
Read char #5 RC=1 (14) waited/max        8/1000000  uS 
Read char #6 RC=1 (81) waited/max        9/1000000  uS 
Read char #7 RC=1 (67) waited/max        8/1000000  uS 
Read char #8 RC=1 (ab) waited/max        9/1000000  uS 
answer:  00 06 00 00 14 81 67 ab 
received 8 characters
CRC receive OK ab67
Transmission State Check: 0
szCvrtLong           5249 0x00001481
value                5249

Elapsed time since last comm 53 us
Attempt 1
Clearing read buffer Success!
szSerBufferSave OK! 02 4e 03 00 00 00 00 00 00 00 
command: 02 4e 03 00 00 00 00 00 46 c5 
Flushing serial device buffer... Success!
Sending command... sent 10 characters
Draining serial device buffer... Success!
Cleared data buffer: 00 00 00 00 00 00 00 00 00 00 
Read char #1 RC=0 (00) waited/max    98756/1000000  uS 
answer:  Got -1 characters

Elapsed time since last comm 0 us
Attempt 2
Clearing read buffer Success!
szSerBufferSave OK! 02 4e 03 00 00 00 00 00 00 00 
command: 02 4e 03 00 00 00 00 00 46 c5 
Flushing serial device buffer... Success!
Sending command... sent 10 characters
Draining serial device buffer... Success!
Cleared data buffer: 00 00 00 00 00 00 00 00 00 00 
Read char #1 RC=1 (00) waited/max     2806/1000000  uS 
Read char #2 RC=1 (06) waited/max        9/1000000  uS 
Read char #3 RC=1 (00) waited/max        8/1000000  uS 
Read char #4 RC=1 (00) waited/max        9/1000000  uS 
Read char #5 RC=1 (f6) waited/max        8/1000000  uS 
Read char #6 RC=1 (fb) waited/max        8/1000000  uS 
Read char #7 RC=1 (ff) waited/max        9/1000000  uS 
Read char #8 RC=1 (ff) waited/max        8/1000000  uS 
answer:  00 06 00 00 f6 fb ff ff 
received 8 characters

Elapsed time since last comm 0 us
Attempt 3
Clearing read buffer Success!
szSerBufferSave OK! 02 4e 03 00 00 00 00 00 00 00 
command: 02 4e 03 00 00 00 00 00 46 c5 
Flushing serial device buffer... Success!
Sending command... sent 10 characters
Draining serial device buffer... Success!
Cleared data buffer: 00 00 00 00 00 00 00 00 00 00 
Read char #1 RC=0 (00) waited/max    97772/1000000  uS 
answer:  Got -1 characters

Restoring Serial Port settings /dev/serial/by-id/usb-1a86_USB2.0-Serial-if00-port0... Success!
Flushing serial device buffer... Success!
Closing Serial Port /dev/serial/by-id/usb-1a86_USB2.0-Serial-if00-port0... Success!

devLCKfile: </var/lock/LCK..usb-1a86_USB2.0-Serial-if00-port0>
devLCKfileNew: </var/lock/LCK..usb-1a86_USB2.0-Serial-if00-port0.8570>
Clearing Serial Port Lock (8570)... done.

20120604-13:30:12: aurora: ERROR: Received bad return code (-1 78 3)

Complete 20120604-13:30:12

