
aurora -b -a2 -c -T -Y3 -d0 -e /dev/serial/by-id/usb-1a86_USB2.0-Serial-if00-port0 

szttyDevice: /dev/serial/by-id/usb-1a86_USB2.0-Serial-if00-port0
yDelay:     1
yTimeout    0 mS
yMaxRunTime ~
devLCKfile: </var/lock/LCK..usb-1a86_USB2.0-Serial-if00-port0>
devLCKfileNew: </var/lock/LCK..usb-1a86_USB2.0-Serial-if00-port0.9955>
Got Params

RunTime 20120604-13:34:17 v1.8.0 
Endian : Little
PID : 9955

Attempting to get lock on Serial Port /dev/serial/by-id/usb-1a86_USB2.0-Serial-if00-port0...
Checking for lock

Checking process 9955 for lock
rPID: 9955 SubStrPos: aurora command: aurora = me
Appears we got the lock.

Opening Serial Port /dev/serial/by-id/usb-1a86_USB2.0-Serial-if00-port0...  Serial Port /dev/serial/by-id/usb-1a86_USB2.0-Serial-if00-port0 successfully opened.
Configuring serial device... Flushing unread data first...  Success!
Flushing serial device buffer... Success!

Comm Check: Let's see if the Aurora is listening... 
Elapsed time since last comm 0 us
Attempt 1
Clearing read buffer Success!
szSerBufferSave OK! 02 3a 00 00 00 00 00 00 00 00 
command: 02 3a 00 00 00 00 00 00 01 b7 
Flushing serial device buffer... Success!
Sending command... sent 10 characters
Draining serial device buffer... Success!
Cleared data buffer: 00 00 00 00 00 00 00 00 00 00 
Read char #1 RC=0 (00) waited/max    98769/1000000  uS 
answer:  Got -1 characters

Elapsed time since last comm 0 us
Attempt 2
Clearing read buffer Success!
szSerBufferSave OK! 02 3a 00 00 00 00 00 00 00 00 
command: 02 3a 00 00 00 00 00 00 01 b7 
Flushing serial device buffer... Success!
Sending command... sent 10 characters
Draining serial device buffer... Success!
Cleared data buffer: 00 00 00 00 00 00 00 00 00 00 
Read char #1 RC=1 (00) waited/max    19798/1000000  uS 
Read char #2 RC=1 (06) waited/max       14/1000000  uS 
Read char #3 RC=1 (31) waited/max       13/1000000  uS 
Read char #4 RC=1 (42) waited/max       12/1000000  uS 
Read char #5 RC=1 (4e) waited/max       12/1000000  uS 
Read char #6 RC=1 (4e) waited/max       12/1000000  uS 
Read char #7 RC=1 (9c) waited/max       13/1000000  uS 
Read char #8 RC=1 (58) waited/max       12/1000000  uS 
answer:  00 06 31 42 4e 4e 9c 58 
received 8 characters
CRC receive OK 589c
Transmission State Check: 0
Model ID "1" Multipler 0.0970019 -- PVI-3.0-OUTD (new) --
Comm Check: OK

Elapsed time since last comm 279 us
Attempt 1
Clearing read buffer Success!
szSerBufferSave OK! 02 3b 04 00 00 00 00 00 00 00 
command: 02 3b 04 00 00 00 00 00 78 38 
Flushing serial device buffer... Success!
Sending command... sent 10 characters
Draining serial device buffer... Success!
Cleared data buffer: 00 00 00 00 00 00 00 00 00 00 
Read char #1 RC=1 (00) waited/max    17823/1000000  uS 
Read char #2 RC=1 (06) waited/max       10/1000000  uS 
Read char #3 RC=1 (42) waited/max        9/1000000  uS 
Read char #4 RC=1 (47) waited/max        9/1000000  uS 
Read char #5 RC=1 (cf) waited/max        8/1000000  uS 
Read char #6 RC=1 (eb) waited/max        9/1000000  uS 
Read char #7 RC=1 (1a) waited/max        9/1000000  uS 
Read char #8 RC=1 (79) waited/max        9/1000000  uS 
answer:  00 06 42 47 cf eb 1a 79 
received 8 characters
CRC receive OK 791a
Transmission State Check: 0
szCvrtFloat    49.953045 0x4247cfeb
value        49.953045

Elapsed time since last comm 89 us
Attempt 1
Clearing read buffer Success!
szSerBufferSave OK! 02 3b 01 00 00 00 00 00 00 00 
command: 02 3b 01 00 00 00 00 00 ff 2c 
Flushing serial device buffer... Success!
Sending command... sent 10 characters
Draining serial device buffer... Success!
Cleared data buffer: 00 00 00 00 00 00 00 00 00 00 
Read char #1 RC=1 (00) waited/max    10829/1000000  uS 
Read char #2 RC=1 (06) waited/max       11/1000000  uS 
Read char #3 RC=1 (43) waited/max        9/1000000  uS 
Read char #4 RC=1 (61) waited/max        8/1000000  uS 
Read char #5 RC=1 (58) waited/max        9/1000000  uS 
Read char #6 RC=1 (af) waited/max        8/1000000  uS 
Read char #7 RC=1 (36) waited/max        9/1000000  uS 
Read char #8 RC=1 (e0) waited/max        9/1000000  uS 
answer:  00 06 43 61 58 af 36 e0 
received 8 characters
CRC receive OK e036
Transmission State Check: 0
szCvrtFloat   225.346420 0x436158af
value       225.346420

Elapsed time since last comm 89 us
Attempt 1
Clearing read buffer Success!
szSerBufferSave OK! 02 3b 02 00 00 00 00 00 00 00 
command: 02 3b 02 00 00 00 00 00 82 20 
Flushing serial device buffer... Success!
Sending command... sent 10 characters
Draining serial device buffer... Success!
Cleared data buffer: 00 00 00 00 00 00 00 00 00 00 
Read char #1 RC=1 (00) waited/max    10793/1000000  uS 
Read char #2 RC=1 (06) waited/max        9/1000000  uS 
Read char #3 RC=1 (40) waited/max        9/1000000  uS 
Read char #4 RC=1 (4b) waited/max        8/1000000  uS 
Read char #5 RC=1 (e9) waited/max        9/1000000  uS 
Read char #6 RC=1 (20) waited/max        8/1000000  uS 
Read char #7 RC=1 (f3) waited/max        9/1000000  uS 
Read char #8 RC=1 (ea) waited/max        9/1000000  uS 
answer:  00 06 40 4b e9 20 f3 ea 
received 8 characters
CRC receive OK eaf3
Transmission State Check: 0
szCvrtFloat     3.186104 0x404be920
value         3.186104

Elapsed time since last comm 64 us
Attempt 1
Clearing read buffer Success!
szSerBufferSave OK! 02 3b 03 00 00 00 00 00 00 00 
command: 02 3b 03 00 00 00 00 00 a9 24 
Flushing serial device buffer... Success!
Sending command... sent 10 characters
Draining serial device buffer... Success!
Cleared data buffer: 00 00 00 00 00 00 00 00 00 00 
Read char #1 RC=0 (00) waited/max    98787/1000000  uS 
answer:  Got -1 characters

Elapsed time since last comm 0 us
Attempt 2
Clearing read buffer Success!
szSerBufferSave OK! 02 3b 03 00 00 00 00 00 00 00 
command: 02 3b 03 00 00 00 00 00 a9 24 
Flushing serial device buffer... Success!
Sending command... sent 10 characters
Draining serial device buffer... Success!
Cleared data buffer: 00 00 00 00 00 00 00 00 00 00 
Read char #1 RC=1 (ff) waited/max     3795/1000000  uS 
Read char #2 RC=1 (af) waited/max     2922/1000000  uS 
Read char #3 RC=1 (6a) waited/max        9/1000000  uS 
Read char #4 RC=0 (00) waited/max    99825/1000000  uS 
answer:  Got -1 characters

Elapsed time since last comm 0 us
Attempt 3
Clearing read buffer Success!
szSerBufferSave OK! 02 3b 03 00 00 00 00 00 00 00 
command: 02 3b 03 00 00 00 00 00 a9 24 
Flushing serial device buffer... Success!
Sending command... sent 10 characters
Draining serial device buffer... Success!
Cleared data buffer: 00 00 00 00 00 00 00 00 00 00 
Read char #1 RC=1 (00) waited/max    48869/1000000  uS 
Read char #2 RC=1 (06) waited/max       11/1000000  uS 
Read char #3 RC=1 (44) waited/max        8/1000000  uS 
Read char #4 RC=1 (29) waited/max        9/1000000  uS 
Read char #5 RC=1 (da) waited/max        9/1000000  uS 
Read char #6 RC=1 (78) waited/max        8/1000000  uS 
Read char #7 RC=1 (ed) waited/max        8/1000000  uS 
Read char #8 RC=1 (6a) waited/max        9/1000000  uS 
answer:  00 06 44 29 da 78 ed 6a 
received 8 characters
CRC receive OK 6aed
Transmission State Check: 0
szCvrtFloat   679.413574 0x4429da78
value       679.413574

Elapsed time since last comm 78 us
Attempt 1
Clearing read buffer Success!
szSerBufferSave OK! 02 3b 17 00 00 00 00 00 00 00 
command: 02 3b 17 00 00 00 00 00 b5 76 
Flushing serial device buffer... Success!
Sending command... sent 10 characters
Draining serial device buffer... Success!
Cleared data buffer: 00 00 00 00 00 00 00 00 00 00 
Read char #1 RC=1 (00) waited/max    17829/1000000  uS 
Read char #2 RC=1 (06) waited/max       10/1000000  uS 
Read char #3 RC=1 (43) waited/max        8/1000000  uS 
Read char #4 RC=1 (b7) waited/max        9/1000000  uS 
Read char #5 RC=1 (14) waited/max        9/1000000  uS 
Read char #6 RC=1 (ab) waited/max        9/1000000  uS 
Read char #7 RC=1 (02) waited/max        9/1000000  uS 
Read char #8 RC=1 (10) waited/max        9/1000000  uS 
answer:  00 06 43 b7 14 ab 02 10 
received 8 characters
CRC receive OK 1002
Transmission State Check: 0
szCvrtFloat   366.161469 0x43b714ab
value       366.161469

Elapsed time since last comm 76 us
Attempt 1
Clearing read buffer Success!
szSerBufferSave OK! 02 3b 19 00 00 00 00 00 00 00 
command: 02 3b 19 00 00 00 00 00 17 4f 
Flushing serial device buffer... Success!
Sending command... sent 10 characters
Draining serial device buffer... Success!
Cleared data buffer: 00 00 00 00 00 00 00 00 00 00 
Read char #1 RC=1 (00) waited/max    10792/1000000  uS 
Read char #2 RC=1 (06) waited/max       10/1000000  uS 
Read char #3 RC=1 (3f) waited/max        9/1000000  uS 
Read char #4 RC=1 (8b) waited/max        8/1000000  uS 
Read char #5 RC=1 (00) waited/max        8/1000000  uS 
Read char #6 RC=1 (5f) waited/max        9/1000000  uS 
Read char #7 RC=1 (24) waited/max        9/1000000  uS 
Read char #8 RC=1 (bd) waited/max        8/1000000  uS 
answer:  00 06 3f 8b 00 5f 24 bd 
received 8 characters
CRC receive OK bd24
Transmission State Check: 0
szCvrtFloat     1.085949 0x3f8b005f
value         1.085949

Elapsed time since last comm 64 us
Attempt 1
Clearing read buffer Success!
szSerBufferSave OK! 02 3b 1a 00 00 00 00 00 00 00 
command: 02 3b 1a 00 00 00 00 00 6a 43 
Flushing serial device buffer... Success!
Sending command... sent 10 characters
Draining serial device buffer... Success!
Cleared data buffer: 00 00 00 00 00 00 00 00 00 00 
Read char #1 RC=1 (00) waited/max    10806/1000000  uS 
Read char #2 RC=1 (06) waited/max        9/1000000  uS 
Read char #3 RC=1 (43) waited/max        9/1000000  uS 
Read char #4 RC=1 (93) waited/max        9/1000000  uS 
Read char #5 RC=1 (7c) waited/max        9/1000000  uS 
Read char #6 RC=1 (27) waited/max        8/1000000  uS 
Read char #7 RC=1 (a9) waited/max        9/1000000  uS 
Read char #8 RC=1 (95) waited/max        8/1000000  uS 
answer:  00 06 43 93 7c 27 a9 95 
received 8 characters
CRC receive OK 95a9
Transmission State Check: 0
szCvrtFloat   294.969940 0x43937c27
value       294.969940

Elapsed time since last comm 68 us
Attempt 1
Clearing read buffer Success!
szSerBufferSave OK! 02 3b 1b 00 00 00 00 00 00 00 
command: 02 3b 1b 00 00 00 00 00 41 47 
Flushing serial device buffer... Success!
Sending command... sent 10 characters
Draining serial device buffer... Success!
Cleared data buffer: 00 00 00 00 00 00 00 00 00 00 
Read char #1 RC=0 (00) waited/max    97770/1000000  uS 
answer:  Got -1 characters

Elapsed time since last comm 0 us
Attempt 2
Clearing read buffer Success!
szSerBufferSave OK! 02 3b 1b 00 00 00 00 00 00 00 
command: 02 3b 1b 00 00 00 00 00 41 47 
Flushing serial device buffer... Success!
Sending command... sent 10 characters
Draining serial device buffer... Success!
Cleared data buffer: 00 00 00 00 00 00 00 00 00 00 
Read char #1 RC=1 (00) waited/max    10802/1000000  uS 
Read char #2 RC=1 (06) waited/max       10/1000000  uS 
Read char #3 RC=1 (3f) waited/max        9/1000000  uS 
Read char #4 RC=1 (87) waited/max        9/1000000  uS 
Read char #5 RC=1 (e8) waited/max        8/1000000  uS 
Read char #6 RC=1 (6f) waited/max        9/1000000  uS 
Read char #7 RC=1 (5d) waited/max        8/1000000  uS 
Read char #8 RC=1 (0e) waited/max        8/1000000  uS 
answer:  00 06 3f 87 e8 6f 5d 0e 
received 8 characters
CRC receive OK 0e5d
Transmission State Check: 0
szCvrtFloat     1.061781 0x3f87e86f
value         1.061781

Elapsed time since last comm 69 us
Attempt 1
Clearing read buffer Success!
szSerBufferSave OK! 02 3b 15 00 00 00 00 00 00 00 
command: 02 3b 15 00 00 00 00 00 e3 7e 
Flushing serial device buffer... Success!
Sending command... sent 10 characters
Draining serial device buffer... Success!
Cleared data buffer: 00 00 00 00 00 00 00 00 00 00 
Read char #1 RC=1 (00) waited/max    16807/1000000  uS 
Read char #2 RC=1 (06) waited/max        9/1000000  uS 
Read char #3 RC=1 (41) waited/max        9/1000000  uS 
Read char #4 RC=1 (dc) waited/max        8/1000000  uS 
Read char #5 RC=1 (6b) waited/max        9/1000000  uS 
Read char #6 RC=1 (5b) waited/max        8/1000000  uS 
Read char #7 RC=1 (1c) waited/max        9/1000000  uS 
Read char #8 RC=1 (81) waited/max        9/1000000  uS 
answer:  00 06 41 dc 6b 5b 1c 81 
received 8 characters
CRC receive OK 811c
Transmission State Check: 0
szCvrtFloat    27.552420 0x41dc6b5b
value        27.552420

Elapsed time since last comm 107 us
Attempt 1
Clearing read buffer Success!
szSerBufferSave OK! 02 3b 16 00 00 00 00 00 00 00 
command: 02 3b 16 00 00 00 00 00 9e 72 
Flushing serial device buffer... Success!
Sending command... sent 10 characters
Draining serial device buffer... Success!
Cleared data buffer: 00 00 00 00 00 00 00 00 00 00 
Read char #1 RC=1 (00) waited/max    11804/1000000  uS 
Read char #2 RC=1 (06) waited/max        9/1000000  uS 
Read char #3 RC=1 (41) waited/max        9/1000000  uS 
Read char #4 RC=1 (bf) waited/max        8/1000000  uS 
Read char #5 RC=1 (09) waited/max        9/1000000  uS 
Read char #6 RC=1 (ed) waited/max        9/1000000  uS 
Read char #7 RC=1 (6d) waited/max        9/1000000  uS 
Read char #8 RC=1 (ed) waited/max        9/1000000  uS 
answer:  00 06 41 bf 09 ed 6d ed 
received 8 characters
CRC receive OK ed6d
Transmission State Check: 0
szCvrtFloat    23.879847 0x41bf09ed
value        23.879847

Attempting to get Partial Energy value 
Elapsed time since last comm 136 us
Attempt 1
Clearing read buffer Success!
szSerBufferSave OK! 02 4e 06 00 00 00 00 00 00 00 
command: 02 4e 06 00 00 00 00 00 c1 d1 
Flushing serial device buffer... Success!
Sending command... sent 10 characters
Draining serial device buffer... Success!
Cleared data buffer: 00 00 00 00 00 00 00 00 00 00 
Read char #1 RC=1 (00) waited/max    10842/1000000  uS 
Read char #2 RC=1 (06) waited/max       10/1000000  uS 
Read char #3 RC=1 (00) waited/max        9/1000000  uS 
Read char #4 RC=1 (00) waited/max        8/1000000  uS 
Read char #5 RC=1 (84) waited/max        8/1000000  uS 
Read char #6 RC=1 (a7) waited/max        9/1000000  uS 
Read char #7 RC=1 (0e) waited/max        9/1000000  uS 
Read char #8 RC=1 (f6) waited/max        9/1000000  uS 
answer:  00 06 00 00 84 a7 0e f6 
received 8 characters
CRC receive OK f60e
Transmission State Check: 0
szCvrtLong          33959 0x000084a7
value               33959

Elapsed time since last comm 53 us
Attempt 1
Clearing read buffer Success!
szSerBufferSave OK! 02 4e 00 00 00 00 00 00 00 00 
command: 02 4e 00 00 00 00 00 00 3b c9 
Flushing serial device buffer... Success!
Sending command... sent 10 characters
Draining serial device buffer... Success!
Cleared data buffer: 00 00 00 00 00 00 00 00 00 00 
Read char #1 RC=0 (00) waited/max    99757/1000000  uS 
answer:  Got -1 characters

Elapsed time since last comm 0 us
Attempt 2
Clearing read buffer Success!
szSerBufferSave OK! 02 4e 00 00 00 00 00 00 00 00 
command: 02 4e 00 00 00 00 00 00 3b c9 
Flushing serial device buffer... Success!
Sending command... sent 10 characters
Draining serial device buffer... Success!
Cleared data buffer: 00 00 00 00 00 00 00 00 00 00 
Read char #1 RC=1 (00) waited/max    13122/1000000  uS 
Read char #2 RC=1 (06) waited/max       17/1000000  uS 
Read char #3 RC=1 (00) waited/max        9/1000000  uS 
Read char #4 RC=1 (00) waited/max        8/1000000  uS 
Read char #5 RC=1 (05) waited/max        9/1000000  uS 
Read char #6 RC=1 (4c) waited/max        9/1000000  uS 
Read char #7 RC=1 (c7) waited/max        9/1000000  uS 
Read char #8 RC=1 (3a) waited/max        9/1000000  uS 
answer:  00 06 00 00 05 4c c7 3a 
received 8 characters
CRC receive OK 3ac7
Transmission State Check: 0
szCvrtLong           1356 0x0000054c
value                1356

Elapsed time since last comm 53 us
Attempt 1
Clearing read buffer Success!
szSerBufferSave OK! 02 4e 01 00 00 00 00 00 00 00 
command: 02 4e 01 00 00 00 00 00 10 cd 
Flushing serial device buffer... Success!
Sending command... sent 10 characters
Draining serial device buffer... Success!
Cleared data buffer: 00 00 00 00 00 00 00 00 00 00 
Read char #1 RC=1 (00) waited/max    24788/1000000  uS 
Read char #2 RC=1 (06) waited/max        9/1000000  uS 
Read char #3 RC=1 (00) waited/max        9/1000000  uS 
Read char #4 RC=1 (00) waited/max        8/1000000  uS 
Read char #5 RC=1 (14) waited/max        8/1000000  uS 
Read char #6 RC=1 (b0) waited/max        8/1000000  uS 
Read char #7 RC=1 (6d) waited/max        9/1000000  uS 
Read char #8 RC=1 (8b) waited/max        9/1000000  uS 
answer:  00 06 00 00 14 b0 6d 8b 
received 8 characters
CRC receive OK 8b6d
Transmission State Check: 0
szCvrtLong           5296 0x000014b0
value                5296

Elapsed time since last comm 53 us
Attempt 1
Clearing read buffer Success!
szSerBufferSave OK! 02 4e 03 00 00 00 00 00 00 00 
command: 02 4e 03 00 00 00 00 00 46 c5 
Flushing serial device buffer... Success!
Sending command... sent 10 characters
Draining serial device buffer... Success!
Cleared data buffer: 00 00 00 00 00 00 00 00 00 00 
Read char #1 RC=1 (00) waited/max    10812/1000000  uS 
Read char #2 RC=1 (06) waited/max        9/1000000  uS 
Read char #3 RC=1 (00) waited/max        9/1000000  uS 
Read char #4 RC=1 (00) waited/max        9/1000000  uS 
Read char #5 RC=1 (84) waited/max        9/1000000  uS 
Read char #6 RC=1 (a0) waited/max        8/1000000  uS 
Read char #7 RC=1 (b1) waited/max        8/1000000  uS 
Read char #8 RC=1 (82) waited/max        8/1000000  uS 
answer:  00 06 00 00 84 a0 b1 82 
received 8 characters
CRC receive OK 82b1
Transmission State Check: 0
szCvrtLong          33952 0x000084a0
value               33952

Elapsed time since last comm 52 us
Attempt 1
Clearing read buffer Success!
szSerBufferSave OK! 02 4e 04 00 00 00 00 00 00 00 
command: 02 4e 04 00 00 00 00 00 97 d9 
Flushing serial device buffer... Success!
Sending command... sent 10 characters
Draining serial device buffer... Success!
Cleared data buffer: 00 00 00 00 00 00 00 00 00 00 
Read char #1 RC=0 (00) 
answer:  Got -1 characters

Elapsed time since last comm 0 us
Attempt 2
Clearing read buffer Success!
szSerBufferSave OK! 02 4e 04 00 00 00 00 00 00 00 
command: 02 4e 04 00 00 00 00 00 97 d9 
Flushing serial device buffer... Success!
Sending command... sent 10 characters
Draining serial device buffer... Success!
Cleared data buffer: 00 00 00 00 00 00 00 00 00 00 
Read char #1 RC=1 (00) waited/max     2011/1000000  uS 
Read char #2 RC=1 (06) waited/max       16/1000000  uS 
Read char #3 RC=1 (00) waited/max       12/1000000  uS 
Read char #4 RC=1 (00) waited/max       12/1000000  uS 
Read char #5 RC=1 (84) waited/max       11/1000000  uS 
Read char #6 RC=1 (aa) waited/max       11/1000000  uS 
Read char #7 RC=1 (ff) waited/max       11/1000000  uS 
Read char #8 RC=1 (6f) waited/max       11/1000000  uS 
answer:  00 06 00 00 84 aa ff 6f 
received 8 characters

Elapsed time since last comm 0 us
Attempt 3
Clearing read buffer Success!
szSerBufferSave OK! 02 4e 04 00 00 00 00 00 00 00 
command: 02 4e 04 00 00 00 00 00 97 d9 
Flushing serial device buffer... Success!
Sending command... sent 10 characters
Draining serial device buffer... Success!
Cleared data buffer: 00 00 00 00 00 00 00 00 00 00 
Read char #1 RC=0 (00) waited/max    96617/1000000  uS 
answer:  Got -1 characters

Restoring Serial Port settings /dev/serial/by-id/usb-1a86_USB2.0-Serial-if00-port0... Success!
Flushing serial device buffer... Success!
Closing Serial Port /dev/serial/by-id/usb-1a86_USB2.0-Serial-if00-port0... Success!

devLCKfile: </var/lock/LCK..usb-1a86_USB2.0-Serial-if00-port0>
devLCKfileNew: </var/lock/LCK..usb-1a86_USB2.0-Serial-if00-port0.9955>
Clearing Serial Port Lock (9955)... done.

20120604-13:34:18: aurora: ERROR: Received bad return code (-1 78 4)

Complete 20120604-13:34:18

