
aurora -b -a2 -c -T -Y3 -d0 -e /dev/serial/by-id/usb-1a86_USB2.0-Serial-if00-port0 

szttyDevice: /dev/serial/by-id/usb-1a86_USB2.0-Serial-if00-port0
yDelay:     1
yTimeout    0 mS
yMaxRunTime ~
devLCKfile: </var/lock/LCK..usb-1a86_USB2.0-Serial-if00-port0>
devLCKfileNew: </var/lock/LCK..usb-1a86_USB2.0-Serial-if00-port0.7430>
Got Params

RunTime 20120604-13:26:40 v1.8.0 
Endian : Little
PID : 7430

Attempting to get lock on Serial Port /dev/serial/by-id/usb-1a86_USB2.0-Serial-if00-port0...
Checking for lock

Checking process 7430 for lock
rPID: 7430 SubStrPos: aurora command: aurora = me
Appears we got the lock.

Opening Serial Port /dev/serial/by-id/usb-1a86_USB2.0-Serial-if00-port0...  Serial Port /dev/serial/by-id/usb-1a86_USB2.0-Serial-if00-port0 successfully opened.
Configuring serial device... Flushing unread data first...  Success!
Flushing serial device buffer... Success!

Comm Check: Let's see if the Aurora is listening... 
Elapsed time since last comm 0 us
Attempt 1
Clearing read buffer Success!
szSerBufferSave OK! 02 3a 00 00 00 00 00 00 00 00 
command: 02 3a 00 00 00 00 00 00 01 b7 
Flushing serial device buffer... Success!
Sending command... sent 10 characters
Draining serial device buffer... Success!
Cleared data buffer: 00 00 00 00 00 00 00 00 00 00 
Read char #1 RC=1 (00) waited/max    10807/1000000  uS 
Read char #2 RC=1 (06) waited/max        9/1000000  uS 
Read char #3 RC=1 (31) waited/max        9/1000000  uS 
Read char #4 RC=1 (42) waited/max        8/1000000  uS 
Read char #5 RC=1 (4e) waited/max        9/1000000  uS 
Read char #6 RC=1 (4e) waited/max        9/1000000  uS 
Read char #7 RC=1 (9c) waited/max        9/1000000  uS 
Read char #8 RC=1 (58) waited/max        8/1000000  uS 
answer:  00 06 31 42 4e 4e 9c 58 
received 8 characters
CRC receive OK 589c
Transmission State Check: 0
Model ID "1" Multipler 0.0970019 -- PVI-3.0-OUTD (new) --
Comm Check: OK

Elapsed time since last comm 195 us
Attempt 1
Clearing read buffer Success!
szSerBufferSave OK! 02 3b 04 00 00 00 00 00 00 00 
command: 02 3b 04 00 00 00 00 00 78 38 
Flushing serial device buffer... Success!
Sending command... sent 10 characters
Draining serial device buffer... Success!
Cleared data buffer: 00 00 00 00 00 00 00 00 00 00 
Read char #1 RC=0 (00) waited/max    96766/1000000  uS 
answer:  Got -1 characters

Elapsed time since last comm 0 us
Attempt 2
Clearing read buffer Success!
szSerBufferSave OK! 02 3b 04 00 00 00 00 00 00 00 
command: 02 3b 04 00 00 00 00 00 78 38 
Flushing serial device buffer... Success!
Sending command... sent 10 characters
Draining serial device buffer... Success!
Cleared data buffer: 00 00 00 00 00 00 00 00 00 00 
Read char #1 RC=1 (00) waited/max    26854/1000000  uS 
Read char #2 RC=1 (06) waited/max       10/1000000  uS 
Read char #3 RC=1 (42) waited/max        8/1000000  uS 
Read char #4 RC=1 (47) waited/max        8/1000000  uS 
Read char #5 RC=1 (f5) waited/max        9/1000000  uS 
Read char #6 RC=1 (c3) waited/max        9/1000000  uS 
Read char #7 RC=1 (82) waited/max        8/1000000  uS 
Read char #8 RC=1 (9f) waited/max        9/1000000  uS 
answer:  00 06 42 47 f5 c3 82 9f 
received 8 characters
CRC receive OK 9f82
Transmission State Check: 0
szCvrtFloat    49.990002 0x4247f5c3
value        49.990002

Elapsed time since last comm 90 us
Attempt 1
Clearing read buffer Success!
szSerBufferSave OK! 02 3b 01 00 00 00 00 00 00 00 
command: 02 3b 01 00 00 00 00 00 ff 2c 
Flushing serial device buffer... Success!
Sending command... sent 10 characters
Draining serial device buffer... Success!
Cleared data buffer: 00 00 00 00 00 00 00 00 00 00 
Read char #1 RC=1 (00) waited/max    15808/1000000  uS 
Read char #2 RC=1 (06) waited/max        9/1000000  uS 
Read char #3 RC=1 (43) waited/max        9/1000000  uS 
Read char #4 RC=1 (61) waited/max        9/1000000  uS 
Read char #5 RC=1 (db) waited/max        9/1000000  uS 
Read char #6 RC=1 (6a) waited/max        8/1000000  uS 
Read char #7 RC=1 (33) waited/max        8/1000000  uS 
Read char #8 RC=1 (d7) waited/max        9/1000000  uS 
answer:  00 06 43 61 db 6a 33 d7 
received 8 characters
CRC receive OK d733
Transmission State Check: 0
szCvrtFloat   225.857086 0x4361db6a
value       225.857086

Elapsed time since last comm 81 us
Attempt 1
Clearing read buffer Success!
szSerBufferSave OK! 02 3b 02 00 00 00 00 00 00 00 
command: 02 3b 02 00 00 00 00 00 82 20 
Flushing serial device buffer... Success!
Sending command... sent 10 characters
Draining serial device buffer... Success!
Cleared data buffer: 00 00 00 00 00 00 00 00 00 00 
Read char #1 RC=1 (00) waited/max    10794/1000000  uS 
Read char #2 RC=1 (06) waited/max        9/1000000  uS 
Read char #3 RC=1 (40) waited/max        9/1000000  uS 
Read char #4 RC=1 (34) waited/max        8/1000000  uS 
Read char #5 RC=1 (10) waited/max        9/1000000  uS 
Read char #6 RC=1 (11) waited/max        8/1000000  uS 
Read char #7 RC=1 (f6) waited/max        8/1000000  uS 
Read char #8 RC=1 (ab) waited/max        9/1000000  uS 
answer:  00 06 40 34 10 11 f6 ab 
received 8 characters
CRC receive OK abf6
Transmission State Check: 0
szCvrtFloat     2.813481 0x40341011
value         2.813481

Elapsed time since last comm 62 us
Attempt 1
Clearing read buffer Success!
szSerBufferSave OK! 02 3b 03 00 00 00 00 00 00 00 
command: 02 3b 03 00 00 00 00 00 a9 24 
Flushing serial device buffer... Success!
Sending command... sent 10 characters
Draining serial device buffer... Success!
Cleared data buffer: 00 00 00 00 00 00 00 00 00 00 
Read char #1 RC=1 (00) waited/max    10777/1000000  uS 
Read char #2 RC=1 (06) waited/max       12/1000000  uS 
Read char #3 RC=1 (44) waited/max        9/1000000  uS 
Read char #4 RC=1 (1d) waited/max        8/1000000  uS 
Read char #5 RC=1 (9a) waited/max        8/1000000  uS 
Read char #6 RC=1 (b8) waited/max        9/1000000  uS 
Read char #7 RC=1 (48) waited/max        8/1000000  uS 
Read char #8 RC=1 (0f) waited/max        9/1000000  uS 
answer:  00 06 44 1d 9a b8 48 0f 
received 8 characters
CRC receive OK 0f48
Transmission State Check: 0
szCvrtFloat   630.417480 0x441d9ab8
value       630.417480

Elapsed time since last comm 83 us
Attempt 1
Clearing read buffer Success!
szSerBufferSave OK! 02 3b 17 00 00 00 00 00 00 00 
command: 02 3b 17 00 00 00 00 00 b5 76 
Flushing serial device buffer... Success!
Sending command... sent 10 characters
Draining serial device buffer... Success!
Cleared data buffer: 00 00 00 00 00 00 00 00 00 00 
Read char #1 RC=0 (00) 
answer:  Got -1 characters

Elapsed time since last comm 0 us
Attempt 2
Clearing read buffer Success!
szSerBufferSave OK! 02 3b 17 00 00 00 00 00 00 00 
command: 02 3b 17 00 00 00 00 00 b5 76 
Flushing serial device buffer... Success!
Sending command... sent 10 characters
Draining serial device buffer... Success!
Cleared data buffer: 00 00 00 00 00 00 00 00 00 00 
Read char #1 RC=1 (80) waited/max    10839/1000000  uS 
Read char #2 RC=1 (b0) waited/max       11/1000000  uS 
Read char #3 RC=1 (28) waited/max        9/1000000  uS 
Read char #4 RC=1 (77) waited/max        9/1000000  uS 
Read char #5 RC=1 (59) waited/max        8/1000000  uS 
Read char #6 RC=1 (0f) waited/max        8/1000000  uS 
Read char #7 RC=1 (eb) waited/max        9/1000000  uS 
Read char #8 RC=1 (fd) waited/max        9/1000000  uS 
answer:  80 b0 28 77 59 0f eb fd 
received 8 characters

Elapsed time since last comm 0 us
Attempt 3
Clearing read buffer Success!
szSerBufferSave OK! 02 3b 17 00 00 00 00 00 00 00 
command: 02 3b 17 00 00 00 00 00 b5 76 
Flushing serial device buffer... Success!
Sending command... sent 10 characters
Draining serial device buffer... Success!
Cleared data buffer: 00 00 00 00 00 00 00 00 00 00 
Read char #1 RC=1 (00) waited/max    24809/1000000  uS 
Read char #2 RC=1 (06) waited/max       10/1000000  uS 
Read char #3 RC=1 (43) waited/max        9/1000000  uS 
Read char #4 RC=1 (ba) waited/max        8/1000000  uS 
Read char #5 RC=1 (97) waited/max        8/1000000  uS 
Read char #6 RC=1 (dd) waited/max        8/1000000  uS 
Read char #7 RC=1 (68) waited/max        9/1000000  uS 
Read char #8 RC=1 (5f) waited/max        9/1000000  uS 
answer:  00 06 43 ba 97 dd 68 5f 
received 8 characters
CRC receive OK 5f68
Transmission State Check: 0
szCvrtFloat   373.186432 0x43ba97dd
value       373.186432

Elapsed time since last comm 79 us
Attempt 1
Clearing read buffer Success!
szSerBufferSave OK! 02 3b 19 00 00 00 00 00 00 00 
command: 02 3b 19 00 00 00 00 00 17 4f 
Flushing serial device buffer... Success!
Sending command... sent 10 characters
Draining serial device buffer... Success!
Cleared data buffer: 00 00 00 00 00 00 00 00 00 00 
Read char #1 RC=1 (00) waited/max    11805/1000000  uS 
Read char #2 RC=1 (06) waited/max       10/1000000  uS 
Read char #3 RC=1 (3f) waited/max        9/1000000  uS 
Read char #4 RC=1 (7c) waited/max        9/1000000  uS 
Read char #5 RC=1 (a2) waited/max        8/1000000  uS 
Read char #6 RC=1 (dc) waited/max        9/1000000  uS 
Read char #7 RC=1 (c9) waited/max        8/1000000  uS 
Read char #8 RC=1 (97) waited/max        8/1000000  uS 
answer:  00 06 3f 7c a2 dc c9 97 
received 8 characters
CRC receive OK 97c9
Transmission State Check: 0
szCvrtFloat     0.986860 0x3f7ca2dc
value         0.986860

Elapsed time since last comm 65 us
Attempt 1
Clearing read buffer Success!
szSerBufferSave OK! 02 3b 1a 00 00 00 00 00 00 00 
command: 02 3b 1a 00 00 00 00 00 6a 43 
Flushing serial device buffer... Success!
Sending command... sent 10 characters
Draining serial device buffer... Success!
Cleared data buffer: 00 00 00 00 00 00 00 00 00 00 
Read char #1 RC=0 (00) waited/max    96773/1000000  uS 
answer:  Got -1 characters

Elapsed time since last comm 0 us
Attempt 2
Clearing read buffer Success!
szSerBufferSave OK! 02 3b 1a 00 00 00 00 00 00 00 
command: 02 3b 1a 00 00 00 00 00 6a 43 
Flushing serial device buffer... Success!
Sending command... sent 10 characters
Draining serial device buffer... Success!
Cleared data buffer: 00 00 00 00 00 00 00 00 00 00 
Read char #1 RC=1 (ff) waited/max     8799/1000000  uS 
Read char #2 RC=1 (ff) waited/max       10/1000000  uS 
Read char #3 RC=1 (6b) waited/max        8/1000000  uS 
Read char #4 RC=1 (df) waited/max        8/1000000  uS 
Read char #5 RC=1 (d1) waited/max        8/1000000  uS 
Read char #6 RC=1 (af) waited/max        8/1000000  uS 
Read char #7 RC=1 (b4) waited/max        9/1000000  uS 
Read char #8 RC=1 (f5) waited/max        9/1000000  uS 
answer:  ff ff 6b df d1 af b4 f5 
received 8 characters

Elapsed time since last comm 0 us
Attempt 3
Clearing read buffer Success!
szSerBufferSave OK! 02 3b 1a 00 00 00 00 00 00 00 
command: 02 3b 1a 00 00 00 00 00 6a 43 
Flushing serial device buffer... Success!
Sending command... sent 10 characters
Draining serial device buffer... Success!
Cleared data buffer: 00 00 00 00 00 00 00 00 00 00 
Read char #1 RC=0 (00) waited/max    99778/1000000  uS 
answer:  Got -1 characters

Restoring Serial Port settings /dev/serial/by-id/usb-1a86_USB2.0-Serial-if00-port0... Success!
Flushing serial device buffer... Success!
Closing Serial Port /dev/serial/by-id/usb-1a86_USB2.0-Serial-if00-port0... Success!

devLCKfile: </var/lock/LCK..usb-1a86_USB2.0-Serial-if00-port0>
devLCKfileNew: </var/lock/LCK..usb-1a86_USB2.0-Serial-if00-port0.7430>
Clearing Serial Port Lock (7430)... done.

20120604-13:26:41: aurora: ERROR: Received bad return code (-1 59 26)

Complete 20120604-13:26:41

