
aurora -b -a2 -c -T -Y3 -d0 -e /dev/serial/by-id/usb-1a86_USB2.0-Serial-if00-port0 

szttyDevice: /dev/serial/by-id/usb-1a86_USB2.0-Serial-if00-port0
yDelay:     1
yTimeout    0 mS
yMaxRunTime ~
devLCKfile: </var/lock/LCK..usb-1a86_USB2.0-Serial-if00-port0>
devLCKfileNew: </var/lock/LCK..usb-1a86_USB2.0-Serial-if00-port0.7018>
Got Params

RunTime 20120604-13:25:26 v1.8.0 
Endian : Little
PID : 7018

Attempting to get lock on Serial Port /dev/serial/by-id/usb-1a86_USB2.0-Serial-if00-port0...
Checking for lock

Checking process 7018 for lock
rPID: 7018 SubStrPos: aurora command: aurora = me
Appears we got the lock.

Opening Serial Port /dev/serial/by-id/usb-1a86_USB2.0-Serial-if00-port0...  Serial Port /dev/serial/by-id/usb-1a86_USB2.0-Serial-if00-port0 successfully opened.
Configuring serial device... Flushing unread data first...  Success!
Flushing serial device buffer... Success!

Comm Check: Let's see if the Aurora is listening... 
Elapsed time since last comm 0 us
Attempt 1
Clearing read buffer Success!
szSerBufferSave OK! 02 3a 00 00 00 00 00 00 00 00 
command: 02 3a 00 00 00 00 00 00 01 b7 
Flushing serial device buffer... Success!
Sending command... sent 10 characters
Draining serial device buffer... Success!
Cleared data buffer: 00 00 00 00 00 00 00 00 00 00 
Read char #1 RC=0 (00) waited/max    99764/1000000  uS 
answer:  Got -1 characters

Elapsed time since last comm 0 us
Attempt 2
Clearing read buffer Success!
szSerBufferSave OK! 02 3a 00 00 00 00 00 00 00 00 
command: 02 3a 00 00 00 00 00 00 01 b7 
Flushing serial device buffer... Success!
Sending command... sent 10 characters
Draining serial device buffer... Success!
Cleared data buffer: 00 00 00 00 00 00 00 00 00 00 
Read char #1 RC=1 (ff) waited/max     3805/1000000  uS 
Read char #2 RC=1 (ff) waited/max     3924/1000000  uS 
Read char #3 RC=1 (ff) waited/max        9/1000000  uS 
Read char #4 RC=1 (df) waited/max        9/1000000  uS 
Read char #5 RC=1 (9c) waited/max        9/1000000  uS 
Read char #6 RC=1 (58) waited/max        8/1000000  uS 
Read char #7 RC=0 (00) waited/max    98630/1000000  uS 
answer:  Got -1 characters

Elapsed time since last comm 0 us
Attempt 3
Clearing read buffer Success!
szSerBufferSave OK! 02 3a 00 00 00 00 00 00 00 00 
command: 02 3a 00 00 00 00 00 00 01 b7 
Flushing serial device buffer... Success!
Sending command... sent 10 characters
Draining serial device buffer... Success!
Cleared data buffer: 00 00 00 00 00 00 00 00 00 00 
Read char #1 RC=1 (00) waited/max    54838/1000000  uS 
Read char #2 RC=1 (06) waited/max       10/1000000  uS 
Read char #3 RC=1 (31) waited/max        9/1000000  uS 
Read char #4 RC=1 (42) waited/max        8/1000000  uS 
Read char #5 RC=1 (4e) waited/max        9/1000000  uS 
Read char #6 RC=1 (4e) waited/max        8/1000000  uS 
Read char #7 RC=1 (9c) waited/max        9/1000000  uS 
Read char #8 RC=1 (58) waited/max        8/1000000  uS 
answer:  00 06 31 42 4e 4e 9c 58 
received 8 characters
CRC receive OK 589c
Transmission State Check: 0
Model ID "1" Multipler 0.0970019 -- PVI-3.0-OUTD (new) --
Comm Check: OK

Elapsed time since last comm 216 us
Attempt 1
Clearing read buffer Success!
szSerBufferSave OK! 02 3b 04 00 00 00 00 00 00 00 
command: 02 3b 04 00 00 00 00 00 78 38 
Flushing serial device buffer... Success!
Sending command... sent 10 characters
Draining serial device buffer... Success!
Cleared data buffer: 00 00 00 00 00 00 00 00 00 00 
Read char #1 RC=1 (00) waited/max    24796/1000000  uS 
Read char #2 RC=1 (06) waited/max        9/1000000  uS 
Read char #3 RC=1 (42) waited/max        9/1000000  uS 
Read char #4 RC=1 (47) waited/max        9/1000000  uS 
Read char #5 RC=1 (e2) waited/max        8/1000000  uS 
Read char #6 RC=1 (52) waited/max        8/1000000  uS 
Read char #7 RC=1 (1b) waited/max        8/1000000  uS 
Read char #8 RC=1 (c2) waited/max        8/1000000  uS 
answer:  00 06 42 47 e2 52 1b c2 
received 8 characters
CRC receive OK c21b
Transmission State Check: 0
szCvrtFloat    49.971016 0x4247e252
value        49.971016

Elapsed time since last comm 79 us
Attempt 1
Clearing read buffer Success!
szSerBufferSave OK! 02 3b 01 00 00 00 00 00 00 00 
command: 02 3b 01 00 00 00 00 00 ff 2c 
Flushing serial device buffer... Success!
Sending command... sent 10 characters
Draining serial device buffer... Success!
Cleared data buffer: 00 00 00 00 00 00 00 00 00 00 
Read char #1 RC=1 (00) waited/max    11808/1000000  uS 
Read char #2 RC=1 (06) waited/max       10/1000000  uS 
Read char #3 RC=1 (43) waited/max        9/1000000  uS 
Read char #4 RC=1 (61) waited/max        9/1000000  uS 
Read char #5 RC=1 (55) waited/max        9/1000000  uS 
Read char #6 RC=1 (53) waited/max        9/1000000  uS 
Read char #7 RC=1 (ad) waited/max        9/1000000  uS 
Read char #8 RC=1 (6d) waited/max        8/1000000  uS 
answer:  00 06 43 61 55 53 ad 6d 
received 8 characters
CRC receive OK 6dad
Transmission State Check: 0
szCvrtFloat   225.333298 0x43615553
value       225.333298

Elapsed time since last comm 78 us
Attempt 1
Clearing read buffer Success!
szSerBufferSave OK! 02 3b 02 00 00 00 00 00 00 00 
command: 02 3b 02 00 00 00 00 00 82 20 
Flushing serial device buffer... Success!
Sending command... sent 10 characters
Draining serial device buffer... Success!
Cleared data buffer: 00 00 00 00 00 00 00 00 00 00 
Read char #1 RC=1 (00) waited/max    10813/1000000  uS 
Read char #2 RC=1 (06) waited/max        9/1000000  uS 
Read char #3 RC=1 (40) waited/max        9/1000000  uS 
Read char #4 RC=1 (2f) waited/max        8/1000000  uS 
Read char #5 RC=1 (d8) waited/max        9/1000000  uS 
Read char #6 RC=1 (d0) waited/max        9/1000000  uS 
Read char #7 RC=1 (2a) waited/max        8/1000000  uS 
Read char #8 RC=1 (d4) waited/max        8/1000000  uS 
answer:  00 06 40 2f d8 d0 2a d4 
received 8 characters
CRC receive OK d42a
Transmission State Check: 0
szCvrtFloat     2.747608 0x402fd8d0
value         2.747608

Elapsed time since last comm 62 us
Attempt 1
Clearing read buffer Success!
szSerBufferSave OK! 02 3b 03 00 00 00 00 00 00 00 
command: 02 3b 03 00 00 00 00 00 a9 24 
Flushing serial device buffer... Success!
Sending command... sent 10 characters
Draining serial device buffer... Success!
Cleared data buffer: 00 00 00 00 00 00 00 00 00 00 
Read char #1 RC=0 (00) waited/max    99607/1000000  uS 
answer:  Got -1 characters

Elapsed time since last comm 0 us
Attempt 2
Clearing read buffer Success!
szSerBufferSave OK! 02 3b 03 00 00 00 00 00 00 00 
command: 02 3b 03 00 00 00 00 00 a9 24 
Flushing serial device buffer... Success!
Sending command... sent 10 characters
Draining serial device buffer... Success!
Cleared data buffer: 00 00 00 00 00 00 00 00 00 00 
Read char #1 RC=1 (00) waited/max    10799/1000000  uS 
Read char #2 RC=1 (06) waited/max        9/1000000  uS 
Read char #3 RC=1 (44) waited/max        9/1000000  uS 
Read char #4 RC=1 (19) waited/max        9/1000000  uS 
Read char #5 RC=1 (f7) waited/max        8/1000000  uS 
Read char #6 RC=1 (4f) waited/max        8/1000000  uS 
Read char #7 RC=1 (34) waited/max        8/1000000  uS 
Read char #8 RC=1 (3a) waited/max        9/1000000  uS 
answer:  00 06 44 19 f7 4f 34 3a 
received 8 characters
CRC receive OK 3a34
Transmission State Check: 0
szCvrtFloat   615.864197 0x4419f74f
value       615.864197

Elapsed time since last comm 79 us
Attempt 1
Clearing read buffer Success!
szSerBufferSave OK! 02 3b 17 00 00 00 00 00 00 00 
command: 02 3b 17 00 00 00 00 00 b5 76 
Flushing serial device buffer... Success!
Sending command... sent 10 characters
Draining serial device buffer... Success!
Cleared data buffer: 00 00 00 00 00 00 00 00 00 00 
Read char #1 RC=1 (00) waited/max    16842/1000000  uS 
Read char #2 RC=1 (06) waited/max       10/1000000  uS 
Read char #3 RC=1 (43) waited/max        9/1000000  uS 
Read char #4 RC=1 (b5) waited/max        9/1000000  uS 
Read char #5 RC=1 (07) waited/max        8/1000000  uS 
Read char #6 RC=1 (b8) waited/max        8/1000000  uS 
Read char #7 RC=1 (59) waited/max        8/1000000  uS 
Read char #8 RC=1 (38) waited/max        9/1000000  uS 
answer:  00 06 43 b5 07 b8 59 38 
received 8 characters
CRC receive OK 3859
Transmission State Check: 0
szCvrtFloat   362.060303 0x43b507b8
value       362.060303

Elapsed time since last comm 109 us
Attempt 1
Clearing read buffer Success!
szSerBufferSave OK! 02 3b 19 00 00 00 00 00 00 00 
command: 02 3b 19 00 00 00 00 00 17 4f 
Flushing serial device buffer... Success!
Sending command... sent 10 characters
Draining serial device buffer... Success!
Cleared data buffer: 00 00 00 00 00 00 00 00 00 00 
Read char #1 RC=1 (00) waited/max    10848/1000000  uS 
Read char #2 RC=1 (06) waited/max       11/1000000  uS 
Read char #3 RC=1 (3f) waited/max        9/1000000  uS 
Read char #4 RC=1 (7d) waited/max        9/1000000  uS 
Read char #5 RC=1 (76) waited/max        8/1000000  uS 
Read char #6 RC=1 (0b) waited/max        9/1000000  uS 
Read char #7 RC=1 (7c) waited/max        9/1000000  uS 
Read char #8 RC=1 (57) waited/max        9/1000000  uS 
answer:  00 06 3f 7d 76 0b 7c 57 
received 8 characters
CRC receive OK 577c
Transmission State Check: 0
szCvrtFloat     0.990082 0x3f7d760b
value         0.990082

Elapsed time since last comm 72 us
Attempt 1
Clearing read buffer Success!
szSerBufferSave OK! 02 3b 1a 00 00 00 00 00 00 00 
command: 02 3b 1a 00 00 00 00 00 6a 43 
Flushing serial device buffer... Success!
Sending command... sent 10 characters
Draining serial device buffer... Success!
Cleared data buffer: 00 00 00 00 00 00 00 00 00 00 
Read char #1 RC=1 (00) waited/max    10808/1000000  uS 
Read char #2 RC=1 (06) waited/max       10/1000000  uS 
Read char #3 RC=1 (43) waited/max        8/1000000  uS 
Read char #4 RC=1 (92) waited/max        9/1000000  uS 
Read char #5 RC=1 (9a) waited/max        9/1000000  uS 
Read char #6 RC=1 (19) waited/max        9/1000000  uS 
Read char #7 RC=1 (c1) waited/max        8/1000000  uS 
Read char #8 RC=1 (aa) waited/max        9/1000000  uS 
answer:  00 06 43 92 9a 19 c1 aa 
received 8 characters
CRC receive OK aac1
Transmission State Check: 0
szCvrtFloat   293.203888 0x43929a19
value       293.203888

Elapsed time since last comm 71 us
Attempt 1
Clearing read buffer Success!
szSerBufferSave OK! 02 3b 1b 00 00 00 00 00 00 00 
command: 02 3b 1b 00 00 00 00 00 41 47 
Flushing serial device buffer... Success!
Sending command... sent 10 characters
Draining serial device buffer... Success!
Cleared data buffer: 00 00 00 00 00 00 00 00 00 00 
Read char #1 RC=0 (00) waited/max    96776/1000000  uS 
answer:  Got -1 characters

Elapsed time since last comm 0 us
Attempt 2
Clearing read buffer Success!
szSerBufferSave OK! 02 3b 1b 00 00 00 00 00 00 00 
command: 02 3b 1b 00 00 00 00 00 41 47 
Flushing serial device buffer... Success!
Sending command... sent 10 characters
Draining serial device buffer... Success!
Cleared data buffer: 00 00 00 00 00 00 00 00 00 00 
Read char #1 RC=1 (00) waited/max    11803/1000000  uS 
Read char #2 RC=1 (06) waited/max        9/1000000  uS 
Read char #3 RC=1 (3f) waited/max        9/1000000  uS 
Read char #4 RC=1 (77) waited/max        9/1000000  uS 
Read char #5 RC=1 (46) waited/max        8/1000000  uS 
Read char #6 RC=1 (2b) waited/max        9/1000000  uS 
Read char #7 RC=1 (a6) waited/max        9/1000000  uS 
Read char #8 RC=1 (b3) waited/max        8/1000000  uS 
answer:  00 06 3f 77 46 2b a6 b3 
received 8 characters
CRC receive OK b3a6
Transmission State Check: 0
szCvrtFloat     0.965914 0x3f77462b
value         0.965914

Elapsed time since last comm 72 us
Attempt 1
Clearing read buffer Success!
szSerBufferSave OK! 02 3b 15 00 00 00 00 00 00 00 
command: 02 3b 15 00 00 00 00 00 e3 7e 
Flushing serial device buffer... Success!
Sending command... sent 10 characters
Draining serial device buffer... Success!
Cleared data buffer: 00 00 00 00 00 00 00 00 00 00 
Read char #1 RC=1 (00) waited/max    17815/1000000  uS 
Read char #2 RC=1 (06) waited/max        9/1000000  uS 
Read char #3 RC=1 (41) waited/max        9/1000000  uS 
Read char #4 RC=1 (d8) waited/max        9/1000000  uS 
Read char #5 RC=1 (21) waited/max        8/1000000  uS 
Read char #6 RC=1 (55) waited/max        8/1000000  uS 
Read char #7 RC=1 (15) waited/max        9/1000000  uS 
Read char #8 RC=1 (b0) waited/max        9/1000000  uS 
answer:  00 06 41 d8 21 55 15 b0 
received 8 characters
CRC receive OK b015
Transmission State Check: 0
szCvrtFloat    27.016275 0x41d82155
value        27.016275

Elapsed time since last comm 69 us
Attempt 1
Clearing read buffer Success!
szSerBufferSave OK! 02 3b 16 00 00 00 00 00 00 00 
command: 02 3b 16 00 00 00 00 00 9e 72 
Flushing serial device buffer... Success!
Sending command... sent 10 characters
Draining serial device buffer... Success!
Cleared data buffer: 00 00 00 00 00 00 00 00 00 00 
Read char #1 RC=1 (00) waited/max    10807/1000000  uS 
Read char #2 RC=1 (06) waited/max        9/1000000  uS 
Read char #3 RC=1 (41) waited/max        9/1000000  uS 
Read char #4 RC=1 (bb) waited/max        9/1000000  uS 
Read char #5 RC=1 (a3) waited/max        8/1000000  uS 
Read char #6 RC=1 (79) waited/max        8/1000000  uS 
Read char #7 RC=1 (2e) waited/max        9/1000000  uS 
Read char #8 RC=1 (0e) waited/max        8/1000000  uS 
answer:  00 06 41 bb a3 79 2e 0e 
received 8 characters
CRC receive OK 0e2e
Transmission State Check: 0
szCvrtFloat    23.454821 0x41bba379
value        23.454821

Attempting to get Partial Energy value 
Elapsed time since last comm 138 us
Attempt 1
Clearing read buffer Success!
szSerBufferSave OK! 02 4e 06 00 00 00 00 00 00 00 
command: 02 4e 06 00 00 00 00 00 c1 d1 
Flushing serial device buffer... Success!
Sending command... sent 10 characters
Draining serial device buffer... Success!
Cleared data buffer: 00 00 00 00 00 00 00 00 00 00 
Read char #1 RC=1 (00) waited/max    11751/1000000  uS 
Read char #2 RC=1 (06) waited/max        9/1000000  uS 
Read char #3 RC=1 (00) waited/max        9/1000000  uS 
Read char #4 RC=1 (00) waited/max        9/1000000  uS 
Read char #5 RC=1 (84) waited/max        8/1000000  uS 
Read char #6 RC=1 (46) waited/max        8/1000000  uS 
Read char #7 RC=1 (89) waited/max        9/1000000  uS 
Read char #8 RC=1 (00) waited/max        9/1000000  uS 
answer:  00 06 00 00 84 46 89 00 
received 8 characters
CRC receive OK 0089
Transmission State Check: 0
szCvrtLong          33862 0x00008446
value               33862

Elapsed time since last comm 52 us
Attempt 1
Clearing read buffer Success!
szSerBufferSave OK! 02 4e 00 00 00 00 00 00 00 00 
command: 02 4e 00 00 00 00 00 00 3b c9 
Flushing serial device buffer... Success!
Sending command... sent 10 characters
Draining serial device buffer... Success!
Cleared data buffer: 00 00 00 00 00 00 00 00 00 00 
Read char #1 RC=0 (00) waited/max    97769/1000000  uS 
answer:  Got -1 characters

Elapsed time since last comm 0 us
Attempt 2
Clearing read buffer Success!
szSerBufferSave OK! 02 4e 00 00 00 00 00 00 00 00 
command: 02 4e 00 00 00 00 00 00 3b c9 
Flushing serial device buffer... Success!
Sending command... sent 10 characters
Draining serial device buffer... Success!
Cleared data buffer: 00 00 00 00 00 00 00 00 00 00 
Read char #1 RC=1 (00) waited/max    13835/1000000  uS 
Read char #2 RC=1 (06) waited/max       10/1000000  uS 
Read char #3 RC=1 (00) waited/max        9/1000000  uS 
Read char #4 RC=1 (00) waited/max        9/1000000  uS 
Read char #5 RC=1 (04) waited/max        9/1000000  uS 
Read char #6 RC=1 (eb) waited/max        9/1000000  uS 
Read char #7 RC=1 (aa) waited/max        8/1000000  uS 
Read char #8 RC=1 (f2) waited/max        9/1000000  uS 
answer:  00 06 00 00 04 eb aa f2 
received 8 characters
CRC receive OK f2aa
Transmission State Check: 0
szCvrtLong           1259 0x000004eb
value                1259

Elapsed time since last comm 52 us
Attempt 1
Clearing read buffer Success!
szSerBufferSave OK! 02 4e 01 00 00 00 00 00 00 00 
command: 02 4e 01 00 00 00 00 00 10 cd 
Flushing serial device buffer... Success!
Sending command... sent 10 characters
Draining serial device buffer... Success!
Cleared data buffer: 00 00 00 00 00 00 00 00 00 00 
Read char #1 RC=1 (00) waited/max    20805/1000000  uS 
Read char #2 RC=1 (06) waited/max        9/1000000  uS 
Read char #3 RC=1 (00) waited/max        8/1000000  uS 
Read char #4 RC=1 (00) waited/max        9/1000000  uS 
Read char #5 RC=1 (14) waited/max        9/1000000  uS 
Read char #6 RC=1 (4f) waited/max        8/1000000  uS 
Read char #7 RC=1 (15) waited/max        9/1000000  uS 
Read char #8 RC=1 (84) waited/max        9/1000000  uS 
answer:  00 06 00 00 14 4f 15 84 
received 8 characters
CRC receive OK 8415
Transmission State Check: 0
szCvrtLong           5199 0x0000144f
value                5199

Elapsed time since last comm 51 us
Attempt 1
Clearing read buffer Success!
szSerBufferSave OK! 02 4e 03 00 00 00 00 00 00 00 
command: 02 4e 03 00 00 00 00 00 46 c5 
Flushing serial device buffer... Success!
Sending command... sent 10 characters
Draining serial device buffer... Success!
Cleared data buffer: 00 00 00 00 00 00 00 00 00 00 
Read char #1 RC=1 (00) waited/max    10796/1000000  uS 
Read char #2 RC=1 (06) waited/max        9/1000000  uS 
Read char #3 RC=1 (00) waited/max        9/1000000  uS 
Read char #4 RC=1 (00) waited/max        8/1000000  uS 
Read char #5 RC=1 (84) waited/max        9/1000000  uS 
Read char #6 RC=1 (3f) waited/max        9/1000000  uS 
Read char #7 RC=1 (cf) waited/max        9/1000000  uS 
Read char #8 RC=1 (ee) waited/max        9/1000000  uS 
answer:  00 06 00 00 84 3f cf ee 
received 8 characters
CRC receive OK eecf
Transmission State Check: 0
szCvrtLong          33855 0x0000843f
value               33855

Elapsed time since last comm 51 us
Attempt 1
Clearing read buffer Success!
szSerBufferSave OK! 02 4e 04 00 00 00 00 00 00 00 
command: 02 4e 04 00 00 00 00 00 97 d9 
Flushing serial device buffer... Success!
Sending command... sent 10 characters
Draining serial device buffer... Success!
Cleared data buffer: 00 00 00 00 00 00 00 00 00 00 
Read char #1 RC=1 (00) waited/max    10809/1000000  uS 
Read char #2 RC=1 (06) waited/max        9/1000000  uS 
Read char #3 RC=1 (00) waited/max        8/1000000  uS 
Read char #4 RC=1 (00) waited/max        8/1000000  uS 
Read char #5 RC=1 (84) waited/max        9/1000000  uS 
Read char #6 RC=1 (49) waited/max        9/1000000  uS 
Read char #7 RC=1 (7e) waited/max        8/1000000  uS 
Read char #8 RC=1 (f8) waited/max        8/1000000  uS 
answer:  00 06 00 00 84 49 7e f8 
received 8 characters
CRC receive OK f87e
Transmission State Check: 0
szCvrtLong          33865 0x00008449
value               33865

Elapsed time since last comm 50 us
Attempt 1
Clearing read buffer Success!
szSerBufferSave OK! 02 4e 05 00 00 00 00 00 00 00 
command: 02 4e 05 00 00 00 00 00 bc dd 
Flushing serial device buffer... Success!
Sending command... sent 10 characters
Draining serial device buffer... Success!
Cleared data buffer: 00 00 00 00 00 00 00 00 00 00 
Read char #1 RC=0 (00) waited/max    97781/1000000  uS 
answer:  Got -1 characters

Elapsed time since last comm 0 us
Attempt 2
Clearing read buffer Success!
szSerBufferSave OK! 02 4e 05 00 00 00 00 00 00 00 
command: 02 4e 05 00 00 00 00 00 bc dd 
Flushing serial device buffer... Success!
Sending command... sent 10 characters
Draining serial device buffer... Success!
Cleared data buffer: 00 00 00 00 00 00 00 00 00 00 
Read char #1 RC=1 (45) waited/max     9802/1000000  uS 
Read char #2 RC=1 (06) waited/max        9/1000000  uS 
Read char #3 RC=1 (00) waited/max        9/1000000  uS 
Read char #4 RC=1 (00) waited/max        9/1000000  uS 
Read char #5 RC=1 (84) waited/max        9/1000000  uS 
Read char #6 RC=1 (61) waited/max        9/1000000  uS 
Read char #7 RC=1 (34) waited/max        9/1000000  uS 
Read char #8 RC=1 (55) waited/max        9/1000000  uS 
answer:  45 06 00 00 84 61 34 55 
received 8 characters

Elapsed time since last comm 0 us
Attempt 3
Clearing read buffer Success!
szSerBufferSave OK! 02 4e 05 00 00 00 00 00 00 00 
command: 02 4e 05 00 00 00 00 00 bc dd 
Flushing serial device buffer... Success!
Sending command... sent 10 characters
Draining serial device buffer... Success!
Cleared data buffer: 00 00 00 00 00 00 00 00 00 00 
Read char #1 RC=0 (00) 
answer:  Got -1 characters

Restoring Serial Port settings /dev/serial/by-id/usb-1a86_USB2.0-Serial-if00-port0... Success!
Flushing serial device buffer... Success!
Closing Serial Port /dev/serial/by-id/usb-1a86_USB2.0-Serial-if00-port0... Success!

devLCKfile: </var/lock/LCK..usb-1a86_USB2.0-Serial-if00-port0>
devLCKfileNew: </var/lock/LCK..usb-1a86_USB2.0-Serial-if00-port0.7018>
Clearing Serial Port Lock (7018)... done.

20120604-13:25:28: aurora: ERROR: Received bad return code (-1 78 5)

Complete 20120604-13:25:28

