
aurora -b -a2 -c -T -Y3 -d0 -e /dev/serial/by-id/usb-1a86_USB2.0-Serial-if00-port0 

szttyDevice: /dev/serial/by-id/usb-1a86_USB2.0-Serial-if00-port0
yDelay:     1
yTimeout    0 mS
yMaxRunTime ~
devLCKfile: </var/lock/LCK..usb-1a86_USB2.0-Serial-if00-port0>
devLCKfileNew: </var/lock/LCK..usb-1a86_USB2.0-Serial-if00-port0.7725>
Got Params

RunTime 20120604-13:27:35 v1.8.0 
Endian : Little
PID : 7725

Attempting to get lock on Serial Port /dev/serial/by-id/usb-1a86_USB2.0-Serial-if00-port0...
Checking for lock

Checking process 7725 for lock
rPID: 7725 SubStrPos: aurora command: aurora = me
Appears we got the lock.

Opening Serial Port /dev/serial/by-id/usb-1a86_USB2.0-Serial-if00-port0...  Serial Port /dev/serial/by-id/usb-1a86_USB2.0-Serial-if00-port0 successfully opened.
Configuring serial device... Flushing unread data first...  Success!
Flushing serial device buffer... Success!

Comm Check: Let's see if the Aurora is listening... 
Elapsed time since last comm 0 us
Attempt 1
Clearing read buffer Success!
szSerBufferSave OK! 02 3a 00 00 00 00 00 00 00 00 
command: 02 3a 00 00 00 00 00 00 01 b7 
Flushing serial device buffer... Success!
Sending command... sent 10 characters
Draining serial device buffer... Success!
Cleared data buffer: 00 00 00 00 00 00 00 00 00 00 
Read char #1 RC=1 (00) waited/max    11808/1000000  uS 
Read char #2 RC=1 (06) waited/max       10/1000000  uS 
Read char #3 RC=1 (31) waited/max        9/1000000  uS 
Read char #4 RC=1 (42) waited/max        9/1000000  uS 
Read char #5 RC=1 (4e) waited/max        9/1000000  uS 
Read char #6 RC=1 (4e) waited/max        9/1000000  uS 
Read char #7 RC=1 (9c) waited/max        9/1000000  uS 
Read char #8 RC=1 (58) waited/max        8/1000000  uS 
answer:  00 06 31 42 4e 4e 9c 58 
received 8 characters
CRC receive OK 589c
Transmission State Check: 0
Model ID "1" Multipler 0.0970019 -- PVI-3.0-OUTD (new) --
Comm Check: OK

Elapsed time since last comm 195 us
Attempt 1
Clearing read buffer Success!
szSerBufferSave OK! 02 3b 04 00 00 00 00 00 00 00 
command: 02 3b 04 00 00 00 00 00 78 38 
Flushing serial device buffer... Success!
Sending command... sent 10 characters
Draining serial device buffer... Success!
Cleared data buffer: 00 00 00 00 00 00 00 00 00 00 
Read char #1 RC=0 (00) waited/max    98871/1000000  uS 
answer:  Got -1 characters

Elapsed time since last comm 0 us
Attempt 2
Clearing read buffer Success!
szSerBufferSave OK! 02 3b 04 00 00 00 00 00 00 00 
command: 02 3b 04 00 00 00 00 00 78 38 
Flushing serial device buffer... Success!
Sending command... sent 10 characters
Draining serial device buffer... Success!
Cleared data buffer: 00 00 00 00 00 00 00 00 00 00 
Read char #1 RC=1 (bb) waited/max     2866/1000000  uS 
Read char #2 RC=1 (ff) waited/max     3862/1000000  uS 
Read char #3 RC=1 (ff) waited/max       10/1000000  uS 
Read char #4 RC=1 (8f) waited/max        9/1000000  uS 
Read char #5 RC=1 (df) waited/max        9/1000000  uS 
Read char #6 RC=0 (00) waited/max    99610/1000000  uS 
answer:  Got -1 characters

Elapsed time since last comm 0 us
Attempt 3
Clearing read buffer Success!
szSerBufferSave OK! 02 3b 04 00 00 00 00 00 00 00 
command: 02 3b 04 00 00 00 00 00 78 38 
Flushing serial device buffer... Success!
Sending command... sent 10 characters
Draining serial device buffer... Success!
Cleared data buffer: 00 00 00 00 00 00 00 00 00 00 
Read char #1 RC=1 (00) waited/max    48800/1000000  uS 
Read char #2 RC=1 (06) waited/max        9/1000000  uS 
Read char #3 RC=1 (42) waited/max        9/1000000  uS 
Read char #4 RC=1 (48) waited/max        8/1000000  uS 
Read char #5 RC=1 (01) waited/max        9/1000000  uS 
Read char #6 RC=1 (06) waited/max        8/1000000  uS 
Read char #7 RC=1 (8c) waited/max        9/1000000  uS 
Read char #8 RC=1 (5f) waited/max        8/1000000  uS 
answer:  00 06 42 48 01 06 8c 5f 
received 8 characters
CRC receive OK 5f8c
Transmission State Check: 0
szCvrtFloat    50.000999 0x42480106
value        50.000999

Elapsed time since last comm 89 us
Attempt 1
Clearing read buffer Success!
szSerBufferSave OK! 02 3b 01 00 00 00 00 00 00 00 
command: 02 3b 01 00 00 00 00 00 ff 2c 
Flushing serial device buffer... Success!
Sending command... sent 10 characters
Draining serial device buffer... Success!
Cleared data buffer: 00 00 00 00 00 00 00 00 00 00 
Read char #1 RC=1 (00) waited/max    16803/1000000  uS 
Read char #2 RC=1 (06) waited/max        9/1000000  uS 
Read char #3 RC=1 (43) waited/max        8/1000000  uS 
Read char #4 RC=1 (61) waited/max        9/1000000  uS 
Read char #5 RC=1 (c3) waited/max        8/1000000  uS 
Read char #6 RC=1 (fa) waited/max        8/1000000  uS 
Read char #7 RC=1 (eb) waited/max        9/1000000  uS 
Read char #8 RC=1 (18) waited/max        9/1000000  uS 
answer:  00 06 43 61 c3 fa eb 18 
received 8 characters
CRC receive OK 18eb
Transmission State Check: 0
szCvrtFloat   225.765533 0x4361c3fa
value       225.765533

Elapsed time since last comm 76 us
Attempt 1
Clearing read buffer Success!
szSerBufferSave OK! 02 3b 02 00 00 00 00 00 00 00 
command: 02 3b 02 00 00 00 00 00 82 20 
Flushing serial device buffer... Success!
Sending command... sent 10 characters
Draining serial device buffer... Success!
Cleared data buffer: 00 00 00 00 00 00 00 00 00 00 
Read char #1 RC=1 (00) waited/max    10813/1000000  uS 
Read char #2 RC=1 (06) waited/max        9/1000000  uS 
Read char #3 RC=1 (40) waited/max        9/1000000  uS 
Read char #4 RC=1 (36) waited/max        9/1000000  uS 
Read char #5 RC=1 (d1) waited/max        9/1000000  uS 
Read char #6 RC=1 (7e) waited/max        9/1000000  uS 
Read char #7 RC=1 (cd) waited/max        8/1000000  uS 
Read char #8 RC=1 (56) waited/max        9/1000000  uS 
answer:  00 06 40 36 d1 7e cd 56 
received 8 characters
CRC receive OK 56cd
Transmission State Check: 0
szCvrtFloat     2.856536 0x4036d17e
value         2.856536

Elapsed time since last comm 60 us
Attempt 1
Clearing read buffer Success!
szSerBufferSave OK! 02 3b 03 00 00 00 00 00 00 00 
command: 02 3b 03 00 00 00 00 00 a9 24 
Flushing serial device buffer... Success!
Sending command... sent 10 characters
Draining serial device buffer... Success!
Cleared data buffer: 00 00 00 00 00 00 00 00 00 00 
Read char #1 RC=1 (00) waited/max    10804/1000000  uS 
Read char #2 RC=1 (06) waited/max        9/1000000  uS 
Read char #3 RC=1 (44) waited/max        9/1000000  uS 
Read char #4 RC=1 (20) waited/max        9/1000000  uS 
Read char #5 RC=1 (26) waited/max        9/1000000  uS 
Read char #6 RC=1 (b5) waited/max        8/1000000  uS 
Read char #7 RC=1 (b2) waited/max        9/1000000  uS 
Read char #8 RC=1 (3e) waited/max        9/1000000  uS 
answer:  00 06 44 20 26 b5 b2 3e 
received 8 characters
CRC receive OK 3eb2
Transmission State Check: 0
szCvrtFloat   640.604797 0x442026b5
value       640.604797

Elapsed time since last comm 68 us
Attempt 1
Clearing read buffer Success!
szSerBufferSave OK! 02 3b 17 00 00 00 00 00 00 00 
command: 02 3b 17 00 00 00 00 00 b5 76 
Flushing serial device buffer... Success!
Sending command... sent 10 characters
Draining serial device buffer... Success!
Cleared data buffer: 00 00 00 00 00 00 00 00 00 00 
Read char #1 RC=0 (00) waited/max    98761/1000000  uS 
answer:  Got -1 characters

Elapsed time since last comm 0 us
Attempt 2
Clearing read buffer Success!
szSerBufferSave OK! 02 3b 17 00 00 00 00 00 00 00 
command: 02 3b 17 00 00 00 00 00 b5 76 
Flushing serial device buffer... Success!
Sending command... sent 10 characters
Draining serial device buffer... Success!
Cleared data buffer: 00 00 00 00 00 00 00 00 00 00 
Read char #1 RC=1 (f7) waited/max     9799/1000000  uS 
Read char #2 RC=1 (53) waited/max        9/1000000  uS 
Read char #3 RC=1 (b8) waited/max        9/1000000  uS 
Read char #4 RC=1 (97) waited/max        9/1000000  uS 
Read char #5 RC=1 (79) waited/max        9/1000000  uS 
Read char #6 RC=1 (fe) waited/max        8/1000000  uS 
Read char #7 RC=1 (09) waited/max        8/1000000  uS 
Read char #8 RC=0 (00) waited/max    96465/1000000  uS 
answer:  Got -1 characters

Elapsed time since last comm 0 us
Attempt 3
Clearing read buffer Success!
szSerBufferSave OK! 02 3b 17 00 00 00 00 00 00 00 
command: 02 3b 17 00 00 00 00 00 b5 76 
Flushing serial device buffer... Success!
Sending command... sent 10 characters
Draining serial device buffer... Success!
Cleared data buffer: 00 00 00 00 00 00 00 00 00 00 
Read char #1 RC=1 (00) waited/max    61814/1000000  uS 
Read char #2 RC=1 (06) waited/max        9/1000000  uS 
Read char #3 RC=1 (43) waited/max        9/1000000  uS 
Read char #4 RC=1 (b8) waited/max        9/1000000  uS 
Read char #5 RC=1 (97) waited/max        8/1000000  uS 
Read char #6 RC=1 (79) waited/max        8/1000000  uS 
Read char #7 RC=1 (fe) waited/max        9/1000000  uS 
Read char #8 RC=1 (09) waited/max        9/1000000  uS 
answer:  00 06 43 b8 97 79 fe 09 
received 8 characters
CRC receive OK 09fe
Transmission State Check: 0
szCvrtFloat   369.183380 0x43b89779
value       369.183380

Elapsed time since last comm 77 us
Attempt 1
Clearing read buffer Success!
szSerBufferSave OK! 02 3b 19 00 00 00 00 00 00 00 
command: 02 3b 19 00 00 00 00 00 17 4f 
Flushing serial device buffer... Success!
Sending command... sent 10 characters
Draining serial device buffer... Success!
Cleared data buffer: 00 00 00 00 00 00 00 00 00 00 
Read char #1 RC=1 (00) waited/max    17815/1000000  uS 
Read char #2 RC=1 (06) waited/max        9/1000000  uS 
Read char #3 RC=1 (3f) waited/max        8/1000000  uS 
Read char #4 RC=1 (81) waited/max        8/1000000  uS 
Read char #5 RC=1 (b8) waited/max        9/1000000  uS 
Read char #6 RC=1 (8f) waited/max        8/1000000  uS 
Read char #7 RC=1 (7d) waited/max        9/1000000  uS 
Read char #8 RC=1 (ec) waited/max        8/1000000  uS 
answer:  00 06 3f 81 b8 8f 7d ec 
received 8 characters
CRC receive OK ec7d
Transmission State Check: 0
szCvrtFloat     1.013445 0x3f81b88f
value         1.013445

Elapsed time since last comm 62 us
Attempt 1
Clearing read buffer Success!
szSerBufferSave OK! 02 3b 1a 00 00 00 00 00 00 00 
command: 02 3b 1a 00 00 00 00 00 6a 43 
Flushing serial device buffer... Success!
Sending command... sent 10 characters
Draining serial device buffer... Success!
Cleared data buffer: 00 00 00 00 00 00 00 00 00 00 
Read char #1 RC=1 (00) waited/max    10812/1000000  uS 
Read char #2 RC=1 (06) waited/max        9/1000000  uS 
Read char #3 RC=1 (43) waited/max        8/1000000  uS 
Read char #4 RC=1 (94) waited/max        9/1000000  uS 
Read char #5 RC=1 (c0) waited/max        9/1000000  uS 
Read char #6 RC=1 (2a) waited/max        9/1000000  uS 
Read char #7 RC=1 (87) waited/max        9/1000000  uS 
Read char #8 RC=1 (51) waited/max        9/1000000  uS 
answer:  00 06 43 94 c0 2a 87 51 
received 8 characters
CRC receive OK 5187
Transmission State Check: 0
szCvrtFloat   297.501282 0x4394c02a
value       297.501282

Elapsed time since last comm 68 us
Attempt 1
Clearing read buffer Success!
szSerBufferSave OK! 02 3b 1b 00 00 00 00 00 00 00 
command: 02 3b 1b 00 00 00 00 00 41 47 
Flushing serial device buffer... Success!
Sending command... sent 10 characters
Draining serial device buffer... Success!
Cleared data buffer: 00 00 00 00 00 00 00 00 00 00 
Read char #1 RC=1 (00) waited/max    10813/1000000  uS 
Read char #2 RC=1 (06) waited/max       10/1000000  uS 
Read char #3 RC=1 (3f) waited/max        9/1000000  uS 
Read char #4 RC=1 (7c) waited/max        8/1000000  uS 
Read char #5 RC=1 (a2) waited/max        9/1000000  uS 
Read char #6 RC=1 (dc) waited/max        8/1000000  uS 
Read char #7 RC=1 (c9) waited/max        9/1000000  uS 
Read char #8 RC=1 (97) waited/max        8/1000000  uS 
answer:  00 06 3f 7c a2 dc c9 97 
received 8 characters
CRC receive OK 97c9
Transmission State Check: 0
szCvrtFloat     0.986860 0x3f7ca2dc
value         0.986860

Elapsed time since last comm 63 us
Attempt 1
Clearing read buffer Success!
szSerBufferSave OK! 02 3b 15 00 00 00 00 00 00 00 
command: 02 3b 15 00 00 00 00 00 e3 7e 
Flushing serial device buffer... Success!
Sending command... sent 10 characters
Draining serial device buffer... Success!
Cleared data buffer: 00 00 00 00 00 00 00 00 00 00 
Read char #1 RC=0 (00) 
answer:  Got -1 characters

Elapsed time since last comm 0 us
Attempt 2
Clearing read buffer Success!
szSerBufferSave OK! 02 3b 15 00 00 00 00 00 00 00 
command: 02 3b 15 00 00 00 00 00 e3 7e 
Flushing serial device buffer... Success!
Sending command... sent 10 characters
Draining serial device buffer... Success!
Cleared data buffer: 00 00 00 00 00 00 00 00 00 00 
Read char #1 RC=1 (00) waited/max      807/1000000  uS 
Read char #2 RC=1 (06) waited/max       10/1000000  uS 
Read char #3 RC=1 (41) waited/max        8/1000000  uS 
Read char #4 RC=1 (d8) waited/max        9/1000000  uS 
Read char #5 RC=1 (6a) waited/max        9/1000000  uS 
Read char #6 RC=1 (06) waited/max        9/1000000  uS 
Read char #7 RC=1 (c5) waited/max        9/1000000  uS 
Read char #8 RC=1 (72) waited/max        9/1000000  uS 
answer:  00 06 41 d8 6a 06 c5 72 
received 8 characters
CRC receive OK 72c5
Transmission State Check: 0
szCvrtFloat    27.051769 0x41d86a06
value        27.051769

Elapsed time since last comm 68 us
Attempt 1
Clearing read buffer Success!
szSerBufferSave OK! 02 3b 16 00 00 00 00 00 00 00 
command: 02 3b 16 00 00 00 00 00 9e 72 
Flushing serial device buffer... Success!
Sending command... sent 10 characters
Draining serial device buffer... Success!
Cleared data buffer: 00 00 00 00 00 00 00 00 00 00 
Read char #1 RC=1 (00) waited/max    21767/1000000  uS 
Read char #2 RC=1 (06) waited/max        9/1000000  uS 
Read char #3 RC=1 (41) waited/max        8/1000000  uS 
Read char #4 RC=1 (bc) waited/max        9/1000000  uS 
Read char #5 RC=1 (66) waited/max        9/1000000  uS 
Read char #6 RC=1 (1f) waited/max        8/1000000  uS 
Read char #7 RC=1 (09) waited/max        8/1000000  uS 
Read char #8 RC=1 (30) waited/max        8/1000000  uS 
answer:  00 06 41 bc 66 1f 09 30 
received 8 characters
CRC receive OK 3009
Transmission State Check: 0
szCvrtFloat    23.549864 0x41bc661f
value        23.549864

Attempting to get Partial Energy value 
Elapsed time since last comm 137 us
Attempt 1
Clearing read buffer Success!
szSerBufferSave OK! 02 4e 06 00 00 00 00 00 00 00 
command: 02 4e 06 00 00 00 00 00 c1 d1 
Flushing serial device buffer... Success!
Sending command... sent 10 characters
Draining serial device buffer... Success!
Cleared data buffer: 00 00 00 00 00 00 00 00 00 00 
Read char #1 RC=1 (00) waited/max    10805/1000000  uS 
Read char #2 RC=1 (06) waited/max        9/1000000  uS 
Read char #3 RC=1 (00) waited/max        8/1000000  uS 
Read char #4 RC=1 (00) waited/max        9/1000000  uS 
Read char #5 RC=1 (84) waited/max        8/1000000  uS 
Read char #6 RC=1 (5b) waited/max        8/1000000  uS 
Read char #7 RC=1 (ed) waited/max        8/1000000  uS 
Read char #8 RC=1 (cb) waited/max        8/1000000  uS 
answer:  00 06 00 00 84 5b ed cb 
received 8 characters
CRC receive OK cbed
Transmission State Check: 0
szCvrtLong          33883 0x0000845b
value               33883

Elapsed time since last comm 50 us
Attempt 1
Clearing read buffer Success!
szSerBufferSave OK! 02 4e 00 00 00 00 00 00 00 00 
command: 02 4e 00 00 00 00 00 00 3b c9 
Flushing serial device buffer... Success!
Sending command... sent 10 characters
Draining serial device buffer... Success!
Cleared data buffer: 00 00 00 00 00 00 00 00 00 00 
Read char #1 RC=1 (00) waited/max    10811/1000000  uS 
Read char #2 RC=1 (06) waited/max       10/1000000  uS 
Read char #3 RC=1 (00) waited/max        9/1000000  uS 
Read char #4 RC=1 (00) waited/max        9/1000000  uS 
Read char #5 RC=1 (05) waited/max        9/1000000  uS 
Read char #6 RC=1 (00) waited/max        8/1000000  uS 
Read char #7 RC=1 (af) waited/max        8/1000000  uS 
Read char #8 RC=1 (b2) waited/max        9/1000000  uS 
answer:  00 06 00 00 05 00 af b2 
received 8 characters
CRC receive OK b2af
Transmission State Check: 0
szCvrtLong           1280 0x00000500
value                1280

Elapsed time since last comm 51 us
Attempt 1
Clearing read buffer Success!
szSerBufferSave OK! 02 4e 01 00 00 00 00 00 00 00 
command: 02 4e 01 00 00 00 00 00 10 cd 
Flushing serial device buffer... Success!
Sending command... sent 10 characters
Draining serial device buffer... Success!
Cleared data buffer: 00 00 00 00 00 00 00 00 00 00 
Read char #1 RC=0 (00) waited/max    97753/1000000  uS 
answer:  Got -1 characters

Elapsed time since last comm 0 us
Attempt 2
Clearing read buffer Success!
szSerBufferSave OK! 02 4e 01 00 00 00 00 00 00 00 
command: 02 4e 01 00 00 00 00 00 10 cd 
Flushing serial device buffer... Success!
Sending command... sent 10 characters
Draining serial device buffer... Success!
Cleared data buffer: 00 00 00 00 00 00 00 00 00 00 
Read char #1 RC=1 (06) waited/max    10818/1000000  uS 
Read char #2 RC=1 (06) waited/max        9/1000000  uS 
Read char #3 RC=1 (00) waited/max        9/1000000  uS 
Read char #4 RC=1 (00) waited/max        9/1000000  uS 
Read char #5 RC=1 (14) waited/max        8/1000000  uS 
Read char #6 RC=1 (64) waited/max        9/1000000  uS 
Read char #7 RC=1 (c4) waited/max        9/1000000  uS 
Read char #8 RC=1 (1b) waited/max        9/1000000  uS 
answer:  06 06 00 00 14 64 c4 1b 
received 8 characters

Elapsed time since last comm 0 us
Attempt 3
Clearing read buffer Success!
szSerBufferSave OK! 02 4e 01 00 00 00 00 00 00 00 
command: 02 4e 01 00 00 00 00 00 10 cd 
Flushing serial device buffer... Success!
Sending command... sent 10 characters
Draining serial device buffer... Success!
Cleared data buffer: 00 00 00 00 00 00 00 00 00 00 
Read char #1 RC=1 (00) waited/max    18817/1000000  uS 
Read char #2 RC=1 (06) waited/max        9/1000000  uS 
Read char #3 RC=1 (00) waited/max        9/1000000  uS 
Read char #4 RC=1 (00) waited/max        9/1000000  uS 
Read char #5 RC=1 (14) waited/max        9/1000000  uS 
Read char #6 RC=1 (64) waited/max        9/1000000  uS 
Read char #7 RC=1 (c4) waited/max        9/1000000  uS 
Read char #8 RC=1 (1b) waited/max        9/1000000  uS 
answer:  00 06 00 00 14 64 c4 1b 
received 8 characters
CRC receive OK 1bc4
Transmission State Check: 0
szCvrtLong           5220 0x00001464
value                5220

Elapsed time since last comm 50 us
Attempt 1
Clearing read buffer Success!
szSerBufferSave OK! 02 4e 03 00 00 00 00 00 00 00 
command: 02 4e 03 00 00 00 00 00 46 c5 
Flushing serial device buffer... Success!
Sending command... sent 10 characters
Draining serial device buffer... Success!
Cleared data buffer: 00 00 00 00 00 00 00 00 00 00 
Read char #1 RC=1 (00) waited/max    10817/1000000  uS 
Read char #2 RC=1 (06) waited/max        9/1000000  uS 
Read char #3 RC=1 (00) waited/max        9/1000000  uS 
Read char #4 RC=1 (00) waited/max        8/1000000  uS 
Read char #5 RC=1 (84) waited/max        9/1000000  uS 
Read char #6 RC=1 (54) waited/max        9/1000000  uS 
Read char #7 RC=1 (1a) waited/max        8/1000000  uS 
Read char #8 RC=1 (33) waited/max        9/1000000  uS 
answer:  00 06 00 00 84 54 1a 33 
received 8 characters
CRC receive OK 331a
Transmission State Check: 0
szCvrtLong          33876 0x00008454
value               33876

Elapsed time since last comm 50 us
Attempt 1
Clearing read buffer Success!
szSerBufferSave OK! 02 4e 04 00 00 00 00 00 00 00 
command: 02 4e 04 00 00 00 00 00 97 d9 
Flushing serial device buffer... Success!
Sending command... sent 10 characters
Draining serial device buffer... Success!
Cleared data buffer: 00 00 00 00 00 00 00 00 00 00 
Read char #1 RC=1 (00) waited/max    10805/1000000  uS 
Read char #2 RC=1 (06) waited/max        9/1000000  uS 
Read char #3 RC=1 (00) waited/max        8/1000000  uS 
Read char #4 RC=1 (00) waited/max        9/1000000  uS 
Read char #5 RC=1 (84) waited/max        9/1000000  uS 
Read char #6 RC=1 (5e) waited/max        9/1000000  uS 
Read char #7 RC=1 (40) waited/max        9/1000000  uS 
Read char #8 RC=1 (9c) waited/max        8/1000000  uS 
answer:  00 06 00 00 84 5e 40 9c 
received 8 characters
CRC receive OK 9c40
Transmission State Check: 0
szCvrtLong          33886 0x0000845e
value               33886

Elapsed time since last comm 50 us
Attempt 1
Clearing read buffer Success!
szSerBufferSave OK! 02 4e 05 00 00 00 00 00 00 00 
command: 02 4e 05 00 00 00 00 00 bc dd 
Flushing serial device buffer... Success!
Sending command... sent 10 characters
Draining serial device buffer... Success!
Cleared data buffer: 00 00 00 00 00 00 00 00 00 00 
Read char #1 RC=0 (00) waited/max    98789/1000000  uS 
answer:  Got -1 characters

Elapsed time since last comm 0 us
Attempt 2
Clearing read buffer Success!
szSerBufferSave OK! 02 4e 05 00 00 00 00 00 00 00 
command: 02 4e 05 00 00 00 00 00 bc dd 
Flushing serial device buffer... Success!
Sending command... sent 10 characters
Draining serial device buffer... Success!
Cleared data buffer: 00 00 00 00 00 00 00 00 00 00 
Read char #1 RC=1 (ff) waited/max     7790/1000000  uS 
Read char #2 RC=1 (ff) waited/max        9/1000000  uS 
Read char #3 RC=1 (ff) waited/max        8/1000000  uS 
Read char #4 RC=1 (ff) waited/max        9/1000000  uS 
Read char #5 RC=1 (9f) waited/max        9/1000000  uS 
Read char #6 RC=1 (77) waited/max        9/1000000  uS 
Read char #7 RC=1 (a1) waited/max        9/1000000  uS 
Read char #8 RC=1 (fe) waited/max        9/1000000  uS 
answer:  ff ff ff ff 9f 77 a1 fe 
received 8 characters

Elapsed time since last comm 0 us
Attempt 3
Clearing read buffer Success!
szSerBufferSave OK! 02 4e 05 00 00 00 00 00 00 00 
command: 02 4e 05 00 00 00 00 00 bc dd 
Flushing serial device buffer... Success!
Sending command... sent 10 characters
Draining serial device buffer... Success!
Cleared data buffer: 00 00 00 00 00 00 00 00 00 00 
Read char #1 RC=0 (00) waited/max    96800/1000000  uS 
answer:  Got -1 characters

Restoring Serial Port settings /dev/serial/by-id/usb-1a86_USB2.0-Serial-if00-port0... Success!
Flushing serial device buffer... Success!
Closing Serial Port /dev/serial/by-id/usb-1a86_USB2.0-Serial-if00-port0... Success!

devLCKfile: </var/lock/LCK..usb-1a86_USB2.0-Serial-if00-port0>
devLCKfileNew: </var/lock/LCK..usb-1a86_USB2.0-Serial-if00-port0.7725>
Clearing Serial Port Lock (7725)... done.

20120604-13:27:36: aurora: ERROR: Received bad return code (-1 78 5)

Complete 20120604-13:27:36

