
aurora -b -a2 -c -T -Y3 -d0 -e /dev/serial/by-id/usb-1a86_USB2.0-Serial-if00-port0 

szttyDevice: /dev/serial/by-id/usb-1a86_USB2.0-Serial-if00-port0
yDelay:     1
yTimeout    0 mS
yMaxRunTime ~
devLCKfile: </var/lock/LCK..usb-1a86_USB2.0-Serial-if00-port0>
devLCKfileNew: </var/lock/LCK..usb-1a86_USB2.0-Serial-if00-port0.8613>
Got Params

RunTime 20120604-13:30:18 v1.8.0 
Endian : Little
PID : 8613

Attempting to get lock on Serial Port /dev/serial/by-id/usb-1a86_USB2.0-Serial-if00-port0...
Checking for lock

Checking process 8613 for lock
rPID: 8613 SubStrPos: aurora command: aurora = me
Appears we got the lock.

Opening Serial Port /dev/serial/by-id/usb-1a86_USB2.0-Serial-if00-port0...  Serial Port /dev/serial/by-id/usb-1a86_USB2.0-Serial-if00-port0 successfully opened.
Configuring serial device... Flushing unread data first...  Success!
Flushing serial device buffer... Success!

Comm Check: Let's see if the Aurora is listening... 
Elapsed time since last comm 0 us
Attempt 1
Clearing read buffer Success!
szSerBufferSave OK! 02 3a 00 00 00 00 00 00 00 00 
command: 02 3a 00 00 00 00 00 00 01 b7 
Flushing serial device buffer... Success!
Sending command... sent 10 characters
Draining serial device buffer... Success!
Cleared data buffer: 00 00 00 00 00 00 00 00 00 00 
Read char #1 RC=0 (00) waited/max    99765/1000000  uS 
answer:  Got -1 characters

Elapsed time since last comm 0 us
Attempt 2
Clearing read buffer Success!
szSerBufferSave OK! 02 3a 00 00 00 00 00 00 00 00 
command: 02 3a 00 00 00 00 00 00 01 b7 
Flushing serial device buffer... Success!
Sending command... sent 10 characters
Draining serial device buffer... Success!
Cleared data buffer: 00 00 00 00 00 00 00 00 00 00 
Read char #1 RC=1 (00) waited/max    13811/1000000  uS 
Read char #2 RC=1 (06) waited/max        9/1000000  uS 
Read char #3 RC=1 (31) waited/max        9/1000000  uS 
Read char #4 RC=1 (42) waited/max        8/1000000  uS 
Read char #5 RC=1 (4e) waited/max        9/1000000  uS 
Read char #6 RC=1 (4e) waited/max        9/1000000  uS 
Read char #7 RC=1 (9c) waited/max        9/1000000  uS 
Read char #8 RC=1 (58) waited/max        8/1000000  uS 
answer:  00 06 31 42 4e 4e 9c 58 
received 8 characters
CRC receive OK 589c
Transmission State Check: 0
Model ID "1" Multipler 0.0970019 -- PVI-3.0-OUTD (new) --
Comm Check: OK

Elapsed time since last comm 205 us
Attempt 1
Clearing read buffer Success!
szSerBufferSave OK! 02 3b 04 00 00 00 00 00 00 00 
command: 02 3b 04 00 00 00 00 00 78 38 
Flushing serial device buffer... Success!
Sending command... sent 10 characters
Draining serial device buffer... Success!
Cleared data buffer: 00 00 00 00 00 00 00 00 00 00 
Read char #1 RC=1 (00) waited/max    16869/1000000  uS 
Read char #2 RC=1 (06) waited/max       10/1000000  uS 
Read char #3 RC=1 (42) waited/max        8/1000000  uS 
Read char #4 RC=1 (47) waited/max        9/1000000  uS 
Read char #5 RC=1 (e1) waited/max        9/1000000  uS 
Read char #6 RC=1 (4c) waited/max        9/1000000  uS 
Read char #7 RC=1 (8c) waited/max        8/1000000  uS 
Read char #8 RC=1 (11) waited/max        9/1000000  uS 
answer:  00 06 42 47 e1 4c 8c 11 
received 8 characters
CRC receive OK 118c
Transmission State Check: 0
szCvrtFloat    49.970016 0x4247e14c
value        49.970016

Elapsed time since last comm 87 us
Attempt 1
Clearing read buffer Success!
szSerBufferSave OK! 02 3b 01 00 00 00 00 00 00 00 
command: 02 3b 01 00 00 00 00 00 ff 2c 
Flushing serial device buffer... Success!
Sending command... sent 10 characters
Draining serial device buffer... Success!
Cleared data buffer: 00 00 00 00 00 00 00 00 00 00 
Read char #1 RC=1 (00) waited/max    10804/1000000  uS 
Read char #2 RC=1 (06) waited/max        9/1000000  uS 
Read char #3 RC=1 (43) waited/max        8/1000000  uS 
Read char #4 RC=1 (61) waited/max        8/1000000  uS 
Read char #5 RC=1 (c7) waited/max        9/1000000  uS 
Read char #6 RC=1 (52) waited/max        8/1000000  uS 
Read char #7 RC=1 (c9) waited/max        9/1000000  uS 
Read char #8 RC=1 (56) waited/max        8/1000000  uS 
answer:  00 06 43 61 c7 52 c9 56 
received 8 characters
CRC receive OK 56c9
Transmission State Check: 0
szCvrtFloat   225.778595 0x4361c752
value       225.778595

Elapsed time since last comm 79 us
Attempt 1
Clearing read buffer Success!
szSerBufferSave OK! 02 3b 02 00 00 00 00 00 00 00 
command: 02 3b 02 00 00 00 00 00 82 20 
Flushing serial device buffer... Success!
Sending command... sent 10 characters
Draining serial device buffer... Success!
Cleared data buffer: 00 00 00 00 00 00 00 00 00 00 
Read char #1 RC=1 (00) waited/max    10811/1000000  uS 
Read char #2 RC=1 (06) waited/max        9/1000000  uS 
Read char #3 RC=1 (40) waited/max        9/1000000  uS 
Read char #4 RC=1 (3d) waited/max        9/1000000  uS 
Read char #5 RC=1 (16) waited/max        9/1000000  uS 
Read char #6 RC=1 (d3) waited/max        9/1000000  uS 
Read char #7 RC=1 (26) waited/max        9/1000000  uS 
Read char #8 RC=1 (86) waited/max        8/1000000  uS 
answer:  00 06 40 3d 16 d3 26 86 
received 8 characters
CRC receive OK 8626
Transmission State Check: 0
szCvrtFloat     2.954518 0x403d16d3
value         2.954518

Elapsed time since last comm 62 us
Attempt 1
Clearing read buffer Success!
szSerBufferSave OK! 02 3b 03 00 00 00 00 00 00 00 
command: 02 3b 03 00 00 00 00 00 a9 24 
Flushing serial device buffer... Success!
Sending command... sent 10 characters
Draining serial device buffer... Success!
Cleared data buffer: 00 00 00 00 00 00 00 00 00 00 
Read char #1 RC=0 (00) waited/max    97756/1000000  uS 
answer:  Got -1 characters

Elapsed time since last comm 0 us
Attempt 2
Clearing read buffer Success!
szSerBufferSave OK! 02 3b 03 00 00 00 00 00 00 00 
command: 02 3b 03 00 00 00 00 00 a9 24 
Flushing serial device buffer... Success!
Sending command... sent 10 characters
Draining serial device buffer... Success!
Cleared data buffer: 00 00 00 00 00 00 00 00 00 00 
Read char #1 RC=1 (40) waited/max    10817/1000000  uS 
Read char #2 RC=1 (30) waited/max        9/1000000  uS 
Read char #3 RC=1 (94) waited/max        9/1000000  uS 
Read char #4 RC=1 (b2) waited/max        8/1000000  uS 
Read char #5 RC=1 (d3) waited/max        9/1000000  uS 
Read char #6 RC=1 (d8) waited/max        9/1000000  uS 
Read char #7 RC=1 (7e) waited/max        8/1000000  uS 
Read char #8 RC=0 (00) waited/max    99461/1000000  uS 
answer:  Got -1 characters

Elapsed time since last comm 0 us
Attempt 3
Clearing read buffer Success!
szSerBufferSave OK! 02 3b 03 00 00 00 00 00 00 00 
command: 02 3b 03 00 00 00 00 00 a9 24 
Flushing serial device buffer... Success!
Sending command... sent 10 characters
Draining serial device buffer... Success!
Cleared data buffer: 00 00 00 00 00 00 00 00 00 00 
Read char #1 RC=1 (00) waited/max    55829/1000000  uS 
Read char #2 RC=1 (06) waited/max       12/1000000  uS 
Read char #3 RC=1 (44) waited/max        9/1000000  uS 
Read char #4 RC=1 (26) waited/max        9/1000000  uS 
Read char #5 RC=1 (37) waited/max        8/1000000  uS 
Read char #6 RC=1 (0f) waited/max        8/1000000  uS 
Read char #7 RC=1 (f3) waited/max        8/1000000  uS 
Read char #8 RC=1 (7e) waited/max        8/1000000  uS 
answer:  00 06 44 26 37 0f f3 7e 
received 8 characters
CRC receive OK 7ef3
Transmission State Check: 0
szCvrtFloat   664.860291 0x4426370f
value       664.860291

Elapsed time since last comm 80 us
Attempt 1
Clearing read buffer Success!
szSerBufferSave OK! 02 3b 17 00 00 00 00 00 00 00 
command: 02 3b 17 00 00 00 00 00 b5 76 
Flushing serial device buffer... Success!
Sending command... sent 10 characters
Draining serial device buffer... Success!
Cleared data buffer: 00 00 00 00 00 00 00 00 00 00 
Read char #1 RC=1 (00) waited/max    18813/1000000  uS 
Read char #2 RC=1 (06) waited/max       11/1000000  uS 
Read char #3 RC=1 (43) waited/max        9/1000000  uS 
Read char #4 RC=1 (ba) waited/max        9/1000000  uS 
Read char #5 RC=1 (de) waited/max        8/1000000  uS 
Read char #6 RC=1 (31) waited/max        9/1000000  uS 
Read char #7 RC=1 (74) waited/max        9/1000000  uS 
Read char #8 RC=1 (e3) waited/max        8/1000000  uS 
answer:  00 06 43 ba de 31 74 e3 
received 8 characters
CRC receive OK e374
Transmission State Check: 0
szCvrtFloat   373.735870 0x43bade31
value       373.735870

Elapsed time since last comm 71 us
Attempt 1
Clearing read buffer Success!
szSerBufferSave OK! 02 3b 19 00 00 00 00 00 00 00 
command: 02 3b 19 00 00 00 00 00 17 4f 
Flushing serial device buffer... Success!
Sending command... sent 10 characters
Draining serial device buffer... Success!
Cleared data buffer: 00 00 00 00 00 00 00 00 00 00 
Read char #1 RC=1 (00) waited/max    11810/1000000  uS 
Read char #2 RC=1 (06) waited/max       10/1000000  uS 
Read char #3 RC=1 (3f) waited/max        9/1000000  uS 
Read char #4 RC=1 (85) waited/max        8/1000000  uS 
Read char #5 RC=1 (05) waited/max        9/1000000  uS 
Read char #6 RC=1 (4b) waited/max        9/1000000  uS 
Read char #7 RC=1 (22) waited/max        9/1000000  uS 
Read char #8 RC=1 (85) waited/max        8/1000000  uS 
answer:  00 06 3f 85 05 4b 22 85 
received 8 characters
CRC receive OK 8522
Transmission State Check: 0
szCvrtFloat     1.039224 0x3f85054b
value         1.039224

Elapsed time since last comm 63 us
Attempt 1
Clearing read buffer Success!
szSerBufferSave OK! 02 3b 1a 00 00 00 00 00 00 00 
command: 02 3b 1a 00 00 00 00 00 6a 43 
Flushing serial device buffer... Success!
Sending command... sent 10 characters
Draining serial device buffer... Success!
Cleared data buffer: 00 00 00 00 00 00 00 00 00 00 
Read char #1 RC=1 (00) waited/max    10810/1000000  uS 
Read char #2 RC=1 (06) waited/max        9/1000000  uS 
Read char #3 RC=1 (43) waited/max        8/1000000  uS 
Read char #4 RC=1 (93) waited/max        8/1000000  uS 
Read char #5 RC=1 (90) waited/max        8/1000000  uS 
Read char #6 RC=1 (3f) waited/max        9/1000000  uS 
Read char #7 RC=1 (59) waited/max        9/1000000  uS 
Read char #8 RC=1 (49) waited/max        8/1000000  uS 
answer:  00 06 43 93 90 3f 59 49 
received 8 characters
CRC receive OK 4959
Transmission State Check: 0
szCvrtFloat   295.126923 0x4393903f
value       295.126923

Elapsed time since last comm 69 us
Attempt 1
Clearing read buffer Success!
szSerBufferSave OK! 02 3b 1b 00 00 00 00 00 00 00 
command: 02 3b 1b 00 00 00 00 00 41 47 
Flushing serial device buffer... Success!
Sending command... sent 10 characters
Draining serial device buffer... Success!
Cleared data buffer: 00 00 00 00 00 00 00 00 00 00 
Read char #1 RC=0 (00) waited/max    96753/1000000  uS 
answer:  Got -1 characters

Elapsed time since last comm 0 us
Attempt 2
Clearing read buffer Success!
szSerBufferSave OK! 02 3b 1b 00 00 00 00 00 00 00 
command: 02 3b 1b 00 00 00 00 00 41 47 
Flushing serial device buffer... Success!
Sending command... sent 10 characters
Draining serial device buffer... Success!
Cleared data buffer: 00 00 00 00 00 00 00 00 00 00 
Read char #1 RC=1 (00) waited/max    15815/1000000  uS 
Read char #2 RC=1 (06) waited/max        9/1000000  uS 
Read char #3 RC=1 (3f) waited/max        9/1000000  uS 
Read char #4 RC=1 (84) waited/max        8/1000000  uS 
Read char #5 RC=1 (66) waited/max        8/1000000  uS 
Read char #6 RC=1 (e8) waited/max        8/1000000  uS 
Read char #7 RC=1 (52) waited/max        9/1000000  uS 
Read char #8 RC=1 (07) waited/max        8/1000000  uS 
answer:  00 06 3f 84 66 e8 52 07 
received 8 characters
CRC receive OK 0752
Transmission State Check: 0
szCvrtFloat     1.034390 0x3f8466e8
value         1.034390

Elapsed time since last comm 63 us
Attempt 1
Clearing read buffer Success!
szSerBufferSave OK! 02 3b 15 00 00 00 00 00 00 00 
command: 02 3b 15 00 00 00 00 00 e3 7e 
Flushing serial device buffer... Success!
Sending command... sent 10 characters
Draining serial device buffer... Success!
Cleared data buffer: 00 00 00 00 00 00 00 00 00 00 
Read char #1 RC=1 (00) waited/max    26815/1000000  uS 
Read char #2 RC=1 (06) waited/max        9/1000000  uS 
Read char #3 RC=1 (41) waited/max        9/1000000  uS 
Read char #4 RC=1 (da) waited/max        9/1000000  uS 
Read char #5 RC=1 (2b) waited/max        9/1000000  uS 
Read char #6 RC=1 (e7) waited/max        8/1000000  uS 
Read char #7 RC=1 (44) waited/max        9/1000000  uS 
Read char #8 RC=1 (6e) waited/max        8/1000000  uS 
answer:  00 06 41 da 2b e7 44 6e 
received 8 characters
CRC receive OK 6e44
Transmission State Check: 0
szCvrtFloat    27.271437 0x41da2be7
value        27.271437

Elapsed time since last comm 69 us
Attempt 1
Clearing read buffer Success!
szSerBufferSave OK! 02 3b 16 00 00 00 00 00 00 00 
command: 02 3b 16 00 00 00 00 00 9e 72 
Flushing serial device buffer... Success!
Sending command... sent 10 characters
Draining serial device buffer... Success!
Cleared data buffer: 00 00 00 00 00 00 00 00 00 00 
Read char #1 RC=1 (00) waited/max    10802/1000000  uS 
Read char #2 RC=1 (06) waited/max        9/1000000  uS 
Read char #3 RC=1 (41) waited/max        9/1000000  uS 
Read char #4 RC=1 (bd) waited/max        9/1000000  uS 
Read char #5 RC=1 (2c) waited/max        8/1000000  uS 
Read char #6 RC=1 (82) waited/max        9/1000000  uS 
Read char #7 RC=1 (af) waited/max        9/1000000  uS 
Read char #8 RC=1 (9e) waited/max        8/1000000  uS 
answer:  00 06 41 bd 2c 82 af 9e 
received 8 characters
CRC receive OK 9eaf
Transmission State Check: 0
szCvrtFloat    23.646732 0x41bd2c82
value        23.646732

Attempting to get Partial Energy value 
Elapsed time since last comm 133 us
Attempt 1
Clearing read buffer Success!
szSerBufferSave OK! 02 4e 06 00 00 00 00 00 00 00 
command: 02 4e 06 00 00 00 00 00 c1 d1 
Flushing serial device buffer... Success!
Sending command... sent 10 characters
Draining serial device buffer... Success!
Cleared data buffer: 00 00 00 00 00 00 00 00 00 00 
Read char #1 RC=0 (00) 
answer:  Got -1 characters

Elapsed time since last comm 0 us
Attempt 2
Clearing read buffer Success!
szSerBufferSave OK! 02 4e 06 00 00 00 00 00 00 00 
command: 02 4e 06 00 00 00 00 00 c1 d1 
Flushing serial device buffer... Success!
Sending command... sent 10 characters
Draining serial device buffer... Success!
Cleared data buffer: 00 00 00 00 00 00 00 00 00 00 
Read char #1 RC=1 (00) waited/max     1807/1000000  uS 
Read char #2 RC=1 (06) waited/max        9/1000000  uS 
Read char #3 RC=1 (00) waited/max        9/1000000  uS 
Read char #4 RC=1 (00) waited/max        8/1000000  uS 
Read char #5 RC=1 (84) waited/max        8/1000000  uS 
Read char #6 RC=1 (79) waited/max        9/1000000  uS 
Read char #7 RC=1 (fd) waited/max        8/1000000  uS 
Read char #8 RC=1 (ed) waited/max        9/1000000  uS 
answer:  00 06 00 00 84 79 fd ed 
received 8 characters

Elapsed time since last comm 0 us
Attempt 3
Clearing read buffer Success!
szSerBufferSave OK! 02 4e 06 00 00 00 00 00 00 00 
command: 02 4e 06 00 00 00 00 00 c1 d1 
Flushing serial device buffer... Success!
Sending command... sent 10 characters
Draining serial device buffer... Success!
Cleared data buffer: 00 00 00 00 00 00 00 00 00 00 
Read char #1 RC=0 (00) waited/max    98750/1000000  uS 
answer:  Got -1 characters

Restoring Serial Port settings /dev/serial/by-id/usb-1a86_USB2.0-Serial-if00-port0... Success!
Flushing serial device buffer... Success!
Closing Serial Port /dev/serial/by-id/usb-1a86_USB2.0-Serial-if00-port0... Success!

devLCKfile: </var/lock/LCK..usb-1a86_USB2.0-Serial-if00-port0>
devLCKfileNew: </var/lock/LCK..usb-1a86_USB2.0-Serial-if00-port0.8613>
Clearing Serial Port Lock (8613)... done.

20120604-13:30:19: aurora: ERROR: Received bad return code (-1 78 6)

Complete 20120604-13:30:19

