
aurora -b -a2 -c -T -Y3 -d0 -e /dev/serial/by-id/usb-1a86_USB2.0-Serial-if00-port0 

szttyDevice: /dev/serial/by-id/usb-1a86_USB2.0-Serial-if00-port0
yDelay:     1
yTimeout    0 mS
yMaxRunTime ~
devLCKfile: </var/lock/LCK..usb-1a86_USB2.0-Serial-if00-port0>
devLCKfileNew: </var/lock/LCK..usb-1a86_USB2.0-Serial-if00-port0.11847>
Got Params

RunTime 20120604-13:40:10 v1.8.0 
Endian : Little
PID : 11847

Attempting to get lock on Serial Port /dev/serial/by-id/usb-1a86_USB2.0-Serial-if00-port0...
Checking for lock

Checking process 11847 for lock
rPID: 11847 SubStrPos: aurora command: aurora = me
Appears we got the lock.

Opening Serial Port /dev/serial/by-id/usb-1a86_USB2.0-Serial-if00-port0...  Serial Port /dev/serial/by-id/usb-1a86_USB2.0-Serial-if00-port0 successfully opened.
Configuring serial device... Flushing unread data first...  Success!
Flushing serial device buffer... Success!

Comm Check: Let's see if the Aurora is listening... 
Elapsed time since last comm 0 us
Attempt 1
Clearing read buffer Success!
szSerBufferSave OK! 02 3a 00 00 00 00 00 00 00 00 
command: 02 3a 00 00 00 00 00 00 01 b7 
Flushing serial device buffer... Success!
Sending command... sent 10 characters
Draining serial device buffer... Success!
Cleared data buffer: 00 00 00 00 00 00 00 00 00 00 
Read char #1 RC=0 (00) 
answer:  Got -1 characters

Elapsed time since last comm 0 us
Attempt 2
Clearing read buffer Success!
szSerBufferSave OK! 02 3a 00 00 00 00 00 00 00 00 
command: 02 3a 00 00 00 00 00 00 01 b7 
Flushing serial device buffer... Success!
Sending command... sent 10 characters
Draining serial device buffer... Success!
Cleared data buffer: 00 00 00 00 00 00 00 00 00 00 
Read char #1 RC=1 (00) waited/max    15823/1000000  uS 
Read char #2 RC=1 (06) waited/max       11/1000000  uS 
Read char #3 RC=1 (31) waited/max        9/1000000  uS 
Read char #4 RC=1 (42) waited/max        8/1000000  uS 
Read char #5 RC=1 (4e) waited/max        9/1000000  uS 
Read char #6 RC=1 (4e) waited/max        8/1000000  uS 
Read char #7 RC=1 (9c) waited/max        9/1000000  uS 
Read char #8 RC=1 (58) waited/max        8/1000000  uS 
answer:  00 06 31 42 4e 4e 9c 58 
received 8 characters
CRC receive OK 589c
Transmission State Check: 0
Model ID "1" Multipler 0.0970019 -- PVI-3.0-OUTD (new) --
Comm Check: OK

Elapsed time since last comm 223 us
Attempt 1
Clearing read buffer Success!
szSerBufferSave OK! 02 3b 04 00 00 00 00 00 00 00 
command: 02 3b 04 00 00 00 00 00 78 38 
Flushing serial device buffer... Success!
Sending command... sent 10 characters
Draining serial device buffer... Success!
Cleared data buffer: 00 00 00 00 00 00 00 00 00 00 
Read char #1 RC=1 (00) waited/max    21794/1000000  uS 
Read char #2 RC=1 (06) waited/max       10/1000000  uS 
Read char #3 RC=1 (42) waited/max        8/1000000  uS 
Read char #4 RC=1 (47) waited/max        8/1000000  uS 
Read char #5 RC=1 (e9) waited/max        9/1000000  uS 
Read char #6 RC=1 (7b) waited/max        8/1000000  uS 
Read char #7 RC=1 (70) waited/max        8/1000000  uS 
Read char #8 RC=1 (9a) waited/max        9/1000000  uS 
answer:  00 06 42 47 e9 7b 70 9a 
received 8 characters
CRC receive OK 9a70
Transmission State Check: 0
szCvrtFloat    49.978008 0x4247e97b
value        49.978008

Elapsed time since last comm 81 us
Attempt 1
Clearing read buffer Success!
szSerBufferSave OK! 02 3b 01 00 00 00 00 00 00 00 
command: 02 3b 01 00 00 00 00 00 ff 2c 
Flushing serial device buffer... Success!
Sending command... sent 10 characters
Draining serial device buffer... Success!
Cleared data buffer: 00 00 00 00 00 00 00 00 00 00 
Read char #1 RC=1 (00) waited/max    10804/1000000  uS 
Read char #2 RC=1 (06) waited/max        9/1000000  uS 
Read char #3 RC=1 (43) waited/max        9/1000000  uS 
Read char #4 RC=1 (61) waited/max        9/1000000  uS 
Read char #5 RC=1 (76) waited/max        9/1000000  uS 
Read char #6 RC=1 (e0) waited/max        8/1000000  uS 
Read char #7 RC=1 (e6) waited/max        8/1000000  uS 
Read char #8 RC=1 (e3) waited/max        9/1000000  uS 
answer:  00 06 43 61 76 e0 e6 e3 
received 8 characters
CRC receive OK e3e6
Transmission State Check: 0
szCvrtFloat   225.464355 0x436176e0
value       225.464355

Elapsed time since last comm 78 us
Attempt 1
Clearing read buffer Success!
szSerBufferSave OK! 02 3b 02 00 00 00 00 00 00 00 
command: 02 3b 02 00 00 00 00 00 82 20 
Flushing serial device buffer... Success!
Sending command... sent 10 characters
Draining serial device buffer... Success!
Cleared data buffer: 00 00 00 00 00 00 00 00 00 00 
Read char #1 RC=1 (00) waited/max    10831/1000000  uS 
Read char #2 RC=1 (06) waited/max       10/1000000  uS 
Read char #3 RC=1 (40) waited/max        9/1000000  uS 
Read char #4 RC=1 (47) waited/max        8/1000000  uS 
Read char #5 RC=1 (5f) waited/max        8/1000000  uS 
Read char #6 RC=1 (89) waited/max        9/1000000  uS 
Read char #7 RC=1 (25) waited/max        8/1000000  uS 
Read char #8 RC=1 (19) waited/max        8/1000000  uS 
answer:  00 06 40 47 5f 89 25 19 
received 8 characters
CRC receive OK 1925
Transmission State Check: 0
szCvrtFloat     3.115206 0x40475f89
value         3.115206

Elapsed time since last comm 68 us
Attempt 1
Clearing read buffer Success!
szSerBufferSave OK! 02 3b 03 00 00 00 00 00 00 00 
command: 02 3b 03 00 00 00 00 00 a9 24 
Flushing serial device buffer... Success!
Sending command... sent 10 characters
Draining serial device buffer... Success!
Cleared data buffer: 00 00 00 00 00 00 00 00 00 00 
Read char #1 RC=0 (00) waited/max    98755/1000000  uS 
answer:  Got -1 characters

Elapsed time since last comm 0 us
Attempt 2
Clearing read buffer Success!
szSerBufferSave OK! 02 3b 03 00 00 00 00 00 00 00 
command: 02 3b 03 00 00 00 00 00 a9 24 
Flushing serial device buffer... Success!
Sending command... sent 10 characters
Draining serial device buffer... Success!
Cleared data buffer: 00 00 00 00 00 00 00 00 00 00 
Read char #1 RC=1 (6f) waited/max     8806/1000000  uS 
Read char #2 RC=1 (1b) waited/max       10/1000000  uS 
Read char #3 RC=1 (5b) waited/max        9/1000000  uS 
Read char #4 RC=1 (65) waited/max        8/1000000  uS 
Read char #5 RC=1 (4a) waited/max        8/1000000  uS 
Read char #6 RC=1 (fe) waited/max        8/1000000  uS 
Read char #7 RC=0 (00) waited/max    97542/1000000  uS 
answer:  Got -1 characters

Elapsed time since last comm 0 us
Attempt 3
Clearing read buffer Success!
szSerBufferSave OK! 02 3b 03 00 00 00 00 00 00 00 
command: 02 3b 03 00 00 00 00 00 a9 24 
Flushing serial device buffer... Success!
Sending command... sent 10 characters
Draining serial device buffer... Success!
Cleared data buffer: 00 00 00 00 00 00 00 00 00 00 
Read char #1 RC=1 (00) waited/max    58815/1000000  uS 
Read char #2 RC=1 (06) waited/max       11/1000000  uS 
Read char #3 RC=1 (44) waited/max        9/1000000  uS 
Read char #4 RC=1 (2e) waited/max        8/1000000  uS 
Read char #5 RC=1 (b4) waited/max        9/1000000  uS 
Read char #6 RC=1 (59) waited/max        9/1000000  uS 
Read char #7 RC=1 (26) waited/max        9/1000000  uS 
Read char #8 RC=1 (29) waited/max        9/1000000  uS 
answer:  00 06 44 2e b4 59 26 29 
received 8 characters
CRC receive OK 2926
Transmission State Check: 0
szCvrtFloat   698.817932 0x442eb459
value       698.817932

Elapsed time since last comm 79 us
Attempt 1
Clearing read buffer Success!
szSerBufferSave OK! 02 3b 17 00 00 00 00 00 00 00 
command: 02 3b 17 00 00 00 00 00 b5 76 
Flushing serial device buffer... Success!
Sending command... sent 10 characters
Draining serial device buffer... Success!
Cleared data buffer: 00 00 00 00 00 00 00 00 00 00 
Read char #1 RC=1 (00) waited/max    18869/1000000  uS 
Read char #2 RC=1 (06) waited/max       11/1000000  uS 
Read char #3 RC=1 (43) waited/max        9/1000000  uS 
Read char #4 RC=1 (ba) waited/max        8/1000000  uS 
Read char #5 RC=1 (f2) waited/max        9/1000000  uS 
Read char #6 RC=1 (49) waited/max        9/1000000  uS 
Read char #7 RC=1 (28) waited/max        8/1000000  uS 
Read char #8 RC=1 (96) waited/max        9/1000000  uS 
answer:  00 06 43 ba f2 49 28 96 
received 8 characters
CRC receive OK 9628
Transmission State Check: 0
szCvrtFloat   373.892853 0x43baf249
value       373.892853

Elapsed time since last comm 124 us
Attempt 1
Clearing read buffer Success!
szSerBufferSave OK! 02 3b 19 00 00 00 00 00 00 00 
command: 02 3b 19 00 00 00 00 00 17 4f 
Flushing serial device buffer... Success!
Sending command... sent 10 characters
Draining serial device buffer... Success!
Cleared data buffer: 00 00 00 00 00 00 00 00 00 00 
Read char #1 RC=1 (00) waited/max    13388/1000000  uS 
Read char #2 RC=1 (06) waited/max       15/1000000  uS 
Read char #3 RC=1 (3f) waited/max       12/1000000  uS 
Read char #4 RC=1 (8b) waited/max       13/1000000  uS 
Read char #5 RC=1 (9e) waited/max       13/1000000  uS 
Read char #6 RC=1 (c2) waited/max       13/1000000  uS 
Read char #7 RC=1 (05) waited/max       13/1000000  uS 
Read char #8 RC=1 (71) waited/max       13/1000000  uS 
answer:  00 06 3f 8b 9e c2 05 71 
received 8 characters
CRC receive OK 7105
Transmission State Check: 0
szCvrtFloat     1.090782 0x3f8b9ec2
value         1.090782

Elapsed time since last comm 92 us
Attempt 1
Clearing read buffer Success!
szSerBufferSave OK! 02 3b 1a 00 00 00 00 00 00 00 
command: 02 3b 1a 00 00 00 00 00 6a 43 
Flushing serial device buffer... Success!
Sending command... sent 10 characters
Draining serial device buffer... Success!
Cleared data buffer: 00 00 00 00 00 00 00 00 00 00 
Read char #1 RC=0 (00) waited/max    99755/1000000  uS 
answer:  Got -1 characters

Elapsed time since last comm 0 us
Attempt 2
Clearing read buffer Success!
szSerBufferSave OK! 02 3b 1a 00 00 00 00 00 00 00 
command: 02 3b 1a 00 00 00 00 00 6a 43 
Flushing serial device buffer... Success!
Sending command... sent 10 characters
Draining serial device buffer... Success!
Cleared data buffer: 00 00 00 00 00 00 00 00 00 00 
Read char #1 RC=1 (00) waited/max     3969/1000000  uS 
Read char #2 RC=1 (06) waited/max       17/1000000  uS 
Read char #3 RC=1 (f7) waited/max       13/1000000  uS 
Read char #4 RC=1 (7b) waited/max       13/1000000  uS 
Read char #5 RC=1 (ff) waited/max       13/1000000  uS 
Read char #6 RC=0 (00) waited/max    98159/1000000  uS 
answer:  Got -1 characters

Elapsed time since last comm 0 us
Attempt 3
Clearing read buffer Success!
szSerBufferSave OK! 02 3b 1a 00 00 00 00 00 00 00 
command: 02 3b 1a 00 00 00 00 00 6a 43 
Flushing serial device buffer... Success!
Sending command... sent 10 characters
Draining serial device buffer... Success!
Cleared data buffer: 00 00 00 00 00 00 00 00 00 00 
Read char #1 RC=1 (00) waited/max    57800/1000000  uS 
Read char #2 RC=1 (06) waited/max       10/1000000  uS 
Read char #3 RC=1 (43) waited/max        9/1000000  uS 
Read char #4 RC=1 (92) waited/max        9/1000000  uS 
Read char #5 RC=1 (ec) waited/max        9/1000000  uS 
Read char #6 RC=1 (fc) waited/max        9/1000000  uS 
Read char #7 RC=1 (76) waited/max        9/1000000  uS 
Read char #8 RC=1 (be) waited/max        9/1000000  uS 
answer:  00 06 43 92 ec fc 76 be 
received 8 characters
CRC receive OK be76
Transmission State Check: 0
szCvrtFloat   293.851440 0x4392ecfc
value       293.851440

Elapsed time since last comm 78 us
Attempt 1
Clearing read buffer Success!
szSerBufferSave OK! 02 3b 1b 00 00 00 00 00 00 00 
command: 02 3b 1b 00 00 00 00 00 41 47 
Flushing serial device buffer... Success!
Sending command... sent 10 characters
Draining serial device buffer... Success!
Cleared data buffer: 00 00 00 00 00 00 00 00 00 00 
Read char #1 RC=1 (00) waited/max    18808/1000000  uS 
Read char #2 RC=1 (06) waited/max        9/1000000  uS 
Read char #3 RC=1 (3f) waited/max        9/1000000  uS 
Read char #4 RC=1 (8b) waited/max        9/1000000  uS 
Read char #5 RC=1 (9e) waited/max        8/1000000  uS 
Read char #6 RC=1 (c2) waited/max        8/1000000  uS 
Read char #7 RC=1 (05) waited/max        9/1000000  uS 
Read char #8 RC=1 (71) waited/max        8/1000000  uS 
answer:  00 06 3f 8b 9e c2 05 71 
received 8 characters
CRC receive OK 7105
Transmission State Check: 0
szCvrtFloat     1.090782 0x3f8b9ec2
value         1.090782

Elapsed time since last comm 62 us
Attempt 1
Clearing read buffer Success!
szSerBufferSave OK! 02 3b 15 00 00 00 00 00 00 00 
command: 02 3b 15 00 00 00 00 00 e3 7e 
Flushing serial device buffer... Success!
Sending command... sent 10 characters
Draining serial device buffer... Success!
Cleared data buffer: 00 00 00 00 00 00 00 00 00 00 
Read char #1 RC=1 (00) waited/max    10803/1000000  uS 
Read char #2 RC=1 (06) waited/max        9/1000000  uS 
Read char #3 RC=1 (41) waited/max        8/1000000  uS 
Read char #4 RC=1 (de) waited/max        8/1000000  uS 
Read char #5 RC=1 (0b) waited/max        8/1000000  uS 
Read char #6 RC=1 (71) waited/max        9/1000000  uS 
Read char #7 RC=1 (a9) waited/max        9/1000000  uS 
Read char #8 RC=1 (df) waited/max        8/1000000  uS 
answer:  00 06 41 de 0b 71 a9 df 
received 8 characters
CRC receive OK dfa9
Transmission State Check: 0
szCvrtFloat    27.755587 0x41de0b71
value        27.755587

Elapsed time since last comm 70 us
Attempt 1
Clearing read buffer Success!
szSerBufferSave OK! 02 3b 16 00 00 00 00 00 00 00 
command: 02 3b 16 00 00 00 00 00 9e 72 
Flushing serial device buffer... Success!
Sending command... sent 10 characters
Draining serial device buffer... Success!
Cleared data buffer: 00 00 00 00 00 00 00 00 00 00 
Read char #1 RC=1 (00) waited/max    10812/1000000  uS 
Read char #2 RC=1 (06) waited/max        9/1000000  uS 
Read char #3 RC=1 (41) waited/max        9/1000000  uS 
Read char #4 RC=1 (c0) waited/max        9/1000000  uS 
Read char #5 RC=1 (ec) waited/max        8/1000000  uS 
Read char #6 RC=1 (50) waited/max        9/1000000  uS 
Read char #7 RC=1 (3d) waited/max        8/1000000  uS 
Read char #8 RC=1 (de) waited/max        9/1000000  uS 
answer:  00 06 41 c0 ec 50 3d de 
received 8 characters
CRC receive OK de3d
Transmission State Check: 0
szCvrtFloat    24.115387 0x41c0ec50
value        24.115387

Attempting to get Partial Energy value 
Elapsed time since last comm 137 us
Attempt 1
Clearing read buffer Success!
szSerBufferSave OK! 02 4e 06 00 00 00 00 00 00 00 
command: 02 4e 06 00 00 00 00 00 c1 d1 
Flushing serial device buffer... Success!
Sending command... sent 10 characters
Draining serial device buffer... Success!
Cleared data buffer: 00 00 00 00 00 00 00 00 00 00 
Read char #1 RC=0 (00) waited/max    99760/1000000  uS 
answer:  Got -1 characters

Elapsed time since last comm 0 us
Attempt 2
Clearing read buffer Success!
szSerBufferSave OK! 02 4e 06 00 00 00 00 00 00 00 
command: 02 4e 06 00 00 00 00 00 c1 d1 
Flushing serial device buffer... Success!
Sending command... sent 10 characters
Draining serial device buffer... Success!
Cleared data buffer: 00 00 00 00 00 00 00 00 00 00 
Read char #1 RC=1 (ff) waited/max     8801/1000000  uS 
Read char #2 RC=1 (7d) waited/max       10/1000000  uS 
Read char #3 RC=1 (61) waited/max        9/1000000  uS 
Read char #4 RC=1 (58) waited/max        9/1000000  uS 
Read char #5 RC=1 (1f) waited/max        8/1000000  uS 
Read char #6 RC=1 (57) waited/max        9/1000000  uS 
Read char #7 RC=1 (fd) waited/max        9/1000000  uS 
Read char #8 RC=0 (00) waited/max    97456/1000000  uS 
answer:  Got -1 characters

Elapsed time since last comm 0 us
Attempt 3
Clearing read buffer Success!
szSerBufferSave OK! 02 4e 06 00 00 00 00 00 00 00 
command: 02 4e 06 00 00 00 00 00 c1 d1 
Flushing serial device buffer... Success!
Sending command... sent 10 characters
Draining serial device buffer... Success!
Cleared data buffer: 00 00 00 00 00 00 00 00 00 00 
Read char #1 RC=1 (00) waited/max    54849/1000000  uS 
Read char #2 RC=1 (06) waited/max        9/1000000  uS 
Read char #3 RC=1 (00) waited/max        9/1000000  uS 
Read char #4 RC=1 (00) waited/max        9/1000000  uS 
Read char #5 RC=1 (84) waited/max        9/1000000  uS 
Read char #6 RC=1 (e9) waited/max        8/1000000  uS 
Read char #7 RC=1 (74) waited/max        9/1000000  uS 
Read char #8 RC=1 (5d) waited/max        8/1000000  uS 
answer:  00 06 00 00 84 e9 74 5d 
received 8 characters
CRC receive OK 5d74
Transmission State Check: 0
szCvrtLong          34025 0x000084e9
value               34025

Elapsed time since last comm 52 us
Attempt 1
Clearing read buffer Success!
szSerBufferSave OK! 02 4e 00 00 00 00 00 00 00 00 
command: 02 4e 00 00 00 00 00 00 3b c9 
Flushing serial device buffer... Success!
Sending command... sent 10 characters
Draining serial device buffer... Success!
Cleared data buffer: 00 00 00 00 00 00 00 00 00 00 
Read char #1 RC=1 (00) 
Read char #2 RC=1 (06) waited/max        9/1000000  uS 
Read char #3 RC=1 (00) waited/max        9/1000000  uS 
Read char #4 RC=1 (00) waited/max        9/1000000  uS 
Read char #5 RC=1 (05) waited/max        9/1000000  uS 
Read char #6 RC=1 (8e) waited/max        9/1000000  uS 
Read char #7 RC=1 (d9) waited/max        9/1000000  uS 
Read char #8 RC=1 (df) waited/max        8/1000000  uS 
answer:  00 06 00 00 05 8e d9 df 
received 8 characters
CRC receive OK dfd9
Transmission State Check: 0
szCvrtLong           1422 0x0000058e
value                1422

Elapsed time since last comm 50 us
Attempt 1
Clearing read buffer Success!
szSerBufferSave OK! 02 4e 01 00 00 00 00 00 00 00 
command: 02 4e 01 00 00 00 00 00 10 cd 
Flushing serial device buffer... Success!
Sending command... sent 10 characters
Draining serial device buffer... Success!
Cleared data buffer: 00 00 00 00 00 00 00 00 00 00 
Read char #1 RC=1 (00) waited/max    11808/1000000  uS 
Read char #2 RC=1 (06) waited/max        9/1000000  uS 
Read char #3 RC=1 (00) waited/max        9/1000000  uS 
Read char #4 RC=1 (00) waited/max        8/1000000  uS 
Read char #5 RC=1 (14) waited/max        8/1000000  uS 
Read char #6 RC=1 (f2) waited/max        8/1000000  uS 
Read char #7 RC=1 (7b) waited/max        9/1000000  uS 
Read char #8 RC=1 (ea) waited/max        8/1000000  uS 
answer:  00 06 00 00 14 f2 7b ea 
received 8 characters
CRC receive OK ea7b
Transmission State Check: 0
szCvrtLong           5362 0x000014f2
value                5362

Elapsed time since last comm 50 us
Attempt 1
Clearing read buffer Success!
szSerBufferSave OK! 02 4e 03 00 00 00 00 00 00 00 
command: 02 4e 03 00 00 00 00 00 46 c5 
Flushing serial device buffer... Success!
Sending command... sent 10 characters
Draining serial device buffer... Success!
Cleared data buffer: 00 00 00 00 00 00 00 00 00 00 
Read char #1 RC=0 (00) waited/max    96742/1000000  uS 
answer:  Got -1 characters

Elapsed time since last comm 0 us
Attempt 2
Clearing read buffer Success!
szSerBufferSave OK! 02 4e 03 00 00 00 00 00 00 00 
command: 02 4e 03 00 00 00 00 00 46 c5 
Flushing serial device buffer... Success!
Sending command... sent 10 characters
Draining serial device buffer... Success!
Cleared data buffer: 00 00 00 00 00 00 00 00 00 00 
Read char #1 RC=1 (00) waited/max     4810/1000000  uS 
Read char #2 RC=1 (c6) waited/max        9/1000000  uS 
Read char #3 RC=1 (6f) waited/max        9/1000000  uS 
Read char #4 RC=1 (f9) waited/max        8/1000000  uS 
Read char #5 RC=1 (ff) waited/max        9/1000000  uS 
Read char #6 RC=1 (ff) waited/max        8/1000000  uS 
Read char #7 RC=1 (ff) waited/max        9/1000000  uS 
Read char #8 RC=1 (ff) waited/max        9/1000000  uS 
answer:  00 c6 6f f9 ff ff ff ff 
received 8 characters

Elapsed time since last comm 0 us
Attempt 3
Clearing read buffer Success!
szSerBufferSave OK! 02 4e 03 00 00 00 00 00 00 00 
command: 02 4e 03 00 00 00 00 00 46 c5 
Flushing serial device buffer... Success!
Sending command... sent 10 characters
Draining serial device buffer... Success!
Cleared data buffer: 00 00 00 00 00 00 00 00 00 00 
Read char #1 RC=0 (00) waited/max    99740/1000000  uS 
answer:  Got -1 characters

Restoring Serial Port settings /dev/serial/by-id/usb-1a86_USB2.0-Serial-if00-port0... Success!
Flushing serial device buffer... Success!
Closing Serial Port /dev/serial/by-id/usb-1a86_USB2.0-Serial-if00-port0... Success!

devLCKfile: </var/lock/LCK..usb-1a86_USB2.0-Serial-if00-port0>
devLCKfileNew: </var/lock/LCK..usb-1a86_USB2.0-Serial-if00-port0.11847>
Clearing Serial Port Lock (11847)... done.

20120604-13:40:12: aurora: ERROR: Received bad return code (-1 78 3)

Complete 20120604-13:40:12

