
aurora -b -a2 -c -T -Y3 -d0 -e /dev/serial/by-id/usb-1a86_USB2.0-Serial-if00-port0 

szttyDevice: /dev/serial/by-id/usb-1a86_USB2.0-Serial-if00-port0
yDelay:     1
yTimeout    0 mS
yMaxRunTime ~
devLCKfile: </var/lock/LCK..usb-1a86_USB2.0-Serial-if00-port0>
devLCKfileNew: </var/lock/LCK..usb-1a86_USB2.0-Serial-if00-port0.8426>
Got Params

RunTime 20120604-13:29:44 v1.8.0 
Endian : Little
PID : 8426

Attempting to get lock on Serial Port /dev/serial/by-id/usb-1a86_USB2.0-Serial-if00-port0...
Checking for lock

Checking process 8426 for lock
rPID: 8426 SubStrPos: aurora command: aurora = me
Appears we got the lock.

Opening Serial Port /dev/serial/by-id/usb-1a86_USB2.0-Serial-if00-port0...  Serial Port /dev/serial/by-id/usb-1a86_USB2.0-Serial-if00-port0 successfully opened.
Configuring serial device... Flushing unread data first...  Success!
Flushing serial device buffer... Success!

Comm Check: Let's see if the Aurora is listening... 
Elapsed time since last comm 0 us
Attempt 1
Clearing read buffer Success!
szSerBufferSave OK! 02 3a 00 00 00 00 00 00 00 00 
command: 02 3a 00 00 00 00 00 00 01 b7 
Flushing serial device buffer... Success!
Sending command... sent 10 characters
Draining serial device buffer... Success!
Cleared data buffer: 00 00 00 00 00 00 00 00 00 00 
Read char #1 RC=1 (00) waited/max    98836/1000000  uS 
Read char #2 RC=1 (06) waited/max       10/1000000  uS 
Read char #3 RC=1 (31) waited/max        9/1000000  uS 
Read char #4 RC=1 (42) waited/max        9/1000000  uS 
Read char #5 RC=1 (4e) waited/max        9/1000000  uS 
Read char #6 RC=1 (4e) waited/max        8/1000000  uS 
Read char #7 RC=1 (9c) waited/max        8/1000000  uS 
Read char #8 RC=1 (58) waited/max        9/1000000  uS 
answer:  00 06 31 42 4e 4e 9c 58 
received 8 characters
CRC receive OK 589c
Transmission State Check: 0
Model ID "1" Multipler 0.0970019 -- PVI-3.0-OUTD (new) --
Comm Check: OK

Elapsed time since last comm 214 us
Attempt 1
Clearing read buffer Success!
szSerBufferSave OK! 02 3b 04 00 00 00 00 00 00 00 
command: 02 3b 04 00 00 00 00 00 78 38 
Flushing serial device buffer... Success!
Sending command... sent 10 characters
Draining serial device buffer... Success!
Cleared data buffer: 00 00 00 00 00 00 00 00 00 00 
Read char #1 RC=1 (00) waited/max    19826/1000000  uS 
Read char #2 RC=1 (06) waited/max       10/1000000  uS 
Read char #3 RC=1 (42) waited/max        9/1000000  uS 
Read char #4 RC=1 (47) waited/max        8/1000000  uS 
Read char #5 RC=1 (ee) waited/max        9/1000000  uS 
Read char #6 RC=1 (99) waited/max        9/1000000  uS 
Read char #7 RC=1 (64) waited/max        9/1000000  uS 
Read char #8 RC=1 (13) waited/max        9/1000000  uS 
answer:  00 06 42 47 ee 99 64 13 
received 8 characters
CRC receive OK 1364
Transmission State Check: 0
szCvrtFloat    49.983006 0x4247ee99
value        49.983006

Elapsed time since last comm 88 us
Attempt 1
Clearing read buffer Success!
szSerBufferSave OK! 02 3b 01 00 00 00 00 00 00 00 
command: 02 3b 01 00 00 00 00 00 ff 2c 
Flushing serial device buffer... Success!
Sending command... sent 10 characters
Draining serial device buffer... Success!
Cleared data buffer: 00 00 00 00 00 00 00 00 00 00 
Read char #1 RC=1 (00) waited/max    10795/1000000  uS 
Read char #2 RC=1 (06) waited/max        9/1000000  uS 
Read char #3 RC=1 (43) waited/max        9/1000000  uS 
Read char #4 RC=1 (61) waited/max        9/1000000  uS 
Read char #5 RC=1 (a5) waited/max        9/1000000  uS 
Read char #6 RC=1 (d1) waited/max        8/1000000  uS 
Read char #7 RC=1 (bf) waited/max        8/1000000  uS 
Read char #8 RC=1 (b6) waited/max        9/1000000  uS 
answer:  00 06 43 61 a5 d1 bf b6 
received 8 characters
CRC receive OK b6bf
Transmission State Check: 0
szCvrtFloat   225.647720 0x4361a5d1
value       225.647720

Elapsed time since last comm 79 us
Attempt 1
Clearing read buffer Success!
szSerBufferSave OK! 02 3b 02 00 00 00 00 00 00 00 
command: 02 3b 02 00 00 00 00 00 82 20 
Flushing serial device buffer... Success!
Sending command... sent 10 characters
Draining serial device buffer... Success!
Cleared data buffer: 00 00 00 00 00 00 00 00 00 00 
Read char #1 RC=1 (00) waited/max    11801/1000000  uS 
Read char #2 RC=1 (06) waited/max        9/1000000  uS 
Read char #3 RC=1 (40) waited/max        9/1000000  uS 
Read char #4 RC=1 (43) waited/max        9/1000000  uS 
Read char #5 RC=1 (94) waited/max        9/1000000  uS 
Read char #6 RC=1 (c6) waited/max        8/1000000  uS 
Read char #7 RC=1 (b5) waited/max        9/1000000  uS 
Read char #8 RC=1 (ee) waited/max        9/1000000  uS 
answer:  00 06 40 43 94 c6 b5 ee 
received 8 characters
CRC receive OK eeb5
Transmission State Check: 0
szCvrtFloat     3.055955 0x404394c6
value         3.055955

Elapsed time since last comm 63 us
Attempt 1
Clearing read buffer Success!
szSerBufferSave OK! 02 3b 03 00 00 00 00 00 00 00 
command: 02 3b 03 00 00 00 00 00 a9 24 
Flushing serial device buffer... Success!
Sending command... sent 10 characters
Draining serial device buffer... Success!
Cleared data buffer: 00 00 00 00 00 00 00 00 00 00 
Read char #1 RC=0 (00) waited/max    96772/1000000  uS 
answer:  Got -1 characters

Elapsed time since last comm 0 us
Attempt 2
Clearing read buffer Success!
szSerBufferSave OK! 02 3b 03 00 00 00 00 00 00 00 
command: 02 3b 03 00 00 00 00 00 a9 24 
Flushing serial device buffer... Success!
Sending command... sent 10 characters
Draining serial device buffer... Success!
Cleared data buffer: 00 00 00 00 00 00 00 00 00 00 
Read char #1 RC=1 (ff) waited/max     8807/1000000  uS 
Read char #2 RC=1 (ff) waited/max        9/1000000  uS 
Read char #3 RC=1 (ab) waited/max        8/1000000  uS 
Read char #4 RC=1 (7f) waited/max        9/1000000  uS 
Read char #5 RC=1 (93) waited/max        9/1000000  uS 
Read char #6 RC=1 (a7) waited/max        8/1000000  uS 
Read char #7 RC=1 (5b) waited/max        9/1000000  uS 
Read char #8 RC=0 (00) waited/max    97484/1000000  uS 
answer:  Got -1 characters

Elapsed time since last comm 0 us
Attempt 3
Clearing read buffer Success!
szSerBufferSave OK! 02 3b 03 00 00 00 00 00 00 00 
command: 02 3b 03 00 00 00 00 00 a9 24 
Flushing serial device buffer... Success!
Sending command... sent 10 characters
Draining serial device buffer... Success!
Cleared data buffer: 00 00 00 00 00 00 00 00 00 00 
Read char #1 RC=1 (00) waited/max    55843/1000000  uS 
Read char #2 RC=1 (06) waited/max       11/1000000  uS 
Read char #3 RC=1 (44) waited/max        9/1000000  uS 
Read char #4 RC=1 (22) waited/max        9/1000000  uS 
Read char #5 RC=1 (36) waited/max        9/1000000  uS 
Read char #6 RC=1 (82) waited/max        8/1000000  uS 
Read char #7 RC=1 (a7) waited/max        8/1000000  uS 
Read char #8 RC=1 (5b) waited/max        9/1000000  uS 
answer:  00 06 44 22 36 82 a7 5b 
received 8 characters
CRC receive OK 5ba7
Transmission State Check: 0
szCvrtFloat   648.851685 0x44223682
value       648.851685

Elapsed time since last comm 79 us
Attempt 1
Clearing read buffer Success!
szSerBufferSave OK! 02 3b 17 00 00 00 00 00 00 00 
command: 02 3b 17 00 00 00 00 00 b5 76 
Flushing serial device buffer... Success!
Sending command... sent 10 characters
Draining serial device buffer... Success!
Cleared data buffer: 00 00 00 00 00 00 00 00 00 00 
Read char #1 RC=1 (00) waited/max    22804/1000000  uS 
Read char #2 RC=1 (06) waited/max        9/1000000  uS 
Read char #3 RC=1 (43) waited/max        9/1000000  uS 
Read char #4 RC=1 (b7) waited/max        8/1000000  uS 
Read char #5 RC=1 (62) waited/max        9/1000000  uS 
Read char #6 RC=1 (88) waited/max        9/1000000  uS 
Read char #7 RC=1 (8f) waited/max        9/1000000  uS 
Read char #8 RC=1 (a7) waited/max        8/1000000  uS 
answer:  00 06 43 b7 62 88 8f a7 
received 8 characters
CRC receive OK a78f
Transmission State Check: 0
szCvrtFloat   366.769775 0x43b76288
value       366.769775

Elapsed time since last comm 69 us
Attempt 1
Clearing read buffer Success!
szSerBufferSave OK! 02 3b 19 00 00 00 00 00 00 00 
command: 02 3b 19 00 00 00 00 00 17 4f 
Flushing serial device buffer... Success!
Sending command... sent 10 characters
Draining serial device buffer... Success!
Cleared data buffer: 00 00 00 00 00 00 00 00 00 00 
Read char #1 RC=1 (00) waited/max    10769/1000000  uS 
Read char #2 RC=1 (06) waited/max        9/1000000  uS 
Read char #3 RC=1 (3f) waited/max        9/1000000  uS 
Read char #4 RC=1 (85) waited/max        8/1000000  uS 
Read char #5 RC=1 (1f) waited/max        9/1000000  uS 
Read char #6 RC=1 (b1) waited/max        8/1000000  uS 
Read char #7 RC=1 (16) waited/max        9/1000000  uS 
Read char #8 RC=1 (b5) waited/max        9/1000000  uS 
answer:  00 06 3f 85 1f b1 16 b5 
received 8 characters
CRC receive OK b516
Transmission State Check: 0
szCvrtFloat     1.040030 0x3f851fb1
value         1.040030

Elapsed time since last comm 63 us
Attempt 1
Clearing read buffer Success!
szSerBufferSave OK! 02 3b 1a 00 00 00 00 00 00 00 
command: 02 3b 1a 00 00 00 00 00 6a 43 
Flushing serial device buffer... Success!
Sending command... sent 10 characters
Draining serial device buffer... Success!
Cleared data buffer: 00 00 00 00 00 00 00 00 00 00 
Read char #1 RC=1 (00) waited/max    10810/1000000  uS 
Read char #2 RC=1 (06) waited/max        9/1000000  uS 
Read char #3 RC=1 (43) waited/max        9/1000000  uS 
Read char #4 RC=1 (96) waited/max        8/1000000  uS 
Read char #5 RC=1 (9f) waited/max        9/1000000  uS 
Read char #6 RC=1 (e7) waited/max        9/1000000  uS 
Read char #7 RC=1 (e9) waited/max        8/1000000  uS 
Read char #8 RC=1 (a9) waited/max        9/1000000  uS 
answer:  00 06 43 96 9f e7 e9 a9 
received 8 characters
CRC receive OK a9e9
Transmission State Check: 0
szCvrtFloat   301.249237 0x43969fe7
value       301.249237

Elapsed time since last comm 69 us
Attempt 1
Clearing read buffer Success!
szSerBufferSave OK! 02 3b 1b 00 00 00 00 00 00 00 
command: 02 3b 1b 00 00 00 00 00 41 47 
Flushing serial device buffer... Success!
Sending command... sent 10 characters
Draining serial device buffer... Success!
Cleared data buffer: 00 00 00 00 00 00 00 00 00 00 
Read char #1 RC=0 (00) waited/max    97721/1000000  uS 
answer:  Got -1 characters

Elapsed time since last comm 0 us
Attempt 2
Clearing read buffer Success!
szSerBufferSave OK! 02 3b 1b 00 00 00 00 00 00 00 
command: 02 3b 1b 00 00 00 00 00 41 47 
Flushing serial device buffer... Success!
Sending command... sent 10 characters
Draining serial device buffer... Success!
Cleared data buffer: 00 00 00 00 00 00 00 00 00 00 
Read char #1 RC=1 (00) waited/max    13798/1000000  uS 
Read char #2 RC=1 (06) waited/max       10/1000000  uS 
Read char #3 RC=1 (3f) waited/max        9/1000000  uS 
Read char #4 RC=1 (7d) waited/max        9/1000000  uS 
Read char #5 RC=1 (76) waited/max        9/1000000  uS 
Read char #6 RC=1 (0b) waited/max        8/1000000  uS 
Read char #7 RC=1 (7c) waited/max        8/1000000  uS 
Read char #8 RC=1 (57) waited/max        8/1000000  uS 
answer:  00 06 3f 7d 76 0b 7c 57 
received 8 characters
CRC receive OK 577c
Transmission State Check: 0
szCvrtFloat     0.990082 0x3f7d760b
value         0.990082

Elapsed time since last comm 72 us
Attempt 1
Clearing read buffer Success!
szSerBufferSave OK! 02 3b 15 00 00 00 00 00 00 00 
command: 02 3b 15 00 00 00 00 00 e3 7e 
Flushing serial device buffer... Success!
Sending command... sent 10 characters
Draining serial device buffer... Success!
Cleared data buffer: 00 00 00 00 00 00 00 00 00 00 
Read char #1 RC=1 (00) waited/max    18845/1000000  uS 
Read char #2 RC=1 (06) waited/max       11/1000000  uS 
Read char #3 RC=1 (41) waited/max        9/1000000  uS 
Read char #4 RC=1 (d9) waited/max        8/1000000  uS 
Read char #5 RC=1 (fb) waited/max        9/1000000  uS 
Read char #6 RC=1 (06) waited/max        9/1000000  uS 
Read char #7 RC=1 (9c) waited/max        8/1000000  uS 
Read char #8 RC=1 (28) waited/max        8/1000000  uS 
answer:  00 06 41 d9 fb 06 9c 28 
received 8 characters
CRC receive OK 289c
Transmission State Check: 0
szCvrtFloat    27.247570 0x41d9fb06
value        27.247570

Elapsed time since last comm 80 us
Attempt 1
Clearing read buffer Success!
szSerBufferSave OK! 02 3b 16 00 00 00 00 00 00 00 
command: 02 3b 16 00 00 00 00 00 9e 72 
Flushing serial device buffer... Success!
Sending command... sent 10 characters
Draining serial device buffer... Success!
Cleared data buffer: 00 00 00 00 00 00 00 00 00 00 
Read char #1 RC=1 (00) waited/max    10737/1000000  uS 
Read char #2 RC=1 (06) waited/max       11/1000000  uS 
Read char #3 RC=1 (41) waited/max        9/1000000  uS 
Read char #4 RC=1 (bd) waited/max        8/1000000  uS 
Read char #5 RC=1 (28) waited/max        9/1000000  uS 
Read char #6 RC=1 (fe) waited/max        9/1000000  uS 
Read char #7 RC=1 (24) waited/max        9/1000000  uS 
Read char #8 RC=1 (40) waited/max        8/1000000  uS 
answer:  00 06 41 bd 28 fe 24 40 
received 8 characters
CRC receive OK 4024
Transmission State Check: 0
szCvrtFloat    23.645016 0x41bd28fe
value        23.645016

Attempting to get Partial Energy value 
Elapsed time since last comm 147 us
Attempt 1
Clearing read buffer Success!
szSerBufferSave OK! 02 4e 06 00 00 00 00 00 00 00 
command: 02 4e 06 00 00 00 00 00 c1 d1 
Flushing serial device buffer... Success!
Sending command... sent 10 characters
Draining serial device buffer... Success!
Cleared data buffer: 00 00 00 00 00 00 00 00 00 00 
Read char #1 RC=1 (00) waited/max    10794/1000000  uS 
Read char #2 RC=1 (06) waited/max       10/1000000  uS 
Read char #3 RC=1 (00) waited/max        9/1000000  uS 
Read char #4 RC=1 (00) waited/max        9/1000000  uS 
Read char #5 RC=1 (84) waited/max        9/1000000  uS 
Read char #6 RC=1 (72) waited/max        8/1000000  uS 
Read char #7 RC=1 (2e) waited/max        8/1000000  uS 
Read char #8 RC=1 (77) waited/max        8/1000000  uS 
answer:  00 06 00 00 84 72 2e 77 
received 8 characters
CRC receive OK 772e
Transmission State Check: 0
szCvrtLong          33906 0x00008472
value               33906

Elapsed time since last comm 52 us
Attempt 1
Clearing read buffer Success!
szSerBufferSave OK! 02 4e 00 00 00 00 00 00 00 00 
command: 02 4e 00 00 00 00 00 00 3b c9 
Flushing serial device buffer... Success!
Sending command... sent 10 characters
Draining serial device buffer... Success!
Cleared data buffer: 00 00 00 00 00 00 00 00 00 00 
Read char #1 RC=0 (00) waited/max    98770/1000000  uS 
answer:  Got -1 characters

Elapsed time since last comm 0 us
Attempt 2
Clearing read buffer Success!
szSerBufferSave OK! 02 4e 00 00 00 00 00 00 00 00 
command: 02 4e 00 00 00 00 00 00 3b c9 
Flushing serial device buffer... Success!
Sending command... sent 10 characters
Draining serial device buffer... Success!
Cleared data buffer: 00 00 00 00 00 00 00 00 00 00 
Read char #1 RC=1 (ff) waited/max     7798/1000000  uS 
Read char #2 RC=1 (ff) waited/max        9/1000000  uS 
Read char #3 RC=1 (ff) waited/max        8/1000000  uS 
Read char #4 RC=1 (df) waited/max        9/1000000  uS 
Read char #5 RC=1 (7d) waited/max        8/1000000  uS 
Read char #6 RC=1 (14) waited/max        9/1000000  uS 
Read char #7 RC=1 (66) waited/max        9/1000000  uS 
Read char #8 RC=1 (ff) waited/max        8/1000000  uS 
answer:  ff ff ff df 7d 14 66 ff 
received 8 characters

Elapsed time since last comm 0 us
Attempt 3
Clearing read buffer Success!
szSerBufferSave OK! 02 4e 00 00 00 00 00 00 00 00 
command: 02 4e 00 00 00 00 00 00 3b c9 
Flushing serial device buffer... Success!
Sending command... sent 10 characters
Draining serial device buffer... Success!
Cleared data buffer: 00 00 00 00 00 00 00 00 00 00 
Read char #1 RC=0 (00) waited/max    96773/1000000  uS 
answer:  Got -1 characters

Restoring Serial Port settings /dev/serial/by-id/usb-1a86_USB2.0-Serial-if00-port0... Success!
Flushing serial device buffer... Success!
Closing Serial Port /dev/serial/by-id/usb-1a86_USB2.0-Serial-if00-port0... Success!

devLCKfile: </var/lock/LCK..usb-1a86_USB2.0-Serial-if00-port0>
devLCKfileNew: </var/lock/LCK..usb-1a86_USB2.0-Serial-if00-port0.8426>
Clearing Serial Port Lock (8426)... done.

20120604-13:29:45: aurora: ERROR: Received bad return code (-1 78)

Complete 20120604-13:29:45

