
aurora -b -a2 -c -T -Y3 -d0 -e /dev/serial/by-id/usb-1a86_USB2.0-Serial-if00-port0 

szttyDevice: /dev/serial/by-id/usb-1a86_USB2.0-Serial-if00-port0
yDelay:     1
yTimeout    0 mS
yMaxRunTime ~
devLCKfile: </var/lock/LCK..usb-1a86_USB2.0-Serial-if00-port0>
devLCKfileNew: </var/lock/LCK..usb-1a86_USB2.0-Serial-if00-port0.11767>
Got Params

RunTime 20120604-13:39:55 v1.8.0 
Endian : Little
PID : 11767

Attempting to get lock on Serial Port /dev/serial/by-id/usb-1a86_USB2.0-Serial-if00-port0...
Checking for lock

Checking process 11767 for lock
rPID: 11767 SubStrPos: aurora command: aurora = me
Appears we got the lock.

Opening Serial Port /dev/serial/by-id/usb-1a86_USB2.0-Serial-if00-port0...  Serial Port /dev/serial/by-id/usb-1a86_USB2.0-Serial-if00-port0 successfully opened.
Configuring serial device... Flushing unread data first...  Success!
Flushing serial device buffer... Success!

Comm Check: Let's see if the Aurora is listening... 
Elapsed time since last comm 0 us
Attempt 1
Clearing read buffer Success!
szSerBufferSave OK! 02 3a 00 00 00 00 00 00 00 00 
command: 02 3a 00 00 00 00 00 00 01 b7 
Flushing serial device buffer... Success!
Sending command... sent 10 characters
Draining serial device buffer... Success!
Cleared data buffer: 00 00 00 00 00 00 00 00 00 00 
Read char #1 RC=1 (00) waited/max    10818/1000000  uS 
Read char #2 RC=1 (06) waited/max        9/1000000  uS 
Read char #3 RC=1 (31) waited/max        9/1000000  uS 
Read char #4 RC=1 (42) waited/max        8/1000000  uS 
Read char #5 RC=1 (4e) waited/max        8/1000000  uS 
Read char #6 RC=1 (4e) waited/max        9/1000000  uS 
Read char #7 RC=1 (9c) waited/max        8/1000000  uS 
Read char #8 RC=1 (58) waited/max        9/1000000  uS 
answer:  00 06 31 42 4e 4e 9c 58 
received 8 characters
CRC receive OK 589c
Transmission State Check: 0
Model ID "1" Multipler 0.0970019 -- PVI-3.0-OUTD (new) --
Comm Check: OK

Elapsed time since last comm 193 us
Attempt 1
Clearing read buffer Success!
szSerBufferSave OK! 02 3b 04 00 00 00 00 00 00 00 
command: 02 3b 04 00 00 00 00 00 78 38 
Flushing serial device buffer... Success!
Sending command... sent 10 characters
Draining serial device buffer... Success!
Cleared data buffer: 00 00 00 00 00 00 00 00 00 00 
Read char #1 RC=1 (00) waited/max    10800/1000000  uS 
Read char #2 RC=1 (06) waited/max        9/1000000  uS 
Read char #3 RC=1 (42) waited/max        9/1000000  uS 
Read char #4 RC=1 (47) waited/max        8/1000000  uS 
Read char #5 RC=1 (fa) waited/max        9/1000000  uS 
Read char #6 RC=1 (e1) waited/max        9/1000000  uS 
Read char #7 RC=1 (5a) waited/max        9/1000000  uS 
Read char #8 RC=1 (1e) waited/max        8/1000000  uS 
answer:  00 06 42 47 fa e1 5a 1e 
received 8 characters
CRC receive OK 1e5a
Transmission State Check: 0
szCvrtFloat    49.994999 0x4247fae1
value        49.994999

Elapsed time since last comm 79 us
Attempt 1
Clearing read buffer Success!
szSerBufferSave OK! 02 3b 01 00 00 00 00 00 00 00 
command: 02 3b 01 00 00 00 00 00 ff 2c 
Flushing serial device buffer... Success!
Sending command... sent 10 characters
Draining serial device buffer... Success!
Cleared data buffer: 00 00 00 00 00 00 00 00 00 00 
Read char #1 RC=0 (00) waited/max    96769/1000000  uS 
answer:  Got -1 characters

Elapsed time since last comm 0 us
Attempt 2
Clearing read buffer Success!
szSerBufferSave OK! 02 3b 01 00 00 00 00 00 00 00 
command: 02 3b 01 00 00 00 00 00 ff 2c 
Flushing serial device buffer... Success!
Sending command... sent 10 characters
Draining serial device buffer... Success!
Cleared data buffer: 00 00 00 00 00 00 00 00 00 00 
Read char #1 RC=1 (83) waited/max     8812/1000000  uS 
Read char #2 RC=1 (ad) waited/max        9/1000000  uS 
Read char #3 RC=1 (b3) waited/max        9/1000000  uS 
Read char #4 RC=1 (9b) waited/max        9/1000000  uS 
Read char #5 RC=1 (50) waited/max        9/1000000  uS 
Read char #6 RC=1 (68) waited/max        9/1000000  uS 
Read char #7 RC=0 (00) waited/max    97542/1000000  uS 
answer:  Got -1 characters

Elapsed time since last comm 0 us
Attempt 3
Clearing read buffer Success!
szSerBufferSave OK! 02 3b 01 00 00 00 00 00 00 00 
command: 02 3b 01 00 00 00 00 00 ff 2c 
Flushing serial device buffer... Success!
Sending command... sent 10 characters
Draining serial device buffer... Success!
Cleared data buffer: 00 00 00 00 00 00 00 00 00 00 
Read char #1 RC=1 (00) waited/max    54814/1000000  uS 
Read char #2 RC=1 (06) waited/max        9/1000000  uS 
Read char #3 RC=1 (43) waited/max        9/1000000  uS 
Read char #4 RC=1 (61) waited/max        9/1000000  uS 
Read char #5 RC=1 (b6) waited/max        9/1000000  uS 
Read char #6 RC=1 (93) waited/max        9/1000000  uS 
Read char #7 RC=1 (50) waited/max        9/1000000  uS 
Read char #8 RC=1 (68) waited/max        9/1000000  uS 
answer:  00 06 43 61 b6 93 50 68 
received 8 characters
CRC receive OK 6850
Transmission State Check: 0
szCvrtFloat   225.713181 0x4361b693
value       225.713181

Elapsed time since last comm 84 us
Attempt 1
Clearing read buffer Success!
szSerBufferSave OK! 02 3b 02 00 00 00 00 00 00 00 
command: 02 3b 02 00 00 00 00 00 82 20 
Flushing serial device buffer... Success!
Sending command... sent 10 characters
Draining serial device buffer... Success!
Cleared data buffer: 00 00 00 00 00 00 00 00 00 00 
Read char #1 RC=1 (00) waited/max    20811/1000000  uS 
Read char #2 RC=1 (06) waited/max        9/1000000  uS 
Read char #3 RC=1 (40) waited/max        9/1000000  uS 
Read char #4 RC=1 (4f) waited/max        8/1000000  uS 
Read char #5 RC=1 (f2) waited/max        9/1000000  uS 
Read char #6 RC=1 (c5) waited/max        9/1000000  uS 
Read char #7 RC=1 (08) waited/max        8/1000000  uS 
Read char #8 RC=1 (48) waited/max        9/1000000  uS 
answer:  00 06 40 4f f2 c5 08 48 
received 8 characters
CRC receive OK 4808
Transmission State Check: 0
szCvrtFloat     3.249192 0x404ff2c5
value         3.249192

Elapsed time since last comm 62 us
Attempt 1
Clearing read buffer Success!
szSerBufferSave OK! 02 3b 03 00 00 00 00 00 00 00 
command: 02 3b 03 00 00 00 00 00 a9 24 
Flushing serial device buffer... Success!
Sending command... sent 10 characters
Draining serial device buffer... Success!
Cleared data buffer: 00 00 00 00 00 00 00 00 00 00 
Read char #1 RC=1 (00) waited/max    10806/1000000  uS 
Read char #2 RC=1 (06) waited/max        9/1000000  uS 
Read char #3 RC=1 (44) waited/max        8/1000000  uS 
Read char #4 RC=1 (2e) waited/max        8/1000000  uS 
Read char #5 RC=1 (b4) waited/max        9/1000000  uS 
Read char #6 RC=1 (59) waited/max        8/1000000  uS 
Read char #7 RC=1 (26) waited/max        9/1000000  uS 
Read char #8 RC=1 (29) waited/max        9/1000000  uS 
answer:  00 06 44 2e b4 59 26 29 
received 8 characters
CRC receive OK 2926
Transmission State Check: 0
szCvrtFloat   698.817932 0x442eb459
value       698.817932

Elapsed time since last comm 70 us
Attempt 1
Clearing read buffer Success!
szSerBufferSave OK! 02 3b 17 00 00 00 00 00 00 00 
command: 02 3b 17 00 00 00 00 00 b5 76 
Flushing serial device buffer... Success!
Sending command... sent 10 characters
Draining serial device buffer... Success!
Cleared data buffer: 00 00 00 00 00 00 00 00 00 00 
Read char #1 RC=1 (00) waited/max    10813/1000000  uS 
Read char #2 RC=1 (06) waited/max        9/1000000  uS 
Read char #3 RC=1 (43) waited/max        9/1000000  uS 
Read char #4 RC=1 (ba) waited/max        8/1000000  uS 
Read char #5 RC=1 (e5) waited/max        8/1000000  uS 
Read char #6 RC=1 (ba) waited/max        9/1000000  uS 
Read char #7 RC=1 (a5) waited/max        8/1000000  uS 
Read char #8 RC=1 (8b) waited/max        8/1000000  uS 
answer:  00 06 43 ba e5 ba a5 8b 
received 8 characters
CRC receive OK 8ba5
Transmission State Check: 0
szCvrtFloat   373.794739 0x43bae5ba
value       373.794739

Elapsed time since last comm 67 us
Attempt 1
Clearing read buffer Success!
szSerBufferSave OK! 02 3b 19 00 00 00 00 00 00 00 
command: 02 3b 19 00 00 00 00 00 17 4f 
Flushing serial device buffer... Success!
Sending command... sent 10 characters
Draining serial device buffer... Success!
Cleared data buffer: 00 00 00 00 00 00 00 00 00 00 
Read char #1 RC=0 (00) waited/max    96735/1000000  uS 
answer:  Got -1 characters

Elapsed time since last comm 0 us
Attempt 2
Clearing read buffer Success!
szSerBufferSave OK! 02 3b 19 00 00 00 00 00 00 00 
command: 02 3b 19 00 00 00 00 00 17 4f 
Flushing serial device buffer... Success!
Sending command... sent 10 characters
Draining serial device buffer... Success!
Cleared data buffer: 00 00 00 00 00 00 00 00 00 00 
Read char #1 RC=1 (00) waited/max    16221/1000000  uS 
Read char #2 RC=1 (06) waited/max       18/1000000  uS 
Read char #3 RC=1 (3f) waited/max       13/1000000  uS 
Read char #4 RC=1 (8b) waited/max       12/1000000  uS 
Read char #5 RC=1 (84) waited/max       12/1000000  uS 
Read char #6 RC=1 (5c) waited/max      557/1000000  uS 
Read char #7 RC=1 (13) waited/max       10/1000000  uS 
Read char #8 RC=1 (64) waited/max        9/1000000  uS 
answer:  00 06 3f 8b 84 5c 13 64 
received 8 characters
CRC receive OK 6413
Transmission State Check: 0
szCvrtFloat     1.089977 0x3f8b845c
value         1.089977

Elapsed time since last comm 77 us
Attempt 1
Clearing read buffer Success!
szSerBufferSave OK! 02 3b 1a 00 00 00 00 00 00 00 
command: 02 3b 1a 00 00 00 00 00 6a 43 
Flushing serial device buffer... Success!
Sending command... sent 10 characters
Draining serial device buffer... Success!
Cleared data buffer: 00 00 00 00 00 00 00 00 00 00 
Read char #1 RC=1 (00) waited/max    14601/1000000  uS 
Read char #2 RC=1 (06) waited/max       10/1000000  uS 
Read char #3 RC=1 (43) waited/max        8/1000000  uS 
Read char #4 RC=1 (95) waited/max        9/1000000  uS 
Read char #5 RC=1 (75) waited/max        8/1000000  uS 
Read char #6 RC=1 (02) waited/max        9/1000000  uS 
Read char #7 RC=1 (c7) waited/max        8/1000000  uS 
Read char #8 RC=1 (e2) waited/max        9/1000000  uS 
answer:  00 06 43 95 75 02 c7 e2 
received 8 characters
CRC receive OK e2c7
Transmission State Check: 0
szCvrtFloat   298.914124 0x43957502
value       298.914124

Elapsed time since last comm 78 us
Attempt 1
Clearing read buffer Success!
szSerBufferSave OK! 02 3b 1b 00 00 00 00 00 00 00 
command: 02 3b 1b 00 00 00 00 00 41 47 
Flushing serial device buffer... Success!
Sending command... sent 10 characters
Draining serial device buffer... Success!
Cleared data buffer: 00 00 00 00 00 00 00 00 00 00 
Read char #1 RC=1 (00) waited/max    10897/1000000  uS 
Read char #2 RC=1 (06) waited/max       21/1000000  uS 
Read char #3 RC=1 (3f) waited/max       12/1000000  uS 
Read char #4 RC=1 (89) waited/max       12/1000000  uS 
Read char #5 RC=1 (0a) waited/max       10/1000000  uS 
Read char #6 RC=1 (d0) waited/max        8/1000000  uS 
Read char #7 RC=1 (13) waited/max        9/1000000  uS 
Read char #8 RC=1 (89) waited/max        9/1000000  uS 
answer:  00 06 3f 89 0a d0 13 89 
received 8 characters
CRC receive OK 8913
Transmission State Check: 0
szCvrtFloat     1.070642 0x3f890ad0
value         1.070642

Elapsed time since last comm 88 us
Attempt 1
Clearing read buffer Success!
szSerBufferSave OK! 02 3b 15 00 00 00 00 00 00 00 
command: 02 3b 15 00 00 00 00 00 e3 7e 
Flushing serial device buffer... Success!
Sending command... sent 10 characters
Draining serial device buffer... Success!
Cleared data buffer: 00 00 00 00 00 00 00 00 00 00 
Read char #1 RC=1 (00) waited/max    11806/1000000  uS 
Read char #2 RC=1 (06) waited/max       10/1000000  uS 
Read char #3 RC=1 (41) waited/max        9/1000000  uS 
Read char #4 RC=1 (de) waited/max        9/1000000  uS 
Read char #5 RC=1 (0b) waited/max        9/1000000  uS 
Read char #6 RC=1 (71) waited/max        9/1000000  uS 
Read char #7 RC=1 (a9) waited/max        9/1000000  uS 
Read char #8 RC=1 (df) waited/max        9/1000000  uS 
answer:  00 06 41 de 0b 71 a9 df 
received 8 characters
CRC receive OK dfa9
Transmission State Check: 0
szCvrtFloat    27.755587 0x41de0b71
value        27.755587

Elapsed time since last comm 72 us
Attempt 1
Clearing read buffer Success!
szSerBufferSave OK! 02 3b 16 00 00 00 00 00 00 00 
command: 02 3b 16 00 00 00 00 00 9e 72 
Flushing serial device buffer... Success!
Sending command... sent 10 characters
Draining serial device buffer... Success!
Cleared data buffer: 00 00 00 00 00 00 00 00 00 00 
Read char #1 RC=0 (00) waited/max    99699/1000000  uS 
answer:  Got -1 characters

Elapsed time since last comm 0 us
Attempt 2
Clearing read buffer Success!
szSerBufferSave OK! 02 3b 16 00 00 00 00 00 00 00 
command: 02 3b 16 00 00 00 00 00 9e 72 
Flushing serial device buffer... Success!
Sending command... sent 10 characters
Draining serial device buffer... Success!
Cleared data buffer: 00 00 00 00 00 00 00 00 00 00 
Read char #1 RC=1 (c9) waited/max     5675/1000000  uS 
Read char #2 RC=1 (fa) waited/max       10/1000000  uS 
Read char #3 RC=1 (ff) waited/max        9/1000000  uS 
Read char #4 RC=1 (ff) waited/max        9/1000000  uS 
Read char #5 RC=1 (ff) waited/max        9/1000000  uS 
Read char #6 RC=1 (ff) waited/max        9/1000000  uS 
Read char #7 RC=1 (fe) waited/max        9/1000000  uS 
Read char #8 RC=0 (00) waited/max    96465/1000000  uS 
answer:  Got -1 characters

Elapsed time since last comm 0 us
Attempt 3
Clearing read buffer Success!
szSerBufferSave OK! 02 3b 16 00 00 00 00 00 00 00 
command: 02 3b 16 00 00 00 00 00 9e 72 
Flushing serial device buffer... Success!
Sending command... sent 10 characters
Draining serial device buffer... Success!
Cleared data buffer: 00 00 00 00 00 00 00 00 00 00 
Read char #1 RC=1 (00) waited/max    55790/1000000  uS 
Read char #2 RC=1 (06) waited/max       10/1000000  uS 
Read char #3 RC=1 (41) waited/max        9/1000000  uS 
Read char #4 RC=1 (c0) waited/max        9/1000000  uS 
Read char #5 RC=1 (b3) waited/max        8/1000000  uS 
Read char #6 RC=1 (f8) waited/max        9/1000000  uS 
Read char #7 RC=1 (40) waited/max        8/1000000  uS 
Read char #8 RC=1 (a7) waited/max        9/1000000  uS 
answer:  00 06 41 c0 b3 f8 40 a7 
received 8 characters
CRC receive OK a740
Transmission State Check: 0
szCvrtFloat    24.087875 0x41c0b3f8
value        24.087875

Attempting to get Partial Energy value 
Elapsed time since last comm 144 us
Attempt 1
Clearing read buffer Success!
szSerBufferSave OK! 02 4e 06 00 00 00 00 00 00 00 
command: 02 4e 06 00 00 00 00 00 c1 d1 
Flushing serial device buffer... Success!
Sending command... sent 10 characters
Draining serial device buffer... Success!
Cleared data buffer: 00 00 00 00 00 00 00 00 00 00 
Read char #1 RC=1 (00) waited/max    19824/1000000  uS 
Read char #2 RC=1 (06) waited/max       10/1000000  uS 
Read char #3 RC=1 (00) waited/max        9/1000000  uS 
Read char #4 RC=1 (00) waited/max        9/1000000  uS 
Read char #5 RC=1 (84) waited/max        9/1000000  uS 
Read char #6 RC=1 (e5) waited/max        9/1000000  uS 
Read char #7 RC=1 (18) waited/max        9/1000000  uS 
Read char #8 RC=1 (97) waited/max        9/1000000  uS 
answer:  00 06 00 00 84 e5 18 97 
received 8 characters
CRC receive OK 9718
Transmission State Check: 0
szCvrtLong          34021 0x000084e5
value               34021

Elapsed time since last comm 50 us
Attempt 1
Clearing read buffer Success!
szSerBufferSave OK! 02 4e 00 00 00 00 00 00 00 00 
command: 02 4e 00 00 00 00 00 00 3b c9 
Flushing serial device buffer... Success!
Sending command... sent 10 characters
Draining serial device buffer... Success!
Cleared data buffer: 00 00 00 00 00 00 00 00 00 00 
Read char #1 RC=1 (00) waited/max    10805/1000000  uS 
Read char #2 RC=1 (06) waited/max        9/1000000  uS 
Read char #3 RC=1 (00) waited/max        9/1000000  uS 
Read char #4 RC=1 (00) waited/max        9/1000000  uS 
Read char #5 RC=1 (05) waited/max        8/1000000  uS 
Read char #6 RC=1 (8b) waited/max        8/1000000  uS 
Read char #7 RC=1 (74) waited/max        9/1000000  uS 
Read char #8 RC=1 (88) waited/max        8/1000000  uS 
answer:  00 06 00 00 05 8b 74 88 
received 8 characters
CRC receive OK 8874
Transmission State Check: 0
szCvrtLong           1419 0x0000058b
value                1419

Elapsed time since last comm 50 us
Attempt 1
Clearing read buffer Success!
szSerBufferSave OK! 02 4e 01 00 00 00 00 00 00 00 
command: 02 4e 01 00 00 00 00 00 10 cd 
Flushing serial device buffer... Success!
Sending command... sent 10 characters
Draining serial device buffer... Success!
Cleared data buffer: 00 00 00 00 00 00 00 00 00 00 
Read char #1 RC=1 (00) waited/max    10810/1000000  uS 
Read char #2 RC=1 (06) waited/max        9/1000000  uS 
Read char #3 RC=1 (00) waited/max        9/1000000  uS 
Read char #4 RC=1 (00) waited/max        8/1000000  uS 
Read char #5 RC=1 (14) waited/max        8/1000000  uS 
Read char #6 RC=1 (ef) waited/max        8/1000000  uS 
Read char #7 RC=1 (1f) waited/max        8/1000000  uS 
Read char #8 RC=1 (21) waited/max        8/1000000  uS 
answer:  00 06 00 00 14 ef 1f 21 
received 8 characters
CRC receive OK 211f
Transmission State Check: 0
szCvrtLong           5359 0x000014ef
value                5359

Elapsed time since last comm 50 us
Attempt 1
Clearing read buffer Success!
szSerBufferSave OK! 02 4e 03 00 00 00 00 00 00 00 
command: 02 4e 03 00 00 00 00 00 46 c5 
Flushing serial device buffer... Success!
Sending command... sent 10 characters
Draining serial device buffer... Success!
Cleared data buffer: 00 00 00 00 00 00 00 00 00 00 
Read char #1 RC=0 (00) 
answer:  Got -1 characters

Elapsed time since last comm 0 us
Attempt 2
Clearing read buffer Success!
szSerBufferSave OK! 02 4e 03 00 00 00 00 00 00 00 
command: 02 4e 03 00 00 00 00 00 46 c5 
Flushing serial device buffer... Success!
Sending command... sent 10 characters
Draining serial device buffer... Success!
Cleared data buffer: 00 00 00 00 00 00 00 00 00 00 
Read char #1 RC=1 (ff) waited/max     9876/1000000  uS 
Read char #2 RC=1 (f3) waited/max       17/1000000  uS 
Read char #3 RC=1 (75) waited/max       14/1000000  uS 
Read char #4 RC=1 (00) waited/max       12/1000000  uS 
Read char #5 RC=1 (84) waited/max       12/1000000  uS 
Read char #6 RC=1 (de) waited/max       11/1000000  uS 
Read char #7 RC=1 (48) waited/max       13/1000000  uS 
Read char #8 RC=1 (18) waited/max       13/1000000  uS 
answer:  ff f3 75 00 84 de 48 18 
received 8 characters

Elapsed time since last comm 0 us
Attempt 3
Clearing read buffer Success!
szSerBufferSave OK! 02 4e 03 00 00 00 00 00 00 00 
command: 02 4e 03 00 00 00 00 00 46 c5 
Flushing serial device buffer... Success!
Sending command... sent 10 characters
Draining serial device buffer... Success!
Cleared data buffer: 00 00 00 00 00 00 00 00 00 00 
Read char #1 RC=0 (00) waited/max    97553/1000000  uS 
answer:  Got -1 characters

Restoring Serial Port settings /dev/serial/by-id/usb-1a86_USB2.0-Serial-if00-port0... Success!
Flushing serial device buffer... Success!
Closing Serial Port /dev/serial/by-id/usb-1a86_USB2.0-Serial-if00-port0... Success!

devLCKfile: </var/lock/LCK..usb-1a86_USB2.0-Serial-if00-port0>
devLCKfileNew: </var/lock/LCK..usb-1a86_USB2.0-Serial-if00-port0.11767>
Clearing Serial Port Lock (11767)... done.

20120604-13:39:56: aurora: ERROR: Received bad return code (-1 78 3)

Complete 20120604-13:39:56

