
aurora -b -a2 -c -T -Y3 -d0 -e /dev/serial/by-id/usb-1a86_USB2.0-Serial-if00-port0 

szttyDevice: /dev/serial/by-id/usb-1a86_USB2.0-Serial-if00-port0
yDelay:     1
yTimeout    0 mS
yMaxRunTime ~
devLCKfile: </var/lock/LCK..usb-1a86_USB2.0-Serial-if00-port0>
devLCKfileNew: </var/lock/LCK..usb-1a86_USB2.0-Serial-if00-port0.7338>
Got Params

RunTime 20120604-13:26:25 v1.8.0 
Endian : Little
PID : 7338

Attempting to get lock on Serial Port /dev/serial/by-id/usb-1a86_USB2.0-Serial-if00-port0...
Checking for lock

Checking process 7338 for lock
rPID: 7338 SubStrPos: aurora command: aurora = me
Appears we got the lock.

Opening Serial Port /dev/serial/by-id/usb-1a86_USB2.0-Serial-if00-port0...  Serial Port /dev/serial/by-id/usb-1a86_USB2.0-Serial-if00-port0 successfully opened.
Configuring serial device... Flushing unread data first...  Success!
Flushing serial device buffer... Success!

Comm Check: Let's see if the Aurora is listening... 
Elapsed time since last comm 0 us
Attempt 1
Clearing read buffer Success!
szSerBufferSave OK! 02 3a 00 00 00 00 00 00 00 00 
command: 02 3a 00 00 00 00 00 00 01 b7 
Flushing serial device buffer... Success!
Sending command... sent 10 characters
Draining serial device buffer... Success!
Cleared data buffer: 00 00 00 00 00 00 00 00 00 00 
Read char #1 RC=0 (00) waited/max    99751/1000000  uS 
answer:  Got -1 characters

Elapsed time since last comm 0 us
Attempt 2
Clearing read buffer Success!
szSerBufferSave OK! 02 3a 00 00 00 00 00 00 00 00 
command: 02 3a 00 00 00 00 00 00 01 b7 
Flushing serial device buffer... Success!
Sending command... sent 10 characters
Draining serial device buffer... Success!
Cleared data buffer: 00 00 00 00 00 00 00 00 00 00 
Read char #1 RC=1 (00) waited/max      789/1000000  uS 
Read char #2 RC=1 (06) waited/max        9/1000000  uS 
Read char #3 RC=1 (31) waited/max        9/1000000  uS 
Read char #4 RC=1 (42) waited/max        9/1000000  uS 
Read char #5 RC=1 (4e) waited/max        9/1000000  uS 
Read char #6 RC=1 (4e) waited/max        9/1000000  uS 
Read char #7 RC=1 (9c) waited/max        8/1000000  uS 
Read char #8 RC=1 (58) waited/max        9/1000000  uS 
answer:  00 06 31 42 4e 4e 9c 58 
received 8 characters
CRC receive OK 589c
Transmission State Check: 0
Model ID "1" Multipler 0.0970019 -- PVI-3.0-OUTD (new) --
Comm Check: OK

Elapsed time since last comm 215 us
Attempt 1
Clearing read buffer Success!
szSerBufferSave OK! 02 3b 04 00 00 00 00 00 00 00 
command: 02 3b 04 00 00 00 00 00 78 38 
Flushing serial device buffer... Success!
Sending command... sent 10 characters
Draining serial device buffer... Success!
Cleared data buffer: 00 00 00 00 00 00 00 00 00 00 
Read char #1 RC=1 (00) waited/max    16797/1000000  uS 
Read char #2 RC=1 (06) waited/max       10/1000000  uS 
Read char #3 RC=1 (42) waited/max        9/1000000  uS 
Read char #4 RC=1 (47) waited/max        8/1000000  uS 
Read char #5 RC=1 (f6) waited/max        9/1000000  uS 
Read char #6 RC=1 (c9) waited/max        9/1000000  uS 
Read char #7 RC=1 (b0) waited/max        8/1000000  uS 
Read char #8 RC=1 (1a) waited/max        9/1000000  uS 
answer:  00 06 42 47 f6 c9 b0 1a 
received 8 characters
CRC receive OK 1ab0
Transmission State Check: 0
szCvrtFloat    49.991001 0x4247f6c9
value        49.991001

Elapsed time since last comm 81 us
Attempt 1
Clearing read buffer Success!
szSerBufferSave OK! 02 3b 01 00 00 00 00 00 00 00 
command: 02 3b 01 00 00 00 00 00 ff 2c 
Flushing serial device buffer... Success!
Sending command... sent 10 characters
Draining serial device buffer... Success!
Cleared data buffer: 00 00 00 00 00 00 00 00 00 00 
Read char #1 RC=1 (00) waited/max    10841/1000000  uS 
Read char #2 RC=1 (06) waited/max       11/1000000  uS 
Read char #3 RC=1 (43) waited/max        9/1000000  uS 
Read char #4 RC=1 (61) waited/max        9/1000000  uS 
Read char #5 RC=1 (ca) waited/max        8/1000000  uS 
Read char #6 RC=1 (ac) waited/max        9/1000000  uS 
Read char #7 RC=1 (40) waited/max        9/1000000  uS 
Read char #8 RC=1 (f8) waited/max        9/1000000  uS 
answer:  00 06 43 61 ca ac 40 f8 
received 8 characters
CRC receive OK f840
Transmission State Check: 0
szCvrtFloat   225.791687 0x4361caac
value       225.791687

Elapsed time since last comm 89 us
Attempt 1
Clearing read buffer Success!
szSerBufferSave OK! 02 3b 02 00 00 00 00 00 00 00 
command: 02 3b 02 00 00 00 00 00 82 20 
Flushing serial device buffer... Success!
Sending command... sent 10 characters
Draining serial device buffer... Success!
Cleared data buffer: 00 00 00 00 00 00 00 00 00 00 
Read char #1 RC=1 (00) waited/max    11795/1000000  uS 
Read char #2 RC=1 (06) waited/max       10/1000000  uS 
Read char #3 RC=1 (40) waited/max        9/1000000  uS 
Read char #4 RC=1 (33) waited/max        9/1000000  uS 
Read char #5 RC=1 (22) waited/max        8/1000000  uS 
Read char #6 RC=1 (78) waited/max        9/1000000  uS 
Read char #7 RC=1 (26) waited/max        8/1000000  uS 
Read char #8 RC=1 (5c) waited/max        8/1000000  uS 
answer:  00 06 40 33 22 78 26 5c 
received 8 characters
CRC receive OK 5c26
Transmission State Check: 0
szCvrtFloat     2.798979 0x40332278
value         2.798979

Elapsed time since last comm 64 us
Attempt 1
Clearing read buffer Success!
szSerBufferSave OK! 02 3b 03 00 00 00 00 00 00 00 
command: 02 3b 03 00 00 00 00 00 a9 24 
Flushing serial device buffer... Success!
Sending command... sent 10 characters
Draining serial device buffer... Success!
Cleared data buffer: 00 00 00 00 00 00 00 00 00 00 
Read char #1 RC=0 (00) waited/max    97768/1000000  uS 
answer:  Got -1 characters

Elapsed time since last comm 0 us
Attempt 2
Clearing read buffer Success!
szSerBufferSave OK! 02 3b 03 00 00 00 00 00 00 00 
command: 02 3b 03 00 00 00 00 00 a9 24 
Flushing serial device buffer... Success!
Sending command... sent 10 characters
Draining serial device buffer... Success!
Cleared data buffer: 00 00 00 00 00 00 00 00 00 00 
Read char #1 RC=1 (2b) waited/max     9797/1000000  uS 
Read char #2 RC=1 (9b) waited/max        9/1000000  uS 
Read char #3 RC=1 (34) waited/max        9/1000000  uS 
Read char #4 RC=1 (f4) waited/max        9/1000000  uS 
Read char #5 RC=1 (7c) waited/max        8/1000000  uS 
Read char #6 RC=1 (51) waited/max        9/1000000  uS 
Read char #7 RC=1 (ce) waited/max        8/1000000  uS 
Read char #8 RC=0 (00) waited/max    96478/1000000  uS 
answer:  Got -1 characters

Elapsed time since last comm 0 us
Attempt 3
Clearing read buffer Success!
szSerBufferSave OK! 02 3b 03 00 00 00 00 00 00 00 
command: 02 3b 03 00 00 00 00 00 a9 24 
Flushing serial device buffer... Success!
Sending command... sent 10 characters
Draining serial device buffer... Success!
Cleared data buffer: 00 00 00 00 00 00 00 00 00 00 
Read char #1 RC=1 (00) waited/max    51818/1000000  uS 
Read char #2 RC=1 (06) waited/max       11/1000000  uS 
Read char #3 RC=1 (44) waited/max        9/1000000  uS 
Read char #4 RC=1 (1c) waited/max        9/1000000  uS 
Read char #5 RC=1 (ff) waited/max        9/1000000  uS 
Read char #6 RC=1 (7c) waited/max        8/1000000  uS 
Read char #7 RC=1 (51) waited/max        9/1000000  uS 
Read char #8 RC=1 (ce) waited/max        8/1000000  uS 
answer:  00 06 44 1c ff 7c 51 ce 
received 8 characters
CRC receive OK ce51
Transmission State Check: 0
szCvrtFloat   627.991943 0x441cff7c
value       627.991943

Elapsed time since last comm 77 us
Attempt 1
Clearing read buffer Success!
szSerBufferSave OK! 02 3b 17 00 00 00 00 00 00 00 
command: 02 3b 17 00 00 00 00 00 b5 76 
Flushing serial device buffer... Success!
Sending command... sent 10 characters
Draining serial device buffer... Success!
Cleared data buffer: 00 00 00 00 00 00 00 00 00 00 
Read char #1 RC=1 (00) waited/max    18821/1000000  uS 
Read char #2 RC=1 (06) waited/max       10/1000000  uS 
Read char #3 RC=1 (43) waited/max        8/1000000  uS 
Read char #4 RC=1 (ba) waited/max        9/1000000  uS 
Read char #5 RC=1 (33) waited/max        8/1000000  uS 
Read char #6 RC=1 (65) waited/max        9/1000000  uS 
Read char #7 RC=1 (34) waited/max        9/1000000  uS 
Read char #8 RC=1 (ae) waited/max        9/1000000  uS 
answer:  00 06 43 ba 33 65 34 ae 
received 8 characters
CRC receive OK ae34
Transmission State Check: 0
szCvrtFloat   372.401520 0x43ba3365
value       372.401520

Elapsed time since last comm 75 us
Attempt 1
Clearing read buffer Success!
szSerBufferSave OK! 02 3b 19 00 00 00 00 00 00 00 
command: 02 3b 19 00 00 00 00 00 17 4f 
Flushing serial device buffer... Success!
Sending command... sent 10 characters
Draining serial device buffer... Success!
Cleared data buffer: 00 00 00 00 00 00 00 00 00 00 
Read char #1 RC=1 (00) waited/max    11843/1000000  uS 
Read char #2 RC=1 (06) waited/max        9/1000000  uS 
Read char #3 RC=1 (3f) waited/max        9/1000000  uS 
Read char #4 RC=1 (7c) waited/max        9/1000000  uS 
Read char #5 RC=1 (04) waited/max        9/1000000  uS 
Read char #6 RC=1 (79) waited/max        9/1000000  uS 
Read char #7 RC=1 (41) waited/max        8/1000000  uS 
Read char #8 RC=1 (9e) waited/max        9/1000000  uS 
answer:  00 06 3f 7c 04 79 41 9e 
received 8 characters
CRC receive OK 9e41
Transmission State Check: 0
szCvrtFloat     0.984443 0x3f7c0479
value         0.984443

Elapsed time since last comm 66 us
Attempt 1
Clearing read buffer Success!
szSerBufferSave OK! 02 3b 1a 00 00 00 00 00 00 00 
command: 02 3b 1a 00 00 00 00 00 6a 43 
Flushing serial device buffer... Success!
Sending command... sent 10 characters
Draining serial device buffer... Success!
Cleared data buffer: 00 00 00 00 00 00 00 00 00 00 
Read char #1 RC=1 (00) waited/max    10808/1000000  uS 
Read char #2 RC=1 (06) waited/max        9/1000000  uS 
Read char #3 RC=1 (43) waited/max        9/1000000  uS 
Read char #4 RC=1 (95) waited/max        8/1000000  uS 
Read char #5 RC=1 (86) waited/max        8/1000000  uS 
Read char #6 RC=1 (97) waited/max        9/1000000  uS 
Read char #7 RC=1 (83) waited/max        9/1000000  uS 
Read char #8 RC=1 (77) waited/max        9/1000000  uS 
answer:  00 06 43 95 86 97 83 77 
received 8 characters
CRC receive OK 7783
Transmission State Check: 0
szCvrtFloat   299.051483 0x43958697
value       299.051483

Elapsed time since last comm 68 us
Attempt 1
Clearing read buffer Success!
szSerBufferSave OK! 02 3b 1b 00 00 00 00 00 00 00 
command: 02 3b 1b 00 00 00 00 00 41 47 
Flushing serial device buffer... Success!
Sending command... sent 10 characters
Draining serial device buffer... Success!
Cleared data buffer: 00 00 00 00 00 00 00 00 00 00 
Read char #1 RC=0 (00) waited/max    96772/1000000  uS 
answer:  Got -1 characters

Elapsed time since last comm 0 us
Attempt 2
Clearing read buffer Success!
szSerBufferSave OK! 02 3b 1b 00 00 00 00 00 00 00 
command: 02 3b 1b 00 00 00 00 00 41 47 
Flushing serial device buffer... Success!
Sending command... sent 10 characters
Draining serial device buffer... Success!
Cleared data buffer: 00 00 00 00 00 00 00 00 00 00 
Read char #1 RC=1 (fd) waited/max     9796/1000000  uS 
Read char #2 RC=1 (f3) waited/max        9/1000000  uS 
Read char #3 RC=1 (3f) waited/max        9/1000000  uS 
Read char #4 RC=1 (76) waited/max        8/1000000  uS 
Read char #5 RC=1 (09) waited/max        9/1000000  uS 
Read char #6 RC=1 (65) waited/max        9/1000000  uS 
Read char #7 RC=1 (ae) waited/max        8/1000000  uS 
Read char #8 RC=1 (87) waited/max        9/1000000  uS 
answer:  fd f3 3f 76 09 65 ae 87 
received 8 characters

Elapsed time since last comm 0 us
Attempt 3
Clearing read buffer Success!
szSerBufferSave OK! 02 3b 1b 00 00 00 00 00 00 00 
command: 02 3b 1b 00 00 00 00 00 41 47 
Flushing serial device buffer... Success!
Sending command... sent 10 characters
Draining serial device buffer... Success!
Cleared data buffer: 00 00 00 00 00 00 00 00 00 00 
Read char #1 RC=0 (00) waited/max    98762/1000000  uS 
answer:  Got -1 characters

Restoring Serial Port settings /dev/serial/by-id/usb-1a86_USB2.0-Serial-if00-port0... Success!
Flushing serial device buffer... Success!
Closing Serial Port /dev/serial/by-id/usb-1a86_USB2.0-Serial-if00-port0... Success!

devLCKfile: </var/lock/LCK..usb-1a86_USB2.0-Serial-if00-port0>
devLCKfileNew: </var/lock/LCK..usb-1a86_USB2.0-Serial-if00-port0.7338>
Clearing Serial Port Lock (7338)... done.

20120604-13:26:25: aurora: ERROR: Received bad return code (-1 59 27)

Complete 20120604-13:26:25

