
aurora -b -a2 -c -T -Y3 -d0 -e /dev/serial/by-id/usb-1a86_USB2.0-Serial-if00-port0 

szttyDevice: /dev/serial/by-id/usb-1a86_USB2.0-Serial-if00-port0
yDelay:     1
yTimeout    0 mS
yMaxRunTime ~
devLCKfile: </var/lock/LCK..usb-1a86_USB2.0-Serial-if00-port0>
devLCKfileNew: </var/lock/LCK..usb-1a86_USB2.0-Serial-if00-port0.8442>
Got Params

RunTime 20120604-13:29:47 v1.8.0 
Endian : Little
PID : 8442

Attempting to get lock on Serial Port /dev/serial/by-id/usb-1a86_USB2.0-Serial-if00-port0...
Checking for lock

Checking process 8442 for lock
rPID: 8442 SubStrPos: aurora command: aurora = me
Appears we got the lock.

Opening Serial Port /dev/serial/by-id/usb-1a86_USB2.0-Serial-if00-port0...  Serial Port /dev/serial/by-id/usb-1a86_USB2.0-Serial-if00-port0 successfully opened.
Configuring serial device... Flushing unread data first...  Success!
Flushing serial device buffer... Success!

Comm Check: Let's see if the Aurora is listening... 
Elapsed time since last comm 0 us
Attempt 1
Clearing read buffer Success!
szSerBufferSave OK! 02 3a 00 00 00 00 00 00 00 00 
command: 02 3a 00 00 00 00 00 00 01 b7 
Flushing serial device buffer... Success!
Sending command... sent 10 characters
Draining serial device buffer... Success!
Cleared data buffer: 00 00 00 00 00 00 00 00 00 00 
Read char #1 RC=1 (00) waited/max    10786/1000000  uS 
Read char #2 RC=1 (06) waited/max        9/1000000  uS 
Read char #3 RC=1 (31) waited/max        9/1000000  uS 
Read char #4 RC=1 (42) waited/max        9/1000000  uS 
Read char #5 RC=1 (4e) waited/max        8/1000000  uS 
Read char #6 RC=1 (4e) waited/max        8/1000000  uS 
Read char #7 RC=1 (9c) waited/max        9/1000000  uS 
Read char #8 RC=1 (58) waited/max        8/1000000  uS 
answer:  00 06 31 42 4e 4e 9c 58 
received 8 characters
CRC receive OK 589c
Transmission State Check: 0
Model ID "1" Multipler 0.0970019 -- PVI-3.0-OUTD (new) --
Comm Check: OK

Elapsed time since last comm 196 us
Attempt 1
Clearing read buffer Success!
szSerBufferSave OK! 02 3b 04 00 00 00 00 00 00 00 
command: 02 3b 04 00 00 00 00 00 78 38 
Flushing serial device buffer... Success!
Sending command... sent 10 characters
Draining serial device buffer... Success!
Cleared data buffer: 00 00 00 00 00 00 00 00 00 00 
Read char #1 RC=0 (00) waited/max    96772/1000000  uS 
answer:  Got -1 characters

Elapsed time since last comm 0 us
Attempt 2
Clearing read buffer Success!
szSerBufferSave OK! 02 3b 04 00 00 00 00 00 00 00 
command: 02 3b 04 00 00 00 00 00 78 38 
Flushing serial device buffer... Success!
Sending command... sent 10 characters
Draining serial device buffer... Success!
Cleared data buffer: 00 00 00 00 00 00 00 00 00 00 
Read char #1 RC=1 (00) waited/max    19798/1000000  uS 
Read char #2 RC=1 (06) waited/max       10/1000000  uS 
Read char #3 RC=1 (42) waited/max        8/1000000  uS 
Read char #4 RC=1 (47) waited/max        9/1000000  uS 
Read char #5 RC=1 (f0) waited/max        8/1000000  uS 
Read char #6 RC=1 (a5) waited/max        9/1000000  uS 
Read char #7 RC=1 (0a) waited/max        9/1000000  uS 
Read char #8 RC=1 (e7) waited/max        9/1000000  uS 
answer:  00 06 42 47 f0 a5 0a e7 
received 8 characters
CRC receive OK e70a
Transmission State Check: 0
szCvrtFloat    49.985004 0x4247f0a5
value        49.985004

Elapsed time since last comm 89 us
Attempt 1
Clearing read buffer Success!
szSerBufferSave OK! 02 3b 01 00 00 00 00 00 00 00 
command: 02 3b 01 00 00 00 00 00 ff 2c 
Flushing serial device buffer... Success!
Sending command... sent 10 characters
Draining serial device buffer... Success!
Cleared data buffer: 00 00 00 00 00 00 00 00 00 00 
Read char #1 RC=1 (00) waited/max    17813/1000000  uS 
Read char #2 RC=1 (06) waited/max        9/1000000  uS 
Read char #3 RC=1 (43) waited/max        8/1000000  uS 
Read char #4 RC=1 (61) waited/max        9/1000000  uS 
Read char #5 RC=1 (af) waited/max        8/1000000  uS 
Read char #6 RC=1 (e0) waited/max        8/1000000  uS 
Read char #7 RC=1 (c5) waited/max        9/1000000  uS 
Read char #8 RC=1 (6b) waited/max        9/1000000  uS 
answer:  00 06 43 61 af e0 c5 6b 
received 8 characters
CRC receive OK 6bc5
Transmission State Check: 0
szCvrtFloat   225.687012 0x4361afe0
value       225.687012

Elapsed time since last comm 80 us
Attempt 1
Clearing read buffer Success!
szSerBufferSave OK! 02 3b 02 00 00 00 00 00 00 00 
command: 02 3b 02 00 00 00 00 00 82 20 
Flushing serial device buffer... Success!
Sending command... sent 10 characters
Draining serial device buffer... Success!
Cleared data buffer: 00 00 00 00 00 00 00 00 00 00 
Read char #1 RC=1 (00) waited/max    10807/1000000  uS 
Read char #2 RC=1 (06) waited/max        9/1000000  uS 
Read char #3 RC=1 (40) waited/max        9/1000000  uS 
Read char #4 RC=1 (44) waited/max        9/1000000  uS 
Read char #5 RC=1 (6e) waited/max        9/1000000  uS 
Read char #6 RC=1 (23) waited/max        8/1000000  uS 
Read char #7 RC=1 (6b) waited/max        8/1000000  uS 
Read char #8 RC=1 (53) waited/max        9/1000000  uS 
answer:  00 06 40 44 6e 23 6b 53 
received 8 characters
CRC receive OK 536b
Transmission State Check: 0
szCvrtFloat     3.069222 0x40446e23
value         3.069222

Elapsed time since last comm 62 us
Attempt 1
Clearing read buffer Success!
szSerBufferSave OK! 02 3b 03 00 00 00 00 00 00 00 
command: 02 3b 03 00 00 00 00 00 a9 24 
Flushing serial device buffer... Success!
Sending command... sent 10 characters
Draining serial device buffer... Success!
Cleared data buffer: 00 00 00 00 00 00 00 00 00 00 
Read char #1 RC=1 (00) waited/max    10800/1000000  uS 
Read char #2 RC=1 (06) waited/max        9/1000000  uS 
Read char #3 RC=1 (44) waited/max        9/1000000  uS 
Read char #4 RC=1 (23) waited/max        9/1000000  uS 
Read char #5 RC=1 (2e) waited/max        8/1000000  uS 
Read char #6 RC=1 (e2) waited/max        8/1000000  uS 
Read char #7 RC=1 (2c) waited/max        8/1000000  uS 
Read char #8 RC=1 (39) waited/max        9/1000000  uS 
answer:  00 06 44 23 2e e2 2c 39 
received 8 characters
CRC receive OK 392c
Transmission State Check: 0
szCvrtFloat   652.732544 0x44232ee2
value       652.732544

Elapsed time since last comm 69 us
Attempt 1
Clearing read buffer Success!
szSerBufferSave OK! 02 3b 17 00 00 00 00 00 00 00 
command: 02 3b 17 00 00 00 00 00 b5 76 
Flushing serial device buffer... Success!
Sending command... sent 10 characters
Draining serial device buffer... Success!
Cleared data buffer: 00 00 00 00 00 00 00 00 00 00 
Read char #1 RC=0 (00) waited/max    98743/1000000  uS 
answer:  Got -1 characters

Elapsed time since last comm 0 us
Attempt 2
Clearing read buffer Success!
szSerBufferSave OK! 02 3b 17 00 00 00 00 00 00 00 
command: 02 3b 17 00 00 00 00 00 b5 76 
Flushing serial device buffer... Success!
Sending command... sent 10 characters
Draining serial device buffer... Success!
Cleared data buffer: 00 00 00 00 00 00 00 00 00 00 
Read char #1 RC=1 (dd) waited/max     9830/1000000  uS 
Read char #2 RC=1 (3b) waited/max       10/1000000  uS 
Read char #3 RC=1 (dd) waited/max        9/1000000  uS 
Read char #4 RC=1 (41) waited/max        8/1000000  uS 
Read char #5 RC=1 (e1) waited/max        8/1000000  uS 
Read char #6 RC=1 (13) waited/max        8/1000000  uS 
Read char #7 RC=1 (50) waited/max        9/1000000  uS 
Read char #8 RC=0 (00) waited/max    96432/1000000  uS 
answer:  Got -1 characters

Elapsed time since last comm 0 us
Attempt 3
Clearing read buffer Success!
szSerBufferSave OK! 02 3b 17 00 00 00 00 00 00 00 
command: 02 3b 17 00 00 00 00 00 b5 76 
Flushing serial device buffer... Success!
Sending command... sent 10 characters
Draining serial device buffer... Success!
Cleared data buffer: 00 00 00 00 00 00 00 00 00 00 
Read char #1 RC=1 (00) waited/max    60804/1000000  uS 
Read char #2 RC=1 (06) waited/max        9/1000000  uS 
Read char #3 RC=1 (43) waited/max        9/1000000  uS 
Read char #4 RC=1 (b7) waited/max        9/1000000  uS 
Read char #5 RC=1 (26) waited/max        9/1000000  uS 
Read char #6 RC=1 (40) waited/max        8/1000000  uS 
Read char #7 RC=1 (cd) waited/max        9/1000000  uS 
Read char #8 RC=1 (cc) waited/max        9/1000000  uS 
answer:  00 06 43 b7 26 40 cd cc 
received 8 characters
CRC receive OK cccd
Transmission State Check: 0
szCvrtFloat   366.298828 0x43b72640
value       366.298828

Elapsed time since last comm 79 us
Attempt 1
Clearing read buffer Success!
szSerBufferSave OK! 02 3b 19 00 00 00 00 00 00 00 
command: 02 3b 19 00 00 00 00 00 17 4f 
Flushing serial device buffer... Success!
Sending command... sent 10 characters
Draining serial device buffer... Success!
Cleared data buffer: 00 00 00 00 00 00 00 00 00 00 
Read char #1 RC=1 (00) waited/max    16801/1000000  uS 
Read char #2 RC=1 (06) waited/max        9/1000000  uS 
Read char #3 RC=1 (3f) waited/max        8/1000000  uS 
Read char #4 RC=1 (85) waited/max        8/1000000  uS 
Read char #5 RC=1 (3a) waited/max        9/1000000  uS 
Read char #6 RC=1 (17) waited/max        9/1000000  uS 
Read char #7 RC=1 (a1) waited/max        8/1000000  uS 
Read char #8 RC=1 (28) waited/max        8/1000000  uS 
answer:  00 06 3f 85 3a 17 a1 28 
received 8 characters
CRC receive OK 28a1
Transmission State Check: 0
szCvrtFloat     1.040835 0x3f853a17
value         1.040835

Elapsed time since last comm 62 us
Attempt 1
Clearing read buffer Success!
szSerBufferSave OK! 02 3b 1a 00 00 00 00 00 00 00 
command: 02 3b 1a 00 00 00 00 00 6a 43 
Flushing serial device buffer... Success!
Sending command... sent 10 characters
Draining serial device buffer... Success!
Cleared data buffer: 00 00 00 00 00 00 00 00 00 00 
Read char #1 RC=1 (00) waited/max    10809/1000000  uS 
Read char #2 RC=1 (06) waited/max        9/1000000  uS 
Read char #3 RC=1 (43) waited/max        9/1000000  uS 
Read char #4 RC=1 (96) waited/max        9/1000000  uS 
Read char #5 RC=1 (9f) waited/max        9/1000000  uS 
Read char #6 RC=1 (e7) waited/max        9/1000000  uS 
Read char #7 RC=1 (e9) waited/max        8/1000000  uS 
Read char #8 RC=1 (a9) waited/max        8/1000000  uS 
answer:  00 06 43 96 9f e7 e9 a9 
received 8 characters
CRC receive OK a9e9
Transmission State Check: 0
szCvrtFloat   301.249237 0x43969fe7
value       301.249237

Elapsed time since last comm 68 us
Attempt 1
Clearing read buffer Success!
szSerBufferSave OK! 02 3b 1b 00 00 00 00 00 00 00 
command: 02 3b 1b 00 00 00 00 00 41 47 
Flushing serial device buffer... Success!
Sending command... sent 10 characters
Draining serial device buffer... Success!
Cleared data buffer: 00 00 00 00 00 00 00 00 00 00 
Read char #1 RC=1 (00) waited/max    10802/1000000  uS 
Read char #2 RC=1 (06) waited/max        9/1000000  uS 
Read char #3 RC=1 (3f) waited/max        8/1000000  uS 
Read char #4 RC=1 (7d) waited/max        8/1000000  uS 
Read char #5 RC=1 (76) waited/max        8/1000000  uS 
Read char #6 RC=1 (0b) waited/max        9/1000000  uS 
Read char #7 RC=1 (7c) waited/max        8/1000000  uS 
Read char #8 RC=1 (57) waited/max        8/1000000  uS 
answer:  00 06 3f 7d 76 0b 7c 57 
received 8 characters
CRC receive OK 577c
Transmission State Check: 0
szCvrtFloat     0.990082 0x3f7d760b
value         0.990082

Elapsed time since last comm 64 us
Attempt 1
Clearing read buffer Success!
szSerBufferSave OK! 02 3b 15 00 00 00 00 00 00 00 
command: 02 3b 15 00 00 00 00 00 e3 7e 
Flushing serial device buffer... Success!
Sending command... sent 10 characters
Draining serial device buffer... Success!
Cleared data buffer: 00 00 00 00 00 00 00 00 00 00 
Read char #1 RC=0 (00) waited/max    98744/1000000  uS 
answer:  Got -1 characters

Elapsed time since last comm 0 us
Attempt 2
Clearing read buffer Success!
szSerBufferSave OK! 02 3b 15 00 00 00 00 00 00 00 
command: 02 3b 15 00 00 00 00 00 e3 7e 
Flushing serial device buffer... Success!
Sending command... sent 10 characters
Draining serial device buffer... Success!
Cleared data buffer: 00 00 00 00 00 00 00 00 00 00 
Read char #1 RC=1 (79) waited/max     9807/1000000  uS 
Read char #2 RC=1 (78) waited/max        9/1000000  uS 
Read char #3 RC=1 (65) waited/max        8/1000000  uS 
Read char #4 RC=1 (fb) waited/max        9/1000000  uS 
Read char #5 RC=1 (06) waited/max        9/1000000  uS 
Read char #6 RC=1 (9c) waited/max        8/1000000  uS 
Read char #7 RC=1 (28) waited/max        9/1000000  uS 
Read char #8 RC=0 (00) 
answer:  Got -1 characters

Elapsed time since last comm 0 us
Attempt 3
Clearing read buffer Success!
szSerBufferSave OK! 02 3b 15 00 00 00 00 00 00 00 
command: 02 3b 15 00 00 00 00 00 e3 7e 
Flushing serial device buffer... Success!
Sending command... sent 10 characters
Draining serial device buffer... Success!
Cleared data buffer: 00 00 00 00 00 00 00 00 00 00 
Read char #1 RC=1 (00) waited/max    61800/1000000  uS 
Read char #2 RC=1 (06) waited/max        9/1000000  uS 
Read char #3 RC=1 (41) waited/max        8/1000000  uS 
Read char #4 RC=1 (d9) waited/max        9/1000000  uS 
Read char #5 RC=1 (fb) waited/max        9/1000000  uS 
Read char #6 RC=1 (06) waited/max        9/1000000  uS 
Read char #7 RC=1 (9c) waited/max        9/1000000  uS 
Read char #8 RC=1 (28) waited/max        9/1000000  uS 
answer:  00 06 41 d9 fb 06 9c 28 
received 8 characters
CRC receive OK 289c
Transmission State Check: 0
szCvrtFloat    27.247570 0x41d9fb06
value        27.247570

Elapsed time since last comm 77 us
Attempt 1
Clearing read buffer Success!
szSerBufferSave OK! 02 3b 16 00 00 00 00 00 00 00 
command: 02 3b 16 00 00 00 00 00 9e 72 
Flushing serial device buffer... Success!
Sending command... sent 10 characters
Draining serial device buffer... Success!
Cleared data buffer: 00 00 00 00 00 00 00 00 00 00 
Read char #1 RC=1 (00) waited/max    16808/1000000  uS 
Read char #2 RC=1 (06) waited/max        9/1000000  uS 
Read char #3 RC=1 (41) waited/max        9/1000000  uS 
Read char #4 RC=1 (bd) waited/max        8/1000000  uS 
Read char #5 RC=1 (28) waited/max        9/1000000  uS 
Read char #6 RC=1 (fe) waited/max        9/1000000  uS 
Read char #7 RC=1 (24) waited/max        8/1000000  uS 
Read char #8 RC=1 (40) waited/max        9/1000000  uS 
answer:  00 06 41 bd 28 fe 24 40 
received 8 characters
CRC receive OK 4024
Transmission State Check: 0
szCvrtFloat    23.645016 0x41bd28fe
value        23.645016

Attempting to get Partial Energy value 
Elapsed time since last comm 141 us
Attempt 1
Clearing read buffer Success!
szSerBufferSave OK! 02 4e 06 00 00 00 00 00 00 00 
command: 02 4e 06 00 00 00 00 00 c1 d1 
Flushing serial device buffer... Success!
Sending command... sent 10 characters
Draining serial device buffer... Success!
Cleared data buffer: 00 00 00 00 00 00 00 00 00 00 
Read char #1 RC=1 (00) waited/max    10801/1000000  uS 
Read char #2 RC=1 (06) waited/max        9/1000000  uS 
Read char #3 RC=1 (00) waited/max        8/1000000  uS 
Read char #4 RC=1 (00) waited/max        9/1000000  uS 
Read char #5 RC=1 (84) waited/max        9/1000000  uS 
Read char #6 RC=1 (74) waited/max        9/1000000  uS 
Read char #7 RC=1 (18) waited/max        8/1000000  uS 
Read char #8 RC=1 (12) waited/max        8/1000000  uS 
answer:  00 06 00 00 84 74 18 12 
received 8 characters
CRC receive OK 1218
Transmission State Check: 0
szCvrtLong          33908 0x00008474
value               33908

Elapsed time since last comm 52 us
Attempt 1
Clearing read buffer Success!
szSerBufferSave OK! 02 4e 00 00 00 00 00 00 00 00 
command: 02 4e 00 00 00 00 00 00 3b c9 
Flushing serial device buffer... Success!
Sending command... sent 10 characters
Draining serial device buffer... Success!
Cleared data buffer: 00 00 00 00 00 00 00 00 00 00 
Read char #1 RC=1 (00) waited/max    10869/1000000  uS 
Read char #2 RC=1 (06) waited/max       10/1000000  uS 
Read char #3 RC=1 (00) waited/max        9/1000000  uS 
Read char #4 RC=1 (00) waited/max        8/1000000  uS 
Read char #5 RC=1 (05) waited/max        9/1000000  uS 
Read char #6 RC=1 (19) waited/max        9/1000000  uS 
Read char #7 RC=1 (ef) waited/max        9/1000000  uS 
Read char #8 RC=1 (3f) waited/max        9/1000000  uS 
answer:  00 06 00 00 05 19 ef 3f 
received 8 characters
CRC receive OK 3fef
Transmission State Check: 0
szCvrtLong           1305 0x00000519
value                1305

Elapsed time since last comm 52 us
Attempt 1
Clearing read buffer Success!
szSerBufferSave OK! 02 4e 01 00 00 00 00 00 00 00 
command: 02 4e 01 00 00 00 00 00 10 cd 
Flushing serial device buffer... Success!
Sending command... sent 10 characters
Draining serial device buffer... Success!
Cleared data buffer: 00 00 00 00 00 00 00 00 00 00 
Read char #1 RC=0 (00) waited/max    97761/1000000  uS 
answer:  Got -1 characters

Elapsed time since last comm 0 us
Attempt 2
Clearing read buffer Success!
szSerBufferSave OK! 02 4e 01 00 00 00 00 00 00 00 
command: 02 4e 01 00 00 00 00 00 10 cd 
Flushing serial device buffer... Success!
Sending command... sent 10 characters
Draining serial device buffer... Success!
Cleared data buffer: 00 00 00 00 00 00 00 00 00 00 
Read char #1 RC=1 (00) waited/max    22806/1000000  uS 
Read char #2 RC=1 (06) waited/max       11/1000000  uS 
Read char #3 RC=1 (00) waited/max        9/1000000  uS 
Read char #4 RC=1 (00) waited/max        8/1000000  uS 
Read char #5 RC=1 (14) waited/max        8/1000000  uS 
Read char #6 RC=1 (7d) waited/max        8/1000000  uS 
Read char #7 RC=1 (84) waited/max        8/1000000  uS 
Read char #8 RC=1 (96) waited/max        8/1000000  uS 
answer:  00 06 00 00 14 7d 84 96 
received 8 characters
CRC receive OK 9684
Transmission State Check: 0
szCvrtLong           5245 0x0000147d
value                5245

Elapsed time since last comm 55 us
Attempt 1
Clearing read buffer Success!
szSerBufferSave OK! 02 4e 03 00 00 00 00 00 00 00 
command: 02 4e 03 00 00 00 00 00 46 c5 
Flushing serial device buffer... Success!
Sending command... sent 10 characters
Draining serial device buffer... Success!
Cleared data buffer: 00 00 00 00 00 00 00 00 00 00 
Read char #1 RC=1 (00) waited/max    10808/1000000  uS 
Read char #2 RC=1 (06) waited/max        9/1000000  uS 
Read char #3 RC=1 (00) waited/max        9/1000000  uS 
Read char #4 RC=1 (00) waited/max        9/1000000  uS 
Read char #5 RC=1 (84) waited/max        8/1000000  uS 
Read char #6 RC=1 (6d) waited/max        8/1000000  uS 
Read char #7 RC=1 (58) waited/max        9/1000000  uS 
Read char #8 RC=1 (9f) waited/max        9/1000000  uS 
answer:  00 06 00 00 84 6d 58 9f 
received 8 characters
CRC receive OK 9f58
Transmission State Check: 0
szCvrtLong          33901 0x0000846d
value               33901

Elapsed time since last comm 52 us
Attempt 1
Clearing read buffer Success!
szSerBufferSave OK! 02 4e 04 00 00 00 00 00 00 00 
command: 02 4e 04 00 00 00 00 00 97 d9 
Flushing serial device buffer... Success!
Sending command... sent 10 characters
Draining serial device buffer... Success!
Cleared data buffer: 00 00 00 00 00 00 00 00 00 00 
Read char #1 RC=1 (00) waited/max    10808/1000000  uS 
Read char #2 RC=1 (06) waited/max        9/1000000  uS 
Read char #3 RC=1 (00) waited/max        8/1000000  uS 
Read char #4 RC=1 (00) waited/max        9/1000000  uS 
Read char #5 RC=1 (84) waited/max        8/1000000  uS 
Read char #6 RC=1 (77) waited/max        8/1000000  uS 
Read char #7 RC=1 (83) waited/max        9/1000000  uS 
Read char #8 RC=1 (20) waited/max        8/1000000  uS 
answer:  00 06 00 00 84 77 83 20 
received 8 characters
CRC receive OK 2083
Transmission State Check: 0
szCvrtLong          33911 0x00008477
value               33911

Elapsed time since last comm 52 us
Attempt 1
Clearing read buffer Success!
szSerBufferSave OK! 02 4e 05 00 00 00 00 00 00 00 
command: 02 4e 05 00 00 00 00 00 bc dd 
Flushing serial device buffer... Success!
Sending command... sent 10 characters
Draining serial device buffer... Success!
Cleared data buffer: 00 00 00 00 00 00 00 00 00 00 
Read char #1 RC=0 (00) waited/max    99781/1000000  uS 
answer:  Got -1 characters

Elapsed time since last comm 0 us
Attempt 2
Clearing read buffer Success!
szSerBufferSave OK! 02 4e 05 00 00 00 00 00 00 00 
command: 02 4e 05 00 00 00 00 00 bc dd 
Flushing serial device buffer... Success!
Sending command... sent 10 characters
Draining serial device buffer... Success!
Cleared data buffer: 00 00 00 00 00 00 00 00 00 00 
Read char #1 RC=1 (ac) waited/max     5863/1000000  uS 
Read char #2 RC=1 (ff) waited/max       10/1000000  uS 
Read char #3 RC=1 (ff) waited/max        9/1000000  uS 
Read char #4 RC=1 (ff) waited/max        9/1000000  uS 
Read char #5 RC=1 (ff) waited/max        8/1000000  uS 
Read char #6 RC=1 (ff) waited/max        8/1000000  uS 
Read char #7 RC=1 (b7) waited/max        8/1000000  uS 
Read char #8 RC=1 (fd) waited/max        8/1000000  uS 
answer:  ac ff ff ff ff ff b7 fd 
received 8 characters

Elapsed time since last comm 0 us
Attempt 3
Clearing read buffer Success!
szSerBufferSave OK! 02 4e 05 00 00 00 00 00 00 00 
command: 02 4e 05 00 00 00 00 00 bc dd 
Flushing serial device buffer... Success!
Sending command... sent 10 characters
Draining serial device buffer... Success!
Cleared data buffer: 00 00 00 00 00 00 00 00 00 00 
Read char #1 RC=0 (00) waited/max    98761/1000000  uS 
answer:  Got -1 characters

Restoring Serial Port settings /dev/serial/by-id/usb-1a86_USB2.0-Serial-if00-port0... Success!
Flushing serial device buffer... Success!
Closing Serial Port /dev/serial/by-id/usb-1a86_USB2.0-Serial-if00-port0... Success!

devLCKfile: </var/lock/LCK..usb-1a86_USB2.0-Serial-if00-port0>
devLCKfileNew: </var/lock/LCK..usb-1a86_USB2.0-Serial-if00-port0.8442>
Clearing Serial Port Lock (8442)... done.

20120604-13:29:48: aurora: ERROR: Received bad return code (-1 78 5)

Complete 20120604-13:29:48

