
aurora -b -a2 -c -T -Y3 -d0 -e /dev/serial/by-id/usb-1a86_USB2.0-Serial-if00-port0 

szttyDevice: /dev/serial/by-id/usb-1a86_USB2.0-Serial-if00-port0
yDelay:     1
yTimeout    0 mS
yMaxRunTime ~
devLCKfile: </var/lock/LCK..usb-1a86_USB2.0-Serial-if00-port0>
devLCKfileNew: </var/lock/LCK..usb-1a86_USB2.0-Serial-if00-port0.6464>
Got Params

RunTime 20120604-13:23:44 v1.8.0 
Endian : Little
PID : 6464

Attempting to get lock on Serial Port /dev/serial/by-id/usb-1a86_USB2.0-Serial-if00-port0...
Checking for lock

Checking process 6464 for lock
rPID: 6464 SubStrPos: aurora command: aurora = me
Appears we got the lock.

Opening Serial Port /dev/serial/by-id/usb-1a86_USB2.0-Serial-if00-port0...  Serial Port /dev/serial/by-id/usb-1a86_USB2.0-Serial-if00-port0 successfully opened.
Configuring serial device... Flushing unread data first...  Success!
Flushing serial device buffer... Success!

Comm Check: Let's see if the Aurora is listening... 
Elapsed time since last comm 0 us
Attempt 1
Clearing read buffer Success!
szSerBufferSave OK! 02 3a 00 00 00 00 00 00 00 00 
command: 02 3a 00 00 00 00 00 00 01 b7 
Flushing serial device buffer... Success!
Sending command... sent 10 characters
Draining serial device buffer... Success!
Cleared data buffer: 00 00 00 00 00 00 00 00 00 00 
Read char #1 RC=1 (00) waited/max    10797/1000000  uS 
Read char #2 RC=1 (06) waited/max       10/1000000  uS 
Read char #3 RC=1 (31) waited/max        9/1000000  uS 
Read char #4 RC=1 (42) waited/max        8/1000000  uS 
Read char #5 RC=1 (4e) waited/max        8/1000000  uS 
Read char #6 RC=1 (4e) waited/max        8/1000000  uS 
Read char #7 RC=1 (9c) waited/max        8/1000000  uS 
Read char #8 RC=1 (58) waited/max        9/1000000  uS 
answer:  00 06 31 42 4e 4e 9c 58 
received 8 characters
CRC receive OK 589c
Transmission State Check: 0
Model ID "1" Multipler 0.0970019 -- PVI-3.0-OUTD (new) --
Comm Check: OK

Elapsed time since last comm 200 us
Attempt 1
Clearing read buffer Success!
szSerBufferSave OK! 02 3b 04 00 00 00 00 00 00 00 
command: 02 3b 04 00 00 00 00 00 78 38 
Flushing serial device buffer... Success!
Sending command... sent 10 characters
Draining serial device buffer... Success!
Cleared data buffer: 00 00 00 00 00 00 00 00 00 00 
Read char #1 RC=0 (00) waited/max    98758/1000000  uS 
answer:  Got -1 characters

Elapsed time since last comm 0 us
Attempt 2
Clearing read buffer Success!
szSerBufferSave OK! 02 3b 04 00 00 00 00 00 00 00 
command: 02 3b 04 00 00 00 00 00 78 38 
Flushing serial device buffer... Success!
Sending command... sent 10 characters
Draining serial device buffer... Success!
Cleared data buffer: 00 00 00 00 00 00 00 00 00 00 
Read char #1 RC=1 (ff) waited/max     3802/1000000  uS 
Read char #2 RC=1 (ff) waited/max     3923/1000000  uS 
Read char #3 RC=1 (df) waited/max        9/1000000  uS 
Read char #4 RC=1 (a7) waited/max        8/1000000  uS 
Read char #5 RC=1 (5c) waited/max        9/1000000  uS 
Read char #6 RC=0 (00) waited/max    98673/1000000  uS 
answer:  Got -1 characters

Elapsed time since last comm 0 us
Attempt 3
Clearing read buffer Success!
szSerBufferSave OK! 02 3b 04 00 00 00 00 00 00 00 
command: 02 3b 04 00 00 00 00 00 78 38 
Flushing serial device buffer... Success!
Sending command... sent 10 characters
Draining serial device buffer... Success!
Cleared data buffer: 00 00 00 00 00 00 00 00 00 00 
Read char #1 RC=1 (00) waited/max    53803/1000000  uS 
Read char #2 RC=1 (06) waited/max        9/1000000  uS 
Read char #3 RC=1 (42) waited/max        9/1000000  uS 
Read char #4 RC=1 (47) waited/max        9/1000000  uS 
Read char #5 RC=1 (e4) waited/max        8/1000000  uS 
Read char #6 RC=1 (5e) waited/max        9/1000000  uS 
Read char #7 RC=1 (a7) waited/max        8/1000000  uS 
Read char #8 RC=1 (5c) waited/max        8/1000000  uS 
answer:  00 06 42 47 e4 5e a7 5c 
received 8 characters
CRC receive OK 5ca7
Transmission State Check: 0
szCvrtFloat    49.973015 0x4247e45e
value        49.973015

Elapsed time since last comm 88 us
Attempt 1
Clearing read buffer Success!
szSerBufferSave OK! 02 3b 01 00 00 00 00 00 00 00 
command: 02 3b 01 00 00 00 00 00 ff 2c 
Flushing serial device buffer... Success!
Sending command... sent 10 characters
Draining serial device buffer... Success!
Cleared data buffer: 00 00 00 00 00 00 00 00 00 00 
Read char #1 RC=1 (00) waited/max    24763/1000000  uS 
Read char #2 RC=1 (06) waited/max       10/1000000  uS 
Read char #3 RC=1 (43) waited/max        9/1000000  uS 
Read char #4 RC=1 (61) waited/max        8/1000000  uS 
Read char #5 RC=1 (12) waited/max        9/1000000  uS 
Read char #6 RC=1 (2b) waited/max        9/1000000  uS 
Read char #7 RC=1 (0c) waited/max        9/1000000  uS 
Read char #8 RC=1 (99) waited/max        9/1000000  uS 
answer:  00 06 43 61 12 2b 0c 99 
received 8 characters
CRC receive OK 990c
Transmission State Check: 0
szCvrtFloat   225.070969 0x4361122b
value       225.070969

Elapsed time since last comm 93 us
Attempt 1
Clearing read buffer Success!
szSerBufferSave OK! 02 3b 02 00 00 00 00 00 00 00 
command: 02 3b 02 00 00 00 00 00 82 20 
Flushing serial device buffer... Success!
Sending command... sent 10 characters
Draining serial device buffer... Success!
Cleared data buffer: 00 00 00 00 00 00 00 00 00 00 
Read char #1 RC=1 (00) waited/max    10801/1000000  uS 
Read char #2 RC=1 (06) waited/max        9/1000000  uS 
Read char #3 RC=1 (40) waited/max        9/1000000  uS 
Read char #4 RC=1 (39) waited/max        9/1000000  uS 
Read char #5 RC=1 (15) waited/max        9/1000000  uS 
Read char #6 RC=1 (2f) waited/max        8/1000000  uS 
Read char #7 RC=1 (cc) waited/max        9/1000000  uS 
Read char #8 RC=1 (f2) waited/max        9/1000000  uS 
answer:  00 06 40 39 15 2f cc f2 
received 8 characters
CRC receive OK f2cc
Transmission State Check: 0
szCvrtFloat     2.891918 0x4039152f
value         2.891918

Elapsed time since last comm 62 us
Attempt 1
Clearing read buffer Success!
szSerBufferSave OK! 02 3b 03 00 00 00 00 00 00 00 
command: 02 3b 03 00 00 00 00 00 a9 24 
Flushing serial device buffer... Success!
Sending command... sent 10 characters
Draining serial device buffer... Success!
Cleared data buffer: 00 00 00 00 00 00 00 00 00 00 
Read char #1 RC=1 (00) waited/max    11839/1000000  uS 
Read char #2 RC=1 (06) waited/max       11/1000000  uS 
Read char #3 RC=1 (44) waited/max        9/1000000  uS 
Read char #4 RC=1 (21) waited/max        9/1000000  uS 
Read char #5 RC=1 (7c) waited/max        9/1000000  uS 
Read char #6 RC=1 (39) waited/max        9/1000000  uS 
Read char #7 RC=1 (8d) waited/max        9/1000000  uS 
Read char #8 RC=1 (04) waited/max        9/1000000  uS 
answer:  00 06 44 21 7c 39 8d 04 
received 8 characters
CRC receive OK 048d
Transmission State Check: 0
szCvrtFloat   645.940979 0x44217c39
value       645.940979

Elapsed time since last comm 77 us
Attempt 1
Clearing read buffer Success!
szSerBufferSave OK! 02 3b 17 00 00 00 00 00 00 00 
command: 02 3b 17 00 00 00 00 00 b5 76 
Flushing serial device buffer... Success!
Sending command... sent 10 characters
Draining serial device buffer... Success!
Cleared data buffer: 00 00 00 00 00 00 00 00 00 00 
Read char #1 RC=0 (00) waited/max    96768/1000000  uS 
answer:  Got -1 characters

Elapsed time since last comm 0 us
Attempt 2
Clearing read buffer Success!
szSerBufferSave OK! 02 3b 17 00 00 00 00 00 00 00 
command: 02 3b 17 00 00 00 00 00 b5 76 
Flushing serial device buffer... Success!
Sending command... sent 10 characters
Draining serial device buffer... Success!
Cleared data buffer: 00 00 00 00 00 00 00 00 00 00 
Read char #1 RC=1 (00) waited/max    16800/1000000  uS 
Read char #2 RC=1 (06) waited/max        9/1000000  uS 
Read char #3 RC=1 (43) waited/max        9/1000000  uS 
Read char #4 RC=1 (b5) waited/max        9/1000000  uS 
Read char #5 RC=1 (1e) waited/max        8/1000000  uS 
Read char #6 RC=1 (53) waited/max        9/1000000  uS 
Read char #7 RC=1 (0d) waited/max        9/1000000  uS 
Read char #8 RC=1 (23) waited/max        9/1000000  uS 
answer:  00 06 43 b5 1e 53 0d 23 
received 8 characters
CRC receive OK 230d
Transmission State Check: 0
szCvrtFloat   362.236908 0x43b51e53
value       362.236908

Elapsed time since last comm 115 us
Attempt 1
Clearing read buffer Success!
szSerBufferSave OK! 02 3b 19 00 00 00 00 00 00 00 
command: 02 3b 19 00 00 00 00 00 17 4f 
Flushing serial device buffer... Success!
Sending command... sent 10 characters
Draining serial device buffer... Success!
Cleared data buffer: 00 00 00 00 00 00 00 00 00 00 
Read char #1 RC=1 (00) waited/max    25758/1000000  uS 
Read char #2 RC=1 (06) waited/max        9/1000000  uS 
Read char #3 RC=1 (3f) waited/max        8/1000000  uS 
Read char #4 RC=1 (85) waited/max        9/1000000  uS 
Read char #5 RC=1 (3a) waited/max        9/1000000  uS 
Read char #6 RC=1 (17) waited/max        9/1000000  uS 
Read char #7 RC=1 (a1) waited/max        9/1000000  uS 
Read char #8 RC=1 (28) waited/max        9/1000000  uS 
answer:  00 06 3f 85 3a 17 a1 28 
received 8 characters
CRC receive OK 28a1
Transmission State Check: 0
szCvrtFloat     1.040835 0x3f853a17
value         1.040835

Elapsed time since last comm 68 us
Attempt 1
Clearing read buffer Success!
szSerBufferSave OK! 02 3b 1a 00 00 00 00 00 00 00 
command: 02 3b 1a 00 00 00 00 00 6a 43 
Flushing serial device buffer... Success!
Sending command... sent 10 characters
Draining serial device buffer... Success!
Cleared data buffer: 00 00 00 00 00 00 00 00 00 00 
Read char #1 RC=1 (00) waited/max    10808/1000000  uS 
Read char #2 RC=1 (06) waited/max       10/1000000  uS 
Read char #3 RC=1 (43) waited/max        8/1000000  uS 
Read char #4 RC=1 (92) waited/max        8/1000000  uS 
Read char #5 RC=1 (14) waited/max        8/1000000  uS 
Read char #6 RC=1 (fa) waited/max        8/1000000  uS 
Read char #7 RC=1 (88) waited/max        8/1000000  uS 
Read char #8 RC=1 (69) waited/max        8/1000000  uS 
answer:  00 06 43 92 14 fa 88 69 
received 8 characters
CRC receive OK 6988
Transmission State Check: 0
szCvrtFloat   292.163879 0x439214fa
value       292.163879

Elapsed time since last comm 69 us
Attempt 1
Clearing read buffer Success!
szSerBufferSave OK! 02 3b 1b 00 00 00 00 00 00 00 
command: 02 3b 1b 00 00 00 00 00 41 47 
Flushing serial device buffer... Success!
Sending command... sent 10 characters
Draining serial device buffer... Success!
Cleared data buffer: 00 00 00 00 00 00 00 00 00 00 
Read char #1 RC=0 (00) waited/max    98772/1000000  uS 
answer:  Got -1 characters

Elapsed time since last comm 0 us
Attempt 2
Clearing read buffer Success!
szSerBufferSave OK! 02 3b 1b 00 00 00 00 00 00 00 
command: 02 3b 1b 00 00 00 00 00 41 47 
Flushing serial device buffer... Success!
Sending command... sent 10 characters
Draining serial device buffer... Success!
Cleared data buffer: 00 00 00 00 00 00 00 00 00 00 
Read char #1 RC=1 (00) waited/max     2798/1000000  uS 
Read char #2 RC=1 (06) waited/max       10/1000000  uS 
Read char #3 RC=1 (3f) waited/max        9/1000000  uS 
Read char #4 RC=1 (81) waited/max        9/1000000  uS 
Read char #5 RC=1 (83) waited/max        8/1000000  uS 
Read char #6 RC=1 (ff) waited/max        8/1000000  uS 
Read char #7 RC=1 (fc) waited/max        8/1000000  uS 
Read char #8 RC=1 (ef) waited/max        8/1000000  uS 
answer:  00 06 3f 81 83 ff fc ef 
received 8 characters

Elapsed time since last comm 0 us
Attempt 3
Clearing read buffer Success!
szSerBufferSave OK! 02 3b 1b 00 00 00 00 00 00 00 
command: 02 3b 1b 00 00 00 00 00 41 47 
Flushing serial device buffer... Success!
Sending command... sent 10 characters
Draining serial device buffer... Success!
Cleared data buffer: 00 00 00 00 00 00 00 00 00 00 
Read char #1 RC=0 (00) waited/max    97765/1000000  uS 
answer:  Got -1 characters

Restoring Serial Port settings /dev/serial/by-id/usb-1a86_USB2.0-Serial-if00-port0... Success!
Flushing serial device buffer... Success!
Closing Serial Port /dev/serial/by-id/usb-1a86_USB2.0-Serial-if00-port0... Success!

devLCKfile: </var/lock/LCK..usb-1a86_USB2.0-Serial-if00-port0>
devLCKfileNew: </var/lock/LCK..usb-1a86_USB2.0-Serial-if00-port0.6464>
Clearing Serial Port Lock (6464)... done.

20120604-13:23:44: aurora: ERROR: Received bad return code (-1 59 27)

Complete 20120604-13:23:44

