
aurora -b -a2 -c -T -Y3 -d0 -e /dev/serial/by-id/usb-1a86_USB2.0-Serial-if00-port0 

szttyDevice: /dev/serial/by-id/usb-1a86_USB2.0-Serial-if00-port0
yDelay:     1
yTimeout    0 mS
yMaxRunTime ~
devLCKfile: </var/lock/LCK..usb-1a86_USB2.0-Serial-if00-port0>
devLCKfileNew: </var/lock/LCK..usb-1a86_USB2.0-Serial-if00-port0.8101>
Got Params

RunTime 20120604-13:28:39 v1.8.0 
Endian : Little
PID : 8101

Attempting to get lock on Serial Port /dev/serial/by-id/usb-1a86_USB2.0-Serial-if00-port0...
Checking for lock

Checking process 8101 for lock
rPID: 8101 SubStrPos: aurora command: aurora = me
Appears we got the lock.

Opening Serial Port /dev/serial/by-id/usb-1a86_USB2.0-Serial-if00-port0...  Serial Port /dev/serial/by-id/usb-1a86_USB2.0-Serial-if00-port0 successfully opened.
Configuring serial device... Flushing unread data first...  Success!
Flushing serial device buffer... Success!

Comm Check: Let's see if the Aurora is listening... 
Elapsed time since last comm 0 us
Attempt 1
Clearing read buffer Success!
szSerBufferSave OK! 02 3a 00 00 00 00 00 00 00 00 
command: 02 3a 00 00 00 00 00 00 01 b7 
Flushing serial device buffer... Success!
Sending command... sent 10 characters
Draining serial device buffer... Success!
Cleared data buffer: 00 00 00 00 00 00 00 00 00 00 
Read char #1 RC=0 (00) 
answer:  Got -1 characters

Elapsed time since last comm 0 us
Attempt 2
Clearing read buffer Success!
szSerBufferSave OK! 02 3a 00 00 00 00 00 00 00 00 
command: 02 3a 00 00 00 00 00 00 01 b7 
Flushing serial device buffer... Success!
Sending command... sent 10 characters
Draining serial device buffer... Success!
Cleared data buffer: 00 00 00 00 00 00 00 00 00 00 
Read char #1 RC=1 (91) waited/max     9801/1000000  uS 
Read char #2 RC=1 (b0) waited/max        9/1000000  uS 
Read char #3 RC=1 (12) waited/max        9/1000000  uS 
Read char #4 RC=1 (39) waited/max        8/1000000  uS 
Read char #5 RC=1 (39) waited/max        8/1000000  uS 
Read char #6 RC=1 (71) waited/max        8/1000000  uS 
Read char #7 RC=1 (58) waited/max        8/1000000  uS 
Read char #8 RC=0 (00) waited/max    96464/1000000  uS 
answer:  Got -1 characters

Elapsed time since last comm 0 us
Attempt 3
Clearing read buffer Success!
szSerBufferSave OK! 02 3a 00 00 00 00 00 00 00 00 
command: 02 3a 00 00 00 00 00 00 01 b7 
Flushing serial device buffer... Success!
Sending command... sent 10 characters
Draining serial device buffer... Success!
Cleared data buffer: 00 00 00 00 00 00 00 00 00 00 
Read char #1 RC=1 (00) waited/max    55810/1000000  uS 
Read char #2 RC=1 (06) waited/max        9/1000000  uS 
Read char #3 RC=1 (31) waited/max        8/1000000  uS 
Read char #4 RC=1 (42) waited/max        8/1000000  uS 
Read char #5 RC=1 (4e) waited/max        8/1000000  uS 
Read char #6 RC=1 (4e) waited/max        8/1000000  uS 
Read char #7 RC=1 (9c) waited/max        8/1000000  uS 
Read char #8 RC=1 (58) waited/max        9/1000000  uS 
answer:  00 06 31 42 4e 4e 9c 58 
received 8 characters
CRC receive OK 589c
Transmission State Check: 0
Model ID "1" Multipler 0.0970019 -- PVI-3.0-OUTD (new) --
Comm Check: OK

Elapsed time since last comm 213 us
Attempt 1
Clearing read buffer Success!
szSerBufferSave OK! 02 3b 04 00 00 00 00 00 00 00 
command: 02 3b 04 00 00 00 00 00 78 38 
Flushing serial device buffer... Success!
Sending command... sent 10 characters
Draining serial device buffer... Success!
Cleared data buffer: 00 00 00 00 00 00 00 00 00 00 
Read char #1 RC=1 (00) waited/max    22807/1000000  uS 
Read char #2 RC=1 (06) waited/max        9/1000000  uS 
Read char #3 RC=1 (42) waited/max        9/1000000  uS 
Read char #4 RC=1 (47) waited/max        9/1000000  uS 
Read char #5 RC=1 (f1) waited/max        8/1000000  uS 
Read char #6 RC=1 (ab) waited/max        9/1000000  uS 
Read char #7 RC=1 (ac) waited/max        8/1000000  uS 
Read char #8 RC=1 (17) waited/max        9/1000000  uS 
answer:  00 06 42 47 f1 ab ac 17 
received 8 characters
CRC receive OK 17ac
Transmission State Check: 0
szCvrtFloat    49.986004 0x4247f1ab
value        49.986004

Elapsed time since last comm 81 us
Attempt 1
Clearing read buffer Success!
szSerBufferSave OK! 02 3b 01 00 00 00 00 00 00 00 
command: 02 3b 01 00 00 00 00 00 ff 2c 
Flushing serial device buffer... Success!
Sending command... sent 10 characters
Draining serial device buffer... Success!
Cleared data buffer: 00 00 00 00 00 00 00 00 00 00 
Read char #1 RC=1 (00) waited/max    10795/1000000  uS 
Read char #2 RC=1 (06) waited/max        9/1000000  uS 
Read char #3 RC=1 (43) waited/max        8/1000000  uS 
Read char #4 RC=1 (61) waited/max        8/1000000  uS 
Read char #5 RC=1 (b9) waited/max        9/1000000  uS 
Read char #6 RC=1 (eb) waited/max        9/1000000  uS 
Read char #7 RC=1 (57) waited/max        9/1000000  uS 
Read char #8 RC=1 (14) waited/max        8/1000000  uS 
answer:  00 06 43 61 b9 eb 57 14 
received 8 characters
CRC receive OK 1457
Transmission State Check: 0
szCvrtFloat   225.726242 0x4361b9eb
value       225.726242

Elapsed time since last comm 76 us
Attempt 1
Clearing read buffer Success!
szSerBufferSave OK! 02 3b 02 00 00 00 00 00 00 00 
command: 02 3b 02 00 00 00 00 00 82 20 
Flushing serial device buffer... Success!
Sending command... sent 10 characters
Draining serial device buffer... Success!
Cleared data buffer: 00 00 00 00 00 00 00 00 00 00 
Read char #1 RC=0 (00) waited/max    98794/1000000  uS 
answer:  Got -1 characters

Elapsed time since last comm 0 us
Attempt 2
Clearing read buffer Success!
szSerBufferSave OK! 02 3b 02 00 00 00 00 00 00 00 
command: 02 3b 02 00 00 00 00 00 82 20 
Flushing serial device buffer... Success!
Sending command... sent 10 characters
Draining serial device buffer... Success!
Cleared data buffer: 00 00 00 00 00 00 00 00 00 00 
Read char #1 RC=1 (fb) waited/max     2799/1000000  uS 
Read char #2 RC=1 (7c) waited/max        9/1000000  uS 
Read char #3 RC=1 (ff) waited/max     2850/1000000  uS 
Read char #4 RC=1 (ff) waited/max        9/1000000  uS 
Read char #5 RC=0 (00) waited/max    96814/1000000  uS 
answer:  Got -1 characters

Elapsed time since last comm 0 us
Attempt 3
Clearing read buffer Success!
szSerBufferSave OK! 02 3b 02 00 00 00 00 00 00 00 
command: 02 3b 02 00 00 00 00 00 82 20 
Flushing serial device buffer... Success!
Sending command... sent 10 characters
Draining serial device buffer... Success!
Cleared data buffer: 00 00 00 00 00 00 00 00 00 00 
Read char #1 RC=1 (00) waited/max    56637/1000000  uS 
Read char #2 RC=1 (06) waited/max       11/1000000  uS 
Read char #3 RC=1 (40) waited/max        9/1000000  uS 
Read char #4 RC=1 (3d) waited/max        9/1000000  uS 
Read char #5 RC=1 (87) waited/max        8/1000000  uS 
Read char #6 RC=1 (6c) waited/max        9/1000000  uS 
Read char #7 RC=1 (df) waited/max        9/1000000  uS 
Read char #8 RC=1 (cb) waited/max        9/1000000  uS 
answer:  00 06 40 3d 87 6c df cb 
received 8 characters
CRC receive OK cbdf
Transmission State Check: 0
szCvrtFloat     2.961390 0x403d876c
value         2.961390

Elapsed time since last comm 73 us
Attempt 1
Clearing read buffer Success!
szSerBufferSave OK! 02 3b 03 00 00 00 00 00 00 00 
command: 02 3b 03 00 00 00 00 00 a9 24 
Flushing serial device buffer... Success!
Sending command... sent 10 characters
Draining serial device buffer... Success!
Cleared data buffer: 00 00 00 00 00 00 00 00 00 00 
Read char #1 RC=1 (00) waited/max    22770/1000000  uS 
Read char #2 RC=1 (06) waited/max       14/1000000  uS 
Read char #3 RC=1 (44) waited/max       12/1000000  uS 
Read char #4 RC=1 (1c) waited/max       13/1000000  uS 
Read char #5 RC=1 (26) waited/max       13/1000000  uS 
Read char #6 RC=1 (28) waited/max       12/1000000  uS 
Read char #7 RC=1 (d3) waited/max       13/1000000  uS 
Read char #8 RC=1 (52) waited/max       12/1000000  uS 
answer:  00 06 44 1c 26 28 d3 52 
received 8 characters
CRC receive OK 52d3
Transmission State Check: 0
szCvrtFloat   624.596191 0x441c2628
value       624.596191

Elapsed time since last comm 111 us
Attempt 1
Clearing read buffer Success!
szSerBufferSave OK! 02 3b 17 00 00 00 00 00 00 00 
command: 02 3b 17 00 00 00 00 00 b5 76 
Flushing serial device buffer... Success!
Sending command... sent 10 characters
Draining serial device buffer... Success!
Cleared data buffer: 00 00 00 00 00 00 00 00 00 00 
Read char #1 RC=1 (00) waited/max    11804/1000000  uS 
Read char #2 RC=1 (06) waited/max       10/1000000  uS 
Read char #3 RC=1 (43) waited/max        9/1000000  uS 
Read char #4 RC=1 (ba) waited/max        8/1000000  uS 
Read char #5 RC=1 (68) waited/max        8/1000000  uS 
Read char #6 RC=1 (24) waited/max        9/1000000  uS 
Read char #7 RC=1 (e6) waited/max        8/1000000  uS 
Read char #8 RC=1 (ca) waited/max        8/1000000  uS 
answer:  00 06 43 ba 68 24 e6 ca 
received 8 characters
CRC receive OK cae6
Transmission State Check: 0
szCvrtFloat   372.813599 0x43ba6824
value       372.813599

Elapsed time since last comm 74 us
Attempt 1
Clearing read buffer Success!
szSerBufferSave OK! 02 3b 19 00 00 00 00 00 00 00 
command: 02 3b 19 00 00 00 00 00 17 4f 
Flushing serial device buffer... Success!
Sending command... sent 10 characters
Draining serial device buffer... Success!
Cleared data buffer: 00 00 00 00 00 00 00 00 00 00 
Read char #1 RC=1 (00) waited/max    10809/1000000  uS 
Read char #2 RC=1 (06) waited/max        9/1000000  uS 
Read char #3 RC=1 (3f) waited/max        8/1000000  uS 
Read char #4 RC=1 (82) waited/max        9/1000000  uS 
Read char #5 RC=1 (22) waited/max        9/1000000  uS 
Read char #6 RC=1 (27) waited/max        8/1000000  uS 
Read char #7 RC=1 (76) waited/max        9/1000000  uS 
Read char #8 RC=1 (ce) waited/max        9/1000000  uS 
answer:  00 06 3f 82 22 27 76 ce 
received 8 characters
CRC receive OK ce76
Transmission State Check: 0
szCvrtFloat     1.016667 0x3f822227
value         1.016667

Elapsed time since last comm 62 us
Attempt 1
Clearing read buffer Success!
szSerBufferSave OK! 02 3b 1a 00 00 00 00 00 00 00 
command: 02 3b 1a 00 00 00 00 00 6a 43 
Flushing serial device buffer... Success!
Sending command... sent 10 characters
Draining serial device buffer... Success!
Cleared data buffer: 00 00 00 00 00 00 00 00 00 00 
Read char #1 RC=0 (00) waited/max    99778/1000000  uS 
answer:  Got -1 characters

Elapsed time since last comm 0 us
Attempt 2
Clearing read buffer Success!
szSerBufferSave OK! 02 3b 1a 00 00 00 00 00 00 00 
command: 02 3b 1a 00 00 00 00 00 6a 43 
Flushing serial device buffer... Success!
Sending command... sent 10 characters
Draining serial device buffer... Success!
Cleared data buffer: 00 00 00 00 00 00 00 00 00 00 
Read char #1 RC=1 (e5) waited/max     9800/1000000  uS 
Read char #2 RC=1 (07) waited/max        9/1000000  uS 
Read char #3 RC=1 (43) waited/max        9/1000000  uS 
Read char #4 RC=1 (96) waited/max        9/1000000  uS 
Read char #5 RC=1 (38) waited/max        9/1000000  uS 
Read char #6 RC=1 (ec) waited/max        9/1000000  uS 
Read char #7 RC=1 (cd) waited/max        9/1000000  uS 
Read char #8 RC=1 (f5) waited/max        8/1000000  uS 
answer:  e5 07 43 96 38 ec cd f5 
received 8 characters

Elapsed time since last comm 0 us
Attempt 3
Clearing read buffer Success!
szSerBufferSave OK! 02 3b 1a 00 00 00 00 00 00 00 
command: 02 3b 1a 00 00 00 00 00 6a 43 
Flushing serial device buffer... Success!
Sending command... sent 10 characters
Draining serial device buffer... Success!
Cleared data buffer: 00 00 00 00 00 00 00 00 00 00 
Read char #1 RC=0 (00) waited/max    98757/1000000  uS 
answer:  Got -1 characters

Restoring Serial Port settings /dev/serial/by-id/usb-1a86_USB2.0-Serial-if00-port0... Success!
Flushing serial device buffer... Success!
Closing Serial Port /dev/serial/by-id/usb-1a86_USB2.0-Serial-if00-port0... Success!

devLCKfile: </var/lock/LCK..usb-1a86_USB2.0-Serial-if00-port0>
devLCKfileNew: </var/lock/LCK..usb-1a86_USB2.0-Serial-if00-port0.8101>
Clearing Serial Port Lock (8101)... done.

20120604-13:28:40: aurora: ERROR: Received bad return code (-1 59 26)

Complete 20120604-13:28:40

