
aurora -b -a2 -c -T -Y3 -d0 -e /dev/serial/by-id/usb-1a86_USB2.0-Serial-if00-port0 

szttyDevice: /dev/serial/by-id/usb-1a86_USB2.0-Serial-if00-port0
yDelay:     1
yTimeout    0 mS
yMaxRunTime ~
devLCKfile: </var/lock/LCK..usb-1a86_USB2.0-Serial-if00-port0>
devLCKfileNew: </var/lock/LCK..usb-1a86_USB2.0-Serial-if00-port0.8036>
Got Params

RunTime 20120604-13:28:28 v1.8.0 
Endian : Little
PID : 8036

Attempting to get lock on Serial Port /dev/serial/by-id/usb-1a86_USB2.0-Serial-if00-port0...
Checking for lock

Checking process 8036 for lock
rPID: 8036 SubStrPos: aurora command: aurora = me
Appears we got the lock.

Opening Serial Port /dev/serial/by-id/usb-1a86_USB2.0-Serial-if00-port0...  Serial Port /dev/serial/by-id/usb-1a86_USB2.0-Serial-if00-port0 successfully opened.
Configuring serial device... Flushing unread data first...  Success!
Flushing serial device buffer... Success!

Comm Check: Let's see if the Aurora is listening... 
Elapsed time since last comm 0 us
Attempt 1
Clearing read buffer Success!
szSerBufferSave OK! 02 3a 00 00 00 00 00 00 00 00 
command: 02 3a 00 00 00 00 00 00 01 b7 
Flushing serial device buffer... Success!
Sending command... sent 10 characters
Draining serial device buffer... Success!
Cleared data buffer: 00 00 00 00 00 00 00 00 00 00 
Read char #1 RC=1 (00) waited/max    10803/1000000  uS 
Read char #2 RC=1 (06) waited/max       10/1000000  uS 
Read char #3 RC=1 (31) waited/max        9/1000000  uS 
Read char #4 RC=1 (42) waited/max        8/1000000  uS 
Read char #5 RC=1 (4e) waited/max        8/1000000  uS 
Read char #6 RC=1 (4e) waited/max        9/1000000  uS 
Read char #7 RC=1 (9c) waited/max        9/1000000  uS 
Read char #8 RC=1 (58) waited/max        9/1000000  uS 
answer:  00 06 31 42 4e 4e 9c 58 
received 8 characters
CRC receive OK 589c
Transmission State Check: 0
Model ID "1" Multipler 0.0970019 -- PVI-3.0-OUTD (new) --
Comm Check: OK

Elapsed time since last comm 194 us
Attempt 1
Clearing read buffer Success!
szSerBufferSave OK! 02 3b 04 00 00 00 00 00 00 00 
command: 02 3b 04 00 00 00 00 00 78 38 
Flushing serial device buffer... Success!
Sending command... sent 10 characters
Draining serial device buffer... Success!
Cleared data buffer: 00 00 00 00 00 00 00 00 00 00 
Read char #1 RC=0 (00) waited/max    97766/1000000  uS 
answer:  Got -1 characters

Elapsed time since last comm 0 us
Attempt 2
Clearing read buffer Success!
szSerBufferSave OK! 02 3b 04 00 00 00 00 00 00 00 
command: 02 3b 04 00 00 00 00 00 78 38 
Flushing serial device buffer... Success!
Sending command... sent 10 characters
Draining serial device buffer... Success!
Cleared data buffer: 00 00 00 00 00 00 00 00 00 00 
Read char #1 RC=1 (00) waited/max    17809/1000000  uS 
Read char #2 RC=1 (06) waited/max       10/1000000  uS 
Read char #3 RC=1 (42) waited/max        9/1000000  uS 
Read char #4 RC=1 (48) waited/max        9/1000000  uS 
Read char #5 RC=1 (02) waited/max        9/1000000  uS 
Read char #6 RC=1 (0c) waited/max        8/1000000  uS 
Read char #7 RC=1 (be) waited/max        8/1000000  uS 
Read char #8 RC=1 (da) waited/max        9/1000000  uS 
answer:  00 06 42 48 02 0c be da 
received 8 characters
CRC receive OK dabe
Transmission State Check: 0
szCvrtFloat    50.001999 0x4248020c
value        50.001999

Elapsed time since last comm 87 us
Attempt 1
Clearing read buffer Success!
szSerBufferSave OK! 02 3b 01 00 00 00 00 00 00 00 
command: 02 3b 01 00 00 00 00 00 ff 2c 
Flushing serial device buffer... Success!
Sending command... sent 10 characters
Draining serial device buffer... Success!
Cleared data buffer: 00 00 00 00 00 00 00 00 00 00 
Read char #1 RC=1 (00) waited/max    15808/1000000  uS 
Read char #2 RC=1 (06) waited/max        9/1000000  uS 
Read char #3 RC=1 (43) waited/max        9/1000000  uS 
Read char #4 RC=1 (61) waited/max        9/1000000  uS 
Read char #5 RC=1 (a9) waited/max        8/1000000  uS 
Read char #6 RC=1 (2b) waited/max        9/1000000  uS 
Read char #7 RC=1 (ca) waited/max        9/1000000  uS 
Read char #8 RC=1 (47) waited/max        8/1000000  uS 
answer:  00 06 43 61 a9 2b ca 47 
received 8 characters
CRC receive OK 47ca
Transmission State Check: 0
szCvrtFloat   225.660812 0x4361a92b
value       225.660812

Elapsed time since last comm 79 us
Attempt 1
Clearing read buffer Success!
szSerBufferSave OK! 02 3b 02 00 00 00 00 00 00 00 
command: 02 3b 02 00 00 00 00 00 82 20 
Flushing serial device buffer... Success!
Sending command... sent 10 characters
Draining serial device buffer... Success!
Cleared data buffer: 00 00 00 00 00 00 00 00 00 00 
Read char #1 RC=1 (00) waited/max    10803/1000000  uS 
Read char #2 RC=1 (06) waited/max        9/1000000  uS 
Read char #3 RC=1 (40) waited/max        9/1000000  uS 
Read char #4 RC=1 (38) waited/max        8/1000000  uS 
Read char #5 RC=1 (2e) waited/max        8/1000000  uS 
Read char #6 RC=1 (2d) waited/max        8/1000000  uS 
Read char #7 RC=1 (08) waited/max        8/1000000  uS 
Read char #8 RC=1 (d9) waited/max        9/1000000  uS 
answer:  00 06 40 38 2e 2d 08 d9 
received 8 characters
CRC receive OK d908
Transmission State Check: 0
szCvrtFloat     2.877818 0x40382e2d
value         2.877818

Elapsed time since last comm 62 us
Attempt 1
Clearing read buffer Success!
szSerBufferSave OK! 02 3b 03 00 00 00 00 00 00 00 
command: 02 3b 03 00 00 00 00 00 a9 24 
Flushing serial device buffer... Success!
Sending command... sent 10 characters
Draining serial device buffer... Success!
Cleared data buffer: 00 00 00 00 00 00 00 00 00 00 
Read char #1 RC=1 (00) waited/max    10396/1000000  uS 
Read char #2 RC=1 (06) waited/max       10/1000000  uS 
Read char #3 RC=1 (44) waited/max        9/1000000  uS 
Read char #4 RC=1 (21) waited/max        9/1000000  uS 
Read char #5 RC=1 (1f) waited/max        9/1000000  uS 
Read char #6 RC=1 (15) waited/max        9/1000000  uS 
Read char #7 RC=1 (de) waited/max        9/1000000  uS 
Read char #8 RC=1 (a0) waited/max        9/1000000  uS 
answer:  00 06 44 21 1f 15 de a0 
received 8 characters
CRC receive OK a0de
Transmission State Check: 0
szCvrtFloat   644.485657 0x44211f15
value       644.485657

Elapsed time since last comm 78 us
Attempt 1
Clearing read buffer Success!
szSerBufferSave OK! 02 3b 17 00 00 00 00 00 00 00 
command: 02 3b 17 00 00 00 00 00 b5 76 
Flushing serial device buffer... Success!
Sending command... sent 10 characters
Draining serial device buffer... Success!
Cleared data buffer: 00 00 00 00 00 00 00 00 00 00 
Read char #1 RC=0 (00) waited/max    98739/1000000  uS 
answer:  Got -1 characters

Elapsed time since last comm 0 us
Attempt 2
Clearing read buffer Success!
szSerBufferSave OK! 02 3b 17 00 00 00 00 00 00 00 
command: 02 3b 17 00 00 00 00 00 b5 76 
Flushing serial device buffer... Success!
Sending command... sent 10 characters
Draining serial device buffer... Success!
Cleared data buffer: 00 00 00 00 00 00 00 00 00 00 
Read char #1 RC=1 (b5) waited/max     9811/1000000  uS 
Read char #2 RC=1 (36) waited/max       10/1000000  uS 
Read char #3 RC=1 (d3) waited/max        9/1000000  uS 
Read char #4 RC=1 (6b) waited/max        8/1000000  uS 
Read char #5 RC=1 (53) waited/max        8/1000000  uS 
Read char #6 RC=1 (02) waited/max        9/1000000  uS 
Read char #7 RC=1 (d6) waited/max        9/1000000  uS 
Read char #8 RC=1 (fd) waited/max        9/1000000  uS 
answer:  b5 36 d3 6b 53 02 d6 fd 
received 8 characters

Elapsed time since last comm 0 us
Attempt 3
Clearing read buffer Success!
szSerBufferSave OK! 02 3b 17 00 00 00 00 00 00 00 
command: 02 3b 17 00 00 00 00 00 b5 76 
Flushing serial device buffer... Success!
Sending command... sent 10 characters
Draining serial device buffer... Success!
Cleared data buffer: 00 00 00 00 00 00 00 00 00 00 
Read char #1 RC=0 (00) waited/max    98762/1000000  uS 
answer:  Got -1 characters

Restoring Serial Port settings /dev/serial/by-id/usb-1a86_USB2.0-Serial-if00-port0... Success!
Flushing serial device buffer... Success!
Closing Serial Port /dev/serial/by-id/usb-1a86_USB2.0-Serial-if00-port0... Success!

devLCKfile: </var/lock/LCK..usb-1a86_USB2.0-Serial-if00-port0>
devLCKfileNew: </var/lock/LCK..usb-1a86_USB2.0-Serial-if00-port0.8036>
Clearing Serial Port Lock (8036)... done.

20120604-13:28:28: aurora: ERROR: Received bad return code (-1 59 23)

Complete 20120604-13:28:28

