
aurora -b -a2 -c -T -Y3 -d0 -e /dev/serial/by-id/usb-1a86_USB2.0-Serial-if00-port0 

szttyDevice: /dev/serial/by-id/usb-1a86_USB2.0-Serial-if00-port0
yDelay:     1
yTimeout    0 mS
yMaxRunTime ~
devLCKfile: </var/lock/LCK..usb-1a86_USB2.0-Serial-if00-port0>
devLCKfileNew: </var/lock/LCK..usb-1a86_USB2.0-Serial-if00-port0.7372>
Got Params

RunTime 20120604-13:26:31 v1.8.0 
Endian : Little
PID : 7372

Attempting to get lock on Serial Port /dev/serial/by-id/usb-1a86_USB2.0-Serial-if00-port0...
Checking for lock

Checking process 7372 for lock
rPID: 7372 SubStrPos: aurora command: aurora = me
Appears we got the lock.

Opening Serial Port /dev/serial/by-id/usb-1a86_USB2.0-Serial-if00-port0...  Serial Port /dev/serial/by-id/usb-1a86_USB2.0-Serial-if00-port0 successfully opened.
Configuring serial device... Flushing unread data first...  Success!
Flushing serial device buffer... Success!

Comm Check: Let's see if the Aurora is listening... 
Elapsed time since last comm 0 us
Attempt 1
Clearing read buffer Success!
szSerBufferSave OK! 02 3a 00 00 00 00 00 00 00 00 
command: 02 3a 00 00 00 00 00 00 01 b7 
Flushing serial device buffer... Success!
Sending command... sent 10 characters
Draining serial device buffer... Success!
Cleared data buffer: 00 00 00 00 00 00 00 00 00 00 
Read char #1 RC=1 (00) waited/max    11813/1000000  uS 
Read char #2 RC=1 (06) waited/max       10/1000000  uS 
Read char #3 RC=1 (31) waited/max        9/1000000  uS 
Read char #4 RC=1 (42) waited/max        8/1000000  uS 
Read char #5 RC=1 (4e) waited/max        8/1000000  uS 
Read char #6 RC=1 (4e) waited/max        8/1000000  uS 
Read char #7 RC=1 (9c) waited/max        8/1000000  uS 
Read char #8 RC=1 (58) waited/max        8/1000000  uS 
answer:  00 06 31 42 4e 4e 9c 58 
received 8 characters
CRC receive OK 589c
Transmission State Check: 0
Model ID "1" Multipler 0.0970019 -- PVI-3.0-OUTD (new) --
Comm Check: OK

Elapsed time since last comm 191 us
Attempt 1
Clearing read buffer Success!
szSerBufferSave OK! 02 3b 04 00 00 00 00 00 00 00 
command: 02 3b 04 00 00 00 00 00 78 38 
Flushing serial device buffer... Success!
Sending command... sent 10 characters
Draining serial device buffer... Success!
Cleared data buffer: 00 00 00 00 00 00 00 00 00 00 
Read char #1 RC=1 (00) waited/max    18812/1000000  uS 
Read char #2 RC=1 (06) waited/max        9/1000000  uS 
Read char #3 RC=1 (42) waited/max        9/1000000  uS 
Read char #4 RC=1 (47) waited/max        8/1000000  uS 
Read char #5 RC=1 (f7) waited/max        8/1000000  uS 
Read char #6 RC=1 (cf) waited/max        8/1000000  uS 
Read char #7 RC=1 (5e) waited/max        8/1000000  uS 
Read char #8 RC=1 (66) waited/max        8/1000000  uS 
answer:  00 06 42 47 f7 cf 5e 66 
received 8 characters
CRC receive OK 665e
Transmission State Check: 0
szCvrtFloat    49.992001 0x4247f7cf
value        49.992001

Elapsed time since last comm 82 us
Attempt 1
Clearing read buffer Success!
szSerBufferSave OK! 02 3b 01 00 00 00 00 00 00 00 
command: 02 3b 01 00 00 00 00 00 ff 2c 
Flushing serial device buffer... Success!
Sending command... sent 10 characters
Draining serial device buffer... Success!
Cleared data buffer: 00 00 00 00 00 00 00 00 00 00 
Read char #1 RC=0 (00) waited/max    97754/1000000  uS 
answer:  Got -1 characters

Elapsed time since last comm 0 us
Attempt 2
Clearing read buffer Success!
szSerBufferSave OK! 02 3b 01 00 00 00 00 00 00 00 
command: 02 3b 01 00 00 00 00 00 ff 2c 
Flushing serial device buffer... Success!
Sending command... sent 10 characters
Draining serial device buffer... Success!
Cleared data buffer: 00 00 00 00 00 00 00 00 00 00 
Read char #1 RC=1 (ff) waited/max     8816/1000000  uS 
Read char #2 RC=1 (ff) waited/max       10/1000000  uS 
Read char #3 RC=1 (b5) waited/max        8/1000000  uS 
Read char #4 RC=1 (7d) waited/max        8/1000000  uS 
Read char #5 RC=1 (c4) waited/max        9/1000000  uS 
Read char #6 RC=1 (ff) waited/max        9/1000000  uS 
Read char #7 RC=1 (e5) waited/max        8/1000000  uS 
Read char #8 RC=0 (00) waited/max    97488/1000000  uS 
answer:  Got -1 characters

Elapsed time since last comm 0 us
Attempt 3
Clearing read buffer Success!
szSerBufferSave OK! 02 3b 01 00 00 00 00 00 00 00 
command: 02 3b 01 00 00 00 00 00 ff 2c 
Flushing serial device buffer... Success!
Sending command... sent 10 characters
Draining serial device buffer... Success!
Cleared data buffer: 00 00 00 00 00 00 00 00 00 00 
Read char #1 RC=1 (00) 
Read char #2 RC=1 (06) waited/max        9/1000000  uS 
Read char #3 RC=1 (43) waited/max        9/1000000  uS 
Read char #4 RC=1 (61) waited/max        9/1000000  uS 
Read char #5 RC=1 (de) waited/max        8/1000000  uS 
Read char #6 RC=1 (c4) waited/max        9/1000000  uS 
Read char #7 RC=1 (ff) waited/max        9/1000000  uS 
Read char #8 RC=1 (e5) waited/max        8/1000000  uS 
answer:  00 06 43 61 de c4 ff e5 
received 8 characters
CRC receive OK e5ff
Transmission State Check: 0
szCvrtFloat   225.870178 0x4361dec4
value       225.870178

Elapsed time since last comm 90 us
Attempt 1
Clearing read buffer Success!
szSerBufferSave OK! 02 3b 02 00 00 00 00 00 00 00 
command: 02 3b 02 00 00 00 00 00 82 20 
Flushing serial device buffer... Success!
Sending command... sent 10 characters
Draining serial device buffer... Success!
Cleared data buffer: 00 00 00 00 00 00 00 00 00 00 
Read char #1 RC=1 (00) waited/max    18814/1000000  uS 
Read char #2 RC=1 (06) waited/max        9/1000000  uS 
Read char #3 RC=1 (40) waited/max        9/1000000  uS 
Read char #4 RC=1 (33) waited/max        9/1000000  uS 
Read char #5 RC=1 (99) waited/max        9/1000000  uS 
Read char #6 RC=1 (6c) waited/max        8/1000000  uS 
Read char #7 RC=1 (45) waited/max        9/1000000  uS 
Read char #8 RC=1 (d4) waited/max        8/1000000  uS 
answer:  00 06 40 33 99 6c 45 d4 
received 8 characters
CRC receive OK d445
Transmission State Check: 0
szCvrtFloat     2.806239 0x4033996c
value         2.806239

Elapsed time since last comm 62 us
Attempt 1
Clearing read buffer Success!
szSerBufferSave OK! 02 3b 03 00 00 00 00 00 00 00 
command: 02 3b 03 00 00 00 00 00 a9 24 
Flushing serial device buffer... Success!
Sending command... sent 10 characters
Draining serial device buffer... Success!
Cleared data buffer: 00 00 00 00 00 00 00 00 00 00 
Read char #1 RC=1 (00) waited/max    10804/1000000  uS 
Read char #2 RC=1 (06) waited/max        9/1000000  uS 
Read char #3 RC=1 (44) waited/max        9/1000000  uS 
Read char #4 RC=1 (1d) waited/max        9/1000000  uS 
Read char #5 RC=1 (7b) waited/max        9/1000000  uS 
Read char #6 RC=1 (ac) waited/max        8/1000000  uS 
Read char #7 RC=1 (ac) waited/max        9/1000000  uS 
Read char #8 RC=1 (a9) waited/max        8/1000000  uS 
answer:  00 06 44 1d 7b ac ac a9 
received 8 characters
CRC receive OK a9ac
Transmission State Check: 0
szCvrtFloat   629.932373 0x441d7bac
value       629.932373

Elapsed time since last comm 68 us
Attempt 1
Clearing read buffer Success!
szSerBufferSave OK! 02 3b 17 00 00 00 00 00 00 00 
command: 02 3b 17 00 00 00 00 00 b5 76 
Flushing serial device buffer... Success!
Sending command... sent 10 characters
Draining serial device buffer... Success!
Cleared data buffer: 00 00 00 00 00 00 00 00 00 00 
Read char #1 RC=1 (00) waited/max    10810/1000000  uS 
Read char #2 RC=1 (06) waited/max        9/1000000  uS 
Read char #3 RC=1 (43) waited/max        9/1000000  uS 
Read char #4 RC=1 (ba) waited/max        8/1000000  uS 
Read char #5 RC=1 (86) waited/max        9/1000000  uS 
Read char #6 RC=1 (48) waited/max        9/1000000  uS 
Read char #7 RC=1 (05) waited/max        8/1000000  uS 
Read char #8 RC=1 (10) waited/max        8/1000000  uS 
answer:  00 06 43 ba 86 48 05 10 
received 8 characters
CRC receive OK 1005
Transmission State Check: 0
szCvrtFloat   373.049072 0x43ba8648
value       373.049072

Elapsed time since last comm 67 us
Attempt 1
Clearing read buffer Success!
szSerBufferSave OK! 02 3b 19 00 00 00 00 00 00 00 
command: 02 3b 19 00 00 00 00 00 17 4f 
Flushing serial device buffer... Success!
Sending command... sent 10 characters
Draining serial device buffer... Success!
Cleared data buffer: 00 00 00 00 00 00 00 00 00 00 
Read char #1 RC=0 (00) waited/max    97719/1000000  uS 
answer:  Got -1 characters

Elapsed time since last comm 0 us
Attempt 2
Clearing read buffer Success!
szSerBufferSave OK! 02 3b 19 00 00 00 00 00 00 00 
command: 02 3b 19 00 00 00 00 00 17 4f 
Flushing serial device buffer... Success!
Sending command... sent 10 characters
Draining serial device buffer... Success!
Cleared data buffer: 00 00 00 00 00 00 00 00 00 00 
Read char #1 RC=1 (00) waited/max    12810/1000000  uS 
Read char #2 RC=1 (06) waited/max        9/1000000  uS 
Read char #3 RC=1 (3f) waited/max        9/1000000  uS 
Read char #4 RC=1 (7c) waited/max        9/1000000  uS 
Read char #5 RC=1 (a2) waited/max        9/1000000  uS 
Read char #6 RC=1 (dc) waited/max        8/1000000  uS 
Read char #7 RC=1 (c9) waited/max        8/1000000  uS 
Read char #8 RC=1 (97) waited/max        9/1000000  uS 
answer:  00 06 3f 7c a2 dc c9 97 
received 8 characters
CRC receive OK 97c9
Transmission State Check: 0
szCvrtFloat     0.986860 0x3f7ca2dc
value         0.986860

Elapsed time since last comm 67 us
Attempt 1
Clearing read buffer Success!
szSerBufferSave OK! 02 3b 1a 00 00 00 00 00 00 00 
command: 02 3b 1a 00 00 00 00 00 6a 43 
Flushing serial device buffer... Success!
Sending command... sent 10 characters
Draining serial device buffer... Success!
Cleared data buffer: 00 00 00 00 00 00 00 00 00 00 
Read char #1 RC=1 (00) waited/max    26811/1000000  uS 
Read char #2 RC=1 (06) waited/max        9/1000000  uS 
Read char #3 RC=1 (43) waited/max        8/1000000  uS 
Read char #4 RC=1 (96) waited/max        8/1000000  uS 
Read char #5 RC=1 (40) waited/max        9/1000000  uS 
Read char #6 RC=1 (75) waited/max        9/1000000  uS 
Read char #7 RC=1 (81) waited/max        8/1000000  uS 
Read char #8 RC=1 (c2) waited/max        9/1000000  uS 
answer:  00 06 43 96 40 75 81 c2 
received 8 characters
CRC receive OK c281
Transmission State Check: 0
szCvrtFloat   300.503571 0x43964075
value       300.503571

Elapsed time since last comm 69 us
Attempt 1
Clearing read buffer Success!
szSerBufferSave OK! 02 3b 1b 00 00 00 00 00 00 00 
command: 02 3b 1b 00 00 00 00 00 41 47 
Flushing serial device buffer... Success!
Sending command... sent 10 characters
Draining serial device buffer... Success!
Cleared data buffer: 00 00 00 00 00 00 00 00 00 00 
Read char #1 RC=1 (00) waited/max    11823/1000000  uS 
Read char #2 RC=1 (06) waited/max        9/1000000  uS 
Read char #3 RC=1 (3f) waited/max        9/1000000  uS 
Read char #4 RC=1 (75) waited/max        9/1000000  uS 
Read char #5 RC=1 (9f) waited/max        9/1000000  uS 
Read char #6 RC=1 (cd) waited/max        9/1000000  uS 
Read char #7 RC=1 (05) waited/max        9/1000000  uS 
Read char #8 RC=1 (0c) waited/max        9/1000000  uS 
answer:  00 06 3f 75 9f cd 05 0c 
received 8 characters
CRC receive OK 0c05
Transmission State Check: 0
szCvrtFloat     0.959470 0x3f759fcd
value         0.959470

Elapsed time since last comm 65 us
Attempt 1
Clearing read buffer Success!
szSerBufferSave OK! 02 3b 15 00 00 00 00 00 00 00 
command: 02 3b 15 00 00 00 00 00 e3 7e 
Flushing serial device buffer... Success!
Sending command... sent 10 characters
Draining serial device buffer... Success!
Cleared data buffer: 00 00 00 00 00 00 00 00 00 00 
Read char #1 RC=0 (00) waited/max    96754/1000000  uS 
answer:  Got -1 characters

Elapsed time since last comm 0 us
Attempt 2
Clearing read buffer Success!
szSerBufferSave OK! 02 3b 15 00 00 00 00 00 00 00 
command: 02 3b 15 00 00 00 00 00 e3 7e 
Flushing serial device buffer... Success!
Sending command... sent 10 characters
Draining serial device buffer... Success!
Cleared data buffer: 00 00 00 00 00 00 00 00 00 00 
Read char #1 RC=1 (00) waited/max     2793/1000000  uS 
Read char #2 RC=1 (06) waited/max       10/1000000  uS 
Read char #3 RC=1 (41) waited/max        9/1000000  uS 
Read char #4 RC=1 (d8) waited/max        9/1000000  uS 
Read char #5 RC=1 (59) waited/max        8/1000000  uS 
Read char #6 RC=1 (bc) waited/max        9/1000000  uS 
Read char #7 RC=1 (ff) waited/max        8/1000000  uS 
Read char #8 RC=1 (f5) waited/max       10/1000000  uS 
answer:  00 06 41 d8 59 bc ff f5 
received 8 characters

Elapsed time since last comm 0 us
Attempt 3
Clearing read buffer Success!
szSerBufferSave OK! 02 3b 15 00 00 00 00 00 00 00 
command: 02 3b 15 00 00 00 00 00 e3 7e 
Flushing serial device buffer... Success!
Sending command... sent 10 characters
Draining serial device buffer... Success!
Cleared data buffer: 00 00 00 00 00 00 00 00 00 00 
Read char #1 RC=0 (00) waited/max    97765/1000000  uS 
answer:  Got -1 characters

Restoring Serial Port settings /dev/serial/by-id/usb-1a86_USB2.0-Serial-if00-port0... Success!
Flushing serial device buffer... Success!
Closing Serial Port /dev/serial/by-id/usb-1a86_USB2.0-Serial-if00-port0... Success!

devLCKfile: </var/lock/LCK..usb-1a86_USB2.0-Serial-if00-port0>
devLCKfileNew: </var/lock/LCK..usb-1a86_USB2.0-Serial-if00-port0.7372>
Clearing Serial Port Lock (7372)... done.

20120604-13:26:32: aurora: ERROR: Received bad return code (-1 59 21)

Complete 20120604-13:26:32

