
aurora -b -a2 -c -T -Y3 -d0 -e /dev/serial/by-id/usb-1a86_USB2.0-Serial-if00-port0 

szttyDevice: /dev/serial/by-id/usb-1a86_USB2.0-Serial-if00-port0
yDelay:     1
yTimeout    0 mS
yMaxRunTime ~
devLCKfile: </var/lock/LCK..usb-1a86_USB2.0-Serial-if00-port0>
devLCKfileNew: </var/lock/LCK..usb-1a86_USB2.0-Serial-if00-port0.9653>
Got Params

RunTime 20120604-13:33:23 v1.8.0 
Endian : Little
PID : 9653

Attempting to get lock on Serial Port /dev/serial/by-id/usb-1a86_USB2.0-Serial-if00-port0...
Checking for lock

Checking process 9653 for lock
rPID: 9653 SubStrPos: aurora command: aurora = me
Appears we got the lock.

Opening Serial Port /dev/serial/by-id/usb-1a86_USB2.0-Serial-if00-port0...  Serial Port /dev/serial/by-id/usb-1a86_USB2.0-Serial-if00-port0 successfully opened.
Configuring serial device... Flushing unread data first...  Success!
Flushing serial device buffer... Success!

Comm Check: Let's see if the Aurora is listening... 
Elapsed time since last comm 0 us
Attempt 1
Clearing read buffer Success!
szSerBufferSave OK! 02 3a 00 00 00 00 00 00 00 00 
command: 02 3a 00 00 00 00 00 00 01 b7 
Flushing serial device buffer... Success!
Sending command... sent 10 characters
Draining serial device buffer... Success!
Cleared data buffer: 00 00 00 00 00 00 00 00 00 00 
Read char #1 RC=1 (00) waited/max    10808/1000000  uS 
Read char #2 RC=1 (06) waited/max       10/1000000  uS 
Read char #3 RC=1 (31) waited/max        9/1000000  uS 
Read char #4 RC=1 (42) waited/max        9/1000000  uS 
Read char #5 RC=1 (4e) waited/max        8/1000000  uS 
Read char #6 RC=1 (4e) waited/max        9/1000000  uS 
Read char #7 RC=1 (9c) waited/max        9/1000000  uS 
Read char #8 RC=1 (58) waited/max        9/1000000  uS 
answer:  00 06 31 42 4e 4e 9c 58 
received 8 characters
CRC receive OK 589c
Transmission State Check: 0
Model ID "1" Multipler 0.0970019 -- PVI-3.0-OUTD (new) --
Comm Check: OK

Elapsed time since last comm 190 us
Attempt 1
Clearing read buffer Success!
szSerBufferSave OK! 02 3b 04 00 00 00 00 00 00 00 
command: 02 3b 04 00 00 00 00 00 78 38 
Flushing serial device buffer... Success!
Sending command... sent 10 characters
Draining serial device buffer... Success!
Cleared data buffer: 00 00 00 00 00 00 00 00 00 00 
Read char #1 RC=0 (00) waited/max    97765/1000000  uS 
answer:  Got -1 characters

Elapsed time since last comm 0 us
Attempt 2
Clearing read buffer Success!
szSerBufferSave OK! 02 3b 04 00 00 00 00 00 00 00 
command: 02 3b 04 00 00 00 00 00 78 38 
Flushing serial device buffer... Success!
Sending command... sent 10 characters
Draining serial device buffer... Success!
Cleared data buffer: 00 00 00 00 00 00 00 00 00 00 
Read char #1 RC=1 (00) waited/max    15816/1000000  uS 
Read char #2 RC=1 (06) waited/max       10/1000000  uS 
Read char #3 RC=1 (42) waited/max        9/1000000  uS 
Read char #4 RC=1 (47) waited/max        9/1000000  uS 
Read char #5 RC=1 (ea) waited/max        8/1000000  uS 
Read char #6 RC=1 (81) waited/max        9/1000000  uS 
Read char #7 RC=1 (cd) waited/max        9/1000000  uS 
Read char #8 RC=1 (e8) waited/max        9/1000000  uS 
answer:  00 06 42 47 ea 81 cd e8 
received 8 characters
CRC receive OK e8cd
Transmission State Check: 0
szCvrtFloat    49.979008 0x4247ea81
value        49.979008

Elapsed time since last comm 83 us
Attempt 1
Clearing read buffer Success!
szSerBufferSave OK! 02 3b 01 00 00 00 00 00 00 00 
command: 02 3b 01 00 00 00 00 00 ff 2c 
Flushing serial device buffer... Success!
Sending command... sent 10 characters
Draining serial device buffer... Success!
Cleared data buffer: 00 00 00 00 00 00 00 00 00 00 
Read char #1 RC=1 (00) waited/max    24815/1000000  uS 
Read char #2 RC=1 (06) waited/max       10/1000000  uS 
Read char #3 RC=1 (43) waited/max        9/1000000  uS 
Read char #4 RC=1 (61) waited/max        9/1000000  uS 
Read char #5 RC=1 (47) waited/max        9/1000000  uS 
Read char #6 RC=1 (e8) waited/max        9/1000000  uS 
Read char #7 RC=1 (d4) waited/max        9/1000000  uS 
Read char #8 RC=1 (c0) waited/max        9/1000000  uS 
answer:  00 06 43 61 47 e8 d4 c0 
received 8 characters
CRC receive OK c0d4
Transmission State Check: 0
szCvrtFloat   225.280884 0x436147e8
value       225.280884

Elapsed time since last comm 79 us
Attempt 1
Clearing read buffer Success!
szSerBufferSave OK! 02 3b 02 00 00 00 00 00 00 00 
command: 02 3b 02 00 00 00 00 00 82 20 
Flushing serial device buffer... Success!
Sending command... sent 10 characters
Draining serial device buffer... Success!
Cleared data buffer: 00 00 00 00 00 00 00 00 00 00 
Read char #1 RC=1 (00) waited/max    10810/1000000  uS 
Read char #2 RC=1 (06) waited/max        9/1000000  uS 
Read char #3 RC=1 (40) waited/max        9/1000000  uS 
Read char #4 RC=1 (43) waited/max        9/1000000  uS 
Read char #5 RC=1 (27) waited/max        9/1000000  uS 
Read char #6 RC=1 (b9) waited/max        9/1000000  uS 
Read char #7 RC=1 (c3) waited/max        9/1000000  uS 
Read char #8 RC=1 (75) waited/max        9/1000000  uS 
answer:  00 06 40 43 27 b9 c3 75 
received 8 characters
CRC receive OK 75c3
Transmission State Check: 0
szCvrtFloat     3.049299 0x404327b9
value         3.049299

Elapsed time since last comm 62 us
Attempt 1
Clearing read buffer Success!
szSerBufferSave OK! 02 3b 03 00 00 00 00 00 00 00 
command: 02 3b 03 00 00 00 00 00 a9 24 
Flushing serial device buffer... Success!
Sending command... sent 10 characters
Draining serial device buffer... Success!
Cleared data buffer: 00 00 00 00 00 00 00 00 00 00 
Read char #1 RC=1 (00) waited/max    10814/1000000  uS 
Read char #2 RC=1 (06) waited/max        9/1000000  uS 
Read char #3 RC=1 (44) waited/max        8/1000000  uS 
Read char #4 RC=1 (2a) waited/max        9/1000000  uS 
Read char #5 RC=1 (f1) waited/max        8/1000000  uS 
Read char #6 RC=1 (e4) waited/max        9/1000000  uS 
Read char #7 RC=1 (f7) waited/max        9/1000000  uS 
Read char #8 RC=1 (1c) waited/max        8/1000000  uS 
answer:  00 06 44 2a f1 e4 f7 1c 
received 8 characters
CRC receive OK 1cf7
Transmission State Check: 0
szCvrtFloat   683.779541 0x442af1e4
value       683.779541

Elapsed time since last comm 69 us
Attempt 1
Clearing read buffer Success!
szSerBufferSave OK! 02 3b 17 00 00 00 00 00 00 00 
command: 02 3b 17 00 00 00 00 00 b5 76 
Flushing serial device buffer... Success!
Sending command... sent 10 characters
Draining serial device buffer... Success!
Cleared data buffer: 00 00 00 00 00 00 00 00 00 00 
Read char #1 RC=0 (00) waited/max    99753/1000000  uS 
answer:  Got -1 characters

Elapsed time since last comm 0 us
Attempt 2
Clearing read buffer Success!
szSerBufferSave OK! 02 3b 17 00 00 00 00 00 00 00 
command: 02 3b 17 00 00 00 00 00 b5 76 
Flushing serial device buffer... Success!
Sending command... sent 10 characters
Draining serial device buffer... Success!
Cleared data buffer: 00 00 00 00 00 00 00 00 00 00 
Read char #1 RC=1 (00) waited/max    12850/1000000  uS 
Read char #2 RC=1 (06) waited/max       11/1000000  uS 
Read char #3 RC=1 (43) waited/max        9/1000000  uS 
Read char #4 RC=1 (b7) waited/max        9/1000000  uS 
Read char #5 RC=1 (00) waited/max        8/1000000  uS 
Read char #6 RC=1 (93) waited/max        9/1000000  uS 
Read char #7 RC=1 (38) waited/max        9/1000000  uS 
Read char #8 RC=1 (5f) waited/max        9/1000000  uS 
answer:  00 06 43 b7 00 93 38 5f 
received 8 characters
CRC receive OK 5f38
Transmission State Check: 0
szCvrtFloat   366.004486 0x43b70093
value       366.004486

Elapsed time since last comm 76 us
Attempt 1
Clearing read buffer Success!
szSerBufferSave OK! 02 3b 19 00 00 00 00 00 00 00 
command: 02 3b 19 00 00 00 00 00 17 4f 
Flushing serial device buffer... Success!
Sending command... sent 10 characters
Draining serial device buffer... Success!
Cleared data buffer: 00 00 00 00 00 00 00 00 00 00 
Read char #1 RC=1 (00) waited/max    25840/1000000  uS 
Read char #2 RC=1 (06) waited/max       14/1000000  uS 
Read char #3 RC=1 (3f) waited/max       13/1000000  uS 
Read char #4 RC=1 (8b) waited/max       12/1000000  uS 
Read char #5 RC=1 (4f) waited/max       13/1000000  uS 
Read char #6 RC=1 (91) waited/max       13/1000000  uS 
Read char #7 RC=1 (f8) waited/max       13/1000000  uS 
Read char #8 RC=1 (57) waited/max       12/1000000  uS 
answer:  00 06 3f 8b 4f 91 f8 57 
received 8 characters
CRC receive OK 57f8
Transmission State Check: 0
szCvrtFloat     1.088366 0x3f8b4f91
value         1.088366

Elapsed time since last comm 76 us
Attempt 1
Clearing read buffer Success!
szSerBufferSave OK! 02 3b 1a 00 00 00 00 00 00 00 
command: 02 3b 1a 00 00 00 00 00 6a 43 
Flushing serial device buffer... Success!
Sending command... sent 10 characters
Draining serial device buffer... Success!
Cleared data buffer: 00 00 00 00 00 00 00 00 00 00 
Read char #1 RC=1 (00) waited/max    11751/1000000  uS 
Read char #2 RC=1 (06) waited/max       10/1000000  uS 
Read char #3 RC=1 (43) waited/max        9/1000000  uS 
Read char #4 RC=1 (93) waited/max        9/1000000  uS 
Read char #5 RC=1 (7c) waited/max        9/1000000  uS 
Read char #6 RC=1 (27) waited/max        8/1000000  uS 
Read char #7 RC=1 (a9) waited/max        9/1000000  uS 
Read char #8 RC=1 (95) waited/max        8/1000000  uS 
answer:  00 06 43 93 7c 27 a9 95 
received 8 characters
CRC receive OK 95a9
Transmission State Check: 0
szCvrtFloat   294.969940 0x43937c27
value       294.969940

Elapsed time since last comm 71 us
Attempt 1
Clearing read buffer Success!
szSerBufferSave OK! 02 3b 1b 00 00 00 00 00 00 00 
command: 02 3b 1b 00 00 00 00 00 41 47 
Flushing serial device buffer... Success!
Sending command... sent 10 characters
Draining serial device buffer... Success!
Cleared data buffer: 00 00 00 00 00 00 00 00 00 00 
Read char #1 RC=0 (00) 
answer:  Got -1 characters

Elapsed time since last comm 0 us
Attempt 2
Clearing read buffer Success!
szSerBufferSave OK! 02 3b 1b 00 00 00 00 00 00 00 
command: 02 3b 1b 00 00 00 00 00 41 47 
Flushing serial device buffer... Success!
Sending command... sent 10 characters
Draining serial device buffer... Success!
Cleared data buffer: 00 00 00 00 00 00 00 00 00 00 
Read char #1 RC=1 (00) waited/max     1802/1000000  uS 
Read char #2 RC=1 (06) waited/max        9/1000000  uS 
Read char #3 RC=1 (3f) waited/max        9/1000000  uS 
Read char #4 RC=1 (88) waited/max        9/1000000  uS 
Read char #5 RC=1 (37) waited/max        9/1000000  uS 
Read char #6 RC=1 (a1) waited/max        9/1000000  uS 
Read char #7 RC=1 (bb) waited/max        9/1000000  uS 
Read char #8 RC=1 (fb) waited/max        9/1000000  uS 
answer:  00 06 3f 88 37 a1 bb fb 
received 8 characters

Elapsed time since last comm 0 us
Attempt 3
Clearing read buffer Success!
szSerBufferSave OK! 02 3b 1b 00 00 00 00 00 00 00 
command: 02 3b 1b 00 00 00 00 00 41 47 
Flushing serial device buffer... Success!
Sending command... sent 10 characters
Draining serial device buffer... Success!
Cleared data buffer: 00 00 00 00 00 00 00 00 00 00 
Read char #1 RC=0 (00) waited/max    98751/1000000  uS 
answer:  Got -1 characters

Restoring Serial Port settings /dev/serial/by-id/usb-1a86_USB2.0-Serial-if00-port0... Success!
Flushing serial device buffer... Success!
Closing Serial Port /dev/serial/by-id/usb-1a86_USB2.0-Serial-if00-port0... Success!

devLCKfile: </var/lock/LCK..usb-1a86_USB2.0-Serial-if00-port0>
devLCKfileNew: </var/lock/LCK..usb-1a86_USB2.0-Serial-if00-port0.9653>
Clearing Serial Port Lock (9653)... done.

20120604-13:33:24: aurora: ERROR: Received bad return code (-1 59 27)

Complete 20120604-13:33:24

