
aurora -b -a2 -c -T -Y3 -d0 -e /dev/serial/by-id/usb-1a86_USB2.0-Serial-if00-port0 

szttyDevice: /dev/serial/by-id/usb-1a86_USB2.0-Serial-if00-port0
yDelay:     1
yTimeout    0 mS
yMaxRunTime ~
devLCKfile: </var/lock/LCK..usb-1a86_USB2.0-Serial-if00-port0>
devLCKfileNew: </var/lock/LCK..usb-1a86_USB2.0-Serial-if00-port0.10524>
Got Params

RunTime 20120604-13:36:07 v1.8.0 
Endian : Little
PID : 10524

Attempting to get lock on Serial Port /dev/serial/by-id/usb-1a86_USB2.0-Serial-if00-port0...
Checking for lock

Checking process 10524 for lock
rPID: 10524 SubStrPos: aurora command: aurora = me
Appears we got the lock.

Opening Serial Port /dev/serial/by-id/usb-1a86_USB2.0-Serial-if00-port0...  Serial Port /dev/serial/by-id/usb-1a86_USB2.0-Serial-if00-port0 successfully opened.
Configuring serial device... Flushing unread data first...  Success!
Flushing serial device buffer... Success!

Comm Check: Let's see if the Aurora is listening... 
Elapsed time since last comm 0 us
Attempt 1
Clearing read buffer Success!
szSerBufferSave OK! 02 3a 00 00 00 00 00 00 00 00 
command: 02 3a 00 00 00 00 00 00 01 b7 
Flushing serial device buffer... Success!
Sending command... sent 10 characters
Draining serial device buffer... Success!
Cleared data buffer: 00 00 00 00 00 00 00 00 00 00 
Read char #1 RC=1 (00) waited/max    11799/1000000  uS 
Read char #2 RC=1 (06) waited/max       10/1000000  uS 
Read char #3 RC=1 (31) waited/max        8/1000000  uS 
Read char #4 RC=1 (42) waited/max        9/1000000  uS 
Read char #5 RC=1 (4e) waited/max        8/1000000  uS 
Read char #6 RC=1 (4e) waited/max        9/1000000  uS 
Read char #7 RC=1 (9c) waited/max        8/1000000  uS 
Read char #8 RC=1 (58) waited/max        8/1000000  uS 
answer:  00 06 31 42 4e 4e 9c 58 
received 8 characters
CRC receive OK 589c
Transmission State Check: 0
Model ID "1" Multipler 0.0970019 -- PVI-3.0-OUTD (new) --
Comm Check: OK

Elapsed time since last comm 255 us
Attempt 1
Clearing read buffer Success!
szSerBufferSave OK! 02 3b 04 00 00 00 00 00 00 00 
command: 02 3b 04 00 00 00 00 00 78 38 
Flushing serial device buffer... Success!
Sending command... sent 10 characters
Draining serial device buffer... Success!
Cleared data buffer: 00 00 00 00 00 00 00 00 00 00 
Read char #1 RC=1 (00) waited/max    10802/1000000  uS 
Read char #2 RC=1 (06) waited/max        9/1000000  uS 
Read char #3 RC=1 (42) waited/max        9/1000000  uS 
Read char #4 RC=1 (47) waited/max        8/1000000  uS 
Read char #5 RC=1 (f1) waited/max        8/1000000  uS 
Read char #6 RC=1 (ab) waited/max        8/1000000  uS 
Read char #7 RC=1 (ac) waited/max        8/1000000  uS 
Read char #8 RC=1 (17) waited/max        8/1000000  uS 
answer:  00 06 42 47 f1 ab ac 17 
received 8 characters
CRC receive OK 17ac
Transmission State Check: 0
szCvrtFloat    49.986004 0x4247f1ab
value        49.986004

Elapsed time since last comm 80 us
Attempt 1
Clearing read buffer Success!
szSerBufferSave OK! 02 3b 01 00 00 00 00 00 00 00 
command: 02 3b 01 00 00 00 00 00 ff 2c 
Flushing serial device buffer... Success!
Sending command... sent 10 characters
Draining serial device buffer... Success!
Cleared data buffer: 00 00 00 00 00 00 00 00 00 00 
Read char #1 RC=0 (00) waited/max    97776/1000000  uS 
answer:  Got -1 characters

Elapsed time since last comm 0 us
Attempt 2
Clearing read buffer Success!
szSerBufferSave OK! 02 3b 01 00 00 00 00 00 00 00 
command: 02 3b 01 00 00 00 00 00 ff 2c 
Flushing serial device buffer... Success!
Sending command... sent 10 characters
Draining serial device buffer... Success!
Cleared data buffer: 00 00 00 00 00 00 00 00 00 00 
Read char #1 RC=1 (00) waited/max    17796/1000000  uS 
Read char #2 RC=1 (06) waited/max        9/1000000  uS 
Read char #3 RC=1 (43) waited/max        8/1000000  uS 
Read char #4 RC=1 (61) waited/max        8/1000000  uS 
Read char #5 RC=1 (ca) waited/max        8/1000000  uS 
Read char #6 RC=1 (ac) waited/max        8/1000000  uS 
Read char #7 RC=1 (40) waited/max        8/1000000  uS 
Read char #8 RC=1 (f8) waited/max        9/1000000  uS 
answer:  00 06 43 61 ca ac 40 f8 
received 8 characters
CRC receive OK f840
Transmission State Check: 0
szCvrtFloat   225.791687 0x4361caac
value       225.791687

Elapsed time since last comm 90 us
Attempt 1
Clearing read buffer Success!
szSerBufferSave OK! 02 3b 02 00 00 00 00 00 00 00 
command: 02 3b 02 00 00 00 00 00 82 20 
Flushing serial device buffer... Success!
Sending command... sent 10 characters
Draining serial device buffer... Success!
Cleared data buffer: 00 00 00 00 00 00 00 00 00 00 
Read char #1 RC=1 (00) waited/max    17809/1000000  uS 
Read char #2 RC=1 (06) waited/max        9/1000000  uS 
Read char #3 RC=1 (40) waited/max        9/1000000  uS 
Read char #4 RC=1 (41) waited/max        9/1000000  uS 
Read char #5 RC=1 (71) waited/max        9/1000000  uS 
Read char #6 RC=1 (16) waited/max        8/1000000  uS 
Read char #7 RC=1 (a1) waited/max        8/1000000  uS 
Read char #8 RC=1 (1a) waited/max        9/1000000  uS 
answer:  00 06 40 41 71 16 a1 1a 
received 8 characters
CRC receive OK 1aa1
Transmission State Check: 0
szCvrtFloat     3.022527 0x40417116
value         3.022527

Elapsed time since last comm 64 us
Attempt 1
Clearing read buffer Success!
szSerBufferSave OK! 02 3b 03 00 00 00 00 00 00 00 
command: 02 3b 03 00 00 00 00 00 a9 24 
Flushing serial device buffer... Success!
Sending command... sent 10 characters
Draining serial device buffer... Success!
Cleared data buffer: 00 00 00 00 00 00 00 00 00 00 
Read char #1 RC=1 (00) waited/max    10800/1000000  uS 
Read char #2 RC=1 (06) waited/max        9/1000000  uS 
Read char #3 RC=1 (44) waited/max        9/1000000  uS 
Read char #4 RC=1 (29) waited/max        9/1000000  uS 
Read char #5 RC=1 (da) waited/max        9/1000000  uS 
Read char #6 RC=1 (78) waited/max        8/1000000  uS 
Read char #7 RC=1 (ed) waited/max        8/1000000  uS 
Read char #8 RC=1 (6a) waited/max        8/1000000  uS 
answer:  00 06 44 29 da 78 ed 6a 
received 8 characters
CRC receive OK 6aed
Transmission State Check: 0
szCvrtFloat   679.413574 0x4429da78
value       679.413574

Elapsed time since last comm 70 us
Attempt 1
Clearing read buffer Success!
szSerBufferSave OK! 02 3b 17 00 00 00 00 00 00 00 
command: 02 3b 17 00 00 00 00 00 b5 76 
Flushing serial device buffer... Success!
Sending command... sent 10 characters
Draining serial device buffer... Success!
Cleared data buffer: 00 00 00 00 00 00 00 00 00 00 
Read char #1 RC=1 (00) waited/max    10762/1000000  uS 
Read char #2 RC=1 (06) waited/max        9/1000000  uS 
Read char #3 RC=1 (43) waited/max        9/1000000  uS 
Read char #4 RC=1 (b5) waited/max        9/1000000  uS 
Read char #5 RC=1 (32) waited/max        9/1000000  uS 
Read char #6 RC=1 (6b) waited/max        8/1000000  uS 
Read char #7 RC=1 (55) waited/max        9/1000000  uS 
Read char #8 RC=1 (14) waited/max        9/1000000  uS 
answer:  00 06 43 b5 32 6b 55 14 
received 8 characters
CRC receive OK 1455
Transmission State Check: 0
szCvrtFloat   362.393890 0x43b5326b
value       362.393890

Elapsed time since last comm 74 us
Attempt 1
Clearing read buffer Success!
szSerBufferSave OK! 02 3b 19 00 00 00 00 00 00 00 
command: 02 3b 19 00 00 00 00 00 17 4f 
Flushing serial device buffer... Success!
Sending command... sent 10 characters
Draining serial device buffer... Success!
Cleared data buffer: 00 00 00 00 00 00 00 00 00 00 
Read char #1 RC=0 (00) waited/max    96762/1000000  uS 
answer:  Got -1 characters

Elapsed time since last comm 0 us
Attempt 2
Clearing read buffer Success!
szSerBufferSave OK! 02 3b 19 00 00 00 00 00 00 00 
command: 02 3b 19 00 00 00 00 00 17 4f 
Flushing serial device buffer... Success!
Sending command... sent 10 characters
Draining serial device buffer... Success!
Cleared data buffer: 00 00 00 00 00 00 00 00 00 00 
Read char #1 RC=1 (d9) waited/max     9826/1000000  uS 
Read char #2 RC=1 (f1) waited/max       10/1000000  uS 
Read char #3 RC=1 (b6) waited/max        9/1000000  uS 
Read char #4 RC=1 (9e) waited/max        9/1000000  uS 
Read char #5 RC=1 (c2) waited/max        9/1000000  uS 
Read char #6 RC=1 (05) waited/max        9/1000000  uS 
Read char #7 RC=1 (71) waited/max        9/1000000  uS 
Read char #8 RC=0 (00) 
answer:  Got -1 characters

Elapsed time since last comm 0 us
Attempt 3
Clearing read buffer Success!
szSerBufferSave OK! 02 3b 19 00 00 00 00 00 00 00 
command: 02 3b 19 00 00 00 00 00 17 4f 
Flushing serial device buffer... Success!
Sending command... sent 10 characters
Draining serial device buffer... Success!
Cleared data buffer: 00 00 00 00 00 00 00 00 00 00 
Read char #1 RC=1 (00) waited/max    55818/1000000  uS 
Read char #2 RC=1 (06) waited/max       10/1000000  uS 
Read char #3 RC=1 (3f) waited/max        8/1000000  uS 
Read char #4 RC=1 (8b) waited/max        9/1000000  uS 
Read char #5 RC=1 (9e) waited/max        8/1000000  uS 
Read char #6 RC=1 (c2) waited/max        9/1000000  uS 
Read char #7 RC=1 (05) waited/max        8/1000000  uS 
Read char #8 RC=1 (71) waited/max        9/1000000  uS 
answer:  00 06 3f 8b 9e c2 05 71 
received 8 characters
CRC receive OK 7105
Transmission State Check: 0
szCvrtFloat     1.090782 0x3f8b9ec2
value         1.090782

Elapsed time since last comm 70 us
Attempt 1
Clearing read buffer Success!
szSerBufferSave OK! 02 3b 1a 00 00 00 00 00 00 00 
command: 02 3b 1a 00 00 00 00 00 6a 43 
Flushing serial device buffer... Success!
Sending command... sent 10 characters
Draining serial device buffer... Success!
Cleared data buffer: 00 00 00 00 00 00 00 00 00 00 
Read char #1 RC=1 (00) waited/max    17803/1000000  uS 
Read char #2 RC=1 (06) waited/max        9/1000000  uS 
Read char #3 RC=1 (43) waited/max        9/1000000  uS 
Read char #4 RC=1 (92) waited/max        9/1000000  uS 
Read char #5 RC=1 (03) waited/max        9/1000000  uS 
Read char #6 RC=1 (65) waited/max        8/1000000  uS 
Read char #7 RC=1 (6f) waited/max        9/1000000  uS 
Read char #8 RC=1 (dd) waited/max        8/1000000  uS 
answer:  00 06 43 92 03 65 6f dd 
received 8 characters
CRC receive OK dd6f
Transmission State Check: 0
szCvrtFloat   292.026520 0x43920365
value       292.026520

Elapsed time since last comm 71 us
Attempt 1
Clearing read buffer Success!
szSerBufferSave OK! 02 3b 1b 00 00 00 00 00 00 00 
command: 02 3b 1b 00 00 00 00 00 41 47 
Flushing serial device buffer... Success!
Sending command... sent 10 characters
Draining serial device buffer... Success!
Cleared data buffer: 00 00 00 00 00 00 00 00 00 00 
Read char #1 RC=1 (00) waited/max    10838/1000000  uS 
Read char #2 RC=1 (06) waited/max       11/1000000  uS 
Read char #3 RC=1 (3f) waited/max        9/1000000  uS 
Read char #4 RC=1 (88) waited/max        8/1000000  uS 
Read char #5 RC=1 (6c) waited/max        8/1000000  uS 
Read char #6 RC=1 (6c) waited/max        9/1000000  uS 
Read char #7 RC=1 (ad) waited/max        8/1000000  uS 
Read char #8 RC=1 (9d) waited/max        9/1000000  uS 
answer:  00 06 3f 88 6c 6c ad 9d 
received 8 characters
CRC receive OK 9dad
Transmission State Check: 0
szCvrtFloat     1.065809 0x3f886c6c
value         1.065809

Elapsed time since last comm 67 us
Attempt 1
Clearing read buffer Success!
szSerBufferSave OK! 02 3b 15 00 00 00 00 00 00 00 
command: 02 3b 15 00 00 00 00 00 e3 7e 
Flushing serial device buffer... Success!
Sending command... sent 10 characters
Draining serial device buffer... Success!
Cleared data buffer: 00 00 00 00 00 00 00 00 00 00 
Read char #1 RC=1 (00) waited/max    11796/1000000  uS 
Read char #2 RC=1 (06) waited/max        9/1000000  uS 
Read char #3 RC=1 (41) waited/max        9/1000000  uS 
Read char #4 RC=1 (dc) waited/max        9/1000000  uS 
Read char #5 RC=1 (6d) waited/max        9/1000000  uS 
Read char #6 RC=1 (dd) waited/max        8/1000000  uS 
Read char #7 RC=1 (f2) waited/max        9/1000000  uS 
Read char #8 RC=1 (34) waited/max        9/1000000  uS 
answer:  00 06 41 dc 6d dd f2 34 
received 8 characters
CRC receive OK 34f2
Transmission State Check: 0
szCvrtFloat    27.553644 0x41dc6ddd
value        27.553644

Elapsed time since last comm 69 us
Attempt 1
Clearing read buffer Success!
szSerBufferSave OK! 02 3b 16 00 00 00 00 00 00 00 
command: 02 3b 16 00 00 00 00 00 9e 72 
Flushing serial device buffer... Success!
Sending command... sent 10 characters
Draining serial device buffer... Success!
Cleared data buffer: 00 00 00 00 00 00 00 00 00 00 
Read char #1 RC=0 (00) waited/max    97769/1000000  uS 
answer:  Got -1 characters

Elapsed time since last comm 0 us
Attempt 2
Clearing read buffer Success!
szSerBufferSave OK! 02 3b 16 00 00 00 00 00 00 00 
command: 02 3b 16 00 00 00 00 00 9e 72 
Flushing serial device buffer... Success!
Sending command... sent 10 characters
Draining serial device buffer... Success!
Cleared data buffer: 00 00 00 00 00 00 00 00 00 00 
Read char #1 RC=1 (98) waited/max     9790/1000000  uS 
Read char #2 RC=1 (a3) waited/max       10/1000000  uS 
Read char #3 RC=1 (41) waited/max        9/1000000  uS 
Read char #4 RC=1 (bf) waited/max        8/1000000  uS 
Read char #5 RC=1 (23) waited/max        8/1000000  uS 
Read char #6 RC=1 (c8) waited/max        9/1000000  uS 
Read char #7 RC=1 (81) waited/max        9/1000000  uS 
Read char #8 RC=1 (45) waited/max        9/1000000  uS 
answer:  98 a3 41 bf 23 c8 81 45 
received 8 characters

Elapsed time since last comm 0 us
Attempt 3
Clearing read buffer Success!
szSerBufferSave OK! 02 3b 16 00 00 00 00 00 00 00 
command: 02 3b 16 00 00 00 00 00 9e 72 
Flushing serial device buffer... Success!
Sending command... sent 10 characters
Draining serial device buffer... Success!
Cleared data buffer: 00 00 00 00 00 00 00 00 00 00 
Read char #1 RC=0 (00) waited/max    98788/1000000  uS 
answer:  Got -1 characters

Restoring Serial Port settings /dev/serial/by-id/usb-1a86_USB2.0-Serial-if00-port0... Success!
Flushing serial device buffer... Success!
Closing Serial Port /dev/serial/by-id/usb-1a86_USB2.0-Serial-if00-port0... Success!

devLCKfile: </var/lock/LCK..usb-1a86_USB2.0-Serial-if00-port0>
devLCKfileNew: </var/lock/LCK..usb-1a86_USB2.0-Serial-if00-port0.10524>
Clearing Serial Port Lock (10524)... done.

20120604-13:36:08: aurora: ERROR: Received bad return code (-1 59 22)

Complete 20120604-13:36:08

