
aurora -b -a2 -c -T -Y3 -d0 -e /dev/serial/by-id/usb-1a86_USB2.0-Serial-if00-port0 

szttyDevice: /dev/serial/by-id/usb-1a86_USB2.0-Serial-if00-port0
yDelay:     1
yTimeout    0 mS
yMaxRunTime ~
devLCKfile: </var/lock/LCK..usb-1a86_USB2.0-Serial-if00-port0>
devLCKfileNew: </var/lock/LCK..usb-1a86_USB2.0-Serial-if00-port0.7945>
Got Params

RunTime 20120604-13:28:13 v1.8.0 
Endian : Little
PID : 7945

Attempting to get lock on Serial Port /dev/serial/by-id/usb-1a86_USB2.0-Serial-if00-port0...
Checking for lock

Checking process 7945 for lock
rPID: 7945 SubStrPos: aurora command: aurora = me
Appears we got the lock.

Opening Serial Port /dev/serial/by-id/usb-1a86_USB2.0-Serial-if00-port0...  Serial Port /dev/serial/by-id/usb-1a86_USB2.0-Serial-if00-port0 successfully opened.
Configuring serial device... Flushing unread data first...  Success!
Flushing serial device buffer... Success!

Comm Check: Let's see if the Aurora is listening... 
Elapsed time since last comm 0 us
Attempt 1
Clearing read buffer Success!
szSerBufferSave OK! 02 3a 00 00 00 00 00 00 00 00 
command: 02 3a 00 00 00 00 00 00 01 b7 
Flushing serial device buffer... Success!
Sending command... sent 10 characters
Draining serial device buffer... Success!
Cleared data buffer: 00 00 00 00 00 00 00 00 00 00 
Read char #1 RC=0 (00) waited/max    96762/1000000  uS 
answer:  Got -1 characters

Elapsed time since last comm 0 us
Attempt 2
Clearing read buffer Success!
szSerBufferSave OK! 02 3a 00 00 00 00 00 00 00 00 
command: 02 3a 00 00 00 00 00 00 01 b7 
Flushing serial device buffer... Success!
Sending command... sent 10 characters
Draining serial device buffer... Success!
Cleared data buffer: 00 00 00 00 00 00 00 00 00 00 
Read char #1 RC=1 (00) waited/max    20805/1000000  uS 
Read char #2 RC=1 (06) waited/max        9/1000000  uS 
Read char #3 RC=1 (31) waited/max        8/1000000  uS 
Read char #4 RC=1 (42) waited/max        8/1000000  uS 
Read char #5 RC=1 (4e) waited/max        8/1000000  uS 
Read char #6 RC=1 (4e) waited/max        8/1000000  uS 
Read char #7 RC=1 (9c) waited/max        8/1000000  uS 
Read char #8 RC=1 (58) waited/max        9/1000000  uS 
answer:  00 06 31 42 4e 4e 9c 58 
received 8 characters
CRC receive OK 589c
Transmission State Check: 0
Model ID "1" Multipler 0.0970019 -- PVI-3.0-OUTD (new) --
Comm Check: OK

Elapsed time since last comm 214 us
Attempt 1
Clearing read buffer Success!
szSerBufferSave OK! 02 3b 04 00 00 00 00 00 00 00 
command: 02 3b 04 00 00 00 00 00 78 38 
Flushing serial device buffer... Success!
Sending command... sent 10 characters
Draining serial device buffer... Success!
Cleared data buffer: 00 00 00 00 00 00 00 00 00 00 
Read char #1 RC=1 (00) waited/max    15795/1000000  uS 
Read char #2 RC=1 (06) waited/max        9/1000000  uS 
Read char #3 RC=1 (42) waited/max        9/1000000  uS 
Read char #4 RC=1 (48) waited/max        9/1000000  uS 
Read char #5 RC=1 (11) waited/max        9/1000000  uS 
Read char #6 RC=1 (6a) waited/max        9/1000000  uS 
Read char #7 RC=1 (77) waited/max        9/1000000  uS 
Read char #8 RC=1 (63) waited/max        9/1000000  uS 
answer:  00 06 42 48 11 6a 77 63 
received 8 characters
CRC receive OK 6377
Transmission State Check: 0
szCvrtFloat    50.017006 0x4248116a
value        50.017006

Elapsed time since last comm 79 us
Attempt 1
Clearing read buffer Success!
szSerBufferSave OK! 02 3b 01 00 00 00 00 00 00 00 
command: 02 3b 01 00 00 00 00 00 ff 2c 
Flushing serial device buffer... Success!
Sending command... sent 10 characters
Draining serial device buffer... Success!
Cleared data buffer: 00 00 00 00 00 00 00 00 00 00 
Read char #1 RC=1 (00) waited/max    10815/1000000  uS 
Read char #2 RC=1 (06) waited/max        9/1000000  uS 
Read char #3 RC=1 (43) waited/max        8/1000000  uS 
Read char #4 RC=1 (61) waited/max        9/1000000  uS 
Read char #5 RC=1 (8b) waited/max        9/1000000  uS 
Read char #6 RC=1 (01) waited/max        9/1000000  uS 
Read char #7 RC=1 (11) waited/max        8/1000000  uS 
Read char #8 RC=1 (d9) waited/max        8/1000000  uS 
answer:  00 06 43 61 8b 01 11 d9 
received 8 characters
CRC receive OK d911
Transmission State Check: 0
szCvrtFloat   225.542984 0x43618b01
value       225.542984

Elapsed time since last comm 78 us
Attempt 1
Clearing read buffer Success!
szSerBufferSave OK! 02 3b 02 00 00 00 00 00 00 00 
command: 02 3b 02 00 00 00 00 00 82 20 
Flushing serial device buffer... Success!
Sending command... sent 10 characters
Draining serial device buffer... Success!
Cleared data buffer: 00 00 00 00 00 00 00 00 00 00 
Read char #1 RC=1 (00) waited/max    10805/1000000  uS 
Read char #2 RC=1 (06) waited/max       10/1000000  uS 
Read char #3 RC=1 (40) waited/max        9/1000000  uS 
Read char #4 RC=1 (38) waited/max        9/1000000  uS 
Read char #5 RC=1 (2e) waited/max        8/1000000  uS 
Read char #6 RC=1 (2d) waited/max        9/1000000  uS 
Read char #7 RC=1 (08) waited/max        9/1000000  uS 
Read char #8 RC=1 (d9) waited/max        9/1000000  uS 
answer:  00 06 40 38 2e 2d 08 d9 
received 8 characters
CRC receive OK d908
Transmission State Check: 0
szCvrtFloat     2.877818 0x40382e2d
value         2.877818

Elapsed time since last comm 61 us
Attempt 1
Clearing read buffer Success!
szSerBufferSave OK! 02 3b 03 00 00 00 00 00 00 00 
command: 02 3b 03 00 00 00 00 00 a9 24 
Flushing serial device buffer... Success!
Sending command... sent 10 characters
Draining serial device buffer... Success!
Cleared data buffer: 00 00 00 00 00 00 00 00 00 00 
Read char #1 RC=0 (00) waited/max    99754/1000000  uS 
answer:  Got -1 characters

Elapsed time since last comm 0 us
Attempt 2
Clearing read buffer Success!
szSerBufferSave OK! 02 3b 03 00 00 00 00 00 00 00 
command: 02 3b 03 00 00 00 00 00 a9 24 
Flushing serial device buffer... Success!
Sending command... sent 10 characters
Draining serial device buffer... Success!
Cleared data buffer: 00 00 00 00 00 00 00 00 00 00 
Read char #1 RC=1 (ff) waited/max     7810/1000000  uS 
Read char #2 RC=1 (ff) waited/max        9/1000000  uS 
Read char #3 RC=1 (ed) waited/max        8/1000000  uS 
Read char #4 RC=1 (d5) waited/max        8/1000000  uS 
Read char #5 RC=1 (36) waited/max        9/1000000  uS 
Read char #6 RC=1 (68) waited/max        8/1000000  uS 
Read char #7 RC=0 (00) waited/max    98525/1000000  uS 
answer:  Got -1 characters

Elapsed time since last comm 0 us
Attempt 3
Clearing read buffer Success!
szSerBufferSave OK! 02 3b 03 00 00 00 00 00 00 00 
command: 02 3b 03 00 00 00 00 00 a9 24 
Flushing serial device buffer... Success!
Sending command... sent 10 characters
Draining serial device buffer... Success!
Cleared data buffer: 00 00 00 00 00 00 00 00 00 00 
Read char #1 RC=1 (00) waited/max    53813/1000000  uS 
Read char #2 RC=1 (06) waited/max        9/1000000  uS 
Read char #3 RC=1 (44) waited/max        9/1000000  uS 
Read char #4 RC=1 (21) waited/max        8/1000000  uS 
Read char #5 RC=1 (5d) waited/max        9/1000000  uS 
Read char #6 RC=1 (2d) waited/max        8/1000000  uS 
Read char #7 RC=1 (c3) waited/max        9/1000000  uS 
Read char #8 RC=1 (68) waited/max        9/1000000  uS 
answer:  00 06 44 21 5d 2d c3 68 
received 8 characters
CRC receive OK 68c3
Transmission State Check: 0
szCvrtFloat   645.455872 0x44215d2d
value       645.455872

Elapsed time since last comm 71 us
Attempt 1
Clearing read buffer Success!
szSerBufferSave OK! 02 3b 17 00 00 00 00 00 00 00 
command: 02 3b 17 00 00 00 00 00 b5 76 
Flushing serial device buffer... Success!
Sending command... sent 10 characters
Draining serial device buffer... Success!
Cleared data buffer: 00 00 00 00 00 00 00 00 00 00 
Read char #1 RC=1 (00) waited/max    20815/1000000  uS 
Read char #2 RC=1 (06) waited/max        9/1000000  uS 
Read char #3 RC=1 (43) waited/max        9/1000000  uS 
Read char #4 RC=1 (ba) waited/max        9/1000000  uS 
Read char #5 RC=1 (63) waited/max        9/1000000  uS 
Read char #6 RC=1 (1e) waited/max        9/1000000  uS 
Read char #7 RC=1 (97) waited/max        9/1000000  uS 
Read char #8 RC=1 (b0) waited/max        9/1000000  uS 
answer:  00 06 43 ba 63 1e 97 b0 
received 8 characters
CRC receive OK b097
Transmission State Check: 0
szCvrtFloat   372.774353 0x43ba631e
value       372.774353

Elapsed time since last comm 95 us
Attempt 1
Clearing read buffer Success!
szSerBufferSave OK! 02 3b 19 00 00 00 00 00 00 00 
command: 02 3b 19 00 00 00 00 00 17 4f 
Flushing serial device buffer... Success!
Sending command... sent 10 characters
Draining serial device buffer... Success!
Cleared data buffer: 00 00 00 00 00 00 00 00 00 00 
Read char #1 RC=1 (00) waited/max    10760/1000000  uS 
Read char #2 RC=1 (06) waited/max        9/1000000  uS 
Read char #3 RC=1 (3f) waited/max        9/1000000  uS 
Read char #4 RC=1 (81) waited/max        9/1000000  uS 
Read char #5 RC=1 (69) waited/max        9/1000000  uS 
Read char #6 RC=1 (5e) waited/max        9/1000000  uS 
Read char #7 RC=1 (9a) waited/max        8/1000000  uS 
Read char #8 RC=1 (6d) waited/max        9/1000000  uS 
answer:  00 06 3f 81 69 5e 9a 6d 
received 8 characters
CRC receive OK 6d9a
Transmission State Check: 0
szCvrtFloat     1.011028 0x3f81695e
value         1.011028

Elapsed time since last comm 62 us
Attempt 1
Clearing read buffer Success!
szSerBufferSave OK! 02 3b 1a 00 00 00 00 00 00 00 
command: 02 3b 1a 00 00 00 00 00 6a 43 
Flushing serial device buffer... Success!
Sending command... sent 10 characters
Draining serial device buffer... Success!
Cleared data buffer: 00 00 00 00 00 00 00 00 00 00 
Read char #1 RC=1 (00) waited/max    10811/1000000  uS 
Read char #2 RC=1 (06) waited/max        9/1000000  uS 
Read char #3 RC=1 (43) waited/max        9/1000000  uS 
Read char #4 RC=1 (94) waited/max        9/1000000  uS 
Read char #5 RC=1 (c0) waited/max        9/1000000  uS 
Read char #6 RC=1 (2a) waited/max        8/1000000  uS 
Read char #7 RC=1 (87) waited/max        9/1000000  uS 
Read char #8 RC=1 (51) waited/max        9/1000000  uS 
answer:  00 06 43 94 c0 2a 87 51 
received 8 characters
CRC receive OK 5187
Transmission State Check: 0
szCvrtFloat   297.501282 0x4394c02a
value       297.501282

Elapsed time since last comm 69 us
Attempt 1
Clearing read buffer Success!
szSerBufferSave OK! 02 3b 1b 00 00 00 00 00 00 00 
command: 02 3b 1b 00 00 00 00 00 41 47 
Flushing serial device buffer... Success!
Sending command... sent 10 characters
Draining serial device buffer... Success!
Cleared data buffer: 00 00 00 00 00 00 00 00 00 00 
Read char #1 RC=0 (00) 
answer:  Got -1 characters

Elapsed time since last comm 0 us
Attempt 2
Clearing read buffer Success!
szSerBufferSave OK! 02 3b 1b 00 00 00 00 00 00 00 
command: 02 3b 1b 00 00 00 00 00 41 47 
Flushing serial device buffer... Success!
Sending command... sent 10 characters
Draining serial device buffer... Success!
Cleared data buffer: 00 00 00 00 00 00 00 00 00 00 
Read char #1 RC=1 (ff) waited/max     7810/1000000  uS 
Read char #2 RC=1 (ff) waited/max        9/1000000  uS 
Read char #3 RC=1 (ff) waited/max        9/1000000  uS 
Read char #4 RC=1 (69) waited/max        9/1000000  uS 
Read char #5 RC=1 (27) waited/max        8/1000000  uS 
Read char #6 RC=1 (b5) waited/max        9/1000000  uS 
Read char #7 RC=0 (00) waited/max    98556/1000000  uS 
answer:  Got -1 characters

Elapsed time since last comm 0 us
Attempt 3
Clearing read buffer Success!
szSerBufferSave OK! 02 3b 1b 00 00 00 00 00 00 00 
command: 02 3b 1b 00 00 00 00 00 41 47 
Flushing serial device buffer... Success!
Sending command... sent 10 characters
Draining serial device buffer... Success!
Cleared data buffer: 00 00 00 00 00 00 00 00 00 00 
Read char #1 RC=1 (00) waited/max    53814/1000000  uS 
Read char #2 RC=1 (06) waited/max       11/1000000  uS 
Read char #3 RC=1 (3f) waited/max        9/1000000  uS 
Read char #4 RC=1 (7e) waited/max        9/1000000  uS 
Read char #5 RC=1 (49) waited/max        9/1000000  uS 
Read char #6 RC=1 (3a) waited/max        9/1000000  uS 
Read char #7 RC=1 (78) waited/max        9/1000000  uS 
Read char #8 RC=1 (ad) waited/max        9/1000000  uS 
answer:  00 06 3f 7e 49 3a 78 ad 
received 8 characters
CRC receive OK ad78
Transmission State Check: 0
szCvrtFloat     0.993305 0x3f7e493a
value         0.993305

Elapsed time since last comm 73 us
Attempt 1
Clearing read buffer Success!
szSerBufferSave OK! 02 3b 15 00 00 00 00 00 00 00 
command: 02 3b 15 00 00 00 00 00 e3 7e 
Flushing serial device buffer... Success!
Sending command... sent 10 characters
Draining serial device buffer... Success!
Cleared data buffer: 00 00 00 00 00 00 00 00 00 00 
Read char #1 RC=1 (00) waited/max    26814/1000000  uS 
Read char #2 RC=1 (06) waited/max        9/1000000  uS 
Read char #3 RC=1 (41) waited/max        8/1000000  uS 
Read char #4 RC=1 (d9) waited/max        9/1000000  uS 
Read char #5 RC=1 (29) waited/max        9/1000000  uS 
Read char #6 RC=1 (c1) waited/max        8/1000000  uS 
Read char #7 RC=1 (a4) waited/max        9/1000000  uS 
Read char #8 RC=1 (f6) waited/max        9/1000000  uS 
answer:  00 06 41 d9 29 c1 a4 f6 
received 8 characters
CRC receive OK f6a4
Transmission State Check: 0
szCvrtFloat    27.145388 0x41d929c1
value        27.145388

Elapsed time since last comm 71 us
Attempt 1
Clearing read buffer Success!
szSerBufferSave OK! 02 3b 16 00 00 00 00 00 00 00 
command: 02 3b 16 00 00 00 00 00 9e 72 
Flushing serial device buffer... Success!
Sending command... sent 10 characters
Draining serial device buffer... Success!
Cleared data buffer: 00 00 00 00 00 00 00 00 00 00 
Read char #1 RC=1 (00) waited/max    10806/1000000  uS 
Read char #2 RC=1 (06) waited/max        9/1000000  uS 
Read char #3 RC=1 (41) waited/max        9/1000000  uS 
Read char #4 RC=1 (bc) waited/max        9/1000000  uS 
Read char #5 RC=1 (66) waited/max        9/1000000  uS 
Read char #6 RC=1 (1f) waited/max        9/1000000  uS 
Read char #7 RC=1 (09) waited/max        8/1000000  uS 
Read char #8 RC=1 (30) waited/max        8/1000000  uS 
answer:  00 06 41 bc 66 1f 09 30 
received 8 characters
CRC receive OK 3009
Transmission State Check: 0
szCvrtFloat    23.549864 0x41bc661f
value        23.549864

Attempting to get Partial Energy value 
Elapsed time since last comm 140 us
Attempt 1
Clearing read buffer Success!
szSerBufferSave OK! 02 4e 06 00 00 00 00 00 00 00 
command: 02 4e 06 00 00 00 00 00 c1 d1 
Flushing serial device buffer... Success!
Sending command... sent 10 characters
Draining serial device buffer... Success!
Cleared data buffer: 00 00 00 00 00 00 00 00 00 00 
Read char #1 RC=0 (00) waited/max    96786/1000000  uS 
answer:  Got -1 characters

Elapsed time since last comm 0 us
Attempt 2
Clearing read buffer Success!
szSerBufferSave OK! 02 4e 06 00 00 00 00 00 00 00 
command: 02 4e 06 00 00 00 00 00 c1 d1 
Flushing serial device buffer... Success!
Sending command... sent 10 characters
Draining serial device buffer... Success!
Cleared data buffer: 00 00 00 00 00 00 00 00 00 00 
Read char #1 RC=1 (ff) waited/max     8803/1000000  uS 
Read char #2 RC=1 (ff) waited/max        9/1000000  uS 
Read char #3 RC=1 (ff) waited/max        9/1000000  uS 
Read char #4 RC=1 (fd) waited/max        8/1000000  uS 
Read char #5 RC=1 (77) waited/max        8/1000000  uS 
Read char #6 RC=1 (ac) waited/max        9/1000000  uS 
Read char #7 RC=1 (ed) waited/max        9/1000000  uS 
Read char #8 RC=1 (ff) waited/max        9/1000000  uS 
answer:  ff ff ff fd 77 ac ed ff 
received 8 characters

Elapsed time since last comm 0 us
Attempt 3
Clearing read buffer Success!
szSerBufferSave OK! 02 4e 06 00 00 00 00 00 00 00 
command: 02 4e 06 00 00 00 00 00 c1 d1 
Flushing serial device buffer... Success!
Sending command... sent 10 characters
Draining serial device buffer... Success!
Cleared data buffer: 00 00 00 00 00 00 00 00 00 00 
Read char #1 RC=0 (00) waited/max    99760/1000000  uS 
answer:  Got -1 characters

Restoring Serial Port settings /dev/serial/by-id/usb-1a86_USB2.0-Serial-if00-port0... Success!
Flushing serial device buffer... Success!
Closing Serial Port /dev/serial/by-id/usb-1a86_USB2.0-Serial-if00-port0... Success!

devLCKfile: </var/lock/LCK..usb-1a86_USB2.0-Serial-if00-port0>
devLCKfileNew: </var/lock/LCK..usb-1a86_USB2.0-Serial-if00-port0.7945>
Clearing Serial Port Lock (7945)... done.

20120604-13:28:14: aurora: ERROR: Received bad return code (-1 78 6)

Complete 20120604-13:28:14

