
aurora -b -a2 -c -T -Y3 -d0 -e /dev/serial/by-id/usb-1a86_USB2.0-Serial-if00-port0 

szttyDevice: /dev/serial/by-id/usb-1a86_USB2.0-Serial-if00-port0
yDelay:     1
yTimeout    0 mS
yMaxRunTime ~
devLCKfile: </var/lock/LCK..usb-1a86_USB2.0-Serial-if00-port0>
devLCKfileNew: </var/lock/LCK..usb-1a86_USB2.0-Serial-if00-port0.7248>
Got Params

RunTime 20120604-13:26:07 v1.8.0 
Endian : Little
PID : 7248

Attempting to get lock on Serial Port /dev/serial/by-id/usb-1a86_USB2.0-Serial-if00-port0...
Checking for lock

Checking process 7248 for lock
rPID: 7248 SubStrPos: aurora command: aurora = me
Appears we got the lock.

Opening Serial Port /dev/serial/by-id/usb-1a86_USB2.0-Serial-if00-port0...  Serial Port /dev/serial/by-id/usb-1a86_USB2.0-Serial-if00-port0 successfully opened.
Configuring serial device... Flushing unread data first...  Success!
Flushing serial device buffer... Success!

Comm Check: Let's see if the Aurora is listening... 
Elapsed time since last comm 0 us
Attempt 1
Clearing read buffer Success!
szSerBufferSave OK! 02 3a 00 00 00 00 00 00 00 00 
command: 02 3a 00 00 00 00 00 00 01 b7 
Flushing serial device buffer... Success!
Sending command... sent 10 characters
Draining serial device buffer... Success!
Cleared data buffer: 00 00 00 00 00 00 00 00 00 00 
Read char #1 RC=1 (00) waited/max    10808/1000000  uS 
Read char #2 RC=1 (06) waited/max        9/1000000  uS 
Read char #3 RC=1 (31) waited/max        8/1000000  uS 
Read char #4 RC=1 (42) waited/max        8/1000000  uS 
Read char #5 RC=1 (4e) waited/max        9/1000000  uS 
Read char #6 RC=1 (4e) waited/max        8/1000000  uS 
Read char #7 RC=1 (9c) waited/max        9/1000000  uS 
Read char #8 RC=1 (58) waited/max        8/1000000  uS 
answer:  00 06 31 42 4e 4e 9c 58 
received 8 characters
CRC receive OK 589c
Transmission State Check: 0
Model ID "1" Multipler 0.0970019 -- PVI-3.0-OUTD (new) --
Comm Check: OK

Elapsed time since last comm 193 us
Attempt 1
Clearing read buffer Success!
szSerBufferSave OK! 02 3b 04 00 00 00 00 00 00 00 
command: 02 3b 04 00 00 00 00 00 78 38 
Flushing serial device buffer... Success!
Sending command... sent 10 characters
Draining serial device buffer... Success!
Cleared data buffer: 00 00 00 00 00 00 00 00 00 00 
Read char #1 RC=1 (00) waited/max    10804/1000000  uS 
Read char #2 RC=1 (06) waited/max        9/1000000  uS 
Read char #3 RC=1 (42) waited/max        8/1000000  uS 
Read char #4 RC=1 (47) waited/max        9/1000000  uS 
Read char #5 RC=1 (ee) waited/max        9/1000000  uS 
Read char #6 RC=1 (99) waited/max        8/1000000  uS 
Read char #7 RC=1 (64) waited/max        8/1000000  uS 
Read char #8 RC=1 (13) waited/max        8/1000000  uS 
answer:  00 06 42 47 ee 99 64 13 
received 8 characters
CRC receive OK 1364
Transmission State Check: 0
szCvrtFloat    49.983006 0x4247ee99
value        49.983006

Elapsed time since last comm 91 us
Attempt 1
Clearing read buffer Success!
szSerBufferSave OK! 02 3b 01 00 00 00 00 00 00 00 
command: 02 3b 01 00 00 00 00 00 ff 2c 
Flushing serial device buffer... Success!
Sending command... sent 10 characters
Draining serial device buffer... Success!
Cleared data buffer: 00 00 00 00 00 00 00 00 00 00 
Read char #1 RC=0 (00) waited/max    98754/1000000  uS 
answer:  Got -1 characters

Elapsed time since last comm 0 us
Attempt 2
Clearing read buffer Success!
szSerBufferSave OK! 02 3b 01 00 00 00 00 00 00 00 
command: 02 3b 01 00 00 00 00 00 ff 2c 
Flushing serial device buffer... Success!
Sending command... sent 10 characters
Draining serial device buffer... Success!
Cleared data buffer: 00 00 00 00 00 00 00 00 00 00 
Read char #1 RC=1 (00) waited/max    13815/1000000  uS 
Read char #2 RC=1 (06) waited/max        9/1000000  uS 
Read char #3 RC=1 (43) waited/max        8/1000000  uS 
Read char #4 RC=1 (61) waited/max        8/1000000  uS 
Read char #5 RC=1 (db) waited/max        9/1000000  uS 
Read char #6 RC=1 (6a) waited/max        9/1000000  uS 
Read char #7 RC=1 (33) waited/max        8/1000000  uS 
Read char #8 RC=1 (d7) waited/max        9/1000000  uS 
answer:  00 06 43 61 db 6a 33 d7 
received 8 characters
CRC receive OK d733
Transmission State Check: 0
szCvrtFloat   225.857086 0x4361db6a
value       225.857086

Elapsed time since last comm 81 us
Attempt 1
Clearing read buffer Success!
szSerBufferSave OK! 02 3b 02 00 00 00 00 00 00 00 
command: 02 3b 02 00 00 00 00 00 82 20 
Flushing serial device buffer... Success!
Sending command... sent 10 characters
Draining serial device buffer... Success!
Cleared data buffer: 00 00 00 00 00 00 00 00 00 00 
Read char #1 RC=1 (00) waited/max    16813/1000000  uS 
Read char #2 RC=1 (06) waited/max        9/1000000  uS 
Read char #3 RC=1 (40) waited/max        9/1000000  uS 
Read char #4 RC=1 (32) waited/max        9/1000000  uS 
Read char #5 RC=1 (33) waited/max        9/1000000  uS 
Read char #6 RC=1 (9d) waited/max        9/1000000  uS 
Read char #7 RC=1 (10) waited/max        8/1000000  uS 
Read char #8 RC=1 (3a) waited/max        9/1000000  uS 
answer:  00 06 40 32 33 9d 10 3a 
received 8 characters
CRC receive OK 3a10
Transmission State Check: 0
szCvrtFloat     2.784400 0x4032339d
value         2.784400

Elapsed time since last comm 62 us
Attempt 1
Clearing read buffer Success!
szSerBufferSave OK! 02 3b 03 00 00 00 00 00 00 00 
command: 02 3b 03 00 00 00 00 00 a9 24 
Flushing serial device buffer... Success!
Sending command... sent 10 characters
Draining serial device buffer... Success!
Cleared data buffer: 00 00 00 00 00 00 00 00 00 00 
Read char #1 RC=1 (00) waited/max    10811/1000000  uS 
Read char #2 RC=1 (06) waited/max        9/1000000  uS 
Read char #3 RC=1 (44) waited/max        8/1000000  uS 
Read char #4 RC=1 (1c) waited/max        8/1000000  uS 
Read char #5 RC=1 (83) waited/max        8/1000000  uS 
Read char #6 RC=1 (4c) waited/max        8/1000000  uS 
Read char #7 RC=1 (b6) waited/max        9/1000000  uS 
Read char #8 RC=1 (a6) waited/max        9/1000000  uS 
answer:  00 06 44 1c 83 4c b6 a6 
received 8 characters
CRC receive OK a6b6
Transmission State Check: 0
szCvrtFloat   626.051514 0x441c834c
value       626.051514

Elapsed time since last comm 69 us
Attempt 1
Clearing read buffer Success!
szSerBufferSave OK! 02 3b 17 00 00 00 00 00 00 00 
command: 02 3b 17 00 00 00 00 00 b5 76 
Flushing serial device buffer... Success!
Sending command... sent 10 characters
Draining serial device buffer... Success!
Cleared data buffer: 00 00 00 00 00 00 00 00 00 00 
Read char #1 RC=1 (00) waited/max    10816/1000000  uS 
Read char #2 RC=1 (06) waited/max        9/1000000  uS 
Read char #3 RC=1 (43) waited/max        9/1000000  uS 
Read char #4 RC=1 (b8) waited/max        8/1000000  uS 
Read char #5 RC=1 (b0) waited/max        8/1000000  uS 
Read char #6 RC=1 (97) waited/max        9/1000000  uS 
Read char #7 RC=1 (b5) waited/max        8/1000000  uS 
Read char #8 RC=1 (69) waited/max        9/1000000  uS 
answer:  00 06 43 b8 b0 97 b5 69 
received 8 characters
CRC receive OK 69b5
Transmission State Check: 0
szCvrtFloat   369.379608 0x43b8b097
value       369.379608

Elapsed time since last comm 67 us
Attempt 1
Clearing read buffer Success!
szSerBufferSave OK! 02 3b 19 00 00 00 00 00 00 00 
command: 02 3b 19 00 00 00 00 00 17 4f 
Flushing serial device buffer... Success!
Sending command... sent 10 characters
Draining serial device buffer... Success!
Cleared data buffer: 00 00 00 00 00 00 00 00 00 00 
Read char #1 RC=0 (00) waited/max    97754/1000000  uS 
answer:  Got -1 characters

Elapsed time since last comm 0 us
Attempt 2
Clearing read buffer Success!
szSerBufferSave OK! 02 3b 19 00 00 00 00 00 00 00 
command: 02 3b 19 00 00 00 00 00 17 4f 
Flushing serial device buffer... Success!
Sending command... sent 10 characters
Draining serial device buffer... Success!
Cleared data buffer: 00 00 00 00 00 00 00 00 00 00 
Read char #1 RC=1 (00) waited/max    10816/1000000  uS 
Read char #2 RC=1 (06) waited/max        9/1000000  uS 
Read char #3 RC=1 (3f) waited/max        9/1000000  uS 
Read char #4 RC=1 (7d) waited/max        8/1000000  uS 
Read char #5 RC=1 (41) waited/max        9/1000000  uS 
Read char #6 RC=1 (3f) waited/max        8/1000000  uS 
Read char #7 RC=1 (71) waited/max        9/1000000  uS 
Read char #8 RC=1 (db) waited/max        9/1000000  uS 
answer:  00 06 3f 7d 41 3f 71 db 
received 8 characters
CRC receive OK db71
Transmission State Check: 0
szCvrtFloat     0.989277 0x3f7d413f
value         0.989277

Elapsed time since last comm 64 us
Attempt 1
Clearing read buffer Success!
szSerBufferSave OK! 02 3b 1a 00 00 00 00 00 00 00 
command: 02 3b 1a 00 00 00 00 00 6a 43 
Flushing serial device buffer... Success!
Sending command... sent 10 characters
Draining serial device buffer... Success!
Cleared data buffer: 00 00 00 00 00 00 00 00 00 00 
Read char #1 RC=1 (00) waited/max    18813/1000000  uS 
Read char #2 RC=1 (06) waited/max        9/1000000  uS 
Read char #3 RC=1 (43) waited/max        9/1000000  uS 
Read char #4 RC=1 (94) waited/max        9/1000000  uS 
Read char #5 RC=1 (c0) waited/max        9/1000000  uS 
Read char #6 RC=1 (2a) waited/max        9/1000000  uS 
Read char #7 RC=1 (87) waited/max        8/1000000  uS 
Read char #8 RC=1 (51) waited/max        8/1000000  uS 
answer:  00 06 43 94 c0 2a 87 51 
received 8 characters
CRC receive OK 5187
Transmission State Check: 0
szCvrtFloat   297.501282 0x4394c02a
value       297.501282

Elapsed time since last comm 68 us
Attempt 1
Clearing read buffer Success!
szSerBufferSave OK! 02 3b 1b 00 00 00 00 00 00 00 
command: 02 3b 1b 00 00 00 00 00 41 47 
Flushing serial device buffer... Success!
Sending command... sent 10 characters
Draining serial device buffer... Success!
Cleared data buffer: 00 00 00 00 00 00 00 00 00 00 
Read char #1 RC=1 (00) waited/max    10818/1000000  uS 
Read char #2 RC=1 (06) waited/max        9/1000000  uS 
Read char #3 RC=1 (3f) waited/max        9/1000000  uS 
Read char #4 RC=1 (76) waited/max        8/1000000  uS 
Read char #5 RC=1 (dc) waited/max        8/1000000  uS 
Read char #6 RC=1 (94) waited/max        8/1000000  uS 
Read char #7 RC=1 (2b) waited/max        9/1000000  uS 
Read char #8 RC=1 (40) waited/max        9/1000000  uS 
answer:  00 06 3f 76 dc 94 2b 40 
received 8 characters
CRC receive OK 402b
Transmission State Check: 0
szCvrtFloat     0.964303 0x3f76dc94
value         0.964303

Elapsed time since last comm 62 us
Attempt 1
Clearing read buffer Success!
szSerBufferSave OK! 02 3b 15 00 00 00 00 00 00 00 
command: 02 3b 15 00 00 00 00 00 e3 7e 
Flushing serial device buffer... Success!
Sending command... sent 10 characters
Draining serial device buffer... Success!
Cleared data buffer: 00 00 00 00 00 00 00 00 00 00 
Read char #1 RC=1 (00) waited/max    10807/1000000  uS 
Read char #2 RC=1 (06) waited/max        9/1000000  uS 
Read char #3 RC=1 (41) waited/max        9/1000000  uS 
Read char #4 RC=1 (d8) waited/max        8/1000000  uS 
Read char #5 RC=1 (43) waited/max        9/1000000  uS 
Read char #6 RC=1 (2b) waited/max        9/1000000  uS 
Read char #7 RC=1 (09) waited/max        8/1000000  uS 
Read char #8 RC=1 (7c) waited/max        8/1000000  uS 
answer:  00 06 41 d8 43 2b 09 7c 
received 8 characters
CRC receive OK 7c09
Transmission State Check: 0
szCvrtFloat    27.032797 0x41d8432b
value        27.032797

Elapsed time since last comm 68 us
Attempt 1
Clearing read buffer Success!
szSerBufferSave OK! 02 3b 16 00 00 00 00 00 00 00 
command: 02 3b 16 00 00 00 00 00 9e 72 
Flushing serial device buffer... Success!
Sending command... sent 10 characters
Draining serial device buffer... Success!
Cleared data buffer: 00 00 00 00 00 00 00 00 00 00 
Read char #1 RC=0 (00) waited/max    98753/1000000  uS 
answer:  Got -1 characters

Elapsed time since last comm 0 us
Attempt 2
Clearing read buffer Success!
szSerBufferSave OK! 02 3b 16 00 00 00 00 00 00 00 
command: 02 3b 16 00 00 00 00 00 9e 72 
Flushing serial device buffer... Success!
Sending command... sent 10 characters
Draining serial device buffer... Success!
Cleared data buffer: 00 00 00 00 00 00 00 00 00 00 
Read char #1 RC=1 (00) waited/max    13812/1000000  uS 
Read char #2 RC=1 (06) waited/max        9/1000000  uS 
Read char #3 RC=1 (41) waited/max        9/1000000  uS 
Read char #4 RC=1 (bb) waited/max        9/1000000  uS 
Read char #5 RC=1 (a5) waited/max        8/1000000  uS 
Read char #6 RC=1 (d2) waited/max        9/1000000  uS 
Read char #7 RC=1 (27) waited/max        9/1000000  uS 
Read char #8 RC=1 (41) waited/max        9/1000000  uS 
answer:  00 06 41 bb a5 d2 27 41 
received 8 characters
CRC receive OK 4127
Transmission State Check: 0
szCvrtFloat    23.455967 0x41bba5d2
value        23.455967

Attempting to get Partial Energy value 
Elapsed time since last comm 137 us
Attempt 1
Clearing read buffer Success!
szSerBufferSave OK! 02 4e 06 00 00 00 00 00 00 00 
command: 02 4e 06 00 00 00 00 00 c1 d1 
Flushing serial device buffer... Success!
Sending command... sent 10 characters
Draining serial device buffer... Success!
Cleared data buffer: 00 00 00 00 00 00 00 00 00 00 
Read char #1 RC=1 (00) waited/max    22875/1000000  uS 
Read char #2 RC=1 (06) waited/max       10/1000000  uS 
Read char #3 RC=1 (00) waited/max        8/1000000  uS 
Read char #4 RC=1 (00) waited/max        8/1000000  uS 
Read char #5 RC=1 (84) waited/max        9/1000000  uS 
Read char #6 RC=1 (4d) waited/max        9/1000000  uS 
Read char #7 RC=1 (5a) waited/max        9/1000000  uS 
Read char #8 RC=1 (be) waited/max        9/1000000  uS 
answer:  00 06 00 00 84 4d 5a be 
received 8 characters
CRC receive OK be5a
Transmission State Check: 0
szCvrtLong          33869 0x0000844d
value               33869

Elapsed time since last comm 52 us
Attempt 1
Clearing read buffer Success!
szSerBufferSave OK! 02 4e 00 00 00 00 00 00 00 00 
command: 02 4e 00 00 00 00 00 00 3b c9 
Flushing serial device buffer... Success!
Sending command... sent 10 characters
Draining serial device buffer... Success!
Cleared data buffer: 00 00 00 00 00 00 00 00 00 00 
Read char #1 RC=1 (00) waited/max    10809/1000000  uS 
Read char #2 RC=1 (06) waited/max        9/1000000  uS 
Read char #3 RC=1 (00) waited/max        9/1000000  uS 
Read char #4 RC=1 (00) waited/max        8/1000000  uS 
Read char #5 RC=1 (04) waited/max        8/1000000  uS 
Read char #6 RC=1 (f2) waited/max        9/1000000  uS 
Read char #7 RC=1 (ea) waited/max        8/1000000  uS 
Read char #8 RC=1 (7f) waited/max        8/1000000  uS 
answer:  00 06 00 00 04 f2 ea 7f 
received 8 characters
CRC receive OK 7fea
Transmission State Check: 0
szCvrtLong           1266 0x000004f2
value                1266

Elapsed time since last comm 50 us
Attempt 1
Clearing read buffer Success!
szSerBufferSave OK! 02 4e 01 00 00 00 00 00 00 00 
command: 02 4e 01 00 00 00 00 00 10 cd 
Flushing serial device buffer... Success!
Sending command... sent 10 characters
Draining serial device buffer... Success!
Cleared data buffer: 00 00 00 00 00 00 00 00 00 00 
Read char #1 RC=0 (00) waited/max    96763/1000000  uS 
answer:  Got -1 characters

Elapsed time since last comm 0 us
Attempt 2
Clearing read buffer Success!
szSerBufferSave OK! 02 4e 01 00 00 00 00 00 00 00 
command: 02 4e 01 00 00 00 00 00 10 cd 
Flushing serial device buffer... Success!
Sending command... sent 10 characters
Draining serial device buffer... Success!
Cleared data buffer: 00 00 00 00 00 00 00 00 00 00 
Read char #1 RC=1 (ff) waited/max     7813/1000000  uS 
Read char #2 RC=1 (ff) waited/max        9/1000000  uS 
Read char #3 RC=1 (ff) waited/max        8/1000000  uS 
Read char #4 RC=1 (df) waited/max        9/1000000  uS 
Read char #5 RC=1 (7f) waited/max        9/1000000  uS 
Read char #6 RC=1 (55) waited/max        9/1000000  uS 
Read char #7 RC=1 (2d) waited/max        9/1000000  uS 
Read char #8 RC=1 (f8) waited/max        9/1000000  uS 
answer:  ff ff ff df 7f 55 2d f8 
received 8 characters

Elapsed time since last comm 0 us
Attempt 3
Clearing read buffer Success!
szSerBufferSave OK! 02 4e 01 00 00 00 00 00 00 00 
command: 02 4e 01 00 00 00 00 00 10 cd 
Flushing serial device buffer... Success!
Sending command... sent 10 characters
Draining serial device buffer... Success!
Cleared data buffer: 00 00 00 00 00 00 00 00 00 00 
Read char #1 RC=0 (00) 
answer:  Got -1 characters

Restoring Serial Port settings /dev/serial/by-id/usb-1a86_USB2.0-Serial-if00-port0... Success!
Flushing serial device buffer... Success!
Closing Serial Port /dev/serial/by-id/usb-1a86_USB2.0-Serial-if00-port0... Success!

devLCKfile: </var/lock/LCK..usb-1a86_USB2.0-Serial-if00-port0>
devLCKfileNew: </var/lock/LCK..usb-1a86_USB2.0-Serial-if00-port0.7248>
Clearing Serial Port Lock (7248)... done.

20120604-13:26:08: aurora: ERROR: Received bad return code (-1 78 1)

Complete 20120604-13:26:08

