
aurora -b -a2 -c -T -Y3 -d0 -e /dev/serial/by-id/usb-1a86_USB2.0-Serial-if00-port0 

szttyDevice: /dev/serial/by-id/usb-1a86_USB2.0-Serial-if00-port0
yDelay:     1
yTimeout    0 mS
yMaxRunTime ~
devLCKfile: </var/lock/LCK..usb-1a86_USB2.0-Serial-if00-port0>
devLCKfileNew: </var/lock/LCK..usb-1a86_USB2.0-Serial-if00-port0.11901>
Got Params

RunTime 20120604-13:40:21 v1.8.0 
Endian : Little
PID : 11901

Attempting to get lock on Serial Port /dev/serial/by-id/usb-1a86_USB2.0-Serial-if00-port0...
Checking for lock

Checking process 11901 for lock
rPID: 11901 SubStrPos: aurora command: aurora = me
Appears we got the lock.

Opening Serial Port /dev/serial/by-id/usb-1a86_USB2.0-Serial-if00-port0...  Serial Port /dev/serial/by-id/usb-1a86_USB2.0-Serial-if00-port0 successfully opened.
Configuring serial device... Flushing unread data first...  Success!
Flushing serial device buffer... Success!

Comm Check: Let's see if the Aurora is listening... 
Elapsed time since last comm 0 us
Attempt 1
Clearing read buffer Success!
szSerBufferSave OK! 02 3a 00 00 00 00 00 00 00 00 
command: 02 3a 00 00 00 00 00 00 01 b7 
Flushing serial device buffer... Success!
Sending command... sent 10 characters
Draining serial device buffer... Success!
Cleared data buffer: 00 00 00 00 00 00 00 00 00 00 
Read char #1 RC=1 (00) waited/max    13804/1000000  uS 
Read char #2 RC=1 (06) waited/max        9/1000000  uS 
Read char #3 RC=1 (31) waited/max        9/1000000  uS 
Read char #4 RC=1 (42) waited/max        8/1000000  uS 
Read char #5 RC=1 (4e) waited/max        8/1000000  uS 
Read char #6 RC=1 (4e) waited/max        9/1000000  uS 
Read char #7 RC=1 (9c) waited/max        9/1000000  uS 
Read char #8 RC=1 (58) waited/max        8/1000000  uS 
answer:  00 06 31 42 4e 4e 9c 58 
received 8 characters
CRC receive OK 589c
Transmission State Check: 0
Model ID "1" Multipler 0.0970019 -- PVI-3.0-OUTD (new) --
Comm Check: OK

Elapsed time since last comm 200 us
Attempt 1
Clearing read buffer Success!
szSerBufferSave OK! 02 3b 04 00 00 00 00 00 00 00 
command: 02 3b 04 00 00 00 00 00 78 38 
Flushing serial device buffer... Success!
Sending command... sent 10 characters
Draining serial device buffer... Success!
Cleared data buffer: 00 00 00 00 00 00 00 00 00 00 
Read char #1 RC=0 (00) waited/max    98772/1000000  uS 
answer:  Got -1 characters

Elapsed time since last comm 0 us
Attempt 2
Clearing read buffer Success!
szSerBufferSave OK! 02 3b 04 00 00 00 00 00 00 00 
command: 02 3b 04 00 00 00 00 00 78 38 
Flushing serial device buffer... Success!
Sending command... sent 10 characters
Draining serial device buffer... Success!
Cleared data buffer: 00 00 00 00 00 00 00 00 00 00 
Read char #1 RC=1 (00) waited/max    10810/1000000  uS 
Read char #2 RC=1 (06) waited/max        9/1000000  uS 
Read char #3 RC=1 (42) waited/max        9/1000000  uS 
Read char #4 RC=1 (47) waited/max        9/1000000  uS 
Read char #5 RC=1 (ed) waited/max        8/1000000  uS 
Read char #6 RC=1 (93) waited/max        9/1000000  uS 
Read char #7 RC=1 (56) waited/max        9/1000000  uS 
Read char #8 RC=1 (96) waited/max        8/1000000  uS 
answer:  00 06 42 47 ed 93 56 96 
received 8 characters
CRC receive OK 9656
Transmission State Check: 0
szCvrtFloat    49.982006 0x4247ed93
value        49.982006

Elapsed time since last comm 85 us
Attempt 1
Clearing read buffer Success!
szSerBufferSave OK! 02 3b 01 00 00 00 00 00 00 00 
command: 02 3b 01 00 00 00 00 00 ff 2c 
Flushing serial device buffer... Success!
Sending command... sent 10 characters
Draining serial device buffer... Success!
Cleared data buffer: 00 00 00 00 00 00 00 00 00 00 
Read char #1 RC=1 (00) waited/max    20860/1000000  uS 
Read char #2 RC=1 (06) waited/max       11/1000000  uS 
Read char #3 RC=1 (43) waited/max        9/1000000  uS 
Read char #4 RC=1 (61) waited/max        9/1000000  uS 
Read char #5 RC=1 (62) waited/max        9/1000000  uS 
Read char #6 RC=1 (bf) waited/max        8/1000000  uS 
Read char #7 RC=1 (65) waited/max        9/1000000  uS 
Read char #8 RC=1 (bb) waited/max        8/1000000  uS 
answer:  00 06 43 61 62 bf 65 bb 
received 8 characters
CRC receive OK bb65
Transmission State Check: 0
szCvrtFloat   225.385727 0x436162bf
value       225.385727

Elapsed time since last comm 89 us
Attempt 1
Clearing read buffer Success!
szSerBufferSave OK! 02 3b 02 00 00 00 00 00 00 00 
command: 02 3b 02 00 00 00 00 00 82 20 
Flushing serial device buffer... Success!
Sending command... sent 10 characters
Draining serial device buffer... Success!
Cleared data buffer: 00 00 00 00 00 00 00 00 00 00 
Read char #1 RC=1 (00) waited/max    10818/1000000  uS 
Read char #2 RC=1 (06) waited/max       10/1000000  uS 
Read char #3 RC=1 (40) waited/max        9/1000000  uS 
Read char #4 RC=1 (47) waited/max        9/1000000  uS 
Read char #5 RC=1 (5f) waited/max        8/1000000  uS 
Read char #6 RC=1 (89) waited/max        9/1000000  uS 
Read char #7 RC=1 (25) waited/max        9/1000000  uS 
Read char #8 RC=1 (19) waited/max        9/1000000  uS 
answer:  00 06 40 47 5f 89 25 19 
received 8 characters
CRC receive OK 1925
Transmission State Check: 0
szCvrtFloat     3.115206 0x40475f89
value         3.115206

Elapsed time since last comm 64 us
Attempt 1
Clearing read buffer Success!
szSerBufferSave OK! 02 3b 03 00 00 00 00 00 00 00 
command: 02 3b 03 00 00 00 00 00 a9 24 
Flushing serial device buffer... Success!
Sending command... sent 10 characters
Draining serial device buffer... Success!
Cleared data buffer: 00 00 00 00 00 00 00 00 00 00 
Read char #1 RC=1 (00) waited/max    10812/1000000  uS 
Read char #2 RC=1 (06) waited/max       10/1000000  uS 
Read char #3 RC=1 (44) waited/max        9/1000000  uS 
Read char #4 RC=1 (2e) waited/max        9/1000000  uS 
Read char #5 RC=1 (b4) waited/max        9/1000000  uS 
Read char #6 RC=1 (59) waited/max        9/1000000  uS 
Read char #7 RC=1 (26) waited/max        9/1000000  uS 
Read char #8 RC=1 (29) waited/max        9/1000000  uS 
answer:  00 06 44 2e b4 59 26 29 
received 8 characters
CRC receive OK 2926
Transmission State Check: 0
szCvrtFloat   698.817932 0x442eb459
value       698.817932

Elapsed time since last comm 71 us
Attempt 1
Clearing read buffer Success!
szSerBufferSave OK! 02 3b 17 00 00 00 00 00 00 00 
command: 02 3b 17 00 00 00 00 00 b5 76 
Flushing serial device buffer... Success!
Sending command... sent 10 characters
Draining serial device buffer... Success!
Cleared data buffer: 00 00 00 00 00 00 00 00 00 00 
Read char #1 RC=0 (00) waited/max    96780/1000000  uS 
answer:  Got -1 characters

Elapsed time since last comm 0 us
Attempt 2
Clearing read buffer Success!
szSerBufferSave OK! 02 3b 17 00 00 00 00 00 00 00 
command: 02 3b 17 00 00 00 00 00 b5 76 
Flushing serial device buffer... Success!
Sending command... sent 10 characters
Draining serial device buffer... Success!
Cleared data buffer: 00 00 00 00 00 00 00 00 00 00 
Read char #1 RC=1 (ff) waited/max     8809/1000000  uS 
Read char #2 RC=1 (ed) waited/max       10/1000000  uS 
Read char #3 RC=1 (e9) waited/max        9/1000000  uS 
Read char #4 RC=1 (de) waited/max        9/1000000  uS 
Read char #5 RC=1 (31) waited/max        8/1000000  uS 
Read char #6 RC=1 (74) waited/max        8/1000000  uS 
Read char #7 RC=1 (e3) waited/max        9/1000000  uS 
Read char #8 RC=0 (00) waited/max    97457/1000000  uS 
answer:  Got -1 characters

Elapsed time since last comm 0 us
Attempt 3
Clearing read buffer Success!
szSerBufferSave OK! 02 3b 17 00 00 00 00 00 00 00 
command: 02 3b 17 00 00 00 00 00 b5 76 
Flushing serial device buffer... Success!
Sending command... sent 10 characters
Draining serial device buffer... Success!
Cleared data buffer: 00 00 00 00 00 00 00 00 00 00 
Read char #1 RC=1 (00) waited/max    54823/1000000  uS 
Read char #2 RC=1 (06) waited/max       10/1000000  uS 
Read char #3 RC=1 (43) waited/max        9/1000000  uS 
Read char #4 RC=1 (ba) waited/max        8/1000000  uS 
Read char #5 RC=1 (de) waited/max        9/1000000  uS 
Read char #6 RC=1 (31) waited/max        8/1000000  uS 
Read char #7 RC=1 (74) waited/max        9/1000000  uS 
Read char #8 RC=1 (e3) waited/max        9/1000000  uS 
answer:  00 06 43 ba de 31 74 e3 
received 8 characters
CRC receive OK e374
Transmission State Check: 0
szCvrtFloat   373.735870 0x43bade31
value       373.735870

Elapsed time since last comm 78 us
Attempt 1
Clearing read buffer Success!
szSerBufferSave OK! 02 3b 19 00 00 00 00 00 00 00 
command: 02 3b 19 00 00 00 00 00 17 4f 
Flushing serial device buffer... Success!
Sending command... sent 10 characters
Draining serial device buffer... Success!
Cleared data buffer: 00 00 00 00 00 00 00 00 00 00 
Read char #1 RC=1 (00) waited/max    26799/1000000  uS 
Read char #2 RC=1 (06) waited/max       13/1000000  uS 
Read char #3 RC=1 (3f) waited/max       12/1000000  uS 
Read char #4 RC=1 (8b) waited/max       12/1000000  uS 
Read char #5 RC=1 (b9) waited/max       12/1000000  uS 
Read char #6 RC=1 (28) waited/max       11/1000000  uS 
Read char #7 RC=1 (6a) waited/max       12/1000000  uS 
Read char #8 RC=1 (57) waited/max        9/1000000  uS 
answer:  00 06 3f 8b b9 28 6a 57 
received 8 characters
CRC receive OK 576a
Transmission State Check: 0
szCvrtFloat     1.091588 0x3f8bb928
value         1.091588

Elapsed time since last comm 67 us
Attempt 1
Clearing read buffer Success!
szSerBufferSave OK! 02 3b 1a 00 00 00 00 00 00 00 
command: 02 3b 1a 00 00 00 00 00 6a 43 
Flushing serial device buffer... Success!
Sending command... sent 10 characters
Draining serial device buffer... Success!
Cleared data buffer: 00 00 00 00 00 00 00 00 00 00 
Read char #1 RC=1 (00) waited/max    11800/1000000  uS 
Read char #2 RC=1 (06) waited/max        9/1000000  uS 
Read char #3 RC=1 (43) waited/max        9/1000000  uS 
Read char #4 RC=1 (93) waited/max        8/1000000  uS 
Read char #5 RC=1 (38) waited/max        8/1000000  uS 
Read char #6 RC=1 (56) waited/max        9/1000000  uS 
Read char #7 RC=1 (a1) waited/max        9/1000000  uS 
Read char #8 RC=1 (d6) waited/max        9/1000000  uS 
answer:  00 06 43 93 38 56 a1 d6 
received 8 characters
CRC receive OK d6a1
Transmission State Check: 0
szCvrtFloat   294.440125 0x43933856
value       294.440125

Elapsed time since last comm 70 us
Attempt 1
Clearing read buffer Success!
szSerBufferSave OK! 02 3b 1b 00 00 00 00 00 00 00 
command: 02 3b 1b 00 00 00 00 00 41 47 
Flushing serial device buffer... Success!
Sending command... sent 10 characters
Draining serial device buffer... Success!
Cleared data buffer: 00 00 00 00 00 00 00 00 00 00 
Read char #1 RC=0 (00) waited/max    98778/1000000  uS 
answer:  Got -1 characters

Elapsed time since last comm 0 us
Attempt 2
Clearing read buffer Success!
szSerBufferSave OK! 02 3b 1b 00 00 00 00 00 00 00 
command: 02 3b 1b 00 00 00 00 00 41 47 
Flushing serial device buffer... Success!
Sending command... sent 10 characters
Draining serial device buffer... Success!
Cleared data buffer: 00 00 00 00 00 00 00 00 00 00 
Read char #1 RC=1 (80) waited/max     2796/1000000  uS 
Read char #2 RC=1 (bf) waited/max        9/1000000  uS 
Read char #3 RC=1 (7f) waited/max        8/1000000  uS 
Read char #4 RC=1 (ff) waited/max     1784/1000000  uS 
Read char #5 RC=1 (ff) waited/max        9/1000000  uS 
Read char #6 RC=0 (00) waited/max    97833/1000000  uS 
answer:  Got -1 characters

Elapsed time since last comm 0 us
Attempt 3
Clearing read buffer Success!
szSerBufferSave OK! 02 3b 1b 00 00 00 00 00 00 00 
command: 02 3b 1b 00 00 00 00 00 41 47 
Flushing serial device buffer... Success!
Sending command... sent 10 characters
Draining serial device buffer... Success!
Cleared data buffer: 00 00 00 00 00 00 00 00 00 00 
Read char #1 RC=1 (00) 
Read char #2 RC=1 (06) waited/max       11/1000000  uS 
Read char #3 RC=1 (3f) waited/max        8/1000000  uS 
Read char #4 RC=1 (8b) waited/max        9/1000000  uS 
Read char #5 RC=1 (b9) waited/max        9/1000000  uS 
Read char #6 RC=1 (28) waited/max        9/1000000  uS 
Read char #7 RC=1 (6a) waited/max        9/1000000  uS 
Read char #8 RC=1 (57) waited/max        9/1000000  uS 
answer:  00 06 3f 8b b9 28 6a 57 
received 8 characters
CRC receive OK 576a
Transmission State Check: 0
szCvrtFloat     1.091588 0x3f8bb928
value         1.091588

Elapsed time since last comm 107 us
Attempt 1
Clearing read buffer Success!
szSerBufferSave OK! 02 3b 15 00 00 00 00 00 00 00 
command: 02 3b 15 00 00 00 00 00 e3 7e 
Flushing serial device buffer... Success!
Sending command... sent 10 characters
Draining serial device buffer... Success!
Cleared data buffer: 00 00 00 00 00 00 00 00 00 00 
Read char #1 RC=1 (00) waited/max    16832/1000000  uS 
Read char #2 RC=1 (06) waited/max       11/1000000  uS 
Read char #3 RC=1 (41) waited/max        9/1000000  uS 
Read char #4 RC=1 (de) waited/max        9/1000000  uS 
Read char #5 RC=1 (0b) waited/max        9/1000000  uS 
Read char #6 RC=1 (71) waited/max        8/1000000  uS 
Read char #7 RC=1 (a9) waited/max        9/1000000  uS 
Read char #8 RC=1 (df) waited/max        9/1000000  uS 
answer:  00 06 41 de 0b 71 a9 df 
received 8 characters
CRC receive OK dfa9
Transmission State Check: 0
szCvrtFloat    27.755587 0x41de0b71
value        27.755587

Elapsed time since last comm 76 us
Attempt 1
Clearing read buffer Success!
szSerBufferSave OK! 02 3b 16 00 00 00 00 00 00 00 
command: 02 3b 16 00 00 00 00 00 9e 72 
Flushing serial device buffer... Success!
Sending command... sent 10 characters
Draining serial device buffer... Success!
Cleared data buffer: 00 00 00 00 00 00 00 00 00 00 
Read char #1 RC=1 (00) waited/max    11799/1000000  uS 
Read char #2 RC=1 (06) waited/max       10/1000000  uS 
Read char #3 RC=1 (41) waited/max        9/1000000  uS 
Read char #4 RC=1 (c0) waited/max        9/1000000  uS 
Read char #5 RC=1 (f2) waited/max        9/1000000  uS 
Read char #6 RC=1 (2e) waited/max        9/1000000  uS 
Read char #7 RC=1 (45) waited/max        8/1000000  uS 
Read char #8 RC=1 (4b) waited/max        9/1000000  uS 
answer:  00 06 41 c0 f2 2e 45 4b 
received 8 characters
CRC receive OK 4b45
Transmission State Check: 0
szCvrtFloat    24.118252 0x41c0f22e
value        24.118252

Attempting to get Partial Energy value 
Elapsed time since last comm 137 us
Attempt 1
Clearing read buffer Success!
szSerBufferSave OK! 02 4e 06 00 00 00 00 00 00 00 
command: 02 4e 06 00 00 00 00 00 c1 d1 
Flushing serial device buffer... Success!
Sending command... sent 10 characters
Draining serial device buffer... Success!
Cleared data buffer: 00 00 00 00 00 00 00 00 00 00 
Read char #1 RC=1 (00) waited/max    10811/1000000  uS 
Read char #2 RC=1 (06) waited/max       10/1000000  uS 
Read char #3 RC=1 (00) waited/max        9/1000000  uS 
Read char #4 RC=1 (00) waited/max        8/1000000  uS 
Read char #5 RC=1 (84) waited/max        8/1000000  uS 
Read char #6 RC=1 (eb) waited/max        8/1000000  uS 
Read char #7 RC=1 (66) waited/max        9/1000000  uS 
Read char #8 RC=1 (7e) waited/max        9/1000000  uS 
answer:  00 06 00 00 84 eb 66 7e 
received 8 characters
CRC receive OK 7e66
Transmission State Check: 0
szCvrtLong          34027 0x000084eb
value               34027

Elapsed time since last comm 50 us
Attempt 1
Clearing read buffer Success!
szSerBufferSave OK! 02 4e 00 00 00 00 00 00 00 00 
command: 02 4e 00 00 00 00 00 00 3b c9 
Flushing serial device buffer... Success!
Sending command... sent 10 characters
Draining serial device buffer... Success!
Cleared data buffer: 00 00 00 00 00 00 00 00 00 00 
Read char #1 RC=0 (00) waited/max    96783/1000000  uS 
answer:  Got -1 characters

Elapsed time since last comm 0 us
Attempt 2
Clearing read buffer Success!
szSerBufferSave OK! 02 4e 00 00 00 00 00 00 00 00 
command: 02 4e 00 00 00 00 00 00 3b c9 
Flushing serial device buffer... Success!
Sending command... sent 10 characters
Draining serial device buffer... Success!
Cleared data buffer: 00 00 00 00 00 00 00 00 00 00 
Read char #1 RC=1 (00) waited/max    11799/1000000  uS 
Read char #2 RC=1 (06) waited/max       10/1000000  uS 
Read char #3 RC=1 (00) waited/max        9/1000000  uS 
Read char #4 RC=1 (00) waited/max        9/1000000  uS 
Read char #5 RC=1 (05) waited/max        9/1000000  uS 
Read char #6 RC=1 (90) waited/max        8/1000000  uS 
Read char #7 RC=1 (26) waited/max        8/1000000  uS 
Read char #8 RC=1 (26) waited/max        8/1000000  uS 
answer:  00 06 00 00 05 90 26 26 
received 8 characters
CRC receive OK 2626
Transmission State Check: 0
szCvrtLong           1424 0x00000590
value                1424

Elapsed time since last comm 52 us
Attempt 1
Clearing read buffer Success!
szSerBufferSave OK! 02 4e 01 00 00 00 00 00 00 00 
command: 02 4e 01 00 00 00 00 00 10 cd 
Flushing serial device buffer... Success!
Sending command... sent 10 characters
Draining serial device buffer... Success!
Cleared data buffer: 00 00 00 00 00 00 00 00 00 00 
Read char #1 RC=1 (00) waited/max    17808/1000000  uS 
Read char #2 RC=1 (06) waited/max        9/1000000  uS 
Read char #3 RC=1 (00) waited/max        8/1000000  uS 
Read char #4 RC=1 (00) waited/max        8/1000000  uS 
Read char #5 RC=1 (14) waited/max        9/1000000  uS 
Read char #6 RC=1 (f4) waited/max        8/1000000  uS 
Read char #7 RC=1 (4d) waited/max        9/1000000  uS 
Read char #8 RC=1 (8f) waited/max        9/1000000  uS 
answer:  00 06 00 00 14 f4 4d 8f 
received 8 characters
CRC receive OK 8f4d
Transmission State Check: 0
szCvrtLong           5364 0x000014f4
value                5364

Elapsed time since last comm 51 us
Attempt 1
Clearing read buffer Success!
szSerBufferSave OK! 02 4e 03 00 00 00 00 00 00 00 
command: 02 4e 03 00 00 00 00 00 46 c5 
Flushing serial device buffer... Success!
Sending command... sent 10 characters
Draining serial device buffer... Success!
Cleared data buffer: 00 00 00 00 00 00 00 00 00 00 
Read char #1 RC=1 (00) waited/max    10810/1000000  uS 
Read char #2 RC=1 (06) waited/max        9/1000000  uS 
Read char #3 RC=1 (00) waited/max        9/1000000  uS 
Read char #4 RC=1 (00) waited/max        9/1000000  uS 
Read char #5 RC=1 (84) waited/max        9/1000000  uS 
Read char #6 RC=1 (e4) waited/max        8/1000000  uS 
Read char #7 RC=1 (91) waited/max        8/1000000  uS 
Read char #8 RC=1 (86) waited/max        8/1000000  uS 
answer:  00 06 00 00 84 e4 91 86 
received 8 characters
CRC receive OK 8691
Transmission State Check: 0
szCvrtLong          34020 0x000084e4
value               34020

Elapsed time since last comm 50 us
Attempt 1
Clearing read buffer Success!
szSerBufferSave OK! 02 4e 04 00 00 00 00 00 00 00 
command: 02 4e 04 00 00 00 00 00 97 d9 
Flushing serial device buffer... Success!
Sending command... sent 10 characters
Draining serial device buffer... Success!
Cleared data buffer: 00 00 00 00 00 00 00 00 00 00 
Read char #1 RC=1 (00) waited/max    10837/1000000  uS 
Read char #2 RC=1 (06) waited/max       10/1000000  uS 
Read char #3 RC=1 (00) waited/max        9/1000000  uS 
Read char #4 RC=1 (00) waited/max        9/1000000  uS 
Read char #5 RC=1 (84) waited/max        8/1000000  uS 
Read char #6 RC=1 (ee) waited/max        8/1000000  uS 
Read char #7 RC=1 (cb) waited/max        8/1000000  uS 
Read char #8 RC=1 (29) waited/max        9/1000000  uS 
answer:  00 06 00 00 84 ee cb 29 
received 8 characters
CRC receive OK 29cb
Transmission State Check: 0
szCvrtLong          34030 0x000084ee
value               34030

Elapsed time since last comm 51 us
Attempt 1
Clearing read buffer Success!
szSerBufferSave OK! 02 4e 05 00 00 00 00 00 00 00 
command: 02 4e 05 00 00 00 00 00 bc dd 
Flushing serial device buffer... Success!
Sending command... sent 10 characters
Draining serial device buffer... Success!
Cleared data buffer: 00 00 00 00 00 00 00 00 00 00 
Read char #1 RC=0 (00) waited/max    98771/1000000  uS 
answer:  Got -1 characters

Elapsed time since last comm 0 us
Attempt 2
Clearing read buffer Success!
szSerBufferSave OK! 02 4e 05 00 00 00 00 00 00 00 
command: 02 4e 05 00 00 00 00 00 bc dd 
Flushing serial device buffer... Success!
Sending command... sent 10 characters
Draining serial device buffer... Success!
Cleared data buffer: 00 00 00 00 00 00 00 00 00 00 
Read char #1 RC=1 (c8) waited/max     9797/1000000  uS 
Read char #2 RC=1 (87) waited/max        9/1000000  uS 
Read char #3 RC=1 (00) waited/max        9/1000000  uS 
Read char #4 RC=1 (00) waited/max        9/1000000  uS 
Read char #5 RC=1 (85) waited/max        9/1000000  uS 
Read char #6 RC=1 (06) waited/max        9/1000000  uS 
Read char #7 RC=1 (55) waited/max        8/1000000  uS 
Read char #8 RC=1 (5b) waited/max        9/1000000  uS 
answer:  c8 87 00 00 85 06 55 5b 
received 8 characters

Elapsed time since last comm 0 us
Attempt 3
Clearing read buffer Success!
szSerBufferSave OK! 02 4e 05 00 00 00 00 00 00 00 
command: 02 4e 05 00 00 00 00 00 bc dd 
Flushing serial device buffer... Success!
Sending command... sent 10 characters
Draining serial device buffer... Success!
Cleared data buffer: 00 00 00 00 00 00 00 00 00 00 
Read char #1 RC=0 (00) waited/max    98784/1000000  uS 
answer:  Got -1 characters

Restoring Serial Port settings /dev/serial/by-id/usb-1a86_USB2.0-Serial-if00-port0... Success!
Flushing serial device buffer... Success!
Closing Serial Port /dev/serial/by-id/usb-1a86_USB2.0-Serial-if00-port0... Success!

devLCKfile: </var/lock/LCK..usb-1a86_USB2.0-Serial-if00-port0>
devLCKfileNew: </var/lock/LCK..usb-1a86_USB2.0-Serial-if00-port0.11901>
Clearing Serial Port Lock (11901)... done.

20120604-13:40:22: aurora: ERROR: Received bad return code (-1 78 5)

Complete 20120604-13:40:22

