
aurora -b -a2 -c -T -Y3 -d0 -e /dev/serial/by-id/usb-1a86_USB2.0-Serial-if00-port0 

szttyDevice: /dev/serial/by-id/usb-1a86_USB2.0-Serial-if00-port0
yDelay:     1
yTimeout    0 mS
yMaxRunTime ~
devLCKfile: </var/lock/LCK..usb-1a86_USB2.0-Serial-if00-port0>
devLCKfileNew: </var/lock/LCK..usb-1a86_USB2.0-Serial-if00-port0.7605>
Got Params

RunTime 20120604-13:27:11 v1.8.0 
Endian : Little
PID : 7605

Attempting to get lock on Serial Port /dev/serial/by-id/usb-1a86_USB2.0-Serial-if00-port0...
Checking for lock

Checking process 7605 for lock
rPID: 7605 SubStrPos: aurora command: aurora = me
Appears we got the lock.

Opening Serial Port /dev/serial/by-id/usb-1a86_USB2.0-Serial-if00-port0...  Serial Port /dev/serial/by-id/usb-1a86_USB2.0-Serial-if00-port0 successfully opened.
Configuring serial device... Flushing unread data first...  Success!
Flushing serial device buffer... Success!

Comm Check: Let's see if the Aurora is listening... 
Elapsed time since last comm 0 us
Attempt 1
Clearing read buffer Success!
szSerBufferSave OK! 02 3a 00 00 00 00 00 00 00 00 
command: 02 3a 00 00 00 00 00 00 01 b7 
Flushing serial device buffer... Success!
Sending command... sent 10 characters
Draining serial device buffer... Success!
Cleared data buffer: 00 00 00 00 00 00 00 00 00 00 
Read char #1 RC=0 (00) waited/max    99755/1000000  uS 
answer:  Got -1 characters

Elapsed time since last comm 0 us
Attempt 2
Clearing read buffer Success!
szSerBufferSave OK! 02 3a 00 00 00 00 00 00 00 00 
command: 02 3a 00 00 00 00 00 00 01 b7 
Flushing serial device buffer... Success!
Sending command... sent 10 characters
Draining serial device buffer... Success!
Cleared data buffer: 00 00 00 00 00 00 00 00 00 00 
Read char #1 RC=1 (00) waited/max      799/1000000  uS 
Read char #2 RC=1 (06) waited/max        9/1000000  uS 
Read char #3 RC=1 (31) waited/max        8/1000000  uS 
Read char #4 RC=1 (42) waited/max        9/1000000  uS 
Read char #5 RC=1 (4e) waited/max        9/1000000  uS 
Read char #6 RC=1 (4e) waited/max        8/1000000  uS 
Read char #7 RC=1 (9c) waited/max        8/1000000  uS 
Read char #8 RC=1 (58) waited/max        9/1000000  uS 
answer:  00 06 31 42 4e 4e 9c 58 
received 8 characters
CRC receive OK 589c
Transmission State Check: 0
Model ID "1" Multipler 0.0970019 -- PVI-3.0-OUTD (new) --
Comm Check: OK

Elapsed time since last comm 211 us
Attempt 1
Clearing read buffer Success!
szSerBufferSave OK! 02 3b 04 00 00 00 00 00 00 00 
command: 02 3b 04 00 00 00 00 00 78 38 
Flushing serial device buffer... Success!
Sending command... sent 10 characters
Draining serial device buffer... Success!
Cleared data buffer: 00 00 00 00 00 00 00 00 00 00 
Read char #1 RC=1 (00) waited/max    18799/1000000  uS 
Read char #2 RC=1 (06) waited/max        9/1000000  uS 
Read char #3 RC=1 (42) waited/max        9/1000000  uS 
Read char #4 RC=1 (47) waited/max        9/1000000  uS 
Read char #5 RC=1 (fc) waited/max        8/1000000  uS 
Read char #6 RC=1 (ee) waited/max        9/1000000  uS 
Read char #7 RC=1 (7d) waited/max        8/1000000  uS 
Read char #8 RC=1 (b2) waited/max        8/1000000  uS 
answer:  00 06 42 47 fc ee 7d b2 
received 8 characters
CRC receive OK b27d
Transmission State Check: 0
szCvrtFloat    49.997002 0x4247fcee
value        49.997002

Elapsed time since last comm 78 us
Attempt 1
Clearing read buffer Success!
szSerBufferSave OK! 02 3b 01 00 00 00 00 00 00 00 
command: 02 3b 01 00 00 00 00 00 ff 2c 
Flushing serial device buffer... Success!
Sending command... sent 10 characters
Draining serial device buffer... Success!
Cleared data buffer: 00 00 00 00 00 00 00 00 00 00 
Read char #1 RC=1 (00) waited/max    10864/1000000  uS 
Read char #2 RC=1 (06) waited/max        9/1000000  uS 
Read char #3 RC=1 (43) waited/max        9/1000000  uS 
Read char #4 RC=1 (61) waited/max        8/1000000  uS 
Read char #5 RC=1 (d8) waited/max        9/1000000  uS 
Read char #6 RC=1 (10) waited/max        8/1000000  uS 
Read char #7 RC=1 (86) waited/max        9/1000000  uS 
Read char #8 RC=1 (21) waited/max        8/1000000  uS 
answer:  00 06 43 61 d8 10 86 21 
received 8 characters
CRC receive OK 2186
Transmission State Check: 0
szCvrtFloat   225.843994 0x4361d810
value       225.843994

Elapsed time since last comm 79 us
Attempt 1
Clearing read buffer Success!
szSerBufferSave OK! 02 3b 02 00 00 00 00 00 00 00 
command: 02 3b 02 00 00 00 00 00 82 20 
Flushing serial device buffer... Success!
Sending command... sent 10 characters
Draining serial device buffer... Success!
Cleared data buffer: 00 00 00 00 00 00 00 00 00 00 
Read char #1 RC=1 (00) waited/max    10811/1000000  uS 
Read char #2 RC=1 (06) waited/max        9/1000000  uS 
Read char #3 RC=1 (40) waited/max        9/1000000  uS 
Read char #4 RC=1 (36) waited/max        8/1000000  uS 
Read char #5 RC=1 (5c) waited/max        9/1000000  uS 
Read char #6 RC=1 (ac) waited/max        8/1000000  uS 
Read char #7 RC=1 (e6) waited/max        9/1000000  uS 
Read char #8 RC=1 (9f) waited/max        8/1000000  uS 
answer:  00 06 40 36 5c ac e6 9f 
received 8 characters
CRC receive OK 9fe6
Transmission State Check: 0
szCvrtFloat     2.849406 0x40365cac
value         2.849406

Elapsed time since last comm 63 us
Attempt 1
Clearing read buffer Success!
szSerBufferSave OK! 02 3b 03 00 00 00 00 00 00 00 
command: 02 3b 03 00 00 00 00 00 a9 24 
Flushing serial device buffer... Success!
Sending command... sent 10 characters
Draining serial device buffer... Success!
Cleared data buffer: 00 00 00 00 00 00 00 00 00 00 
Read char #1 RC=0 (00) waited/max    96780/1000000  uS 
answer:  Got -1 characters

Elapsed time since last comm 0 us
Attempt 2
Clearing read buffer Success!
szSerBufferSave OK! 02 3b 03 00 00 00 00 00 00 00 
command: 02 3b 03 00 00 00 00 00 a9 24 
Flushing serial device buffer... Success!
Sending command... sent 10 characters
Draining serial device buffer... Success!
Cleared data buffer: 00 00 00 00 00 00 00 00 00 00 
Read char #1 RC=1 (bf) waited/max     9800/1000000  uS 
Read char #2 RC=1 (5f) waited/max        9/1000000  uS 
Read char #3 RC=1 (1f) waited/max        8/1000000  uS 
Read char #4 RC=1 (4d) waited/max        8/1000000  uS 
Read char #5 RC=1 (61) waited/max        8/1000000  uS 
Read char #6 RC=1 (8f) waited/max        8/1000000  uS 
Read char #7 RC=1 (e3) waited/max        8/1000000  uS 
Read char #8 RC=0 (00) waited/max    96546/1000000  uS 
answer:  Got -1 characters

Elapsed time since last comm 0 us
Attempt 3
Clearing read buffer Success!
szSerBufferSave OK! 02 3b 03 00 00 00 00 00 00 00 
command: 02 3b 03 00 00 00 00 00 a9 24 
Flushing serial device buffer... Success!
Sending command... sent 10 characters
Draining serial device buffer... Success!
Cleared data buffer: 00 00 00 00 00 00 00 00 00 00 
Read char #1 RC=1 (00) waited/max    54679/1000000  uS 
Read char #2 RC=1 (06) waited/max       11/1000000  uS 
Read char #3 RC=1 (44) waited/max        9/1000000  uS 
Read char #4 RC=1 (1f) waited/max        9/1000000  uS 
Read char #5 RC=1 (4d) waited/max        9/1000000  uS 
Read char #6 RC=1 (61) waited/max        9/1000000  uS 
Read char #7 RC=1 (8f) waited/max        8/1000000  uS 
Read char #8 RC=1 (e3) waited/max        9/1000000  uS 
answer:  00 06 44 1f 4d 61 8f e3 
received 8 characters
CRC receive OK e38f
Transmission State Check: 0
szCvrtFloat   637.209045 0x441f4d61
value       637.209045

Elapsed time since last comm 78 us
Attempt 1
Clearing read buffer Success!
szSerBufferSave OK! 02 3b 17 00 00 00 00 00 00 00 
command: 02 3b 17 00 00 00 00 00 b5 76 
Flushing serial device buffer... Success!
Sending command... sent 10 characters
Draining serial device buffer... Success!
Cleared data buffer: 00 00 00 00 00 00 00 00 00 00 
Read char #1 RC=1 (00) waited/max    23805/1000000  uS 
Read char #2 RC=1 (06) waited/max        9/1000000  uS 
Read char #3 RC=1 (43) waited/max        8/1000000  uS 
Read char #4 RC=1 (b7) waited/max        8/1000000  uS 
Read char #5 RC=1 (b2) waited/max        9/1000000  uS 
Read char #6 RC=1 (e8) waited/max        9/1000000  uS 
Read char #7 RC=1 (b2) waited/max        8/1000000  uS 
Read char #8 RC=1 (9b) waited/max        9/1000000  uS 
answer:  00 06 43 b7 b2 e8 b2 9b 
received 8 characters
CRC receive OK 9bb2
Transmission State Check: 0
szCvrtFloat   367.397705 0x43b7b2e8
value       367.397705

Elapsed time since last comm 69 us
Attempt 1
Clearing read buffer Success!
szSerBufferSave OK! 02 3b 19 00 00 00 00 00 00 00 
command: 02 3b 19 00 00 00 00 00 17 4f 
Flushing serial device buffer... Success!
Sending command... sent 10 characters
Draining serial device buffer... Success!
Cleared data buffer: 00 00 00 00 00 00 00 00 00 00 
Read char #1 RC=1 (00) waited/max    10805/1000000  uS 
Read char #2 RC=1 (06) waited/max       10/1000000  uS 
Read char #3 RC=1 (3f) waited/max        8/1000000  uS 
Read char #4 RC=1 (82) waited/max        8/1000000  uS 
Read char #5 RC=1 (3c) waited/max        9/1000000  uS 
Read char #6 RC=1 (8d) waited/max        8/1000000  uS 
Read char #7 RC=1 (a7) waited/max        9/1000000  uS 
Read char #8 RC=1 (cb) waited/max        8/1000000  uS 
answer:  00 06 3f 82 3c 8d a7 cb 
received 8 characters
CRC receive OK cba7
Transmission State Check: 0
szCvrtFloat     1.017473 0x3f823c8d
value         1.017473

Elapsed time since last comm 61 us
Attempt 1
Clearing read buffer Success!
szSerBufferSave OK! 02 3b 1a 00 00 00 00 00 00 00 
command: 02 3b 1a 00 00 00 00 00 6a 43 
Flushing serial device buffer... Success!
Sending command... sent 10 characters
Draining serial device buffer... Success!
Cleared data buffer: 00 00 00 00 00 00 00 00 00 00 
Read char #1 RC=1 (00) waited/max    10813/1000000  uS 
Read char #2 RC=1 (06) waited/max        9/1000000  uS 
Read char #3 RC=1 (43) waited/max        9/1000000  uS 
Read char #4 RC=1 (93) waited/max        9/1000000  uS 
Read char #5 RC=1 (44) waited/max        8/1000000  uS 
Read char #6 RC=1 (e5) waited/max        8/1000000  uS 
Read char #7 RC=1 (d5) waited/max        9/1000000  uS 
Read char #8 RC=1 (08) waited/max        9/1000000  uS 
answer:  00 06 43 93 44 e5 d5 08 
received 8 characters
CRC receive OK 08d5
Transmission State Check: 0
szCvrtFloat   294.538239 0x439344e5
value       294.538239

Elapsed time since last comm 69 us
Attempt 1
Clearing read buffer Success!
szSerBufferSave OK! 02 3b 1b 00 00 00 00 00 00 00 
command: 02 3b 1b 00 00 00 00 00 41 47 
Flushing serial device buffer... Success!
Sending command... sent 10 characters
Draining serial device buffer... Success!
Cleared data buffer: 00 00 00 00 00 00 00 00 00 00 
Read char #1 RC=0 (00) waited/max    97751/1000000  uS 
answer:  Got -1 characters

Elapsed time since last comm 0 us
Attempt 2
Clearing read buffer Success!
szSerBufferSave OK! 02 3b 1b 00 00 00 00 00 00 00 
command: 02 3b 1b 00 00 00 00 00 41 47 
Flushing serial device buffer... Success!
Sending command... sent 10 characters
Draining serial device buffer... Success!
Cleared data buffer: 00 00 00 00 00 00 00 00 00 00 
Read char #1 RC=1 (c1) waited/max    10817/1000000  uS 
Read char #2 RC=1 (d0) waited/max        9/1000000  uS 
Read char #3 RC=1 (d6) waited/max        9/1000000  uS 
Read char #4 RC=1 (a9) waited/max        8/1000000  uS 
Read char #5 RC=1 (d6) waited/max        8/1000000  uS 
Read char #6 RC=1 (8f) waited/max        8/1000000  uS 
Read char #7 RC=1 (ac) waited/max        8/1000000  uS 
Read char #8 RC=0 (00) waited/max    99456/1000000  uS 
answer:  Got -1 characters

Elapsed time since last comm 0 us
Attempt 3
Clearing read buffer Success!
szSerBufferSave OK! 02 3b 1b 00 00 00 00 00 00 00 
command: 02 3b 1b 00 00 00 00 00 41 47 
Flushing serial device buffer... Success!
Sending command... sent 10 characters
Draining serial device buffer... Success!
Cleared data buffer: 00 00 00 00 00 00 00 00 00 00 
Read char #1 RC=1 (00) waited/max    55814/1000000  uS 
Read char #2 RC=1 (06) waited/max        9/1000000  uS 
Read char #3 RC=1 (3f) waited/max        9/1000000  uS 
Read char #4 RC=1 (7d) waited/max        9/1000000  uS 
Read char #5 RC=1 (df) waited/max        9/1000000  uS 
Read char #6 RC=1 (a2) waited/max        8/1000000  uS 
Read char #7 RC=1 (50) waited/max        8/1000000  uS 
Read char #8 RC=1 (17) waited/max        9/1000000  uS 
answer:  00 06 3f 7d df a2 50 17 
received 8 characters
CRC receive OK 1750
Transmission State Check: 0
szCvrtFloat     0.991694 0x3f7ddfa2
value         0.991694

Elapsed time since last comm 66 us
Attempt 1
Clearing read buffer Success!
szSerBufferSave OK! 02 3b 15 00 00 00 00 00 00 00 
command: 02 3b 15 00 00 00 00 00 e3 7e 
Flushing serial device buffer... Success!
Sending command... sent 10 characters
Draining serial device buffer... Success!
Cleared data buffer: 00 00 00 00 00 00 00 00 00 00 
Read char #1 RC=1 (00) waited/max    19815/1000000  uS 
Read char #2 RC=1 (06) waited/max        9/1000000  uS 
Read char #3 RC=1 (41) waited/max        9/1000000  uS 
Read char #4 RC=1 (d8) waited/max        8/1000000  uS 
Read char #5 RC=1 (5a) waited/max        9/1000000  uS 
Read char #6 RC=1 (fd) waited/max        9/1000000  uS 
Read char #7 RC=1 (3b) waited/max        9/1000000  uS 
Read char #8 RC=1 (8d) waited/max        8/1000000  uS 
answer:  00 06 41 d8 5a fd 3b 8d 
received 8 characters
CRC receive OK 8d3b
Transmission State Check: 0
szCvrtFloat    27.044428 0x41d85afd
value        27.044428

Elapsed time since last comm 68 us
Attempt 1
Clearing read buffer Success!
szSerBufferSave OK! 02 3b 16 00 00 00 00 00 00 00 
command: 02 3b 16 00 00 00 00 00 9e 72 
Flushing serial device buffer... Success!
Sending command... sent 10 characters
Draining serial device buffer... Success!
Cleared data buffer: 00 00 00 00 00 00 00 00 00 00 
Read char #1 RC=1 (00) waited/max    10817/1000000  uS 
Read char #2 RC=1 (06) waited/max        9/1000000  uS 
Read char #3 RC=1 (41) waited/max        9/1000000  uS 
Read char #4 RC=1 (bc) waited/max        9/1000000  uS 
Read char #5 RC=1 (63) waited/max        9/1000000  uS 
Read char #6 RC=1 (c6) waited/max        9/1000000  uS 
Read char #7 RC=1 (fd) waited/max        9/1000000  uS 
Read char #8 RC=1 (05) waited/max        8/1000000  uS 
answer:  00 06 41 bc 63 c6 fd 05 
received 8 characters
CRC receive OK 05fd
Transmission State Check: 0
szCvrtFloat    23.548717 0x41bc63c6
value        23.548717

Attempting to get Partial Energy value 
Elapsed time since last comm 138 us
Attempt 1
Clearing read buffer Success!
szSerBufferSave OK! 02 4e 06 00 00 00 00 00 00 00 
command: 02 4e 06 00 00 00 00 00 c1 d1 
Flushing serial device buffer... Success!
Sending command... sent 10 characters
Draining serial device buffer... Success!
Cleared data buffer: 00 00 00 00 00 00 00 00 00 00 
Read char #1 RC=1 (00) waited/max    11810/1000000  uS 
Read char #2 RC=1 (06) waited/max        8/1000000  uS 
Read char #3 RC=1 (00) waited/max        8/1000000  uS 
Read char #4 RC=1 (00) waited/max        8/1000000  uS 
Read char #5 RC=1 (84) waited/max        8/1000000  uS 
Read char #6 RC=1 (57) waited/max        9/1000000  uS 
Read char #7 RC=1 (81) waited/max        8/1000000  uS 
Read char #8 RC=1 (01) waited/max        8/1000000  uS 
answer:  00 06 00 00 84 57 81 01 
received 8 characters
CRC receive OK 0181
Transmission State Check: 0
szCvrtLong          33879 0x00008457
value               33879

Elapsed time since last comm 50 us
Attempt 1
Clearing read buffer Success!
szSerBufferSave OK! 02 4e 00 00 00 00 00 00 00 00 
command: 02 4e 00 00 00 00 00 00 3b c9 
Flushing serial device buffer... Success!
Sending command... sent 10 characters
Draining serial device buffer... Success!
Cleared data buffer: 00 00 00 00 00 00 00 00 00 00 
Read char #1 RC=0 (00) waited/max    99703/1000000  uS 
answer:  Got -1 characters

Elapsed time since last comm 0 us
Attempt 2
Clearing read buffer Success!
szSerBufferSave OK! 02 4e 00 00 00 00 00 00 00 00 
command: 02 4e 00 00 00 00 00 00 3b c9 
Flushing serial device buffer... Success!
Sending command... sent 10 characters
Draining serial device buffer... Success!
Cleared data buffer: 00 00 00 00 00 00 00 00 00 00 
Read char #1 RC=1 (67) waited/max     3811/1000000  uS 
Read char #2 RC=1 (ff) waited/max        9/1000000  uS 
Read char #3 RC=1 (ff) waited/max        9/1000000  uS 
Read char #4 RC=1 (ff) waited/max        9/1000000  uS 
Read char #5 RC=1 (ff) waited/max        9/1000000  uS 
Read char #6 RC=1 (fe) waited/max     1628/1000000  uS 
Read char #7 RC=0 (00) 
answer:  Got -1 characters

Elapsed time since last comm 0 us
Attempt 3
Clearing read buffer Success!
szSerBufferSave OK! 02 4e 00 00 00 00 00 00 00 00 
command: 02 4e 00 00 00 00 00 00 3b c9 
Flushing serial device buffer... Success!
Sending command... sent 10 characters
Draining serial device buffer... Success!
Cleared data buffer: 00 00 00 00 00 00 00 00 00 00 
Read char #1 RC=1 (00) waited/max    55812/1000000  uS 
Read char #2 RC=1 (06) waited/max       10/1000000  uS 
Read char #3 RC=1 (00) waited/max        8/1000000  uS 
Read char #4 RC=1 (00) waited/max        9/1000000  uS 
Read char #5 RC=1 (04) waited/max        8/1000000  uS 
Read char #6 RC=1 (fd) waited/max        9/1000000  uS 
Read char #7 RC=1 (1d) waited/max        8/1000000  uS 
Read char #8 RC=1 (87) waited/max        8/1000000  uS 
answer:  00 06 00 00 04 fd 1d 87 
received 8 characters
CRC receive OK 871d
Transmission State Check: 0
szCvrtLong           1277 0x000004fd
value                1277

Elapsed time since last comm 51 us
Attempt 1
Clearing read buffer Success!
szSerBufferSave OK! 02 4e 01 00 00 00 00 00 00 00 
command: 02 4e 01 00 00 00 00 00 10 cd 
Flushing serial device buffer... Success!
Sending command... sent 10 characters
Draining serial device buffer... Success!
Cleared data buffer: 00 00 00 00 00 00 00 00 00 00 
Read char #1 RC=1 (00) waited/max    20813/1000000  uS 
Read char #2 RC=1 (06) waited/max        9/1000000  uS 
Read char #3 RC=1 (00) waited/max        9/1000000  uS 
Read char #4 RC=1 (00) waited/max        9/1000000  uS 
Read char #5 RC=1 (14) waited/max        8/1000000  uS 
Read char #6 RC=1 (60) waited/max        8/1000000  uS 
Read char #7 RC=1 (e0) waited/max        9/1000000  uS 
Read char #8 RC=1 (5d) waited/max        9/1000000  uS 
answer:  00 06 00 00 14 60 e0 5d 
received 8 characters
CRC receive OK 5de0
Transmission State Check: 0
szCvrtLong           5216 0x00001460
value                5216

Elapsed time since last comm 51 us
Attempt 1
Clearing read buffer Success!
szSerBufferSave OK! 02 4e 03 00 00 00 00 00 00 00 
command: 02 4e 03 00 00 00 00 00 46 c5 
Flushing serial device buffer... Success!
Sending command... sent 10 characters
Draining serial device buffer... Success!
Cleared data buffer: 00 00 00 00 00 00 00 00 00 00 
Read char #1 RC=1 (00) waited/max    10814/1000000  uS 
Read char #2 RC=1 (06) waited/max       13/1000000  uS 
Read char #3 RC=1 (00) waited/max        9/1000000  uS 
Read char #4 RC=1 (00) waited/max        9/1000000  uS 
Read char #5 RC=1 (84) waited/max        9/1000000  uS 
Read char #6 RC=1 (50) waited/max        8/1000000  uS 
Read char #7 RC=1 (3e) waited/max        9/1000000  uS 
Read char #8 RC=1 (75) waited/max        9/1000000  uS 
answer:  00 06 00 00 84 50 3e 75 
received 8 characters
CRC receive OK 753e
Transmission State Check: 0
szCvrtLong          33872 0x00008450
value               33872

Elapsed time since last comm 52 us
Attempt 1
Clearing read buffer Success!
szSerBufferSave OK! 02 4e 04 00 00 00 00 00 00 00 
command: 02 4e 04 00 00 00 00 00 97 d9 
Flushing serial device buffer... Success!
Sending command... sent 10 characters
Draining serial device buffer... Success!
Cleared data buffer: 00 00 00 00 00 00 00 00 00 00 
Read char #1 RC=1 (00) waited/max    10798/1000000  uS 
Read char #2 RC=1 (06) waited/max        9/1000000  uS 
Read char #3 RC=1 (00) waited/max        9/1000000  uS 
Read char #4 RC=1 (00) waited/max        9/1000000  uS 
Read char #5 RC=1 (84) waited/max        8/1000000  uS 
Read char #6 RC=1 (5a) waited/max        9/1000000  uS 
Read char #7 RC=1 (64) waited/max        9/1000000  uS 
Read char #8 RC=1 (da) waited/max        9/1000000  uS 
answer:  00 06 00 00 84 5a 64 da 
received 8 characters
CRC receive OK da64
Transmission State Check: 0
szCvrtLong          33882 0x0000845a
value               33882

Elapsed time since last comm 51 us
Attempt 1
Clearing read buffer Success!
szSerBufferSave OK! 02 4e 05 00 00 00 00 00 00 00 
command: 02 4e 05 00 00 00 00 00 bc dd 
Flushing serial device buffer... Success!
Sending command... sent 10 characters
Draining serial device buffer... Success!
Cleared data buffer: 00 00 00 00 00 00 00 00 00 00 
Read char #1 RC=0 (00) waited/max    99755/1000000  uS 
answer:  Got -1 characters

Elapsed time since last comm 0 us
Attempt 2
Clearing read buffer Success!
szSerBufferSave OK! 02 4e 05 00 00 00 00 00 00 00 
command: 02 4e 05 00 00 00 00 00 bc dd 
Flushing serial device buffer... Success!
Sending command... sent 10 characters
Draining serial device buffer... Success!
Cleared data buffer: 00 00 00 00 00 00 00 00 00 00 
Read char #1 RC=1 (56) waited/max     6809/1000000  uS 
Read char #2 RC=1 (ff) waited/max        9/1000000  uS 
Read char #3 RC=1 (ff) waited/max        9/1000000  uS 
Read char #4 RC=1 (ff) waited/max        9/1000000  uS 
Read char #5 RC=1 (ff) waited/max        8/1000000  uS 
Read char #6 RC=1 (ff) waited/max        9/1000000  uS 
Read char #7 RC=1 (fa) waited/max        8/1000000  uS 
Read char #8 RC=1 (ff) waited/max        9/1000000  uS 
answer:  56 ff ff ff ff ff fa ff 
received 8 characters

Elapsed time since last comm 0 us
Attempt 3
Clearing read buffer Success!
szSerBufferSave OK! 02 4e 05 00 00 00 00 00 00 00 
command: 02 4e 05 00 00 00 00 00 bc dd 
Flushing serial device buffer... Success!
Sending command... sent 10 characters
Draining serial device buffer... Success!
Cleared data buffer: 00 00 00 00 00 00 00 00 00 00 
Read char #1 RC=0 (00) waited/max    97794/1000000  uS 
answer:  Got -1 characters

Restoring Serial Port settings /dev/serial/by-id/usb-1a86_USB2.0-Serial-if00-port0... Success!
Flushing serial device buffer... Success!
Closing Serial Port /dev/serial/by-id/usb-1a86_USB2.0-Serial-if00-port0... Success!

devLCKfile: </var/lock/LCK..usb-1a86_USB2.0-Serial-if00-port0>
devLCKfileNew: </var/lock/LCK..usb-1a86_USB2.0-Serial-if00-port0.7605>
Clearing Serial Port Lock (7605)... done.

20120604-13:27:13: aurora: ERROR: Received bad return code (-1 78 5)

Complete 20120604-13:27:13

