
aurora -b -a2 -c -T -Y3 -d0 -e /dev/serial/by-id/usb-1a86_USB2.0-Serial-if00-port0 

szttyDevice: /dev/serial/by-id/usb-1a86_USB2.0-Serial-if00-port0
yDelay:     1
yTimeout    0 mS
yMaxRunTime ~
devLCKfile: </var/lock/LCK..usb-1a86_USB2.0-Serial-if00-port0>
devLCKfileNew: </var/lock/LCK..usb-1a86_USB2.0-Serial-if00-port0.9717>
Got Params

RunTime 20120604-13:33:32 v1.8.0 
Endian : Little
PID : 9717

Attempting to get lock on Serial Port /dev/serial/by-id/usb-1a86_USB2.0-Serial-if00-port0...
Checking for lock

Checking process 9717 for lock
rPID: 9717 SubStrPos: aurora command: aurora = me
Appears we got the lock.

Opening Serial Port /dev/serial/by-id/usb-1a86_USB2.0-Serial-if00-port0...  Serial Port /dev/serial/by-id/usb-1a86_USB2.0-Serial-if00-port0 successfully opened.
Configuring serial device... Flushing unread data first...  Success!
Flushing serial device buffer... Success!

Comm Check: Let's see if the Aurora is listening... 
Elapsed time since last comm 0 us
Attempt 1
Clearing read buffer Success!
szSerBufferSave OK! 02 3a 00 00 00 00 00 00 00 00 
command: 02 3a 00 00 00 00 00 00 01 b7 
Flushing serial device buffer... Success!
Sending command... sent 10 characters
Draining serial device buffer... Success!
Cleared data buffer: 00 00 00 00 00 00 00 00 00 00 
Read char #1 RC=1 (00) waited/max    52810/1000000  uS 
Read char #2 RC=1 (06) waited/max       11/1000000  uS 
Read char #3 RC=1 (31) waited/max        9/1000000  uS 
Read char #4 RC=1 (42) waited/max        8/1000000  uS 
Read char #5 RC=1 (4e) waited/max        8/1000000  uS 
Read char #6 RC=1 (4e) waited/max        8/1000000  uS 
Read char #7 RC=1 (9c) waited/max        8/1000000  uS 
Read char #8 RC=1 (58) waited/max        8/1000000  uS 
answer:  00 06 31 42 4e 4e 9c 58 
received 8 characters
CRC receive OK 589c
Transmission State Check: 0
Model ID "1" Multipler 0.0970019 -- PVI-3.0-OUTD (new) --
Comm Check: OK

Elapsed time since last comm 246 us
Attempt 1
Clearing read buffer Success!
szSerBufferSave OK! 02 3b 04 00 00 00 00 00 00 00 
command: 02 3b 04 00 00 00 00 00 78 38 
Flushing serial device buffer... Success!
Sending command... sent 10 characters
Draining serial device buffer... Success!
Cleared data buffer: 00 00 00 00 00 00 00 00 00 00 
Read char #1 RC=1 (00) waited/max    17797/1000000  uS 
Read char #2 RC=1 (06) waited/max        9/1000000  uS 
Read char #3 RC=1 (42) waited/max        9/1000000  uS 
Read char #4 RC=1 (47) waited/max        9/1000000  uS 
Read char #5 RC=1 (e9) waited/max        8/1000000  uS 
Read char #6 RC=1 (7b) waited/max        8/1000000  uS 
Read char #7 RC=1 (70) waited/max        9/1000000  uS 
Read char #8 RC=1 (9a) waited/max        9/1000000  uS 
answer:  00 06 42 47 e9 7b 70 9a 
received 8 characters
CRC receive OK 9a70
Transmission State Check: 0
szCvrtFloat    49.978008 0x4247e97b
value        49.978008

Elapsed time since last comm 78 us
Attempt 1
Clearing read buffer Success!
szSerBufferSave OK! 02 3b 01 00 00 00 00 00 00 00 
command: 02 3b 01 00 00 00 00 00 ff 2c 
Flushing serial device buffer... Success!
Sending command... sent 10 characters
Draining serial device buffer... Success!
Cleared data buffer: 00 00 00 00 00 00 00 00 00 00 
Read char #1 RC=1 (00) waited/max    10879/1000000  uS 
Read char #2 RC=1 (06) waited/max       16/1000000  uS 
Read char #3 RC=1 (43) waited/max       13/1000000  uS 
Read char #4 RC=1 (61) waited/max       13/1000000  uS 
Read char #5 RC=1 (b9) waited/max       13/1000000  uS 
Read char #6 RC=1 (eb) waited/max       14/1000000  uS 
Read char #7 RC=1 (57) waited/max       13/1000000  uS 
Read char #8 RC=1 (14) waited/max       13/1000000  uS 
answer:  00 06 43 61 b9 eb 57 14 
received 8 characters
CRC receive OK 1457
Transmission State Check: 0
szCvrtFloat   225.726242 0x4361b9eb
value       225.726242

Elapsed time since last comm 129 us
Attempt 1
Clearing read buffer Success!
szSerBufferSave OK! 02 3b 02 00 00 00 00 00 00 00 
command: 02 3b 02 00 00 00 00 00 82 20 
Flushing serial device buffer... Success!
Sending command... sent 10 characters
Draining serial device buffer... Success!
Cleared data buffer: 00 00 00 00 00 00 00 00 00 00 
Read char #1 RC=1 (00) waited/max    11925/1000000  uS 
Read char #2 RC=1 (06) waited/max       15/1000000  uS 
Read char #3 RC=1 (40) waited/max       13/1000000  uS 
Read char #4 RC=1 (42) waited/max       12/1000000  uS 
Read char #5 RC=1 (ba) waited/max       13/1000000  uS 
Read char #6 RC=1 (6f) waited/max       13/1000000  uS 
Read char #7 RC=1 (81) waited/max       13/1000000  uS 
Read char #8 RC=1 (35) waited/max       13/1000000  uS 
answer:  00 06 40 42 ba 6f 81 35 
received 8 characters
CRC receive OK 3581
Transmission State Check: 0
szCvrtFloat     3.042629 0x4042ba6f
value         3.042629

Elapsed time since last comm 69 us
Attempt 1
Clearing read buffer Success!
szSerBufferSave OK! 02 3b 03 00 00 00 00 00 00 00 
command: 02 3b 03 00 00 00 00 00 a9 24 
Flushing serial device buffer... Success!
Sending command... sent 10 characters
Draining serial device buffer... Success!
Cleared data buffer: 00 00 00 00 00 00 00 00 00 00 
Read char #1 RC=0 (00) 
answer:  Got -1 characters

Elapsed time since last comm 0 us
Attempt 2
Clearing read buffer Success!
szSerBufferSave OK! 02 3b 03 00 00 00 00 00 00 00 
command: 02 3b 03 00 00 00 00 00 a9 24 
Flushing serial device buffer... Success!
Sending command... sent 10 characters
Draining serial device buffer... Success!
Cleared data buffer: 00 00 00 00 00 00 00 00 00 00 
Read char #1 RC=1 (ff) waited/max     3802/1000000  uS 
Read char #2 RC=1 (2b) waited/max     4927/1000000  uS 
Read char #3 RC=1 (df) waited/max        9/1000000  uS 
Read char #4 RC=1 (9b) waited/max        9/1000000  uS 
Read char #5 RC=1 (af) waited/max        9/1000000  uS 
Read char #6 RC=1 (ff) waited/max        8/1000000  uS 
Read char #7 RC=0 (00) waited/max    97597/1000000  uS 
answer:  Got -1 characters

Elapsed time since last comm 0 us
Attempt 3
Clearing read buffer Success!
szSerBufferSave OK! 02 3b 03 00 00 00 00 00 00 00 
command: 02 3b 03 00 00 00 00 00 a9 24 
Flushing serial device buffer... Success!
Sending command... sent 10 characters
Draining serial device buffer... Success!
Cleared data buffer: 00 00 00 00 00 00 00 00 00 00 
Read char #1 RC=1 (00) waited/max    61858/1000000  uS 
Read char #2 RC=1 (06) waited/max       12/1000000  uS 
Read char #3 RC=1 (44) waited/max       10/1000000  uS 
Read char #4 RC=1 (2a) waited/max        9/1000000  uS 
Read char #5 RC=1 (75) waited/max        9/1000000  uS 
Read char #6 RC=1 (b4) waited/max        8/1000000  uS 
Read char #7 RC=1 (de) waited/max        9/1000000  uS 
Read char #8 RC=1 (a5) waited/max        9/1000000  uS 
answer:  00 06 44 2a 75 b4 de a5 
received 8 characters
CRC receive OK a5de
Transmission State Check: 0
szCvrtFloat   681.839111 0x442a75b4
value       681.839111

Elapsed time since last comm 137 us
Attempt 1
Clearing read buffer Success!
szSerBufferSave OK! 02 3b 17 00 00 00 00 00 00 00 
command: 02 3b 17 00 00 00 00 00 b5 76 
Flushing serial device buffer... Success!
Sending command... sent 10 characters
Draining serial device buffer... Success!
Cleared data buffer: 00 00 00 00 00 00 00 00 00 00 
Read char #1 RC=1 (00) waited/max    16771/1000000  uS 
Read char #2 RC=1 (06) waited/max        9/1000000  uS 
Read char #3 RC=1 (43) waited/max        8/1000000  uS 
Read char #4 RC=1 (b7) waited/max        9/1000000  uS 
Read char #5 RC=1 (14) waited/max        8/1000000  uS 
Read char #6 RC=1 (ab) waited/max        9/1000000  uS 
Read char #7 RC=1 (02) waited/max        8/1000000  uS 
Read char #8 RC=1 (10) waited/max        9/1000000  uS 
answer:  00 06 43 b7 14 ab 02 10 
received 8 characters
CRC receive OK 1002
Transmission State Check: 0
szCvrtFloat   366.161469 0x43b714ab
value       366.161469

Elapsed time since last comm 75 us
Attempt 1
Clearing read buffer Success!
szSerBufferSave OK! 02 3b 19 00 00 00 00 00 00 00 
command: 02 3b 19 00 00 00 00 00 17 4f 
Flushing serial device buffer... Success!
Sending command... sent 10 characters
Draining serial device buffer... Success!
Cleared data buffer: 00 00 00 00 00 00 00 00 00 00 
Read char #1 RC=1 (00) waited/max    10775/1000000  uS 
Read char #2 RC=1 (06) waited/max        9/1000000  uS 
Read char #3 RC=1 (3f) waited/max        8/1000000  uS 
Read char #4 RC=1 (8b) waited/max        9/1000000  uS 
Read char #5 RC=1 (35) waited/max        9/1000000  uS 
Read char #6 RC=1 (2b) waited/max        8/1000000  uS 
Read char #7 RC=1 (9d) waited/max        8/1000000  uS 
Read char #8 RC=1 (40) waited/max        9/1000000  uS 
answer:  00 06 3f 8b 35 2b 9d 40 
received 8 characters
CRC receive OK 409d
Transmission State Check: 0
szCvrtFloat     1.087560 0x3f8b352b
value         1.087560

Elapsed time since last comm 62 us
Attempt 1
Clearing read buffer Success!
szSerBufferSave OK! 02 3b 1a 00 00 00 00 00 00 00 
command: 02 3b 1a 00 00 00 00 00 6a 43 
Flushing serial device buffer... Success!
Sending command... sent 10 characters
Draining serial device buffer... Success!
Cleared data buffer: 00 00 00 00 00 00 00 00 00 00 
Read char #1 RC=1 (00) waited/max    10817/1000000  uS 
Read char #2 RC=1 (06) waited/max        9/1000000  uS 
Read char #3 RC=1 (43) waited/max        9/1000000  uS 
Read char #4 RC=1 (93) waited/max        9/1000000  uS 
Read char #5 RC=1 (74) waited/max        9/1000000  uS 
Read char #6 RC=1 (9e) waited/max        9/1000000  uS 
Read char #7 RC=1 (23) waited/max        9/1000000  uS 
Read char #8 RC=1 (73) waited/max        8/1000000  uS 
answer:  00 06 43 93 74 9e 23 73 
received 8 characters
CRC receive OK 7323
Transmission State Check: 0
szCvrtFloat   294.911072 0x4393749e
value       294.911072

Elapsed time since last comm 71 us
Attempt 1
Clearing read buffer Success!
szSerBufferSave OK! 02 3b 1b 00 00 00 00 00 00 00 
command: 02 3b 1b 00 00 00 00 00 41 47 
Flushing serial device buffer... Success!
Sending command... sent 10 characters
Draining serial device buffer... Success!
Cleared data buffer: 00 00 00 00 00 00 00 00 00 00 
Read char #1 RC=0 (00) waited/max    97762/1000000  uS 
answer:  Got -1 characters

Elapsed time since last comm 0 us
Attempt 2
Clearing read buffer Success!
szSerBufferSave OK! 02 3b 1b 00 00 00 00 00 00 00 
command: 02 3b 1b 00 00 00 00 00 41 47 
Flushing serial device buffer... Success!
Sending command... sent 10 characters
Draining serial device buffer... Success!
Cleared data buffer: 00 00 00 00 00 00 00 00 00 00 
Read char #1 RC=1 (f1) waited/max     9816/1000000  uS 
Read char #2 RC=1 (06) waited/max        9/1000000  uS 
Read char #3 RC=1 (3f) waited/max        9/1000000  uS 
Read char #4 RC=1 (88) waited/max        9/1000000  uS 
Read char #5 RC=1 (1d) waited/max        9/1000000  uS 
Read char #6 RC=1 (3b) waited/max        8/1000000  uS 
Read char #7 RC=1 (8b) waited/max        9/1000000  uS 
Read char #8 RC=1 (52) waited/max        8/1000000  uS 
answer:  f1 06 3f 88 1d 3b 8b 52 
received 8 characters

Elapsed time since last comm 0 us
Attempt 3
Clearing read buffer Success!
szSerBufferSave OK! 02 3b 1b 00 00 00 00 00 00 00 
command: 02 3b 1b 00 00 00 00 00 41 47 
Flushing serial device buffer... Success!
Sending command... sent 10 characters
Draining serial device buffer... Success!
Cleared data buffer: 00 00 00 00 00 00 00 00 00 00 
Read char #1 RC=0 (00) waited/max    98753/1000000  uS 
answer:  Got -1 characters

Restoring Serial Port settings /dev/serial/by-id/usb-1a86_USB2.0-Serial-if00-port0... Success!
Flushing serial device buffer... Success!
Closing Serial Port /dev/serial/by-id/usb-1a86_USB2.0-Serial-if00-port0... Success!

devLCKfile: </var/lock/LCK..usb-1a86_USB2.0-Serial-if00-port0>
devLCKfileNew: </var/lock/LCK..usb-1a86_USB2.0-Serial-if00-port0.9717>
Clearing Serial Port Lock (9717)... done.

20120604-13:33:33: aurora: ERROR: Received bad return code (-1 59 27)

Complete 20120604-13:33:33

