
aurora -b -a2 -c -T -Y3 -d0 -e /dev/serial/by-id/usb-1a86_USB2.0-Serial-if00-port0 

szttyDevice: /dev/serial/by-id/usb-1a86_USB2.0-Serial-if00-port0
yDelay:     1
yTimeout    0 mS
yMaxRunTime ~
devLCKfile: </var/lock/LCK..usb-1a86_USB2.0-Serial-if00-port0>
devLCKfileNew: </var/lock/LCK..usb-1a86_USB2.0-Serial-if00-port0.10081>
Got Params

RunTime 20120604-13:34:41 v1.8.0 
Endian : Little
PID : 10081

Attempting to get lock on Serial Port /dev/serial/by-id/usb-1a86_USB2.0-Serial-if00-port0...
Checking for lock

Checking process 10081 for lock
rPID: 10081 SubStrPos: aurora command: aurora = me
Appears we got the lock.

Opening Serial Port /dev/serial/by-id/usb-1a86_USB2.0-Serial-if00-port0...  Serial Port /dev/serial/by-id/usb-1a86_USB2.0-Serial-if00-port0 successfully opened.
Configuring serial device... Flushing unread data first...  Success!
Flushing serial device buffer... Success!

Comm Check: Let's see if the Aurora is listening... 
Elapsed time since last comm 0 us
Attempt 1
Clearing read buffer Success!
szSerBufferSave OK! 02 3a 00 00 00 00 00 00 00 00 
command: 02 3a 00 00 00 00 00 00 01 b7 
Flushing serial device buffer... Success!
Sending command... sent 10 characters
Draining serial device buffer... Success!
Cleared data buffer: 00 00 00 00 00 00 00 00 00 00 
Read char #1 RC=1 (00) waited/max    10801/1000000  uS 
Read char #2 RC=1 (06) waited/max        9/1000000  uS 
Read char #3 RC=1 (31) waited/max        8/1000000  uS 
Read char #4 RC=1 (42) waited/max        9/1000000  uS 
Read char #5 RC=1 (4e) waited/max        9/1000000  uS 
Read char #6 RC=1 (4e) waited/max        9/1000000  uS 
Read char #7 RC=1 (9c) waited/max        8/1000000  uS 
Read char #8 RC=1 (58) waited/max        9/1000000  uS 
answer:  00 06 31 42 4e 4e 9c 58 
received 8 characters
CRC receive OK 589c
Transmission State Check: 0
Model ID "1" Multipler 0.0970019 -- PVI-3.0-OUTD (new) --
Comm Check: OK

Elapsed time since last comm 197 us
Attempt 1
Clearing read buffer Success!
szSerBufferSave OK! 02 3b 04 00 00 00 00 00 00 00 
command: 02 3b 04 00 00 00 00 00 78 38 
Flushing serial device buffer... Success!
Sending command... sent 10 characters
Draining serial device buffer... Success!
Cleared data buffer: 00 00 00 00 00 00 00 00 00 00 
Read char #1 RC=0 (00) waited/max    97767/1000000  uS 
answer:  Got -1 characters

Elapsed time since last comm 0 us
Attempt 2
Clearing read buffer Success!
szSerBufferSave OK! 02 3b 04 00 00 00 00 00 00 00 
command: 02 3b 04 00 00 00 00 00 78 38 
Flushing serial device buffer... Success!
Sending command... sent 10 characters
Draining serial device buffer... Success!
Cleared data buffer: 00 00 00 00 00 00 00 00 00 00 
Read char #1 RC=1 (00) waited/max    14804/1000000  uS 
Read char #2 RC=1 (06) waited/max       10/1000000  uS 
Read char #3 RC=1 (42) waited/max        9/1000000  uS 
Read char #4 RC=1 (47) waited/max        9/1000000  uS 
Read char #5 RC=1 (dc) waited/max        8/1000000  uS 
Read char #6 RC=1 (2f) waited/max        8/1000000  uS 
Read char #7 RC=1 (cb) waited/max        8/1000000  uS 
Read char #8 RC=1 (46) waited/max        8/1000000  uS 
answer:  00 06 42 47 dc 2f cb 46 
received 8 characters
CRC receive OK 46cb
Transmission State Check: 0
szCvrtFloat    49.965023 0x4247dc2f
value        49.965023

Elapsed time since last comm 88 us
Attempt 1
Clearing read buffer Success!
szSerBufferSave OK! 02 3b 01 00 00 00 00 00 00 00 
command: 02 3b 01 00 00 00 00 00 ff 2c 
Flushing serial device buffer... Success!
Sending command... sent 10 characters
Draining serial device buffer... Success!
Cleared data buffer: 00 00 00 00 00 00 00 00 00 00 
Read char #1 RC=1 (00) waited/max    18835/1000000  uS 
Read char #2 RC=1 (06) waited/max       10/1000000  uS 
Read char #3 RC=1 (43) waited/max        9/1000000  uS 
Read char #4 RC=1 (61) waited/max        9/1000000  uS 
Read char #5 RC=1 (98) waited/max        9/1000000  uS 
Read char #6 RC=1 (69) waited/max        9/1000000  uS 
Read char #7 RC=1 (a6) waited/max        8/1000000  uS 
Read char #8 RC=1 (89) waited/max        8/1000000  uS 
answer:  00 06 43 61 98 69 a6 89 
received 8 characters
CRC receive OK 89a6
Transmission State Check: 0
szCvrtFloat   225.595352 0x43619869
value       225.595352

Elapsed time since last comm 87 us
Attempt 1
Clearing read buffer Success!
szSerBufferSave OK! 02 3b 02 00 00 00 00 00 00 00 
command: 02 3b 02 00 00 00 00 00 82 20 
Flushing serial device buffer... Success!
Sending command... sent 10 characters
Draining serial device buffer... Success!
Cleared data buffer: 00 00 00 00 00 00 00 00 00 00 
Read char #1 RC=1 (00) waited/max    10800/1000000  uS 
Read char #2 RC=1 (06) waited/max        9/1000000  uS 
Read char #3 RC=1 (40) waited/max        9/1000000  uS 
Read char #4 RC=1 (43) waited/max        9/1000000  uS 
Read char #5 RC=1 (27) waited/max        8/1000000  uS 
Read char #6 RC=1 (b9) waited/max        9/1000000  uS 
Read char #7 RC=1 (c3) waited/max        8/1000000  uS 
Read char #8 RC=1 (75) waited/max        8/1000000  uS 
answer:  00 06 40 43 27 b9 c3 75 
received 8 characters
CRC receive OK 75c3
Transmission State Check: 0
szCvrtFloat     3.049299 0x404327b9
value         3.049299

Elapsed time since last comm 63 us
Attempt 1
Clearing read buffer Success!
szSerBufferSave OK! 02 3b 03 00 00 00 00 00 00 00 
command: 02 3b 03 00 00 00 00 00 a9 24 
Flushing serial device buffer... Success!
Sending command... sent 10 characters
Draining serial device buffer... Success!
Cleared data buffer: 00 00 00 00 00 00 00 00 00 00 
Read char #1 RC=1 (00) waited/max    10798/1000000  uS 
Read char #2 RC=1 (06) waited/max        9/1000000  uS 
Read char #3 RC=1 (44) waited/max        9/1000000  uS 
Read char #4 RC=1 (2a) waited/max        8/1000000  uS 
Read char #5 RC=1 (b3) waited/max        9/1000000  uS 
Read char #6 RC=1 (cc) waited/max        9/1000000  uS 
Read char #7 RC=1 (6b) waited/max        9/1000000  uS 
Read char #8 RC=1 (c4) waited/max        9/1000000  uS 
answer:  00 06 44 2a b3 cc 6b c4 
received 8 characters
CRC receive OK c46b
Transmission State Check: 0
szCvrtFloat   682.809326 0x442ab3cc
value       682.809326

Elapsed time since last comm 70 us
Attempt 1
Clearing read buffer Success!
szSerBufferSave OK! 02 3b 17 00 00 00 00 00 00 00 
command: 02 3b 17 00 00 00 00 00 b5 76 
Flushing serial device buffer... Success!
Sending command... sent 10 characters
Draining serial device buffer... Success!
Cleared data buffer: 00 00 00 00 00 00 00 00 00 00 
Read char #1 RC=0 (00) 
answer:  Got -1 characters

Elapsed time since last comm 0 us
Attempt 2
Clearing read buffer Success!
szSerBufferSave OK! 02 3b 17 00 00 00 00 00 00 00 
command: 02 3b 17 00 00 00 00 00 b5 76 
Flushing serial device buffer... Success!
Sending command... sent 10 characters
Draining serial device buffer... Success!
Cleared data buffer: 00 00 00 00 00 00 00 00 00 00 
Read char #1 RC=1 (ff) waited/max     4800/1000000  uS 
Read char #2 RC=1 (b6) waited/max     2921/1000000  uS 
Read char #3 RC=1 (23) waited/max        9/1000000  uS 
Read char #4 RC=1 (ff) waited/max        9/1000000  uS 
Read char #5 RC=0 (00) waited/max    98766/1000000  uS 
answer:  Got -1 characters

Elapsed time since last comm 0 us
Attempt 3
Clearing read buffer Success!
szSerBufferSave OK! 02 3b 17 00 00 00 00 00 00 00 
command: 02 3b 17 00 00 00 00 00 b5 76 
Flushing serial device buffer... Success!
Sending command... sent 10 characters
Draining serial device buffer... Success!
Cleared data buffer: 00 00 00 00 00 00 00 00 00 00 
Read char #1 RC=1 (00) waited/max    52802/1000000  uS 
Read char #2 RC=1 (06) waited/max       10/1000000  uS 
Read char #3 RC=1 (43) waited/max        9/1000000  uS 
Read char #4 RC=1 (b6) waited/max        8/1000000  uS 
Read char #5 RC=1 (fb) waited/max        8/1000000  uS 
Read char #6 RC=1 (8d) waited/max        9/1000000  uS 
Read char #7 RC=1 (bb) waited/max        9/1000000  uS 
Read char #8 RC=1 (64) waited/max        8/1000000  uS 
answer:  00 06 43 b6 fb 8d bb 64 
received 8 characters
CRC receive OK 64bb
Transmission State Check: 0
szCvrtFloat   365.965240 0x43b6fb8d
value       365.965240

Elapsed time since last comm 77 us
Attempt 1
Clearing read buffer Success!
szSerBufferSave OK! 02 3b 19 00 00 00 00 00 00 00 
command: 02 3b 19 00 00 00 00 00 17 4f 
Flushing serial device buffer... Success!
Sending command... sent 10 characters
Draining serial device buffer... Success!
Cleared data buffer: 00 00 00 00 00 00 00 00 00 00 
Read char #1 RC=1 (00) waited/max    17832/1000000  uS 
Read char #2 RC=1 (06) waited/max       10/1000000  uS 
Read char #3 RC=1 (3f) waited/max        9/1000000  uS 
Read char #4 RC=1 (8b) waited/max        8/1000000  uS 
Read char #5 RC=1 (35) waited/max        8/1000000  uS 
Read char #6 RC=1 (2b) waited/max        9/1000000  uS 
Read char #7 RC=1 (9d) waited/max        9/1000000  uS 
Read char #8 RC=1 (40) waited/max        9/1000000  uS 
answer:  00 06 3f 8b 35 2b 9d 40 
received 8 characters
CRC receive OK 409d
Transmission State Check: 0
szCvrtFloat     1.087560 0x3f8b352b
value         1.087560

Elapsed time since last comm 68 us
Attempt 1
Clearing read buffer Success!
szSerBufferSave OK! 02 3b 1a 00 00 00 00 00 00 00 
command: 02 3b 1a 00 00 00 00 00 6a 43 
Flushing serial device buffer... Success!
Sending command... sent 10 characters
Draining serial device buffer... Success!
Cleared data buffer: 00 00 00 00 00 00 00 00 00 00 
Read char #1 RC=1 (00) waited/max    11870/1000000  uS 
Read char #2 RC=1 (06) waited/max        9/1000000  uS 
Read char #3 RC=1 (43) waited/max        9/1000000  uS 
Read char #4 RC=1 (93) waited/max        8/1000000  uS 
Read char #5 RC=1 (81) waited/max        9/1000000  uS 
Read char #6 RC=1 (2d) waited/max        9/1000000  uS 
Read char #7 RC=1 (83) waited/max        8/1000000  uS 
Read char #8 RC=1 (f6) waited/max        8/1000000  uS 
answer:  00 06 43 93 81 2d 83 f6 
received 8 characters
CRC receive OK f683
Transmission State Check: 0
szCvrtFloat   295.009186 0x4393812d
value       295.009186

Elapsed time since last comm 72 us
Attempt 1
Clearing read buffer Success!
szSerBufferSave OK! 02 3b 1b 00 00 00 00 00 00 00 
command: 02 3b 1b 00 00 00 00 00 41 47 
Flushing serial device buffer... Success!
Sending command... sent 10 characters
Draining serial device buffer... Success!
Cleared data buffer: 00 00 00 00 00 00 00 00 00 00 
Read char #1 RC=1 (00) waited/max    10812/1000000  uS 
Read char #2 RC=1 (06) waited/max        9/1000000  uS 
Read char #3 RC=1 (3f) waited/max        8/1000000  uS 
Read char #4 RC=1 (88) waited/max        9/1000000  uS 
Read char #5 RC=1 (02) waited/max        9/1000000  uS 
Read char #6 RC=1 (d5) waited/max        9/1000000  uS 
Read char #7 RC=1 (a2) waited/max        8/1000000  uS 
Read char #8 RC=1 (4a) waited/max        8/1000000  uS 
answer:  00 06 3f 88 02 d5 a2 4a 
received 8 characters
CRC receive OK 4aa2
Transmission State Check: 0
szCvrtFloat     1.062586 0x3f8802d5
value         1.062586

Elapsed time since last comm 63 us
Attempt 1
Clearing read buffer Success!
szSerBufferSave OK! 02 3b 15 00 00 00 00 00 00 00 
command: 02 3b 15 00 00 00 00 00 e3 7e 
Flushing serial device buffer... Success!
Sending command... sent 10 characters
Draining serial device buffer... Success!
Cleared data buffer: 00 00 00 00 00 00 00 00 00 00 
Read char #1 RC=0 (00) waited/max    96784/1000000  uS 
answer:  Got -1 characters

Elapsed time since last comm 0 us
Attempt 2
Clearing read buffer Success!
szSerBufferSave OK! 02 3b 15 00 00 00 00 00 00 00 
command: 02 3b 15 00 00 00 00 00 e3 7e 
Flushing serial device buffer... Success!
Sending command... sent 10 characters
Draining serial device buffer... Success!
Cleared data buffer: 00 00 00 00 00 00 00 00 00 00 
Read char #1 RC=1 (00) waited/max    11808/1000000  uS 
Read char #2 RC=1 (06) waited/max       10/1000000  uS 
Read char #3 RC=1 (41) waited/max        9/1000000  uS 
Read char #4 RC=1 (dc) waited/max        8/1000000  uS 
Read char #5 RC=1 (6b) waited/max        8/1000000  uS 
Read char #6 RC=1 (5b) waited/max        8/1000000  uS 
Read char #7 RC=1 (1c) waited/max        9/1000000  uS 
Read char #8 RC=1 (81) waited/max        9/1000000  uS 
answer:  00 06 41 dc 6b 5b 1c 81 
received 8 characters
CRC receive OK 811c
Transmission State Check: 0
szCvrtFloat    27.552420 0x41dc6b5b
value        27.552420

Elapsed time since last comm 116 us
Attempt 1
Clearing read buffer Success!
szSerBufferSave OK! 02 3b 16 00 00 00 00 00 00 00 
command: 02 3b 16 00 00 00 00 00 9e 72 
Flushing serial device buffer... Success!
Sending command... sent 10 characters
Draining serial device buffer... Success!
Cleared data buffer: 00 00 00 00 00 00 00 00 00 00 
Read char #1 RC=1 (00) waited/max    16805/1000000  uS 
Read char #2 RC=1 (06) waited/max        9/1000000  uS 
Read char #3 RC=1 (41) waited/max        9/1000000  uS 
Read char #4 RC=1 (bf) waited/max        9/1000000  uS 
Read char #5 RC=1 (38) waited/max        8/1000000  uS 
Read char #6 RC=1 (d0) waited/max        8/1000000  uS 
Read char #7 RC=1 (71) waited/max        9/1000000  uS 
Read char #8 RC=1 (a8) waited/max        9/1000000  uS 
answer:  00 06 41 bf 38 d0 71 a8 
received 8 characters
CRC receive OK a871
Transmission State Check: 0
szCvrtFloat    23.902740 0x41bf38d0
value        23.902740

Attempting to get Partial Energy value 
Elapsed time since last comm 135 us
Attempt 1
Clearing read buffer Success!
szSerBufferSave OK! 02 4e 06 00 00 00 00 00 00 00 
command: 02 4e 06 00 00 00 00 00 c1 d1 
Flushing serial device buffer... Success!
Sending command... sent 10 characters
Draining serial device buffer... Success!
Cleared data buffer: 00 00 00 00 00 00 00 00 00 00 
Read char #1 RC=1 (00) waited/max    10838/1000000  uS 
Read char #2 RC=1 (06) waited/max        9/1000000  uS 
Read char #3 RC=1 (00) waited/max        9/1000000  uS 
Read char #4 RC=1 (00) waited/max        9/1000000  uS 
Read char #5 RC=1 (84) waited/max        9/1000000  uS 
Read char #6 RC=1 (ab) waited/max        9/1000000  uS 
Read char #7 RC=1 (62) waited/max        8/1000000  uS 
Read char #8 RC=1 (3c) waited/max        8/1000000  uS 
answer:  00 06 00 00 84 ab 62 3c 
received 8 characters
CRC receive OK 3c62
Transmission State Check: 0
szCvrtLong          33963 0x000084ab
value               33963

Elapsed time since last comm 53 us
Attempt 1
Clearing read buffer Success!
szSerBufferSave OK! 02 4e 00 00 00 00 00 00 00 00 
command: 02 4e 00 00 00 00 00 00 3b c9 
Flushing serial device buffer... Success!
Sending command... sent 10 characters
Draining serial device buffer... Success!
Cleared data buffer: 00 00 00 00 00 00 00 00 00 00 
Read char #1 RC=1 (00) waited/max    10805/1000000  uS 
Read char #2 RC=1 (06) waited/max        9/1000000  uS 
Read char #3 RC=1 (00) waited/max        9/1000000  uS 
Read char #4 RC=1 (00) waited/max        8/1000000  uS 
Read char #5 RC=1 (05) waited/max        9/1000000  uS 
Read char #6 RC=1 (50) waited/max        8/1000000  uS 
Read char #7 RC=1 (2a) waited/max        9/1000000  uS 
Read char #8 RC=1 (e0) waited/max        9/1000000  uS 
answer:  00 06 00 00 05 50 2a e0 
received 8 characters
CRC receive OK e02a
Transmission State Check: 0
szCvrtLong           1360 0x00000550
value                1360

Elapsed time since last comm 52 us
Attempt 1
Clearing read buffer Success!
szSerBufferSave OK! 02 4e 01 00 00 00 00 00 00 00 
command: 02 4e 01 00 00 00 00 00 10 cd 
Flushing serial device buffer... Success!
Sending command... sent 10 characters
Draining serial device buffer... Success!
Cleared data buffer: 00 00 00 00 00 00 00 00 00 00 
Read char #1 RC=0 (00) waited/max    99752/1000000  uS 
answer:  Got -1 characters

Elapsed time since last comm 0 us
Attempt 2
Clearing read buffer Success!
szSerBufferSave OK! 02 4e 01 00 00 00 00 00 00 00 
command: 02 4e 01 00 00 00 00 00 10 cd 
Flushing serial device buffer... Success!
Sending command... sent 10 characters
Draining serial device buffer... Success!
Cleared data buffer: 00 00 00 00 00 00 00 00 00 00 
Read char #1 RC=1 (ff) waited/max     8825/1000000  uS 
Read char #2 RC=1 (ff) waited/max        9/1000000  uS 
Read char #3 RC=1 (df) waited/max        8/1000000  uS 
Read char #4 RC=1 (65) waited/max        8/1000000  uS 
Read char #5 RC=1 (14) waited/max        9/1000000  uS 
Read char #6 RC=1 (b4) waited/max        8/1000000  uS 
Read char #7 RC=1 (49) waited/max        9/1000000  uS 
Read char #8 RC=1 (cd) waited/max        9/1000000  uS 
answer:  ff ff df 65 14 b4 49 cd 
received 8 characters

Elapsed time since last comm 0 us
Attempt 3
Clearing read buffer Success!
szSerBufferSave OK! 02 4e 01 00 00 00 00 00 00 00 
command: 02 4e 01 00 00 00 00 00 10 cd 
Flushing serial device buffer... Success!
Sending command... sent 10 characters
Draining serial device buffer... Success!
Cleared data buffer: 00 00 00 00 00 00 00 00 00 00 
Read char #1 RC=0 (00) waited/max    99765/1000000  uS 
answer:  Got -1 characters

Restoring Serial Port settings /dev/serial/by-id/usb-1a86_USB2.0-Serial-if00-port0... Success!
Flushing serial device buffer... Success!
Closing Serial Port /dev/serial/by-id/usb-1a86_USB2.0-Serial-if00-port0... Success!

devLCKfile: </var/lock/LCK..usb-1a86_USB2.0-Serial-if00-port0>
devLCKfileNew: </var/lock/LCK..usb-1a86_USB2.0-Serial-if00-port0.10081>
Clearing Serial Port Lock (10081)... done.

20120604-13:34:42: aurora: ERROR: Received bad return code (-1 78 1)

Complete 20120604-13:34:42

