
aurora -b -a2 -c -T -Y3 -d0 -e /dev/serial/by-id/usb-1a86_USB2.0-Serial-if00-port0 

szttyDevice: /dev/serial/by-id/usb-1a86_USB2.0-Serial-if00-port0
yDelay:     1
yTimeout    0 mS
yMaxRunTime ~
devLCKfile: </var/lock/LCK..usb-1a86_USB2.0-Serial-if00-port0>
devLCKfileNew: </var/lock/LCK..usb-1a86_USB2.0-Serial-if00-port0.9604>
Got Params

RunTime 20120604-13:33:15 v1.8.0 
Endian : Little
PID : 9604

Attempting to get lock on Serial Port /dev/serial/by-id/usb-1a86_USB2.0-Serial-if00-port0...
Checking for lock

Checking process 9604 for lock
rPID: 9604 SubStrPos: aurora command: aurora = me
Appears we got the lock.

Opening Serial Port /dev/serial/by-id/usb-1a86_USB2.0-Serial-if00-port0...  Serial Port /dev/serial/by-id/usb-1a86_USB2.0-Serial-if00-port0 successfully opened.
Configuring serial device... Flushing unread data first...  Success!
Flushing serial device buffer... Success!

Comm Check: Let's see if the Aurora is listening... 
Elapsed time since last comm 0 us
Attempt 1
Clearing read buffer Success!
szSerBufferSave OK! 02 3a 00 00 00 00 00 00 00 00 
command: 02 3a 00 00 00 00 00 00 01 b7 
Flushing serial device buffer... Success!
Sending command... sent 10 characters
Draining serial device buffer... Success!
Cleared data buffer: 00 00 00 00 00 00 00 00 00 00 
Read char #1 RC=1 (00) waited/max    37818/1000000  uS 
Read char #2 RC=1 (06) waited/max       10/1000000  uS 
Read char #3 RC=1 (31) waited/max        9/1000000  uS 
Read char #4 RC=1 (42) waited/max        8/1000000  uS 
Read char #5 RC=1 (4e) waited/max        9/1000000  uS 
Read char #6 RC=1 (4e) waited/max        9/1000000  uS 
Read char #7 RC=1 (9c) waited/max        9/1000000  uS 
Read char #8 RC=1 (58) waited/max        8/1000000  uS 
answer:  00 06 31 42 4e 4e 9c 58 
received 8 characters
CRC receive OK 589c
Transmission State Check: 0
Model ID "1" Multipler 0.0970019 -- PVI-3.0-OUTD (new) --
Comm Check: OK

Elapsed time since last comm 197 us
Attempt 1
Clearing read buffer Success!
szSerBufferSave OK! 02 3b 04 00 00 00 00 00 00 00 
command: 02 3b 04 00 00 00 00 00 78 38 
Flushing serial device buffer... Success!
Sending command... sent 10 characters
Draining serial device buffer... Success!
Cleared data buffer: 00 00 00 00 00 00 00 00 00 00 
Read char #1 RC=1 (00) waited/max    24805/1000000  uS 
Read char #2 RC=1 (06) waited/max        9/1000000  uS 
Read char #3 RC=1 (42) waited/max        9/1000000  uS 
Read char #4 RC=1 (47) waited/max        8/1000000  uS 
Read char #5 RC=1 (e9) waited/max        9/1000000  uS 
Read char #6 RC=1 (7b) waited/max        9/1000000  uS 
Read char #7 RC=1 (70) waited/max        9/1000000  uS 
Read char #8 RC=1 (9a) waited/max        9/1000000  uS 
answer:  00 06 42 47 e9 7b 70 9a 
received 8 characters
CRC receive OK 9a70
Transmission State Check: 0
szCvrtFloat    49.978008 0x4247e97b
value        49.978008

Elapsed time since last comm 80 us
Attempt 1
Clearing read buffer Success!
szSerBufferSave OK! 02 3b 01 00 00 00 00 00 00 00 
command: 02 3b 01 00 00 00 00 00 ff 2c 
Flushing serial device buffer... Success!
Sending command... sent 10 characters
Draining serial device buffer... Success!
Cleared data buffer: 00 00 00 00 00 00 00 00 00 00 
Read char #1 RC=1 (00) waited/max    10802/1000000  uS 
Read char #2 RC=1 (06) waited/max        9/1000000  uS 
Read char #3 RC=1 (43) waited/max        9/1000000  uS 
Read char #4 RC=1 (61) waited/max        8/1000000  uS 
Read char #5 RC=1 (33) waited/max        9/1000000  uS 
Read char #6 RC=1 (c2) waited/max        9/1000000  uS 
Read char #7 RC=1 (28) waited/max        8/1000000  uS 
Read char #8 RC=1 (d9) waited/max        9/1000000  uS 
answer:  00 06 43 61 33 c2 28 d9 
received 8 characters
CRC receive OK d928
Transmission State Check: 0
szCvrtFloat   225.202179 0x436133c2
value       225.202179

Elapsed time since last comm 76 us
Attempt 1
Clearing read buffer Success!
szSerBufferSave OK! 02 3b 02 00 00 00 00 00 00 00 
command: 02 3b 02 00 00 00 00 00 82 20 
Flushing serial device buffer... Success!
Sending command... sent 10 characters
Draining serial device buffer... Success!
Cleared data buffer: 00 00 00 00 00 00 00 00 00 00 
Read char #1 RC=1 (00) waited/max    10806/1000000  uS 
Read char #2 RC=1 (06) waited/max        9/1000000  uS 
Read char #3 RC=1 (40) waited/max        8/1000000  uS 
Read char #4 RC=1 (4d) waited/max        9/1000000  uS 
Read char #5 RC=1 (21) waited/max        8/1000000  uS 
Read char #6 RC=1 (63) waited/max        9/1000000  uS 
Read char #7 RC=1 (df) waited/max        9/1000000  uS 
Read char #8 RC=1 (48) waited/max        8/1000000  uS 
answer:  00 06 40 4d 21 63 df 48 
received 8 characters
CRC receive OK 48df
Transmission State Check: 0
szCvrtFloat     3.205163 0x404d2163
value         3.205163

Elapsed time since last comm 62 us
Attempt 1
Clearing read buffer Success!
szSerBufferSave OK! 02 3b 03 00 00 00 00 00 00 00 
command: 02 3b 03 00 00 00 00 00 a9 24 
Flushing serial device buffer... Success!
Sending command... sent 10 characters
Draining serial device buffer... Success!
Cleared data buffer: 00 00 00 00 00 00 00 00 00 00 
Read char #1 RC=0 (00) waited/max    97445/1000000  uS 
answer:  Got -1 characters

Elapsed time since last comm 0 us
Attempt 2
Clearing read buffer Success!
szSerBufferSave OK! 02 3b 03 00 00 00 00 00 00 00 
command: 02 3b 03 00 00 00 00 00 a9 24 
Flushing serial device buffer... Success!
Sending command... sent 10 characters
Draining serial device buffer... Success!
Cleared data buffer: 00 00 00 00 00 00 00 00 00 00 
Read char #1 RC=1 (00) waited/max    11795/1000000  uS 
Read char #2 RC=1 (06) waited/max       10/1000000  uS 
Read char #3 RC=1 (44) waited/max        8/1000000  uS 
Read char #4 RC=1 (2a) waited/max        9/1000000  uS 
Read char #5 RC=1 (d2) waited/max        9/1000000  uS 
Read char #6 RC=1 (d8) waited/max        9/1000000  uS 
Read char #7 RC=1 (43) waited/max        9/1000000  uS 
Read char #8 RC=1 (ee) waited/max        8/1000000  uS 
answer:  00 06 44 2a d2 d8 43 ee 
received 8 characters
CRC receive OK ee43
Transmission State Check: 0
szCvrtFloat   683.294434 0x442ad2d8
value       683.294434

Elapsed time since last comm 83 us
Attempt 1
Clearing read buffer Success!
szSerBufferSave OK! 02 3b 17 00 00 00 00 00 00 00 
command: 02 3b 17 00 00 00 00 00 b5 76 
Flushing serial device buffer... Success!
Sending command... sent 10 characters
Draining serial device buffer... Success!
Cleared data buffer: 00 00 00 00 00 00 00 00 00 00 
Read char #1 RC=1 (00) waited/max    18811/1000000  uS 
Read char #2 RC=1 (06) waited/max        9/1000000  uS 
Read char #3 RC=1 (43) waited/max        9/1000000  uS 
Read char #4 RC=1 (b7) waited/max        9/1000000  uS 
Read char #5 RC=1 (0d) waited/max        8/1000000  uS 
Read char #6 RC=1 (22) waited/max        9/1000000  uS 
Read char #7 RC=1 (42) waited/max        9/1000000  uS 
Read char #8 RC=1 (4b) waited/max        8/1000000  uS 
answer:  00 06 43 b7 0d 22 42 4b 
received 8 characters
CRC receive OK 4b42
Transmission State Check: 0
szCvrtFloat   366.102600 0x43b70d22
value       366.102600

Elapsed time since last comm 68 us
Attempt 1
Clearing read buffer Success!
szSerBufferSave OK! 02 3b 19 00 00 00 00 00 00 00 
command: 02 3b 19 00 00 00 00 00 17 4f 
Flushing serial device buffer... Success!
Sending command... sent 10 characters
Draining serial device buffer... Success!
Cleared data buffer: 00 00 00 00 00 00 00 00 00 00 
Read char #1 RC=1 (00) waited/max    10799/1000000  uS 
Read char #2 RC=1 (06) waited/max        9/1000000  uS 
Read char #3 RC=1 (3f) waited/max        9/1000000  uS 
Read char #4 RC=1 (8b) waited/max        8/1000000  uS 
Read char #5 RC=1 (84) waited/max        9/1000000  uS 
Read char #6 RC=1 (5c) waited/max        9/1000000  uS 
Read char #7 RC=1 (13) waited/max        9/1000000  uS 
Read char #8 RC=1 (64) waited/max        9/1000000  uS 
answer:  00 06 3f 8b 84 5c 13 64 
received 8 characters
CRC receive OK 6413
Transmission State Check: 0
szCvrtFloat     1.089977 0x3f8b845c
value         1.089977

Elapsed time since last comm 61 us
Attempt 1
Clearing read buffer Success!
szSerBufferSave OK! 02 3b 1a 00 00 00 00 00 00 00 
command: 02 3b 1a 00 00 00 00 00 6a 43 
Flushing serial device buffer... Success!
Sending command... sent 10 characters
Draining serial device buffer... Success!
Cleared data buffer: 00 00 00 00 00 00 00 00 00 00 
Read char #1 RC=1 (00) waited/max    10805/1000000  uS 
Read char #2 RC=1 (06) waited/max        9/1000000  uS 
Read char #3 RC=1 (43) waited/max        9/1000000  uS 
Read char #4 RC=1 (93) waited/max        8/1000000  uS 
Read char #5 RC=1 (81) waited/max        8/1000000  uS 
Read char #6 RC=1 (2d) waited/max        9/1000000  uS 
Read char #7 RC=1 (83) waited/max        9/1000000  uS 
Read char #8 RC=1 (f6) waited/max        9/1000000  uS 
answer:  00 06 43 93 81 2d 83 f6 
received 8 characters
CRC receive OK f683
Transmission State Check: 0
szCvrtFloat   295.009186 0x4393812d
value       295.009186

Elapsed time since last comm 71 us
Attempt 1
Clearing read buffer Success!
szSerBufferSave OK! 02 3b 1b 00 00 00 00 00 00 00 
command: 02 3b 1b 00 00 00 00 00 41 47 
Flushing serial device buffer... Success!
Sending command... sent 10 characters
Draining serial device buffer... Success!
Cleared data buffer: 00 00 00 00 00 00 00 00 00 00 
Read char #1 RC=0 (00) waited/max    97748/1000000  uS 
answer:  Got -1 characters

Elapsed time since last comm 0 us
Attempt 2
Clearing read buffer Success!
szSerBufferSave OK! 02 3b 1b 00 00 00 00 00 00 00 
command: 02 3b 1b 00 00 00 00 00 41 47 
Flushing serial device buffer... Success!
Sending command... sent 10 characters
Draining serial device buffer... Success!
Cleared data buffer: 00 00 00 00 00 00 00 00 00 00 
Read char #1 RC=1 (00) waited/max    12806/1000000  uS 
Read char #2 RC=1 (06) waited/max        9/1000000  uS 
Read char #3 RC=1 (3f) waited/max        9/1000000  uS 
Read char #4 RC=1 (88) waited/max        8/1000000  uS 
Read char #5 RC=1 (52) waited/max        9/1000000  uS 
Read char #6 RC=1 (07) waited/max        8/1000000  uS 
Read char #7 RC=1 (ca) waited/max        9/1000000  uS 
Read char #8 RC=1 (6c) waited/max        9/1000000  uS 
answer:  00 06 3f 88 52 07 ca 6c 
received 8 characters
CRC receive OK 6cca
Transmission State Check: 0
szCvrtFloat     1.065003 0x3f885207
value         1.065003

Elapsed time since last comm 63 us
Attempt 1
Clearing read buffer Success!
szSerBufferSave OK! 02 3b 15 00 00 00 00 00 00 00 
command: 02 3b 15 00 00 00 00 00 e3 7e 
Flushing serial device buffer... Success!
Sending command... sent 10 characters
Draining serial device buffer... Success!
Cleared data buffer: 00 00 00 00 00 00 00 00 00 00 
Read char #1 RC=1 (00) waited/max    26802/1000000  uS 
Read char #2 RC=1 (06) waited/max        9/1000000  uS 
Read char #3 RC=1 (41) waited/max        8/1000000  uS 
Read char #4 RC=1 (dc) waited/max        9/1000000  uS 
Read char #5 RC=1 (39) waited/max        8/1000000  uS 
Read char #6 RC=1 (2a) waited/max        8/1000000  uS 
Read char #7 RC=1 (55) waited/max        8/1000000  uS 
Read char #8 RC=1 (03) waited/max        8/1000000  uS 
answer:  00 06 41 dc 39 2a 55 03 
received 8 characters
CRC receive OK 0355
Transmission State Check: 0
szCvrtFloat    27.527912 0x41dc392a
value        27.527912

Elapsed time since last comm 69 us
Attempt 1
Clearing read buffer Success!
szSerBufferSave OK! 02 3b 16 00 00 00 00 00 00 00 
command: 02 3b 16 00 00 00 00 00 9e 72 
Flushing serial device buffer... Success!
Sending command... sent 10 characters
Draining serial device buffer... Success!
Cleared data buffer: 00 00 00 00 00 00 00 00 00 00 
Read char #1 RC=1 (00) waited/max    10810/1000000  uS 
Read char #2 RC=1 (06) waited/max        9/1000000  uS 
Read char #3 RC=1 (41) waited/max        9/1000000  uS 
Read char #4 RC=1 (be) waited/max        9/1000000  uS 
Read char #5 RC=1 (8b) waited/max        9/1000000  uS 
Read char #6 RC=1 (4a) waited/max        9/1000000  uS 
Read char #7 RC=1 (78) waited/max        9/1000000  uS 
Read char #8 RC=1 (d9) waited/max        9/1000000  uS 
answer:  00 06 41 be 8b 4a 78 d9 
received 8 characters
CRC receive OK d978
Transmission State Check: 0
szCvrtFloat    23.818012 0x41be8b4a
value        23.818012

Attempting to get Partial Energy value 
Elapsed time since last comm 163 us
Attempt 1
Clearing read buffer Success!
szSerBufferSave OK! 02 4e 06 00 00 00 00 00 00 00 
command: 02 4e 06 00 00 00 00 00 c1 d1 
Flushing serial device buffer... Success!
Sending command... sent 10 characters
Draining serial device buffer... Success!
Cleared data buffer: 00 00 00 00 00 00 00 00 00 00 
Read char #1 RC=0 (00) waited/max    97750/1000000  uS 
answer:  Got -1 characters

Elapsed time since last comm 0 us
Attempt 2
Clearing read buffer Success!
szSerBufferSave OK! 02 4e 06 00 00 00 00 00 00 00 
command: 02 4e 06 00 00 00 00 00 c1 d1 
Flushing serial device buffer... Success!
Sending command... sent 10 characters
Draining serial device buffer... Success!
Cleared data buffer: 00 00 00 00 00 00 00 00 00 00 
Read char #1 RC=1 (00) waited/max     1806/1000000  uS 
Read char #2 RC=1 (06) waited/max        9/1000000  uS 
Read char #3 RC=1 (00) waited/max        9/1000000  uS 
Read char #4 RC=1 (00) waited/max        8/1000000  uS 
Read char #5 RC=1 (84) waited/max        9/1000000  uS 
Read char #6 RC=1 (9a) waited/max        9/1000000  uS 
Read char #7 RC=1 (f8) waited/max        8/1000000  uS 
Read char #8 RC=1 (fe) waited/max        9/1000000  uS 
answer:  00 06 00 00 84 9a f8 fe 
received 8 characters

Elapsed time since last comm 0 us
Attempt 3
Clearing read buffer Success!
szSerBufferSave OK! 02 4e 06 00 00 00 00 00 00 00 
command: 02 4e 06 00 00 00 00 00 c1 d1 
Flushing serial device buffer... Success!
Sending command... sent 10 characters
Draining serial device buffer... Success!
Cleared data buffer: 00 00 00 00 00 00 00 00 00 00 
Read char #1 RC=0 (00) 
answer:  Got -1 characters

Restoring Serial Port settings /dev/serial/by-id/usb-1a86_USB2.0-Serial-if00-port0... Success!
Flushing serial device buffer... Success!
Closing Serial Port /dev/serial/by-id/usb-1a86_USB2.0-Serial-if00-port0... Success!

devLCKfile: </var/lock/LCK..usb-1a86_USB2.0-Serial-if00-port0>
devLCKfileNew: </var/lock/LCK..usb-1a86_USB2.0-Serial-if00-port0.9604>
Clearing Serial Port Lock (9604)... done.

20120604-13:33:16: aurora: ERROR: Received bad return code (-1 78 6)

Complete 20120604-13:33:16

