
aurora -b -a2 -c -T -Y3 -d0 -e /dev/serial/by-id/usb-1a86_USB2.0-Serial-if00-port0 

szttyDevice: /dev/serial/by-id/usb-1a86_USB2.0-Serial-if00-port0
yDelay:     1
yTimeout    0 mS
yMaxRunTime ~
devLCKfile: </var/lock/LCK..usb-1a86_USB2.0-Serial-if00-port0>
devLCKfileNew: </var/lock/LCK..usb-1a86_USB2.0-Serial-if00-port0.12027>
Got Params

RunTime 20120604-13:40:43 v1.8.0 
Endian : Little
PID : 12027

Attempting to get lock on Serial Port /dev/serial/by-id/usb-1a86_USB2.0-Serial-if00-port0...
Checking for lock

Checking process 12027 for lock
rPID: 12027 SubStrPos: aurora command: aurora = me
Appears we got the lock.

Opening Serial Port /dev/serial/by-id/usb-1a86_USB2.0-Serial-if00-port0...  Serial Port /dev/serial/by-id/usb-1a86_USB2.0-Serial-if00-port0 successfully opened.
Configuring serial device... Flushing unread data first...  Success!
Flushing serial device buffer... Success!

Comm Check: Let's see if the Aurora is listening... 
Elapsed time since last comm 0 us
Attempt 1
Clearing read buffer Success!
szSerBufferSave OK! 02 3a 00 00 00 00 00 00 00 00 
command: 02 3a 00 00 00 00 00 00 01 b7 
Flushing serial device buffer... Success!
Sending command... sent 10 characters
Draining serial device buffer... Success!
Cleared data buffer: 00 00 00 00 00 00 00 00 00 00 
Read char #1 RC=1 (00) waited/max    11820/1000000  uS 
Read char #2 RC=1 (06) waited/max        9/1000000  uS 
Read char #3 RC=1 (31) waited/max        9/1000000  uS 
Read char #4 RC=1 (42) waited/max        8/1000000  uS 
Read char #5 RC=1 (4e) waited/max        8/1000000  uS 
Read char #6 RC=1 (4e) waited/max        8/1000000  uS 
Read char #7 RC=1 (9c) waited/max        8/1000000  uS 
Read char #8 RC=1 (58) waited/max        8/1000000  uS 
answer:  00 06 31 42 4e 4e 9c 58 
received 8 characters
CRC receive OK 589c
Transmission State Check: 0
Model ID "1" Multipler 0.0970019 -- PVI-3.0-OUTD (new) --
Comm Check: OK

Elapsed time since last comm 193 us
Attempt 1
Clearing read buffer Success!
szSerBufferSave OK! 02 3b 04 00 00 00 00 00 00 00 
command: 02 3b 04 00 00 00 00 00 78 38 
Flushing serial device buffer... Success!
Sending command... sent 10 characters
Draining serial device buffer... Success!
Cleared data buffer: 00 00 00 00 00 00 00 00 00 00 
Read char #1 RC=1 (00) waited/max    10808/1000000  uS 
Read char #2 RC=1 (06) waited/max        9/1000000  uS 
Read char #3 RC=1 (42) waited/max        8/1000000  uS 
Read char #4 RC=1 (48) waited/max        9/1000000  uS 
Read char #5 RC=1 (06) waited/max        9/1000000  uS 
Read char #6 RC=1 (25) waited/max        9/1000000  uS 
Read char #7 RC=1 (1d) waited/max        9/1000000  uS 
Read char #8 RC=1 (01) waited/max        8/1000000  uS 
answer:  00 06 42 48 06 25 1d 01 
received 8 characters
CRC receive OK 011d
Transmission State Check: 0
szCvrtFloat    50.006001 0x42480625
value        50.006001

Elapsed time since last comm 79 us
Attempt 1
Clearing read buffer Success!
szSerBufferSave OK! 02 3b 01 00 00 00 00 00 00 00 
command: 02 3b 01 00 00 00 00 00 ff 2c 
Flushing serial device buffer... Success!
Sending command... sent 10 characters
Draining serial device buffer... Success!
Cleared data buffer: 00 00 00 00 00 00 00 00 00 00 
Read char #1 RC=0 (00) waited/max    99784/1000000  uS 
answer:  Got -1 characters

Elapsed time since last comm 0 us
Attempt 2
Clearing read buffer Success!
szSerBufferSave OK! 02 3b 01 00 00 00 00 00 00 00 
command: 02 3b 01 00 00 00 00 00 ff 2c 
Flushing serial device buffer... Success!
Sending command... sent 10 characters
Draining serial device buffer... Success!
Cleared data buffer: 00 00 00 00 00 00 00 00 00 00 
Read char #1 RC=1 (00) waited/max    14799/1000000  uS 
Read char #2 RC=1 (06) waited/max        9/1000000  uS 
Read char #3 RC=1 (43) waited/max        9/1000000  uS 
Read char #4 RC=1 (61) waited/max        9/1000000  uS 
Read char #5 RC=1 (76) waited/max        8/1000000  uS 
Read char #6 RC=1 (e0) waited/max        9/1000000  uS 
Read char #7 RC=1 (e6) waited/max        8/1000000  uS 
Read char #8 RC=1 (e3) waited/max        9/1000000  uS 
answer:  00 06 43 61 76 e0 e6 e3 
received 8 characters
CRC receive OK e3e6
Transmission State Check: 0
szCvrtFloat   225.464355 0x436176e0
value       225.464355

Elapsed time since last comm 88 us
Attempt 1
Clearing read buffer Success!
szSerBufferSave OK! 02 3b 02 00 00 00 00 00 00 00 
command: 02 3b 02 00 00 00 00 00 82 20 
Flushing serial device buffer... Success!
Sending command... sent 10 characters
Draining serial device buffer... Success!
Cleared data buffer: 00 00 00 00 00 00 00 00 00 00 
Read char #1 RC=1 (00) waited/max    16811/1000000  uS 
Read char #2 RC=1 (06) waited/max        9/1000000  uS 
Read char #3 RC=1 (40) waited/max        8/1000000  uS 
Read char #4 RC=1 (47) waited/max        9/1000000  uS 
Read char #5 RC=1 (5f) waited/max        9/1000000  uS 
Read char #6 RC=1 (89) waited/max        9/1000000  uS 
Read char #7 RC=1 (25) waited/max        8/1000000  uS 
Read char #8 RC=1 (19) waited/max        9/1000000  uS 
answer:  00 06 40 47 5f 89 25 19 
received 8 characters
CRC receive OK 1925
Transmission State Check: 0
szCvrtFloat     3.115206 0x40475f89
value         3.115206

Elapsed time since last comm 61 us
Attempt 1
Clearing read buffer Success!
szSerBufferSave OK! 02 3b 03 00 00 00 00 00 00 00 
command: 02 3b 03 00 00 00 00 00 a9 24 
Flushing serial device buffer... Success!
Sending command... sent 10 characters
Draining serial device buffer... Success!
Cleared data buffer: 00 00 00 00 00 00 00 00 00 00 
Read char #1 RC=1 (00) waited/max    10811/1000000  uS 
Read char #2 RC=1 (06) waited/max        9/1000000  uS 
Read char #3 RC=1 (44) waited/max        8/1000000  uS 
Read char #4 RC=1 (2e) waited/max        8/1000000  uS 
Read char #5 RC=1 (d3) waited/max        8/1000000  uS 
Read char #6 RC=1 (65) waited/max        9/1000000  uS 
Read char #7 RC=1 (94) waited/max        9/1000000  uS 
Read char #8 RC=1 (fa) waited/max        9/1000000  uS 
answer:  00 06 44 2e d3 65 94 fa 
received 8 characters
CRC receive OK fa94
Transmission State Check: 0
szCvrtFloat   699.303040 0x442ed365
value       699.303040

Elapsed time since last comm 69 us
Attempt 1
Clearing read buffer Success!
szSerBufferSave OK! 02 3b 17 00 00 00 00 00 00 00 
command: 02 3b 17 00 00 00 00 00 b5 76 
Flushing serial device buffer... Success!
Sending command... sent 10 characters
Draining serial device buffer... Success!
Cleared data buffer: 00 00 00 00 00 00 00 00 00 00 
Read char #1 RC=1 (00) waited/max    10814/1000000  uS 
Read char #2 RC=1 (06) waited/max        9/1000000  uS 
Read char #3 RC=1 (43) waited/max        9/1000000  uS 
Read char #4 RC=1 (ba) waited/max        9/1000000  uS 
Read char #5 RC=1 (de) waited/max        9/1000000  uS 
Read char #6 RC=1 (31) waited/max        9/1000000  uS 
Read char #7 RC=1 (74) waited/max        9/1000000  uS 
Read char #8 RC=1 (e3) waited/max        9/1000000  uS 
answer:  00 06 43 ba de 31 74 e3 
received 8 characters
CRC receive OK e374
Transmission State Check: 0
szCvrtFloat   373.735870 0x43bade31
value       373.735870

Elapsed time since last comm 67 us
Attempt 1
Clearing read buffer Success!
szSerBufferSave OK! 02 3b 19 00 00 00 00 00 00 00 
command: 02 3b 19 00 00 00 00 00 17 4f 
Flushing serial device buffer... Success!
Sending command... sent 10 characters
Draining serial device buffer... Success!
Cleared data buffer: 00 00 00 00 00 00 00 00 00 00 
Read char #1 RC=0 (00) 
answer:  Got -1 characters

Elapsed time since last comm 0 us
Attempt 2
Clearing read buffer Success!
szSerBufferSave OK! 02 3b 19 00 00 00 00 00 00 00 
command: 02 3b 19 00 00 00 00 00 17 4f 
Flushing serial device buffer... Success!
Sending command... sent 10 characters
Draining serial device buffer... Success!
Cleared data buffer: 00 00 00 00 00 00 00 00 00 00 
Read char #1 RC=1 (00) waited/max      810/1000000  uS 
Read char #2 RC=1 (06) waited/max        9/1000000  uS 
Read char #3 RC=1 (3f) waited/max        9/1000000  uS 
Read char #4 RC=1 (8b) waited/max        9/1000000  uS 
Read char #5 RC=1 (d3) waited/max        8/1000000  uS 
Read char #6 RC=1 (8e) waited/max        8/1000000  uS 
Read char #7 RC=1 (73) waited/max        8/1000000  uS 
Read char #8 RC=1 (0f) waited/max        9/1000000  uS 
answer:  00 06 3f 8b d3 8e 73 0f 
received 8 characters
CRC receive OK 0f73
Transmission State Check: 0
szCvrtFloat     1.092394 0x3f8bd38e
value         1.092394

Elapsed time since last comm 64 us
Attempt 1
Clearing read buffer Success!
szSerBufferSave OK! 02 3b 1a 00 00 00 00 00 00 00 
command: 02 3b 1a 00 00 00 00 00 6a 43 
Flushing serial device buffer... Success!
Sending command... sent 10 characters
Draining serial device buffer... Success!
Cleared data buffer: 00 00 00 00 00 00 00 00 00 00 
Read char #1 RC=1 (00) waited/max    19801/1000000  uS 
Read char #2 RC=1 (06) waited/max        9/1000000  uS 
Read char #3 RC=1 (43) waited/max        8/1000000  uS 
Read char #4 RC=1 (93) waited/max        9/1000000  uS 
Read char #5 RC=1 (e5) waited/max        8/1000000  uS 
Read char #6 RC=1 (a5) waited/max        8/1000000  uS 
Read char #7 RC=1 (f6) waited/max        9/1000000  uS 
Read char #8 RC=1 (fc) waited/max        9/1000000  uS 
answer:  00 06 43 93 e5 a5 f6 fc 
received 8 characters
CRC receive OK fcf6
Transmission State Check: 0
szCvrtFloat   295.794098 0x4393e5a5
value       295.794098

Elapsed time since last comm 68 us
Attempt 1
Clearing read buffer Success!
szSerBufferSave OK! 02 3b 1b 00 00 00 00 00 00 00 
command: 02 3b 1b 00 00 00 00 00 41 47 
Flushing serial device buffer... Success!
Sending command... sent 10 characters
Draining serial device buffer... Success!
Cleared data buffer: 00 00 00 00 00 00 00 00 00 00 
Read char #1 RC=1 (00) waited/max    10813/1000000  uS 
Read char #2 RC=1 (06) waited/max        9/1000000  uS 
Read char #3 RC=1 (3f) waited/max        9/1000000  uS 
Read char #4 RC=1 (8b) waited/max        9/1000000  uS 
Read char #5 RC=1 (1a) waited/max        9/1000000  uS 
Read char #6 RC=1 (c5) waited/max        9/1000000  uS 
Read char #7 RC=1 (16) waited/max        9/1000000  uS 
Read char #8 RC=1 (ee) waited/max        9/1000000  uS 
answer:  00 06 3f 8b 1a c5 16 ee 
received 8 characters
CRC receive OK ee16
Transmission State Check: 0
szCvrtFloat     1.086754 0x3f8b1ac5
value         1.086754

Elapsed time since last comm 61 us
Attempt 1
Clearing read buffer Success!
szSerBufferSave OK! 02 3b 15 00 00 00 00 00 00 00 
command: 02 3b 15 00 00 00 00 00 e3 7e 
Flushing serial device buffer... Success!
Sending command... sent 10 characters
Draining serial device buffer... Success!
Cleared data buffer: 00 00 00 00 00 00 00 00 00 00 
Read char #1 RC=1 (00) waited/max    10817/1000000  uS 
Read char #2 RC=1 (06) waited/max        9/1000000  uS 
Read char #3 RC=1 (41) waited/max        8/1000000  uS 
Read char #4 RC=1 (de) waited/max        9/1000000  uS 
Read char #5 RC=1 (0f) waited/max        8/1000000  uS 
Read char #6 RC=1 (33) waited/max        8/1000000  uS 
Read char #7 RC=1 (df) waited/max        9/1000000  uS 
Read char #8 RC=1 (d9) waited/max        9/1000000  uS 
answer:  00 06 41 de 0f 33 df d9 
received 8 characters
CRC receive OK d9df
Transmission State Check: 0
szCvrtFloat    27.757421 0x41de0f33
value        27.757421

Elapsed time since last comm 68 us
Attempt 1
Clearing read buffer Success!
szSerBufferSave OK! 02 3b 16 00 00 00 00 00 00 00 
command: 02 3b 16 00 00 00 00 00 9e 72 
Flushing serial device buffer... Success!
Sending command... sent 10 characters
Draining serial device buffer... Success!
Cleared data buffer: 00 00 00 00 00 00 00 00 00 00 
Read char #1 RC=0 (00) waited/max    99759/1000000  uS 
answer:  Got -1 characters

Elapsed time since last comm 0 us
Attempt 2
Clearing read buffer Success!
szSerBufferSave OK! 02 3b 16 00 00 00 00 00 00 00 
command: 02 3b 16 00 00 00 00 00 9e 72 
Flushing serial device buffer... Success!
Sending command... sent 10 characters
Draining serial device buffer... Success!
Cleared data buffer: 00 00 00 00 00 00 00 00 00 00 
Read char #1 RC=1 (6c) waited/max     3813/1000000  uS 
Read char #2 RC=1 (f7) waited/max        9/1000000  uS 
Read char #3 RC=1 (ff) waited/max        9/1000000  uS 
Read char #4 RC=1 (ff) waited/max        9/1000000  uS 
Read char #5 RC=1 (de) waited/max     2707/1000000  uS 
Read char #6 RC=1 (ff) waited/max        9/1000000  uS 
Read char #7 RC=0 (00) waited/max    99802/1000000  uS 
answer:  Got -1 characters

Elapsed time since last comm 0 us
Attempt 3
Clearing read buffer Success!
szSerBufferSave OK! 02 3b 16 00 00 00 00 00 00 00 
command: 02 3b 16 00 00 00 00 00 9e 72 
Flushing serial device buffer... Success!
Sending command... sent 10 characters
Draining serial device buffer... Success!
Cleared data buffer: 00 00 00 00 00 00 00 00 00 00 
Read char #1 RC=1 (00) waited/max    51816/1000000  uS 
Read char #2 RC=1 (06) waited/max        9/1000000  uS 
Read char #3 RC=1 (41) waited/max        8/1000000  uS 
Read char #4 RC=1 (c0) waited/max        9/1000000  uS 
Read char #5 RC=1 (e7) waited/max        9/1000000  uS 
Read char #6 RC=1 (9b) waited/max        9/1000000  uS 
Read char #7 RC=1 (4a) waited/max        8/1000000  uS 
Read char #8 RC=1 (42) waited/max        8/1000000  uS 
answer:  00 06 41 c0 e7 9b 4a 42 
received 8 characters
CRC receive OK 424a
Transmission State Check: 0
szCvrtFloat    24.113089 0x41c0e79b
value        24.113089

Attempting to get Partial Energy value 
Elapsed time since last comm 140 us
Attempt 1
Clearing read buffer Success!
szSerBufferSave OK! 02 4e 06 00 00 00 00 00 00 00 
command: 02 4e 06 00 00 00 00 00 c1 d1 
Flushing serial device buffer... Success!
Sending command... sent 10 characters
Draining serial device buffer... Success!
Cleared data buffer: 00 00 00 00 00 00 00 00 00 00 
Read char #1 RC=1 (00) waited/max    18810/1000000  uS 
Read char #2 RC=1 (06) waited/max       14/1000000  uS 
Read char #3 RC=1 (00) waited/max        9/1000000  uS 
Read char #4 RC=1 (00) waited/max        8/1000000  uS 
Read char #5 RC=1 (84) waited/max        9/1000000  uS 
Read char #6 RC=1 (ef) waited/max        8/1000000  uS 
Read char #7 RC=1 (42) waited/max        8/1000000  uS 
Read char #8 RC=1 (38) waited/max        9/1000000  uS 
answer:  00 06 00 00 84 ef 42 38 
received 8 characters
CRC receive OK 3842
Transmission State Check: 0
szCvrtLong          34031 0x000084ef
value               34031

Elapsed time since last comm 51 us
Attempt 1
Clearing read buffer Success!
szSerBufferSave OK! 02 4e 00 00 00 00 00 00 00 00 
command: 02 4e 00 00 00 00 00 00 3b c9 
Flushing serial device buffer... Success!
Sending command... sent 10 characters
Draining serial device buffer... Success!
Cleared data buffer: 00 00 00 00 00 00 00 00 00 00 
Read char #1 RC=0 (00) waited/max    99749/1000000  uS 
answer:  Got -1 characters

Elapsed time since last comm 0 us
Attempt 2
Clearing read buffer Success!
szSerBufferSave OK! 02 4e 00 00 00 00 00 00 00 00 
command: 02 4e 00 00 00 00 00 00 3b c9 
Flushing serial device buffer... Success!
Sending command... sent 10 characters
Draining serial device buffer... Success!
Cleared data buffer: 00 00 00 00 00 00 00 00 00 00 
Read char #1 RC=1 (ff) waited/max     7808/1000000  uS 
Read char #2 RC=1 (ff) waited/max        9/1000000  uS 
Read char #3 RC=1 (ff) waited/max        8/1000000  uS 
Read char #4 RC=1 (ff) waited/max        8/1000000  uS 
Read char #5 RC=1 (f1) waited/max        8/1000000  uS 
Read char #6 RC=1 (3b) waited/max        9/1000000  uS 
Read char #7 RC=1 (20) waited/max        9/1000000  uS 
Read char #8 RC=1 (ff) waited/max        9/1000000  uS 
answer:  ff ff ff ff f1 3b 20 ff 
received 8 characters

Elapsed time since last comm 0 us
Attempt 3
Clearing read buffer Success!
szSerBufferSave OK! 02 4e 00 00 00 00 00 00 00 00 
command: 02 4e 00 00 00 00 00 00 3b c9 
Flushing serial device buffer... Success!
Sending command... sent 10 characters
Draining serial device buffer... Success!
Cleared data buffer: 00 00 00 00 00 00 00 00 00 00 
Read char #1 RC=0 (00) waited/max    96763/1000000  uS 
answer:  Got -1 characters

Restoring Serial Port settings /dev/serial/by-id/usb-1a86_USB2.0-Serial-if00-port0... Success!
Flushing serial device buffer... Success!
Closing Serial Port /dev/serial/by-id/usb-1a86_USB2.0-Serial-if00-port0... Success!

devLCKfile: </var/lock/LCK..usb-1a86_USB2.0-Serial-if00-port0>
devLCKfileNew: </var/lock/LCK..usb-1a86_USB2.0-Serial-if00-port0.12027>
Clearing Serial Port Lock (12027)... done.

20120604-13:40:44: aurora: ERROR: Received bad return code (-1 78)

Complete 20120604-13:40:44

