
aurora -b -a2 -c -T -Y3 -d0 -e /dev/serial/by-id/usb-1a86_USB2.0-Serial-if00-port0 

szttyDevice: /dev/serial/by-id/usb-1a86_USB2.0-Serial-if00-port0
yDelay:     1
yTimeout    0 mS
yMaxRunTime ~
devLCKfile: </var/lock/LCK..usb-1a86_USB2.0-Serial-if00-port0>
devLCKfileNew: </var/lock/LCK..usb-1a86_USB2.0-Serial-if00-port0.7041>
Got Params

RunTime 20120604-13:25:31 v1.8.0 
Endian : Little
PID : 7041

Attempting to get lock on Serial Port /dev/serial/by-id/usb-1a86_USB2.0-Serial-if00-port0...
Checking for lock

Checking process 7041 for lock
rPID: 7041 SubStrPos: aurora command: aurora = me
Appears we got the lock.

Opening Serial Port /dev/serial/by-id/usb-1a86_USB2.0-Serial-if00-port0...  Serial Port /dev/serial/by-id/usb-1a86_USB2.0-Serial-if00-port0 successfully opened.
Configuring serial device... Flushing unread data first...  Success!
Flushing serial device buffer... Success!

Comm Check: Let's see if the Aurora is listening... 
Elapsed time since last comm 0 us
Attempt 1
Clearing read buffer Success!
szSerBufferSave OK! 02 3a 00 00 00 00 00 00 00 00 
command: 02 3a 00 00 00 00 00 00 01 b7 
Flushing serial device buffer... Success!
Sending command... sent 10 characters
Draining serial device buffer... Success!
Cleared data buffer: 00 00 00 00 00 00 00 00 00 00 
Read char #1 RC=1 (00) waited/max    10797/1000000  uS 
Read char #2 RC=1 (06) waited/max       10/1000000  uS 
Read char #3 RC=1 (31) waited/max       10/1000000  uS 
Read char #4 RC=1 (42) waited/max        9/1000000  uS 
Read char #5 RC=1 (4e) waited/max        8/1000000  uS 
Read char #6 RC=1 (4e) waited/max        9/1000000  uS 
Read char #7 RC=1 (9c) waited/max        9/1000000  uS 
Read char #8 RC=1 (58) waited/max        8/1000000  uS 
answer:  00 06 31 42 4e 4e 9c 58 
received 8 characters
CRC receive OK 589c
Transmission State Check: 0
Model ID "1" Multipler 0.0970019 -- PVI-3.0-OUTD (new) --
Comm Check: OK

Elapsed time since last comm 204 us
Attempt 1
Clearing read buffer Success!
szSerBufferSave OK! 02 3b 04 00 00 00 00 00 00 00 
command: 02 3b 04 00 00 00 00 00 78 38 
Flushing serial device buffer... Success!
Sending command... sent 10 characters
Draining serial device buffer... Success!
Cleared data buffer: 00 00 00 00 00 00 00 00 00 00 
Read char #1 RC=1 (00) waited/max    10806/1000000  uS 
Read char #2 RC=1 (06) waited/max        9/1000000  uS 
Read char #3 RC=1 (42) waited/max        9/1000000  uS 
Read char #4 RC=1 (47) waited/max        9/1000000  uS 
Read char #5 RC=1 (ec) waited/max        9/1000000  uS 
Read char #6 RC=1 (8d) waited/max        9/1000000  uS 
Read char #7 RC=1 (71) waited/max        9/1000000  uS 
Read char #8 RC=1 (76) waited/max        8/1000000  uS 
answer:  00 06 42 47 ec 8d 71 76 
received 8 characters
CRC receive OK 7671
Transmission State Check: 0
szCvrtFloat    49.981007 0x4247ec8d
value        49.981007

Elapsed time since last comm 80 us
Attempt 1
Clearing read buffer Success!
szSerBufferSave OK! 02 3b 01 00 00 00 00 00 00 00 
command: 02 3b 01 00 00 00 00 00 ff 2c 
Flushing serial device buffer... Success!
Sending command... sent 10 characters
Draining serial device buffer... Success!
Cleared data buffer: 00 00 00 00 00 00 00 00 00 00 
Read char #1 RC=0 (00) waited/max    99754/1000000  uS 
answer:  Got -1 characters

Elapsed time since last comm 0 us
Attempt 2
Clearing read buffer Success!
szSerBufferSave OK! 02 3b 01 00 00 00 00 00 00 00 
command: 02 3b 01 00 00 00 00 00 ff 2c 
Flushing serial device buffer... Success!
Sending command... sent 10 characters
Draining serial device buffer... Success!
Cleared data buffer: 00 00 00 00 00 00 00 00 00 00 
Read char #1 RC=1 (00) waited/max    13796/1000000  uS 
Read char #2 RC=1 (06) waited/max        9/1000000  uS 
Read char #3 RC=1 (43) waited/max        9/1000000  uS 
Read char #4 RC=1 (61) waited/max        9/1000000  uS 
Read char #5 RC=1 (9f) waited/max        9/1000000  uS 
Read char #6 RC=1 (1e) waited/max        9/1000000  uS 
Read char #7 RC=1 (96) waited/max        8/1000000  uS 
Read char #8 RC=1 (c3) waited/max        8/1000000  uS 
answer:  00 06 43 61 9f 1e 96 c3 
received 8 characters
CRC receive OK c396
Transmission State Check: 0
szCvrtFloat   225.621552 0x43619f1e
value       225.621552

Elapsed time since last comm 90 us
Attempt 1
Clearing read buffer Success!
szSerBufferSave OK! 02 3b 02 00 00 00 00 00 00 00 
command: 02 3b 02 00 00 00 00 00 82 20 
Flushing serial device buffer... Success!
Sending command... sent 10 characters
Draining serial device buffer... Success!
Cleared data buffer: 00 00 00 00 00 00 00 00 00 00 
Read char #1 RC=1 (00) waited/max    24804/1000000  uS 
Read char #2 RC=1 (06) waited/max        9/1000000  uS 
Read char #3 RC=1 (40) waited/max        9/1000000  uS 
Read char #4 RC=1 (3a) waited/max        9/1000000  uS 
Read char #5 RC=1 (df) waited/max        8/1000000  uS 
Read char #6 RC=1 (c8) waited/max        8/1000000  uS 
Read char #7 RC=1 (c3) waited/max        9/1000000  uS 
Read char #8 RC=1 (b9) waited/max        8/1000000  uS 
answer:  00 06 40 3a df c8 c3 b9 
received 8 characters
CRC receive OK b9c3
Transmission State Check: 0
szCvrtFloat     2.919909 0x403adfc8
value         2.919909

Elapsed time since last comm 63 us
Attempt 1
Clearing read buffer Success!
szSerBufferSave OK! 02 3b 03 00 00 00 00 00 00 00 
command: 02 3b 03 00 00 00 00 00 a9 24 
Flushing serial device buffer... Success!
Sending command... sent 10 characters
Draining serial device buffer... Success!
Cleared data buffer: 00 00 00 00 00 00 00 00 00 00 
Read char #1 RC=1 (00) waited/max    10824/1000000  uS 
Read char #2 RC=1 (06) waited/max       10/1000000  uS 
Read char #3 RC=1 (44) waited/max       10/1000000  uS 
Read char #4 RC=1 (1a) waited/max        9/1000000  uS 
Read char #5 RC=1 (16) waited/max        9/1000000  uS 
Read char #6 RC=1 (5b) waited/max        8/1000000  uS 
Read char #7 RC=1 (b4) waited/max        9/1000000  uS 
Read char #8 RC=1 (73) waited/max        9/1000000  uS 
answer:  00 06 44 1a 16 5b b4 73 
received 8 characters
CRC receive OK 73b4
Transmission State Check: 0
szCvrtFloat   616.349304 0x441a165b
value       616.349304

Elapsed time since last comm 76 us
Attempt 1
Clearing read buffer Success!
szSerBufferSave OK! 02 3b 17 00 00 00 00 00 00 00 
command: 02 3b 17 00 00 00 00 00 b5 76 
Flushing serial device buffer... Success!
Sending command... sent 10 characters
Draining serial device buffer... Success!
Cleared data buffer: 00 00 00 00 00 00 00 00 00 00 
Read char #1 RC=1 (00) waited/max    10802/1000000  uS 
Read char #2 RC=1 (06) waited/max        9/1000000  uS 
Read char #3 RC=1 (43) waited/max        9/1000000  uS 
Read char #4 RC=1 (b6) waited/max        9/1000000  uS 
Read char #5 RC=1 (d0) waited/max        8/1000000  uS 
Read char #6 RC=1 (da) waited/max        9/1000000  uS 
Read char #7 RC=1 (1a) waited/max        8/1000000  uS 
Read char #8 RC=1 (85) waited/max        9/1000000  uS 
answer:  00 06 43 b6 d0 da 1a 85 
received 8 characters
CRC receive OK 851a
Transmission State Check: 0
szCvrtFloat   365.631653 0x43b6d0da
value       365.631653

Elapsed time since last comm 69 us
Attempt 1
Clearing read buffer Success!
szSerBufferSave OK! 02 3b 19 00 00 00 00 00 00 00 
command: 02 3b 19 00 00 00 00 00 17 4f 
Flushing serial device buffer... Success!
Sending command... sent 10 characters
Draining serial device buffer... Success!
Cleared data buffer: 00 00 00 00 00 00 00 00 00 00 
Read char #1 RC=0 (00) waited/max    97775/1000000  uS 
answer:  Got -1 characters

Elapsed time since last comm 0 us
Attempt 2
Clearing read buffer Success!
szSerBufferSave OK! 02 3b 19 00 00 00 00 00 00 00 
command: 02 3b 19 00 00 00 00 00 17 4f 
Flushing serial device buffer... Success!
Sending command... sent 10 characters
Draining serial device buffer... Success!
Cleared data buffer: 00 00 00 00 00 00 00 00 00 00 
Read char #1 RC=1 (00) waited/max    16946/1000000  uS 
Read char #2 RC=1 (06) waited/max       12/1000000  uS 
Read char #3 RC=1 (3f) waited/max       10/1000000  uS 
Read char #4 RC=1 (7d) waited/max       10/1000000  uS 
Read char #5 RC=1 (41) waited/max        9/1000000  uS 
Read char #6 RC=1 (3f) waited/max        9/1000000  uS 
Read char #7 RC=1 (71) waited/max        9/1000000  uS 
Read char #8 RC=1 (db) waited/max        8/1000000  uS 
answer:  00 06 3f 7d 41 3f 71 db 
received 8 characters
CRC receive OK db71
Transmission State Check: 0
szCvrtFloat     0.989277 0x3f7d413f
value         0.989277

Elapsed time since last comm 76 us
Attempt 1
Clearing read buffer Success!
szSerBufferSave OK! 02 3b 1a 00 00 00 00 00 00 00 
command: 02 3b 1a 00 00 00 00 00 6a 43 
Flushing serial device buffer... Success!
Sending command... sent 10 characters
Draining serial device buffer... Success!
Cleared data buffer: 00 00 00 00 00 00 00 00 00 00 
Read char #1 RC=1 (00) waited/max    17766/1000000  uS 
Read char #2 RC=1 (06) waited/max       10/1000000  uS 
Read char #3 RC=1 (43) waited/max        9/1000000  uS 
Read char #4 RC=1 (93) waited/max        9/1000000  uS 
Read char #5 RC=1 (49) waited/max        9/1000000  uS 
Read char #6 RC=1 (eb) waited/max        9/1000000  uS 
Read char #7 RC=1 (d3) waited/max        9/1000000  uS 
Read char #8 RC=1 (51) waited/max        9/1000000  uS 
answer:  00 06 43 93 49 eb d3 51 
received 8 characters
CRC receive OK 51d3
Transmission State Check: 0
szCvrtFloat   294.577484 0x439349eb
value       294.577484

Elapsed time since last comm 70 us
Attempt 1
Clearing read buffer Success!
szSerBufferSave OK! 02 3b 1b 00 00 00 00 00 00 00 
command: 02 3b 1b 00 00 00 00 00 41 47 
Flushing serial device buffer... Success!
Sending command... sent 10 characters
Draining serial device buffer... Success!
Cleared data buffer: 00 00 00 00 00 00 00 00 00 00 
Read char #1 RC=1 (00) waited/max    10795/1000000  uS 
Read char #2 RC=1 (06) waited/max        9/1000000  uS 
Read char #3 RC=1 (3f) waited/max        9/1000000  uS 
Read char #4 RC=1 (75) waited/max        8/1000000  uS 
Read char #5 RC=1 (9f) waited/max        8/1000000  uS 
Read char #6 RC=1 (cd) waited/max        9/1000000  uS 
Read char #7 RC=1 (05) waited/max        9/1000000  uS 
Read char #8 RC=1 (0c) waited/max        9/1000000  uS 
answer:  00 06 3f 75 9f cd 05 0c 
received 8 characters
CRC receive OK 0c05
Transmission State Check: 0
szCvrtFloat     0.959470 0x3f759fcd
value         0.959470

Elapsed time since last comm 64 us
Attempt 1
Clearing read buffer Success!
szSerBufferSave OK! 02 3b 15 00 00 00 00 00 00 00 
command: 02 3b 15 00 00 00 00 00 e3 7e 
Flushing serial device buffer... Success!
Sending command... sent 10 characters
Draining serial device buffer... Success!
Cleared data buffer: 00 00 00 00 00 00 00 00 00 00 
Read char #1 RC=1 (00) waited/max    11803/1000000  uS 
Read char #2 RC=1 (06) waited/max       10/1000000  uS 
Read char #3 RC=1 (41) waited/max        9/1000000  uS 
Read char #4 RC=1 (d8) waited/max        9/1000000  uS 
Read char #5 RC=1 (21) waited/max        9/1000000  uS 
Read char #6 RC=1 (55) waited/max        8/1000000  uS 
Read char #7 RC=1 (15) waited/max        9/1000000  uS 
Read char #8 RC=1 (b0) waited/max        8/1000000  uS 
answer:  00 06 41 d8 21 55 15 b0 
received 8 characters
CRC receive OK b015
Transmission State Check: 0
szCvrtFloat    27.016275 0x41d82155
value        27.016275

Elapsed time since last comm 69 us
Attempt 1
Clearing read buffer Success!
szSerBufferSave OK! 02 3b 16 00 00 00 00 00 00 00 
command: 02 3b 16 00 00 00 00 00 9e 72 
Flushing serial device buffer... Success!
Sending command... sent 10 characters
Draining serial device buffer... Success!
Cleared data buffer: 00 00 00 00 00 00 00 00 00 00 
Read char #1 RC=0 (00) waited/max    96690/1000000  uS 
answer:  Got -1 characters

Elapsed time since last comm 0 us
Attempt 2
Clearing read buffer Success!
szSerBufferSave OK! 02 3b 16 00 00 00 00 00 00 00 
command: 02 3b 16 00 00 00 00 00 9e 72 
Flushing serial device buffer... Success!
Sending command... sent 10 characters
Draining serial device buffer... Success!
Cleared data buffer: 00 00 00 00 00 00 00 00 00 00 
Read char #1 RC=1 (ff) waited/max     8791/1000000  uS 
Read char #2 RC=1 (d8) waited/max       10/1000000  uS 
Read char #3 RC=1 (f7) waited/max        9/1000000  uS 
Read char #4 RC=1 (1b) waited/max        9/1000000  uS 
Read char #5 RC=1 (97) waited/max       10/1000000  uS 
Read char #6 RC=1 (b9) waited/max        9/1000000  uS 
Read char #7 RC=1 (0e) waited/max        9/1000000  uS 
Read char #8 RC=0 (00) waited/max    97432/1000000  uS 
answer:  Got -1 characters

Elapsed time since last comm 0 us
Attempt 3
Clearing read buffer Success!
szSerBufferSave OK! 02 3b 16 00 00 00 00 00 00 00 
command: 02 3b 16 00 00 00 00 00 9e 72 
Flushing serial device buffer... Success!
Sending command... sent 10 characters
Draining serial device buffer... Success!
Cleared data buffer: 00 00 00 00 00 00 00 00 00 00 
Read char #1 RC=1 (00) waited/max    50806/1000000  uS 
Read char #2 RC=1 (06) waited/max       10/1000000  uS 
Read char #3 RC=1 (41) waited/max        9/1000000  uS 
Read char #4 RC=1 (bb) waited/max        9/1000000  uS 
Read char #5 RC=1 (a3) waited/max        9/1000000  uS 
Read char #6 RC=1 (79) waited/max        9/1000000  uS 
Read char #7 RC=1 (2e) waited/max        9/1000000  uS 
Read char #8 RC=1 (0e) waited/max        9/1000000  uS 
answer:  00 06 41 bb a3 79 2e 0e 
received 8 characters
CRC receive OK 0e2e
Transmission State Check: 0
szCvrtFloat    23.454821 0x41bba379
value        23.454821

Attempting to get Partial Energy value 
Elapsed time since last comm 149 us
Attempt 1
Clearing read buffer Success!
szSerBufferSave OK! 02 4e 06 00 00 00 00 00 00 00 
command: 02 4e 06 00 00 00 00 00 c1 d1 
Flushing serial device buffer... Success!
Sending command... sent 10 characters
Draining serial device buffer... Success!
Cleared data buffer: 00 00 00 00 00 00 00 00 00 00 
Read char #1 RC=1 (00) waited/max    17806/1000000  uS 
Read char #2 RC=1 (06) waited/max        9/1000000  uS 
Read char #3 RC=1 (00) waited/max        9/1000000  uS 
Read char #4 RC=1 (00) waited/max        8/1000000  uS 
Read char #5 RC=1 (84) waited/max        9/1000000  uS 
Read char #6 RC=1 (46) waited/max        8/1000000  uS 
Read char #7 RC=1 (89) waited/max        8/1000000  uS 
Read char #8 RC=1 (00) waited/max        8/1000000  uS 
answer:  00 06 00 00 84 46 89 00 
received 8 characters
CRC receive OK 0089
Transmission State Check: 0
szCvrtLong          33862 0x00008446
value               33862

Elapsed time since last comm 51 us
Attempt 1
Clearing read buffer Success!
szSerBufferSave OK! 02 4e 00 00 00 00 00 00 00 00 
command: 02 4e 00 00 00 00 00 00 3b c9 
Flushing serial device buffer... Success!
Sending command... sent 10 characters
Draining serial device buffer... Success!
Cleared data buffer: 00 00 00 00 00 00 00 00 00 00 
Read char #1 RC=1 (00) waited/max    11807/1000000  uS 
Read char #2 RC=1 (06) waited/max        9/1000000  uS 
Read char #3 RC=1 (00) waited/max        9/1000000  uS 
Read char #4 RC=1 (00) waited/max        9/1000000  uS 
Read char #5 RC=1 (04) waited/max        9/1000000  uS 
Read char #6 RC=1 (eb) waited/max        9/1000000  uS 
Read char #7 RC=1 (aa) waited/max        8/1000000  uS 
Read char #8 RC=1 (f2) waited/max        9/1000000  uS 
answer:  00 06 00 00 04 eb aa f2 
received 8 characters
CRC receive OK f2aa
Transmission State Check: 0
szCvrtLong           1259 0x000004eb
value                1259

Elapsed time since last comm 51 us
Attempt 1
Clearing read buffer Success!
szSerBufferSave OK! 02 4e 01 00 00 00 00 00 00 00 
command: 02 4e 01 00 00 00 00 00 10 cd 
Flushing serial device buffer... Success!
Sending command... sent 10 characters
Draining serial device buffer... Success!
Cleared data buffer: 00 00 00 00 00 00 00 00 00 00 
Read char #1 RC=1 (00) waited/max    10837/1000000  uS 
Read char #2 RC=1 (06) waited/max       10/1000000  uS 
Read char #3 RC=1 (00) waited/max        9/1000000  uS 
Read char #4 RC=1 (00) waited/max        9/1000000  uS 
Read char #5 RC=1 (14) waited/max        9/1000000  uS 
Read char #6 RC=1 (4f) waited/max        9/1000000  uS 
Read char #7 RC=1 (15) waited/max        9/1000000  uS 
Read char #8 RC=1 (84) waited/max        9/1000000  uS 
answer:  00 06 00 00 14 4f 15 84 
received 8 characters
CRC receive OK 8415
Transmission State Check: 0
szCvrtLong           5199 0x0000144f
value                5199

Elapsed time since last comm 93 us
Attempt 1
Clearing read buffer Success!
szSerBufferSave OK! 02 4e 03 00 00 00 00 00 00 00 
command: 02 4e 03 00 00 00 00 00 46 c5 
Flushing serial device buffer... Success!
Sending command... sent 10 characters
Draining serial device buffer... Success!
Cleared data buffer: 00 00 00 00 00 00 00 00 00 00 
Read char #1 RC=0 (00) waited/max    98762/1000000  uS 
answer:  Got -1 characters

Elapsed time since last comm 0 us
Attempt 2
Clearing read buffer Success!
szSerBufferSave OK! 02 4e 03 00 00 00 00 00 00 00 
command: 02 4e 03 00 00 00 00 00 46 c5 
Flushing serial device buffer... Success!
Sending command... sent 10 characters
Draining serial device buffer... Success!
Cleared data buffer: 00 00 00 00 00 00 00 00 00 00 
Read char #1 RC=1 (57) 
Read char #2 RC=1 (07) waited/max       10/1000000  uS 
Read char #3 RC=1 (00) waited/max        9/1000000  uS 
Read char #4 RC=1 (00) waited/max        9/1000000  uS 
Read char #5 RC=1 (84) waited/max        9/1000000  uS 
Read char #6 RC=1 (3f) waited/max        9/1000000  uS 
Read char #7 RC=1 (cf) waited/max        9/1000000  uS 
Read char #8 RC=1 (ee) waited/max        8/1000000  uS 
answer:  57 07 00 00 84 3f cf ee 
received 8 characters

Elapsed time since last comm 0 us
Attempt 3
Clearing read buffer Success!
szSerBufferSave OK! 02 4e 03 00 00 00 00 00 00 00 
command: 02 4e 03 00 00 00 00 00 46 c5 
Flushing serial device buffer... Success!
Sending command... sent 10 characters
Draining serial device buffer... Success!
Cleared data buffer: 00 00 00 00 00 00 00 00 00 00 
Read char #1 RC=0 (00) waited/max    98761/1000000  uS 
answer:  Got -1 characters

Restoring Serial Port settings /dev/serial/by-id/usb-1a86_USB2.0-Serial-if00-port0... Success!
Flushing serial device buffer... Success!
Closing Serial Port /dev/serial/by-id/usb-1a86_USB2.0-Serial-if00-port0... Success!

devLCKfile: </var/lock/LCK..usb-1a86_USB2.0-Serial-if00-port0>
devLCKfileNew: </var/lock/LCK..usb-1a86_USB2.0-Serial-if00-port0.7041>
Clearing Serial Port Lock (7041)... done.

20120604-13:25:32: aurora: ERROR: Received bad return code (-1 78 3)

Complete 20120604-13:25:32

