
aurora -b -a2 -c -T -Y3 -d0 -e /dev/serial/by-id/usb-1a86_USB2.0-Serial-if00-port0 

szttyDevice: /dev/serial/by-id/usb-1a86_USB2.0-Serial-if00-port0
yDelay:     1
yTimeout    0 mS
yMaxRunTime ~
devLCKfile: </var/lock/LCK..usb-1a86_USB2.0-Serial-if00-port0>
devLCKfileNew: </var/lock/LCK..usb-1a86_USB2.0-Serial-if00-port0.11573>
Got Params

RunTime 20120604-13:39:16 v1.8.0 
Endian : Little
PID : 11573

Attempting to get lock on Serial Port /dev/serial/by-id/usb-1a86_USB2.0-Serial-if00-port0...
Checking for lock

Checking process 11573 for lock
rPID: 11573 SubStrPos: aurora command: aurora = me
Appears we got the lock.

Opening Serial Port /dev/serial/by-id/usb-1a86_USB2.0-Serial-if00-port0...  Serial Port /dev/serial/by-id/usb-1a86_USB2.0-Serial-if00-port0 successfully opened.
Configuring serial device... Flushing unread data first...  Success!
Flushing serial device buffer... Success!

Comm Check: Let's see if the Aurora is listening... 
Elapsed time since last comm 0 us
Attempt 1
Clearing read buffer Success!
szSerBufferSave OK! 02 3a 00 00 00 00 00 00 00 00 
command: 02 3a 00 00 00 00 00 00 01 b7 
Flushing serial device buffer... Success!
Sending command... sent 10 characters
Draining serial device buffer... Success!
Cleared data buffer: 00 00 00 00 00 00 00 00 00 00 
Read char #1 RC=0 (00) waited/max    99780/1000000  uS 
answer:  Got -1 characters

Elapsed time since last comm 0 us
Attempt 2
Clearing read buffer Success!
szSerBufferSave OK! 02 3a 00 00 00 00 00 00 00 00 
command: 02 3a 00 00 00 00 00 00 01 b7 
Flushing serial device buffer... Success!
Sending command... sent 10 characters
Draining serial device buffer... Success!
Cleared data buffer: 00 00 00 00 00 00 00 00 00 00 
Read char #1 RC=1 (00) waited/max     2795/1000000  uS 
Read char #2 RC=1 (06) waited/max        9/1000000  uS 
Read char #3 RC=1 (fd) waited/max        9/1000000  uS 
Read char #4 RC=1 (fb) waited/max        8/1000000  uS 
Read char #5 RC=1 (ff) waited/max      719/1000000  uS 
Read char #6 RC=1 (ff) waited/max        9/1000000  uS 
Read char #7 RC=0 (00) waited/max    98827/1000000  uS 
answer:  Got -1 characters

Elapsed time since last comm 0 us
Attempt 3
Clearing read buffer Success!
szSerBufferSave OK! 02 3a 00 00 00 00 00 00 00 00 
command: 02 3a 00 00 00 00 00 00 01 b7 
Flushing serial device buffer... Success!
Sending command... sent 10 characters
Draining serial device buffer... Success!
Cleared data buffer: 00 00 00 00 00 00 00 00 00 00 
Read char #1 RC=1 (00) waited/max    55828/1000000  uS 
Read char #2 RC=1 (06) waited/max       11/1000000  uS 
Read char #3 RC=1 (31) waited/max        8/1000000  uS 
Read char #4 RC=1 (42) waited/max        8/1000000  uS 
Read char #5 RC=1 (4e) waited/max        8/1000000  uS 
Read char #6 RC=1 (4e) waited/max        8/1000000  uS 
Read char #7 RC=1 (9c) waited/max        8/1000000  uS 
Read char #8 RC=1 (58) waited/max        8/1000000  uS 
answer:  00 06 31 42 4e 4e 9c 58 
received 8 characters
CRC receive OK 589c
Transmission State Check: 0
Model ID "1" Multipler 0.0970019 -- PVI-3.0-OUTD (new) --
Comm Check: OK

Elapsed time since last comm 217 us
Attempt 1
Clearing read buffer Success!
szSerBufferSave OK! 02 3b 04 00 00 00 00 00 00 00 
command: 02 3b 04 00 00 00 00 00 78 38 
Flushing serial device buffer... Success!
Sending command... sent 10 characters
Draining serial device buffer... Success!
Cleared data buffer: 00 00 00 00 00 00 00 00 00 00 
Read char #1 RC=1 (00) waited/max    16896/1000000  uS 
Read char #2 RC=1 (06) waited/max       10/1000000  uS 
Read char #3 RC=1 (42) waited/max        9/1000000  uS 
Read char #4 RC=1 (47) waited/max        8/1000000  uS 
Read char #5 RC=1 (fe) waited/max        9/1000000  uS 
Read char #6 RC=1 (fa) waited/max        8/1000000  uS 
Read char #7 RC=1 (68) waited/max        9/1000000  uS 
Read char #8 RC=1 (d7) waited/max        8/1000000  uS 
answer:  00 06 42 47 fe fa 68 d7 
received 8 characters
CRC receive OK d768
Transmission State Check: 0
szCvrtFloat    49.999001 0x4247fefa
value        49.999001

Elapsed time since last comm 87 us
Attempt 1
Clearing read buffer Success!
szSerBufferSave OK! 02 3b 01 00 00 00 00 00 00 00 
command: 02 3b 01 00 00 00 00 00 ff 2c 
Flushing serial device buffer... Success!
Sending command... sent 10 characters
Draining serial device buffer... Success!
Cleared data buffer: 00 00 00 00 00 00 00 00 00 00 
Read char #1 RC=1 (00) waited/max    10799/1000000  uS 
Read char #2 RC=1 (06) waited/max        9/1000000  uS 
Read char #3 RC=1 (43) waited/max        8/1000000  uS 
Read char #4 RC=1 (61) waited/max        8/1000000  uS 
Read char #5 RC=1 (ec) waited/max        8/1000000  uS 
Read char #6 RC=1 (27) waited/max        8/1000000  uS 
Read char #7 RC=1 (78) waited/max        8/1000000  uS 
Read char #8 RC=1 (b5) waited/max        9/1000000  uS 
answer:  00 06 43 61 ec 27 78 b5 
received 8 characters
CRC receive OK b578
Transmission State Check: 0
szCvrtFloat   225.922470 0x4361ec27
value       225.922470

Elapsed time since last comm 80 us
Attempt 1
Clearing read buffer Success!
szSerBufferSave OK! 02 3b 02 00 00 00 00 00 00 00 
command: 02 3b 02 00 00 00 00 00 82 20 
Flushing serial device buffer... Success!
Sending command... sent 10 characters
Draining serial device buffer... Success!
Cleared data buffer: 00 00 00 00 00 00 00 00 00 00 
Read char #1 RC=1 (00) waited/max    10810/1000000  uS 
Read char #2 RC=1 (06) waited/max        9/1000000  uS 
Read char #3 RC=1 (40) waited/max        9/1000000  uS 
Read char #4 RC=1 (46) waited/max        8/1000000  uS 
Read char #5 RC=1 (1e) waited/max        8/1000000  uS 
Read char #6 RC=1 (0b) waited/max        8/1000000  uS 
Read char #7 RC=1 (5d) waited/max        9/1000000  uS 
Read char #8 RC=1 (bb) waited/max        8/1000000  uS 
answer:  00 06 40 46 1e 0b 5d bb 
received 8 characters
CRC receive OK bb5d
Transmission State Check: 0
szCvrtFloat     3.095584 0x40461e0b
value         3.095584

Elapsed time since last comm 62 us
Attempt 1
Clearing read buffer Success!
szSerBufferSave OK! 02 3b 03 00 00 00 00 00 00 00 
command: 02 3b 03 00 00 00 00 00 a9 24 
Flushing serial device buffer... Success!
Sending command... sent 10 characters
Draining serial device buffer... Success!
Cleared data buffer: 00 00 00 00 00 00 00 00 00 00 
Read char #1 RC=0 (00) 
answer:  Got -1 characters

Elapsed time since last comm 0 us
Attempt 2
Clearing read buffer Success!
szSerBufferSave OK! 02 3b 03 00 00 00 00 00 00 00 
command: 02 3b 03 00 00 00 00 00 a9 24 
Flushing serial device buffer... Success!
Sending command... sent 10 characters
Draining serial device buffer... Success!
Cleared data buffer: 00 00 00 00 00 00 00 00 00 00 
Read char #1 RC=1 (ff) waited/max     5796/1000000  uS 
Read char #2 RC=1 (ff) waited/max        9/1000000  uS 
Read char #3 RC=1 (55) waited/max     1858/1000000  uS 
Read char #4 RC=1 (f7) waited/max        9/1000000  uS 
Read char #5 RC=1 (9c) waited/max        9/1000000  uS 
Read char #6 RC=0 (00) waited/max    98763/1000000  uS 
answer:  Got -1 characters

Elapsed time since last comm 0 us
Attempt 3
Clearing read buffer Success!
szSerBufferSave OK! 02 3b 03 00 00 00 00 00 00 00 
command: 02 3b 03 00 00 00 00 00 a9 24 
Flushing serial device buffer... Success!
Sending command... sent 10 characters
Draining serial device buffer... Success!
Cleared data buffer: 00 00 00 00 00 00 00 00 00 00 
Read char #1 RC=1 (00) waited/max    55835/1000000  uS 
Read char #2 RC=1 (06) waited/max       10/1000000  uS 
Read char #3 RC=1 (44) waited/max        9/1000000  uS 
Read char #4 RC=1 (2d) waited/max        9/1000000  uS 
Read char #5 RC=1 (5e) waited/max        9/1000000  uS 
Read char #6 RC=1 (d5) waited/max        8/1000000  uS 
Read char #7 RC=1 (cf) waited/max        9/1000000  uS 
Read char #8 RC=1 (9c) waited/max        8/1000000  uS 
answer:  00 06 44 2d 5e d5 cf 9c 
received 8 characters
CRC receive OK 9ccf
Transmission State Check: 0
szCvrtFloat   693.481750 0x442d5ed5
value       693.481750

Elapsed time since last comm 78 us
Attempt 1
Clearing read buffer Success!
szSerBufferSave OK! 02 3b 17 00 00 00 00 00 00 00 
command: 02 3b 17 00 00 00 00 00 b5 76 
Flushing serial device buffer... Success!
Sending command... sent 10 characters
Draining serial device buffer... Success!
Cleared data buffer: 00 00 00 00 00 00 00 00 00 00 
Read char #1 RC=1 (00) waited/max    18802/1000000  uS 
Read char #2 RC=1 (06) waited/max        9/1000000  uS 
Read char #3 RC=1 (43) waited/max        9/1000000  uS 
Read char #4 RC=1 (b9) waited/max        9/1000000  uS 
Read char #5 RC=1 (0d) waited/max        8/1000000  uS 
Read char #6 RC=1 (86) waited/max        8/1000000  uS 
Read char #7 RC=1 (77) waited/max        9/1000000  uS 
Read char #8 RC=1 (b8) waited/max        8/1000000  uS 
answer:  00 06 43 b9 0d 86 77 b8 
received 8 characters
CRC receive OK b877
Transmission State Check: 0
szCvrtFloat   370.105652 0x43b90d86
value       370.105652

Elapsed time since last comm 69 us
Attempt 1
Clearing read buffer Success!
szSerBufferSave OK! 02 3b 19 00 00 00 00 00 00 00 
command: 02 3b 19 00 00 00 00 00 17 4f 
Flushing serial device buffer... Success!
Sending command... sent 10 characters
Draining serial device buffer... Success!
Cleared data buffer: 00 00 00 00 00 00 00 00 00 00 
Read char #1 RC=1 (00) waited/max    10805/1000000  uS 
Read char #2 RC=1 (06) waited/max        9/1000000  uS 
Read char #3 RC=1 (3f) waited/max        9/1000000  uS 
Read char #4 RC=1 (8b) waited/max        8/1000000  uS 
Read char #5 RC=1 (d3) waited/max        8/1000000  uS 
Read char #6 RC=1 (8e) waited/max        8/1000000  uS 
Read char #7 RC=1 (73) waited/max        9/1000000  uS 
Read char #8 RC=1 (0f) waited/max        8/1000000  uS 
answer:  00 06 3f 8b d3 8e 73 0f 
received 8 characters
CRC receive OK 0f73
Transmission State Check: 0
szCvrtFloat     1.092394 0x3f8bd38e
value         1.092394

Elapsed time since last comm 62 us
Attempt 1
Clearing read buffer Success!
szSerBufferSave OK! 02 3b 1a 00 00 00 00 00 00 00 
command: 02 3b 1a 00 00 00 00 00 6a 43 
Flushing serial device buffer... Success!
Sending command... sent 10 characters
Draining serial device buffer... Success!
Cleared data buffer: 00 00 00 00 00 00 00 00 00 00 
Read char #1 RC=1 (00) waited/max    10807/1000000  uS 
Read char #2 RC=1 (06) waited/max        9/1000000  uS 
Read char #3 RC=1 (43) waited/max        8/1000000  uS 
Read char #4 RC=1 (95) waited/max        9/1000000  uS 
Read char #5 RC=1 (72) waited/max        9/1000000  uS 
Read char #6 RC=1 (7f) waited/max        9/1000000  uS 
Read char #7 RC=1 (ad) waited/max        8/1000000  uS 
Read char #8 RC=1 (07) waited/max        9/1000000  uS 
answer:  00 06 43 95 72 7f ad 07 
received 8 characters
CRC receive OK 07ad
Transmission State Check: 0
szCvrtFloat   298.894501 0x4395727f
value       298.894501

Elapsed time since last comm 70 us
Attempt 1
Clearing read buffer Success!
szSerBufferSave OK! 02 3b 1b 00 00 00 00 00 00 00 
command: 02 3b 1b 00 00 00 00 00 41 47 
Flushing serial device buffer... Success!
Sending command... sent 10 characters
Draining serial device buffer... Success!
Cleared data buffer: 00 00 00 00 00 00 00 00 00 00 
Read char #1 RC=0 (00) waited/max    97821/1000000  uS 
answer:  Got -1 characters

Elapsed time since last comm 0 us
Attempt 2
Clearing read buffer Success!
szSerBufferSave OK! 02 3b 1b 00 00 00 00 00 00 00 
command: 02 3b 1b 00 00 00 00 00 41 47 
Flushing serial device buffer... Success!
Sending command... sent 10 characters
Draining serial device buffer... Success!
Cleared data buffer: 00 00 00 00 00 00 00 00 00 00 
Read char #1 RC=1 (00) waited/max    13602/1000000  uS 
Read char #2 RC=1 (06) waited/max       14/1000000  uS 
Read char #3 RC=1 (3f) waited/max       13/1000000  uS 
Read char #4 RC=1 (88) waited/max       13/1000000  uS 
Read char #5 RC=1 (37) waited/max       12/1000000  uS 
Read char #6 RC=1 (a1) waited/max       13/1000000  uS 
Read char #7 RC=1 (1b) waited/max       13/1000000  uS 
Read char #8 RC=1 (b7) waited/max       12/1000000  uS 
answer:  00 06 3f 88 37 a1 1b b7 
received 8 characters
CRC receive OK b71b
Transmission State Check: 0
szCvrtFloat     1.064198 0x3f8837a1
value         1.064198

Elapsed time since last comm 101 us
Attempt 1
Clearing read buffer Success!
szSerBufferSave OK! 02 3b 15 00 00 00 00 00 00 00 
command: 02 3b 15 00 00 00 00 00 e3 7e 
Flushing serial device buffer... Success!
Sending command... sent 10 characters
Draining serial device buffer... Success!
Cleared data buffer: 00 00 00 00 00 00 00 00 00 00 
Read char #1 RC=1 (00) waited/max    20664/1000000  uS 
Read char #2 RC=1 (06) waited/max       11/1000000  uS 
Read char #3 RC=1 (41) waited/max        8/1000000  uS 
Read char #4 RC=1 (dd) waited/max        9/1000000  uS 
Read char #5 RC=1 (3b) waited/max        8/1000000  uS 
Read char #6 RC=1 (6c) waited/max        8/1000000  uS 
Read char #7 RC=1 (0b) waited/max        8/1000000  uS 
Read char #8 RC=1 (4d) waited/max        9/1000000  uS 
answer:  00 06 41 dd 3b 6c 0b 4d 
received 8 characters
CRC receive OK 4d0b
Transmission State Check: 0
szCvrtFloat    27.654015 0x41dd3b6c
value        27.654015

Elapsed time since last comm 78 us
Attempt 1
Clearing read buffer Success!
szSerBufferSave OK! 02 3b 16 00 00 00 00 00 00 00 
command: 02 3b 16 00 00 00 00 00 9e 72 
Flushing serial device buffer... Success!
Sending command... sent 10 characters
Draining serial device buffer... Success!
Cleared data buffer: 00 00 00 00 00 00 00 00 00 00 
Read char #1 RC=1 (00) waited/max    10804/1000000  uS 
Read char #2 RC=1 (06) waited/max       10/1000000  uS 
Read char #3 RC=1 (41) waited/max        8/1000000  uS 
Read char #4 RC=1 (c0) waited/max        9/1000000  uS 
Read char #5 RC=1 (28) waited/max        9/1000000  uS 
Read char #6 RC=1 (45) waited/max        8/1000000  uS 
Read char #7 RC=1 (db) waited/max        9/1000000  uS 
Read char #8 RC=1 (34) waited/max        8/1000000  uS 
answer:  00 06 41 c0 28 45 db 34 
received 8 characters
CRC receive OK 34db
Transmission State Check: 0
szCvrtFloat    24.019663 0x41c02845
value        24.019663

Attempting to get Partial Energy value 
Elapsed time since last comm 139 us
Attempt 1
Clearing read buffer Success!
szSerBufferSave OK! 02 4e 06 00 00 00 00 00 00 00 
command: 02 4e 06 00 00 00 00 00 c1 d1 
Flushing serial device buffer... Success!
Sending command... sent 10 characters
Draining serial device buffer... Success!
Cleared data buffer: 00 00 00 00 00 00 00 00 00 00 
Read char #1 RC=0 (00) waited/max    96766/1000000  uS 
answer:  Got -1 characters

Elapsed time since last comm 0 us
Attempt 2
Clearing read buffer Success!
szSerBufferSave OK! 02 4e 06 00 00 00 00 00 00 00 
command: 02 4e 06 00 00 00 00 00 c1 d1 
Flushing serial device buffer... Success!
Sending command... sent 10 characters
Draining serial device buffer... Success!
Cleared data buffer: 00 00 00 00 00 00 00 00 00 00 
Read char #1 RC=1 (ff) waited/max     8798/1000000  uS 
Read char #2 RC=1 (ff) waited/max       10/1000000  uS 
Read char #3 RC=1 (7d) waited/max        8/1000000  uS 
Read char #4 RC=1 (9f) waited/max        8/1000000  uS 
Read char #5 RC=1 (e0) waited/max        9/1000000  uS 
Read char #6 RC=1 (b5) waited/max        9/1000000  uS 
Read char #7 RC=1 (c0) waited/max        9/1000000  uS 
Read char #8 RC=0 (00) waited/max    97490/1000000  uS 
answer:  Got -1 characters

Elapsed time since last comm 0 us
Attempt 3
Clearing read buffer Success!
szSerBufferSave OK! 02 4e 06 00 00 00 00 00 00 00 
command: 02 4e 06 00 00 00 00 00 c1 d1 
Flushing serial device buffer... Success!
Sending command... sent 10 characters
Draining serial device buffer... Success!
Cleared data buffer: 00 00 00 00 00 00 00 00 00 00 
Read char #1 RC=1 (00) waited/max    49879/1000000  uS 
Read char #2 RC=1 (06) waited/max       13/1000000  uS 
Read char #3 RC=1 (00) waited/max       11/1000000  uS 
Read char #4 RC=1 (00) waited/max       10/1000000  uS 
Read char #5 RC=1 (84) waited/max       11/1000000  uS 
Read char #6 RC=1 (e0) waited/max       12/1000000  uS 
Read char #7 RC=1 (b5) waited/max       11/1000000  uS 
Read char #8 RC=1 (c0) waited/max        8/1000000  uS 
answer:  00 06 00 00 84 e0 b5 c0 
received 8 characters
CRC receive OK c0b5
Transmission State Check: 0
szCvrtLong          34016 0x000084e0
value               34016

Elapsed time since last comm 54 us
Attempt 1
Clearing read buffer Success!
szSerBufferSave OK! 02 4e 00 00 00 00 00 00 00 00 
command: 02 4e 00 00 00 00 00 00 3b c9 
Flushing serial device buffer... Success!
Sending command... sent 10 characters
Draining serial device buffer... Success!
Cleared data buffer: 00 00 00 00 00 00 00 00 00 00 
Read char #1 RC=1 (00) waited/max    22789/1000000  uS 
Read char #2 RC=1 (06) waited/max        9/1000000  uS 
Read char #3 RC=1 (00) waited/max        9/1000000  uS 
Read char #4 RC=1 (00) waited/max        9/1000000  uS 
Read char #5 RC=1 (05) waited/max        8/1000000  uS 
Read char #6 RC=1 (85) waited/max        9/1000000  uS 
Read char #7 RC=1 (0a) waited/max        8/1000000  uS 
Read char #8 RC=1 (61) waited/max        9/1000000  uS 
answer:  00 06 00 00 05 85 0a 61 
received 8 characters
CRC receive OK 610a
Transmission State Check: 0
szCvrtLong           1413 0x00000585
value                1413

Elapsed time since last comm 50 us
Attempt 1
Clearing read buffer Success!
szSerBufferSave OK! 02 4e 01 00 00 00 00 00 00 00 
command: 02 4e 01 00 00 00 00 00 10 cd 
Flushing serial device buffer... Success!
Sending command... sent 10 characters
Draining serial device buffer... Success!
Cleared data buffer: 00 00 00 00 00 00 00 00 00 00 
Read char #1 RC=1 (00) waited/max    10815/1000000  uS 
Read char #2 RC=1 (06) waited/max        9/1000000  uS 
Read char #3 RC=1 (00) waited/max        8/1000000  uS 
Read char #4 RC=1 (00) waited/max        9/1000000  uS 
Read char #5 RC=1 (14) waited/max        8/1000000  uS 
Read char #6 RC=1 (e9) waited/max        9/1000000  uS 
Read char #7 RC=1 (29) waited/max        9/1000000  uS 
Read char #8 RC=1 (44) waited/max        8/1000000  uS 
answer:  00 06 00 00 14 e9 29 44 
received 8 characters
CRC receive OK 4429
Transmission State Check: 0
szCvrtLong           5353 0x000014e9
value                5353

Elapsed time since last comm 50 us
Attempt 1
Clearing read buffer Success!
szSerBufferSave OK! 02 4e 03 00 00 00 00 00 00 00 
command: 02 4e 03 00 00 00 00 00 46 c5 
Flushing serial device buffer... Success!
Sending command... sent 10 characters
Draining serial device buffer... Success!
Cleared data buffer: 00 00 00 00 00 00 00 00 00 00 
Read char #1 RC=1 (00) waited/max    10813/1000000  uS 
Read char #2 RC=1 (06) waited/max        9/1000000  uS 
Read char #3 RC=1 (00) waited/max        9/1000000  uS 
Read char #4 RC=1 (00) waited/max        9/1000000  uS 
Read char #5 RC=1 (84) waited/max        8/1000000  uS 
Read char #6 RC=1 (d8) waited/max        8/1000000  uS 
Read char #7 RC=1 (7e) waited/max        9/1000000  uS 
Read char #8 RC=1 (7d) waited/max        8/1000000  uS 
answer:  00 06 00 00 84 d8 7e 7d 
received 8 characters
CRC receive OK 7d7e
Transmission State Check: 0
szCvrtLong          34008 0x000084d8
value               34008

Elapsed time since last comm 50 us
Attempt 1
Clearing read buffer Success!
szSerBufferSave OK! 02 4e 04 00 00 00 00 00 00 00 
command: 02 4e 04 00 00 00 00 00 97 d9 
Flushing serial device buffer... Success!
Sending command... sent 10 characters
Draining serial device buffer... Success!
Cleared data buffer: 00 00 00 00 00 00 00 00 00 00 
Read char #1 RC=0 (00) waited/max    99754/1000000  uS 
answer:  Got -1 characters

Elapsed time since last comm 0 us
Attempt 2
Clearing read buffer Success!
szSerBufferSave OK! 02 4e 04 00 00 00 00 00 00 00 
command: 02 4e 04 00 00 00 00 00 97 d9 
Flushing serial device buffer... Success!
Sending command... sent 10 characters
Draining serial device buffer... Success!
Cleared data buffer: 00 00 00 00 00 00 00 00 00 00 
Read char #1 RC=1 (9a) waited/max     9809/1000000  uS 
Read char #2 RC=1 (06) waited/max        9/1000000  uS 
Read char #3 RC=1 (00) waited/max        9/1000000  uS 
Read char #4 RC=1 (00) waited/max        8/1000000  uS 
Read char #5 RC=1 (84) waited/max        9/1000000  uS 
Read char #6 RC=1 (e2) waited/max        9/1000000  uS 
Read char #7 RC=1 (a7) waited/max        9/1000000  uS 
Read char #8 RC=1 (e3) waited/max        9/1000000  uS 
answer:  9a 06 00 00 84 e2 a7 e3 
received 8 characters

Elapsed time since last comm 0 us
Attempt 3
Clearing read buffer Success!
szSerBufferSave OK! 02 4e 04 00 00 00 00 00 00 00 
command: 02 4e 04 00 00 00 00 00 97 d9 
Flushing serial device buffer... Success!
Sending command... sent 10 characters
Draining serial device buffer... Success!
Cleared data buffer: 00 00 00 00 00 00 00 00 00 00 
Read char #1 RC=0 (00) waited/max    98744/1000000  uS 
answer:  Got -1 characters

Restoring Serial Port settings /dev/serial/by-id/usb-1a86_USB2.0-Serial-if00-port0... Success!
Flushing serial device buffer... Success!
Closing Serial Port /dev/serial/by-id/usb-1a86_USB2.0-Serial-if00-port0... Success!

devLCKfile: </var/lock/LCK..usb-1a86_USB2.0-Serial-if00-port0>
devLCKfileNew: </var/lock/LCK..usb-1a86_USB2.0-Serial-if00-port0.11573>
Clearing Serial Port Lock (11573)... done.

20120604-13:39:17: aurora: ERROR: Received bad return code (-1 78 4)

Complete 20120604-13:39:17

