
aurora -b -a2 -c -T -Y3 -d0 -e /dev/serial/by-id/usb-1a86_USB2.0-Serial-if00-port0 

szttyDevice: /dev/serial/by-id/usb-1a86_USB2.0-Serial-if00-port0
yDelay:     1
yTimeout    0 mS
yMaxRunTime ~
devLCKfile: </var/lock/LCK..usb-1a86_USB2.0-Serial-if00-port0>
devLCKfileNew: </var/lock/LCK..usb-1a86_USB2.0-Serial-if00-port0.6620>
Got Params

RunTime 20120604-13:24:13 v1.8.0 
Endian : Little
PID : 6620

Attempting to get lock on Serial Port /dev/serial/by-id/usb-1a86_USB2.0-Serial-if00-port0...
Checking for lock

Checking process 6620 for lock
rPID: 6620 SubStrPos: aurora command: aurora = me
Appears we got the lock.

Opening Serial Port /dev/serial/by-id/usb-1a86_USB2.0-Serial-if00-port0...  Serial Port /dev/serial/by-id/usb-1a86_USB2.0-Serial-if00-port0 successfully opened.
Configuring serial device... Flushing unread data first...  Success!
Flushing serial device buffer... Success!

Comm Check: Let's see if the Aurora is listening... 
Elapsed time since last comm 0 us
Attempt 1
Clearing read buffer Success!
szSerBufferSave OK! 02 3a 00 00 00 00 00 00 00 00 
command: 02 3a 00 00 00 00 00 00 01 b7 
Flushing serial device buffer... Success!
Sending command... sent 10 characters
Draining serial device buffer... Success!
Cleared data buffer: 00 00 00 00 00 00 00 00 00 00 
Read char #1 RC=0 (00) waited/max    96779/1000000  uS 
answer:  Got -1 characters

Elapsed time since last comm 0 us
Attempt 2
Clearing read buffer Success!
szSerBufferSave OK! 02 3a 00 00 00 00 00 00 00 00 
command: 02 3a 00 00 00 00 00 00 01 b7 
Flushing serial device buffer... Success!
Sending command... sent 10 characters
Draining serial device buffer... Success!
Cleared data buffer: 00 00 00 00 00 00 00 00 00 00 
Read char #1 RC=1 (00) waited/max     1794/1000000  uS 
Read char #2 RC=1 (06) waited/max        9/1000000  uS 
Read char #3 RC=1 (31) waited/max        9/1000000  uS 
Read char #4 RC=1 (42) waited/max        9/1000000  uS 
Read char #5 RC=1 (ff) waited/max        9/1000000  uS 
Read char #6 RC=1 (af) waited/max        9/1000000  uS 
Read char #7 RC=0 (00) waited/max    96539/1000000  uS 
answer:  Got -1 characters

Elapsed time since last comm 0 us
Attempt 3
Clearing read buffer Success!
szSerBufferSave OK! 02 3a 00 00 00 00 00 00 00 00 
command: 02 3a 00 00 00 00 00 00 01 b7 
Flushing serial device buffer... Success!
Sending command... sent 10 characters
Draining serial device buffer... Success!
Cleared data buffer: 00 00 00 00 00 00 00 00 00 00 
Read char #1 RC=1 (00) waited/max    48807/1000000  uS 
Read char #2 RC=1 (06) waited/max       10/1000000  uS 
Read char #3 RC=1 (31) waited/max        8/1000000  uS 
Read char #4 RC=1 (42) waited/max        8/1000000  uS 
Read char #5 RC=1 (4e) waited/max        8/1000000  uS 
Read char #6 RC=1 (4e) waited/max        9/1000000  uS 
Read char #7 RC=1 (9c) waited/max        8/1000000  uS 
Read char #8 RC=1 (58) waited/max        9/1000000  uS 
answer:  00 06 31 42 4e 4e 9c 58 
received 8 characters
CRC receive OK 589c
Transmission State Check: 0
Model ID "1" Multipler 0.0970019 -- PVI-3.0-OUTD (new) --
Comm Check: OK

Elapsed time since last comm 213 us
Attempt 1
Clearing read buffer Success!
szSerBufferSave OK! 02 3b 04 00 00 00 00 00 00 00 
command: 02 3b 04 00 00 00 00 00 78 38 
Flushing serial device buffer... Success!
Sending command... sent 10 characters
Draining serial device buffer... Success!
Cleared data buffer: 00 00 00 00 00 00 00 00 00 00 
Read char #1 RC=1 (00) waited/max    17797/1000000  uS 
Read char #2 RC=1 (06) waited/max        9/1000000  uS 
Read char #3 RC=1 (42) waited/max        9/1000000  uS 
Read char #4 RC=1 (47) waited/max        8/1000000  uS 
Read char #5 RC=1 (ed) waited/max        9/1000000  uS 
Read char #6 RC=1 (93) waited/max        9/1000000  uS 
Read char #7 RC=1 (56) waited/max        9/1000000  uS 
Read char #8 RC=1 (96) waited/max        8/1000000  uS 
answer:  00 06 42 47 ed 93 56 96 
received 8 characters
CRC receive OK 9656
Transmission State Check: 0
szCvrtFloat    49.982006 0x4247ed93
value        49.982006

Elapsed time since last comm 78 us
Attempt 1
Clearing read buffer Success!
szSerBufferSave OK! 02 3b 01 00 00 00 00 00 00 00 
command: 02 3b 01 00 00 00 00 00 ff 2c 
Flushing serial device buffer... Success!
Sending command... sent 10 characters
Draining serial device buffer... Success!
Cleared data buffer: 00 00 00 00 00 00 00 00 00 00 
Read char #1 RC=1 (00) waited/max    10758/1000000  uS 
Read char #2 RC=1 (06) waited/max       10/1000000  uS 
Read char #3 RC=1 (43) waited/max        9/1000000  uS 
Read char #4 RC=1 (60) waited/max        8/1000000  uS 
Read char #5 RC=1 (e9) waited/max        9/1000000  uS 
Read char #6 RC=1 (d4) waited/max        9/1000000  uS 
Read char #7 RC=1 (08) waited/max        9/1000000  uS 
Read char #8 RC=1 (54) waited/max        8/1000000  uS 
answer:  00 06 43 60 e9 d4 08 54 
received 8 characters
CRC receive OK 5408
Transmission State Check: 0
szCvrtFloat   224.913391 0x4360e9d4
value       224.913391

Elapsed time since last comm 79 us
Attempt 1
Clearing read buffer Success!
szSerBufferSave OK! 02 3b 02 00 00 00 00 00 00 00 
command: 02 3b 02 00 00 00 00 00 82 20 
Flushing serial device buffer... Success!
Sending command... sent 10 characters
Draining serial device buffer... Success!
Cleared data buffer: 00 00 00 00 00 00 00 00 00 00 
Read char #1 RC=1 (00) waited/max    11812/1000000  uS 
Read char #2 RC=1 (06) waited/max        9/1000000  uS 
Read char #3 RC=1 (40) waited/max        8/1000000  uS 
Read char #4 RC=1 (3f) waited/max        9/1000000  uS 
Read char #5 RC=1 (b6) waited/max        8/1000000  uS 
Read char #6 RC=1 (79) waited/max        8/1000000  uS 
Read char #7 RC=1 (31) waited/max        9/1000000  uS 
Read char #8 RC=1 (96) waited/max        9/1000000  uS 
answer:  00 06 40 3f b6 79 31 96 
received 8 characters
CRC receive OK 9631
Transmission State Check: 0
szCvrtFloat     2.995512 0x403fb679
value         2.995512

Elapsed time since last comm 62 us
Attempt 1
Clearing read buffer Success!
szSerBufferSave OK! 02 3b 03 00 00 00 00 00 00 00 
command: 02 3b 03 00 00 00 00 00 a9 24 
Flushing serial device buffer... Success!
Sending command... sent 10 characters
Draining serial device buffer... Success!
Cleared data buffer: 00 00 00 00 00 00 00 00 00 00 
Read char #1 RC=0 (00) waited/max    96749/1000000  uS 
answer:  Got -1 characters

Elapsed time since last comm 0 us
Attempt 2
Clearing read buffer Success!
szSerBufferSave OK! 02 3b 03 00 00 00 00 00 00 00 
command: 02 3b 03 00 00 00 00 00 a9 24 
Flushing serial device buffer... Success!
Sending command... sent 10 characters
Draining serial device buffer... Success!
Cleared data buffer: 00 00 00 00 00 00 00 00 00 00 
Read char #1 RC=1 (60) waited/max    10810/1000000  uS 
Read char #2 RC=1 (10) waited/max        9/1000000  uS 
Read char #3 RC=1 (34) waited/max        9/1000000  uS 
Read char #4 RC=1 (24) waited/max        9/1000000  uS 
Read char #5 RC=1 (57) waited/max        9/1000000  uS 
Read char #6 RC=1 (9a) waited/max        9/1000000  uS 
Read char #7 RC=1 (27) waited/max        9/1000000  uS 
Read char #8 RC=1 (ff) waited/max        9/1000000  uS 
answer:  60 10 34 24 57 9a 27 ff 
received 8 characters

Elapsed time since last comm 0 us
Attempt 3
Clearing read buffer Success!
szSerBufferSave OK! 02 3b 03 00 00 00 00 00 00 00 
command: 02 3b 03 00 00 00 00 00 a9 24 
Flushing serial device buffer... Success!
Sending command... sent 10 characters
Draining serial device buffer... Success!
Cleared data buffer: 00 00 00 00 00 00 00 00 00 00 
Read char #1 RC=1 (00) waited/max    22811/1000000  uS 
Read char #2 RC=1 (06) waited/max        9/1000000  uS 
Read char #3 RC=1 (44) waited/max        9/1000000  uS 
Read char #4 RC=1 (1e) waited/max        9/1000000  uS 
Read char #5 RC=1 (b2) waited/max        9/1000000  uS 
Read char #6 RC=1 (25) waited/max        9/1000000  uS 
Read char #7 RC=1 (b3) waited/max        9/1000000  uS 
Read char #8 RC=1 (42) waited/max        9/1000000  uS 
answer:  00 06 44 1e b2 25 b3 42 
received 8 characters
CRC receive OK 42b3
Transmission State Check: 0
szCvrtFloat   634.783508 0x441eb225
value       634.783508

Elapsed time since last comm 70 us
Attempt 1
Clearing read buffer Success!
szSerBufferSave OK! 02 3b 17 00 00 00 00 00 00 00 
command: 02 3b 17 00 00 00 00 00 b5 76 
Flushing serial device buffer... Success!
Sending command... sent 10 characters
Draining serial device buffer... Success!
Cleared data buffer: 00 00 00 00 00 00 00 00 00 00 
Read char #1 RC=1 (00) waited/max    10807/1000000  uS 
Read char #2 RC=1 (06) waited/max        9/1000000  uS 
Read char #3 RC=1 (43) waited/max        9/1000000  uS 
Read char #4 RC=1 (b7) waited/max        9/1000000  uS 
Read char #5 RC=1 (00) waited/max        8/1000000  uS 
Read char #6 RC=1 (93) waited/max        9/1000000  uS 
Read char #7 RC=1 (38) waited/max        8/1000000  uS 
Read char #8 RC=1 (5f) waited/max        8/1000000  uS 
answer:  00 06 43 b7 00 93 38 5f 
received 8 characters
CRC receive OK 5f38
Transmission State Check: 0
szCvrtFloat   366.004486 0x43b70093
value       366.004486

Elapsed time since last comm 69 us
Attempt 1
Clearing read buffer Success!
szSerBufferSave OK! 02 3b 19 00 00 00 00 00 00 00 
command: 02 3b 19 00 00 00 00 00 17 4f 
Flushing serial device buffer... Success!
Sending command... sent 10 characters
Draining serial device buffer... Success!
Cleared data buffer: 00 00 00 00 00 00 00 00 00 00 
Read char #1 RC=1 (00) waited/max    10799/1000000  uS 
Read char #2 RC=1 (06) waited/max        9/1000000  uS 
Read char #3 RC=1 (3f) waited/max        8/1000000  uS 
Read char #4 RC=1 (82) waited/max        9/1000000  uS 
Read char #5 RC=1 (56) waited/max        8/1000000  uS 
Read char #6 RC=1 (f3) waited/max        9/1000000  uS 
Read char #7 RC=1 (7b) waited/max        9/1000000  uS 
Read char #8 RC=1 (c9) waited/max        9/1000000  uS 
answer:  00 06 3f 82 56 f3 7b c9 
received 8 characters
CRC receive OK c97b
Transmission State Check: 0
szCvrtFloat     1.018278 0x3f8256f3
value         1.018278

Elapsed time since last comm 62 us
Attempt 1
Clearing read buffer Success!
szSerBufferSave OK! 02 3b 1a 00 00 00 00 00 00 00 
command: 02 3b 1a 00 00 00 00 00 6a 43 
Flushing serial device buffer... Success!
Sending command... sent 10 characters
Draining serial device buffer... Success!
Cleared data buffer: 00 00 00 00 00 00 00 00 00 00 
Read char #1 RC=0 (00) waited/max    98769/1000000  uS 
answer:  Got -1 characters

Elapsed time since last comm 0 us
Attempt 2
Clearing read buffer Success!
szSerBufferSave OK! 02 3b 1a 00 00 00 00 00 00 00 
command: 02 3b 1a 00 00 00 00 00 6a 43 
Flushing serial device buffer... Success!
Sending command... sent 10 characters
Draining serial device buffer... Success!
Cleared data buffer: 00 00 00 00 00 00 00 00 00 00 
Read char #1 RC=1 (00) waited/max    17799/1000000  uS 
Read char #2 RC=1 (06) waited/max        9/1000000  uS 
Read char #3 RC=1 (43) waited/max        9/1000000  uS 
Read char #4 RC=1 (8f) waited/max        8/1000000  uS 
Read char #5 RC=1 (37) waited/max        8/1000000  uS 
Read char #6 RC=1 (8e) waited/max        9/1000000  uS 
Read char #7 RC=1 (9a) waited/max        9/1000000  uS 
Read char #8 RC=1 (2f) waited/max        9/1000000  uS 
answer:  00 06 43 8f 37 8e 9a 2f 
received 8 characters
CRC receive OK 2f9a
Transmission State Check: 0
szCvrtFloat   286.434021 0x438f378e
value       286.434021

Elapsed time since last comm 81 us
Attempt 1
Clearing read buffer Success!
szSerBufferSave OK! 02 3b 1b 00 00 00 00 00 00 00 
command: 02 3b 1b 00 00 00 00 00 41 47 
Flushing serial device buffer... Success!
Sending command... sent 10 characters
Draining serial device buffer... Success!
Cleared data buffer: 00 00 00 00 00 00 00 00 00 00 
Read char #1 RC=1 (00) waited/max    19807/1000000  uS 
Read char #2 RC=1 (06) waited/max        9/1000000  uS 
Read char #3 RC=1 (3f) waited/max        9/1000000  uS 
Read char #4 RC=1 (81) waited/max        9/1000000  uS 
Read char #5 RC=1 (9e) waited/max        9/1000000  uS 
Read char #6 RC=1 (2a) waited/max        9/1000000  uS 
Read char #7 RC=1 (39) waited/max        8/1000000  uS 
Read char #8 RC=1 (69) waited/max        9/1000000  uS 
answer:  00 06 3f 81 9e 2a 39 69 
received 8 characters
CRC receive OK 6939
Transmission State Check: 0
szCvrtFloat     1.012639 0x3f819e2a
value         1.012639

Elapsed time since last comm 63 us
Attempt 1
Clearing read buffer Success!
szSerBufferSave OK! 02 3b 15 00 00 00 00 00 00 00 
command: 02 3b 15 00 00 00 00 00 e3 7e 
Flushing serial device buffer... Success!
Sending command... sent 10 characters
Draining serial device buffer... Success!
Cleared data buffer: 00 00 00 00 00 00 00 00 00 00 
Read char #1 RC=1 (00) waited/max    10806/1000000  uS 
Read char #2 RC=1 (06) waited/max        9/1000000  uS 
Read char #3 RC=1 (41) waited/max        9/1000000  uS 
Read char #4 RC=1 (d8) waited/max        9/1000000  uS 
Read char #5 RC=1 (5d) waited/max        8/1000000  uS 
Read char #6 RC=1 (7e) waited/max        8/1000000  uS 
Read char #7 RC=1 (a0) waited/max        9/1000000  uS 
Read char #8 RC=1 (76) waited/max        8/1000000  uS 
answer:  00 06 41 d8 5d 7e a0 76 
received 8 characters
CRC receive OK 76a0
Transmission State Check: 0
szCvrtFloat    27.045650 0x41d85d7e
value        27.045650

Elapsed time since last comm 69 us
Attempt 1
Clearing read buffer Success!
szSerBufferSave OK! 02 3b 16 00 00 00 00 00 00 00 
command: 02 3b 16 00 00 00 00 00 9e 72 
Flushing serial device buffer... Success!
Sending command... sent 10 characters
Draining serial device buffer... Success!
Cleared data buffer: 00 00 00 00 00 00 00 00 00 00 
Read char #1 RC=1 (00) waited/max    10798/1000000  uS 
Read char #2 RC=1 (06) waited/max        9/1000000  uS 
Read char #3 RC=1 (41) waited/max        9/1000000  uS 
Read char #4 RC=1 (bb) waited/max        9/1000000  uS 
Read char #5 RC=1 (a5) waited/max        9/1000000  uS 
Read char #6 RC=1 (d1) waited/max        8/1000000  uS 
Read char #7 RC=1 (bc) waited/max        8/1000000  uS 
Read char #8 RC=1 (73) waited/max        9/1000000  uS 
answer:  00 06 41 bb a5 d1 bc 73 
received 8 characters
CRC receive OK 73bc
Transmission State Check: 0
szCvrtFloat    23.455965 0x41bba5d1
value        23.455965

Attempting to get Partial Energy value 
Elapsed time since last comm 135 us
Attempt 1
Clearing read buffer Success!
szSerBufferSave OK! 02 4e 06 00 00 00 00 00 00 00 
command: 02 4e 06 00 00 00 00 00 c1 d1 
Flushing serial device buffer... Success!
Sending command... sent 10 characters
Draining serial device buffer... Success!
Cleared data buffer: 00 00 00 00 00 00 00 00 00 00 
Read char #1 RC=0 (00) waited/max    98748/1000000  uS 
answer:  Got -1 characters

Elapsed time since last comm 0 us
Attempt 2
Clearing read buffer Success!
szSerBufferSave OK! 02 4e 06 00 00 00 00 00 00 00 
command: 02 4e 06 00 00 00 00 00 c1 d1 
Flushing serial device buffer... Success!
Sending command... sent 10 characters
Draining serial device buffer... Success!
Cleared data buffer: 00 00 00 00 00 00 00 00 00 00 
Read char #1 RC=1 (00) waited/max    13809/1000000  uS 
Read char #2 RC=1 (06) waited/max        9/1000000  uS 
Read char #3 RC=1 (00) waited/max        8/1000000  uS 
Read char #4 RC=1 (00) waited/max        8/1000000  uS 
Read char #5 RC=1 (84) waited/max        9/1000000  uS 
Read char #6 RC=1 (38) waited/max        9/1000000  uS 
Read char #7 RC=1 (70) waited/max        9/1000000  uS 
Read char #8 RC=1 (9a) waited/max        8/1000000  uS 
answer:  00 06 00 00 84 38 70 9a 
received 8 characters
CRC receive OK 9a70
Transmission State Check: 0
szCvrtLong          33848 0x00008438
value               33848

Elapsed time since last comm 53 us
Attempt 1
Clearing read buffer Success!
szSerBufferSave OK! 02 4e 00 00 00 00 00 00 00 00 
command: 02 4e 00 00 00 00 00 00 3b c9 
Flushing serial device buffer... Success!
Sending command... sent 10 characters
Draining serial device buffer... Success!
Cleared data buffer: 00 00 00 00 00 00 00 00 00 00 
Read char #1 RC=1 (00) waited/max    22813/1000000  uS 
Read char #2 RC=1 (06) waited/max        9/1000000  uS 
Read char #3 RC=1 (00) waited/max        9/1000000  uS 
Read char #4 RC=1 (00) waited/max        8/1000000  uS 
Read char #5 RC=1 (04) waited/max        9/1000000  uS 
Read char #6 RC=1 (dd) waited/max        8/1000000  uS 
Read char #7 RC=1 (1f) waited/max        9/1000000  uS 
Read char #8 RC=1 (a6) waited/max        8/1000000  uS 
answer:  00 06 00 00 04 dd 1f a6 
received 8 characters
CRC receive OK a61f
Transmission State Check: 0
szCvrtLong           1245 0x000004dd
value                1245

Elapsed time since last comm 54 us
Attempt 1
Clearing read buffer Success!
szSerBufferSave OK! 02 4e 01 00 00 00 00 00 00 00 
command: 02 4e 01 00 00 00 00 00 10 cd 
Flushing serial device buffer... Success!
Sending command... sent 10 characters
Draining serial device buffer... Success!
Cleared data buffer: 00 00 00 00 00 00 00 00 00 00 
Read char #1 RC=1 (00) waited/max    11805/1000000  uS 
Read char #2 RC=1 (06) waited/max       14/1000000  uS 
Read char #3 RC=1 (00) waited/max       13/1000000  uS 
Read char #4 RC=1 (00) waited/max       12/1000000  uS 
Read char #5 RC=1 (14) waited/max       12/1000000  uS 
Read char #6 RC=1 (41) waited/max       13/1000000  uS 
Read char #7 RC=1 (6b) waited/max       12/1000000  uS 
Read char #8 RC=1 (6d) waited/max       13/1000000  uS 
answer:  00 06 00 00 14 41 6b 6d 
received 8 characters
CRC receive OK 6d6b
Transmission State Check: 0
szCvrtLong           5185 0x00001441
value                5185

Elapsed time since last comm 85 us
Attempt 1
Clearing read buffer Success!
szSerBufferSave OK! 02 4e 03 00 00 00 00 00 00 00 
command: 02 4e 03 00 00 00 00 00 46 c5 
Flushing serial device buffer... Success!
Sending command... sent 10 characters
Draining serial device buffer... Success!
Cleared data buffer: 00 00 00 00 00 00 00 00 00 00 
Read char #1 RC=0 (00) waited/max    99731/1000000  uS 
answer:  Got -1 characters

Elapsed time since last comm 0 us
Attempt 2
Clearing read buffer Success!
szSerBufferSave OK! 02 4e 03 00 00 00 00 00 00 00 
command: 02 4e 03 00 00 00 00 00 46 c5 
Flushing serial device buffer... Success!
Sending command... sent 10 characters
Draining serial device buffer... Success!
Cleared data buffer: 00 00 00 00 00 00 00 00 00 00 
Read char #1 RC=1 (00) waited/max     3805/1000000  uS 
Read char #2 RC=1 (06) waited/max        9/1000000  uS 
Read char #3 RC=1 (00) waited/max        9/1000000  uS 
Read char #4 RC=1 (60) waited/max        9/1000000  uS 
Read char #5 RC=1 (7f) waited/max        9/1000000  uS 
Read char #6 RC=1 (fb) waited/max        9/1000000  uS 
Read char #7 RC=1 (ff) waited/max        9/1000000  uS 
Read char #8 RC=1 (ff) waited/max        9/1000000  uS 
answer:  00 06 00 60 7f fb ff ff 
received 8 characters

Elapsed time since last comm 0 us
Attempt 3
Clearing read buffer Success!
szSerBufferSave OK! 02 4e 03 00 00 00 00 00 00 00 
command: 02 4e 03 00 00 00 00 00 46 c5 
Flushing serial device buffer... Success!
Sending command... sent 10 characters
Draining serial device buffer... Success!
Cleared data buffer: 00 00 00 00 00 00 00 00 00 00 
Read char #1 RC=0 (00) 
answer:  Got -1 characters

Restoring Serial Port settings /dev/serial/by-id/usb-1a86_USB2.0-Serial-if00-port0... Success!
Flushing serial device buffer... Success!
Closing Serial Port /dev/serial/by-id/usb-1a86_USB2.0-Serial-if00-port0... Success!

devLCKfile: </var/lock/LCK..usb-1a86_USB2.0-Serial-if00-port0>
devLCKfileNew: </var/lock/LCK..usb-1a86_USB2.0-Serial-if00-port0.6620>
Clearing Serial Port Lock (6620)... done.

20120604-13:24:14: aurora: ERROR: Received bad return code (-1 78 3)

Complete 20120604-13:24:14

