
aurora -b -a2 -c -T -Y3 -d0 -e /dev/serial/by-id/usb-1a86_USB2.0-Serial-if00-port0 

szttyDevice: /dev/serial/by-id/usb-1a86_USB2.0-Serial-if00-port0
yDelay:     1
yTimeout    0 mS
yMaxRunTime ~
devLCKfile: </var/lock/LCK..usb-1a86_USB2.0-Serial-if00-port0>
devLCKfileNew: </var/lock/LCK..usb-1a86_USB2.0-Serial-if00-port0.6239>
Got Params

RunTime 20120604-13:23:01 v1.8.0 
Endian : Little
PID : 6239

Attempting to get lock on Serial Port /dev/serial/by-id/usb-1a86_USB2.0-Serial-if00-port0...
Checking for lock

Checking process 6239 for lock
rPID: 6239 SubStrPos: aurora command: aurora = me
Appears we got the lock.

Opening Serial Port /dev/serial/by-id/usb-1a86_USB2.0-Serial-if00-port0...  Serial Port /dev/serial/by-id/usb-1a86_USB2.0-Serial-if00-port0 successfully opened.
Configuring serial device... Flushing unread data first...  Success!
Flushing serial device buffer... Success!

Comm Check: Let's see if the Aurora is listening... 
Elapsed time since last comm 0 us
Attempt 1
Clearing read buffer Success!
szSerBufferSave OK! 02 3a 00 00 00 00 00 00 00 00 
command: 02 3a 00 00 00 00 00 00 01 b7 
Flushing serial device buffer... Success!
Sending command... sent 10 characters
Draining serial device buffer... Success!
Cleared data buffer: 00 00 00 00 00 00 00 00 00 00 
Read char #1 RC=1 (00) waited/max    11765/1000000  uS 
Read char #2 RC=1 (06) waited/max       10/1000000  uS 
Read char #3 RC=1 (31) waited/max       13/1000000  uS 
Read char #4 RC=1 (42) waited/max       10/1000000  uS 
Read char #5 RC=1 (4e) waited/max        8/1000000  uS 
Read char #6 RC=1 (4e) waited/max        9/1000000  uS 
Read char #7 RC=1 (9c) waited/max        9/1000000  uS 
Read char #8 RC=1 (58) waited/max        9/1000000  uS 
answer:  00 06 31 42 4e 4e 9c 58 
received 8 characters
CRC receive OK 589c
Transmission State Check: 0
Model ID "1" Multipler 0.0970019 -- PVI-3.0-OUTD (new) --
Comm Check: OK

Elapsed time since last comm 185 us
Attempt 1
Clearing read buffer Success!
szSerBufferSave OK! 02 3b 04 00 00 00 00 00 00 00 
command: 02 3b 04 00 00 00 00 00 78 38 
Flushing serial device buffer... Success!
Sending command... sent 10 characters
Draining serial device buffer... Success!
Cleared data buffer: 00 00 00 00 00 00 00 00 00 00 
Read char #1 RC=0 (00) waited/max    97745/1000000  uS 
answer:  Got -1 characters

Elapsed time since last comm 0 us
Attempt 2
Clearing read buffer Success!
szSerBufferSave OK! 02 3b 04 00 00 00 00 00 00 00 
command: 02 3b 04 00 00 00 00 00 78 38 
Flushing serial device buffer... Success!
Sending command... sent 10 characters
Draining serial device buffer... Success!
Cleared data buffer: 00 00 00 00 00 00 00 00 00 00 
Read char #1 RC=1 (ff) waited/max     4804/1000000  uS 
Read char #2 RC=1 (ff) waited/max        9/1000000  uS 
Read char #3 RC=1 (ff) waited/max        8/1000000  uS 
Read char #4 RC=1 (fb) waited/max     1788/1000000  uS 
Read char #5 RC=1 (67) waited/max        9/1000000  uS 
Read char #6 RC=1 (13) waited/max        8/1000000  uS 
Read char #7 RC=0 (00) waited/max    99770/1000000  uS 
answer:  Got -1 characters

Elapsed time since last comm 0 us
Attempt 3
Clearing read buffer Success!
szSerBufferSave OK! 02 3b 04 00 00 00 00 00 00 00 
command: 02 3b 04 00 00 00 00 00 78 38 
Flushing serial device buffer... Success!
Sending command... sent 10 characters
Draining serial device buffer... Success!
Cleared data buffer: 00 00 00 00 00 00 00 00 00 00 
Read char #1 RC=1 (00) waited/max    52856/1000000  uS 
Read char #2 RC=1 (06) waited/max       12/1000000  uS 
Read char #3 RC=1 (42) waited/max        9/1000000  uS 
Read char #4 RC=1 (47) waited/max        9/1000000  uS 
Read char #5 RC=1 (ee) waited/max        8/1000000  uS 
Read char #6 RC=1 (99) waited/max        8/1000000  uS 
Read char #7 RC=1 (64) waited/max        9/1000000  uS 
Read char #8 RC=1 (13) waited/max        9/1000000  uS 
answer:  00 06 42 47 ee 99 64 13 
received 8 characters
CRC receive OK 1364
Transmission State Check: 0
szCvrtFloat    49.983006 0x4247ee99
value        49.983006

Elapsed time since last comm 88 us
Attempt 1
Clearing read buffer Success!
szSerBufferSave OK! 02 3b 01 00 00 00 00 00 00 00 
command: 02 3b 01 00 00 00 00 00 ff 2c 
Flushing serial device buffer... Success!
Sending command... sent 10 characters
Draining serial device buffer... Success!
Cleared data buffer: 00 00 00 00 00 00 00 00 00 00 
Read char #1 RC=1 (00) waited/max    22791/1000000  uS 
Read char #2 RC=1 (06) waited/max        9/1000000  uS 
Read char #3 RC=1 (43) waited/max        9/1000000  uS 
Read char #4 RC=1 (61) waited/max        9/1000000  uS 
Read char #5 RC=1 (18) waited/max        9/1000000  uS 
Read char #6 RC=1 (e1) waited/max        8/1000000  uS 
Read char #7 RC=1 (2a) waited/max        8/1000000  uS 
Read char #8 RC=1 (0d) waited/max        9/1000000  uS 
answer:  00 06 43 61 18 e1 2a 0d 
received 8 characters
CRC receive OK 0d2a
Transmission State Check: 0
szCvrtFloat   225.097183 0x436118e1
value       225.097183

Elapsed time since last comm 80 us
Attempt 1
Clearing read buffer Success!
szSerBufferSave OK! 02 3b 02 00 00 00 00 00 00 00 
command: 02 3b 02 00 00 00 00 00 82 20 
Flushing serial device buffer... Success!
Sending command... sent 10 characters
Draining serial device buffer... Success!
Cleared data buffer: 00 00 00 00 00 00 00 00 00 00 
Read char #1 RC=1 (00) waited/max    10804/1000000  uS 
Read char #2 RC=1 (06) waited/max       10/1000000  uS 
Read char #3 RC=1 (40) waited/max        9/1000000  uS 
Read char #4 RC=1 (3a) waited/max        9/1000000  uS 
Read char #5 RC=1 (df) waited/max        9/1000000  uS 
Read char #6 RC=1 (c8) waited/max        8/1000000  uS 
Read char #7 RC=1 (c3) waited/max        9/1000000  uS 
Read char #8 RC=1 (b9) waited/max        9/1000000  uS 
answer:  00 06 40 3a df c8 c3 b9 
received 8 characters
CRC receive OK b9c3
Transmission State Check: 0
szCvrtFloat     2.919909 0x403adfc8
value         2.919909

Elapsed time since last comm 63 us
Attempt 1
Clearing read buffer Success!
szSerBufferSave OK! 02 3b 03 00 00 00 00 00 00 00 
command: 02 3b 03 00 00 00 00 00 a9 24 
Flushing serial device buffer... Success!
Sending command... sent 10 characters
Draining serial device buffer... Success!
Cleared data buffer: 00 00 00 00 00 00 00 00 00 00 
Read char #1 RC=0 (00) waited/max    97746/1000000  uS 
answer:  Got -1 characters

Elapsed time since last comm 0 us
Attempt 2
Clearing read buffer Success!
szSerBufferSave OK! 02 3b 03 00 00 00 00 00 00 00 
command: 02 3b 03 00 00 00 00 00 a9 24 
Flushing serial device buffer... Success!
Sending command... sent 10 characters
Draining serial device buffer... Success!
Cleared data buffer: 00 00 00 00 00 00 00 00 00 00 
Read char #1 RC=1 (bf) waited/max     3800/1000000  uS 
Read char #2 RC=1 (ff) waited/max       10/1000000  uS 
Read char #3 RC=1 (af) waited/max     2855/1000000  uS 
Read char #4 RC=1 (f8) waited/max        9/1000000  uS 
Read char #5 RC=0 (00) waited/max    99805/1000000  uS 
answer:  Got -1 characters

Elapsed time since last comm 0 us
Attempt 3
Clearing read buffer Success!
szSerBufferSave OK! 02 3b 03 00 00 00 00 00 00 00 
command: 02 3b 03 00 00 00 00 00 a9 24 
Flushing serial device buffer... Success!
Sending command... sent 10 characters
Draining serial device buffer... Success!
Cleared data buffer: 00 00 00 00 00 00 00 00 00 00 
Read char #1 RC=1 (00) waited/max    51814/1000000  uS 
Read char #2 RC=1 (06) waited/max       10/1000000  uS 
Read char #3 RC=1 (44) waited/max        9/1000000  uS 
Read char #4 RC=1 (22) waited/max        8/1000000  uS 
Read char #5 RC=1 (f0) waited/max        9/1000000  uS 
Read char #6 RC=1 (ca) waited/max        9/1000000  uS 
Read char #7 RC=1 (91) waited/max        9/1000000  uS 
Read char #8 RC=1 (0b) waited/max        8/1000000  uS 
answer:  00 06 44 22 f0 ca 91 0b 
received 8 characters
CRC receive OK 0b91
Transmission State Check: 0
szCvrtFloat   651.762329 0x4422f0ca
value       651.762329

Elapsed time since last comm 74 us
Attempt 1
Clearing read buffer Success!
szSerBufferSave OK! 02 3b 17 00 00 00 00 00 00 00 
command: 02 3b 17 00 00 00 00 00 b5 76 
Flushing serial device buffer... Success!
Sending command... sent 10 characters
Draining serial device buffer... Success!
Cleared data buffer: 00 00 00 00 00 00 00 00 00 00 
Read char #1 RC=1 (00) waited/max    24853/1000000  uS 
Read char #2 RC=1 (06) waited/max       11/1000000  uS 
Read char #3 RC=1 (43) waited/max        9/1000000  uS 
Read char #4 RC=1 (b6) waited/max        9/1000000  uS 
Read char #5 RC=1 (f1) waited/max        9/1000000  uS 
Read char #6 RC=1 (81) waited/max        9/1000000  uS 
Read char #7 RC=1 (a7) waited/max        9/1000000  uS 
Read char #8 RC=1 (53) waited/max        9/1000000  uS 
answer:  00 06 43 b6 f1 81 a7 53 
received 8 characters
CRC receive OK 53a7
Transmission State Check: 0
szCvrtFloat   365.886749 0x43b6f181
value       365.886749

Elapsed time since last comm 77 us
Attempt 1
Clearing read buffer Success!
szSerBufferSave OK! 02 3b 19 00 00 00 00 00 00 00 
command: 02 3b 19 00 00 00 00 00 17 4f 
Flushing serial device buffer... Success!
Sending command... sent 10 characters
Draining serial device buffer... Success!
Cleared data buffer: 00 00 00 00 00 00 00 00 00 00 
Read char #1 RC=1 (00) waited/max    10805/1000000  uS 
Read char #2 RC=1 (06) waited/max        9/1000000  uS 
Read char #3 RC=1 (3f) waited/max        9/1000000  uS 
Read char #4 RC=1 (85) waited/max        9/1000000  uS 
Read char #5 RC=1 (3a) waited/max        9/1000000  uS 
Read char #6 RC=1 (17) waited/max        8/1000000  uS 
Read char #7 RC=1 (a1) waited/max        9/1000000  uS 
Read char #8 RC=1 (28) waited/max        9/1000000  uS 
answer:  00 06 3f 85 3a 17 a1 28 
received 8 characters
CRC receive OK 28a1
Transmission State Check: 0
szCvrtFloat     1.040835 0x3f853a17
value         1.040835

Elapsed time since last comm 62 us
Attempt 1
Clearing read buffer Success!
szSerBufferSave OK! 02 3b 1a 00 00 00 00 00 00 00 
command: 02 3b 1a 00 00 00 00 00 6a 43 
Flushing serial device buffer... Success!
Sending command... sent 10 characters
Draining serial device buffer... Success!
Cleared data buffer: 00 00 00 00 00 00 00 00 00 00 
Read char #1 RC=1 (00) waited/max    10805/1000000  uS 
Read char #2 RC=1 (06) waited/max        9/1000000  uS 
Read char #3 RC=1 (43) waited/max        8/1000000  uS 
Read char #4 RC=1 (93) waited/max        9/1000000  uS 
Read char #5 RC=1 (9a) waited/max        9/1000000  uS 
Read char #6 RC=1 (4b) waited/max        9/1000000  uS 
Read char #7 RC=1 (8a) waited/max        9/1000000  uS 
Read char #8 RC=1 (81) waited/max        9/1000000  uS 
answer:  00 06 43 93 9a 4b 8a 81 
received 8 characters
CRC receive OK 818a
Transmission State Check: 0
szCvrtFloat   295.205414 0x43939a4b
value       295.205414

Elapsed time since last comm 69 us
Attempt 1
Clearing read buffer Success!
szSerBufferSave OK! 02 3b 1b 00 00 00 00 00 00 00 
command: 02 3b 1b 00 00 00 00 00 41 47 
Flushing serial device buffer... Success!
Sending command... sent 10 characters
Draining serial device buffer... Success!
Cleared data buffer: 00 00 00 00 00 00 00 00 00 00 
Read char #1 RC=0 (00) waited/max    99749/1000000  uS 
answer:  Got -1 characters

Elapsed time since last comm 0 us
Attempt 2
Clearing read buffer Success!
szSerBufferSave OK! 02 3b 1b 00 00 00 00 00 00 00 
command: 02 3b 1b 00 00 00 00 00 41 47 
Flushing serial device buffer... Success!
Sending command... sent 10 characters
Draining serial device buffer... Success!
Cleared data buffer: 00 00 00 00 00 00 00 00 00 00 
Read char #1 RC=1 (c5) waited/max     9807/1000000  uS 
Read char #2 RC=1 (b0) waited/max        9/1000000  uS 
Read char #3 RC=1 (0a) waited/max        8/1000000  uS 
Read char #4 RC=1 (83) waited/max        9/1000000  uS 
Read char #5 RC=1 (c4) waited/max        9/1000000  uS 
Read char #6 RC=1 (a0) waited/max        9/1000000  uS 
Read char #7 RC=1 (42) waited/max        9/1000000  uS 
Read char #8 RC=0 (00) 
answer:  Got -1 characters

Elapsed time since last comm 0 us
Attempt 3
Clearing read buffer Success!
szSerBufferSave OK! 02 3b 1b 00 00 00 00 00 00 00 
command: 02 3b 1b 00 00 00 00 00 41 47 
Flushing serial device buffer... Success!
Sending command... sent 10 characters
Draining serial device buffer... Success!
Cleared data buffer: 00 00 00 00 00 00 00 00 00 00 
Read char #1 RC=1 (00) waited/max    59832/1000000  uS 
Read char #2 RC=1 (06) waited/max       10/1000000  uS 
Read char #3 RC=1 (3f) waited/max        9/1000000  uS 
Read char #4 RC=1 (81) waited/max        9/1000000  uS 
Read char #5 RC=1 (83) waited/max        8/1000000  uS 
Read char #6 RC=1 (c4) waited/max        8/1000000  uS 
Read char #7 RC=1 (a0) waited/max        9/1000000  uS 
Read char #8 RC=1 (42) waited/max        9/1000000  uS 
answer:  00 06 3f 81 83 c4 a0 42 
received 8 characters
CRC receive OK 42a0
Transmission State Check: 0
szCvrtFloat     1.011834 0x3f8183c4
value         1.011834

Elapsed time since last comm 70 us
Attempt 1
Clearing read buffer Success!
szSerBufferSave OK! 02 3b 15 00 00 00 00 00 00 00 
command: 02 3b 15 00 00 00 00 00 e3 7e 
Flushing serial device buffer... Success!
Sending command... sent 10 characters
Draining serial device buffer... Success!
Cleared data buffer: 00 00 00 00 00 00 00 00 00 00 
Read char #1 RC=1 (00) waited/max    26806/1000000  uS 
Read char #2 RC=1 (06) waited/max        9/1000000  uS 
Read char #3 RC=1 (41) waited/max        9/1000000  uS 
Read char #4 RC=1 (d8) waited/max        9/1000000  uS 
Read char #5 RC=1 (5d) waited/max        9/1000000  uS 
Read char #6 RC=1 (7e) waited/max        8/1000000  uS 
Read char #7 RC=1 (a0) waited/max        9/1000000  uS 
Read char #8 RC=1 (76) waited/max        9/1000000  uS 
answer:  00 06 41 d8 5d 7e a0 76 
received 8 characters
CRC receive OK 76a0
Transmission State Check: 0
szCvrtFloat    27.045650 0x41d85d7e
value        27.045650

Elapsed time since last comm 70 us
Attempt 1
Clearing read buffer Success!
szSerBufferSave OK! 02 3b 16 00 00 00 00 00 00 00 
command: 02 3b 16 00 00 00 00 00 9e 72 
Flushing serial device buffer... Success!
Sending command... sent 10 characters
Draining serial device buffer... Success!
Cleared data buffer: 00 00 00 00 00 00 00 00 00 00 
Read char #1 RC=1 (00) waited/max    10802/1000000  uS 
Read char #2 RC=1 (06) waited/max        9/1000000  uS 
Read char #3 RC=1 (41) waited/max        9/1000000  uS 
Read char #4 RC=1 (bb) waited/max        9/1000000  uS 
Read char #5 RC=1 (a3) waited/max        9/1000000  uS 
Read char #6 RC=1 (79) waited/max        9/1000000  uS 
Read char #7 RC=1 (2e) waited/max        9/1000000  uS 
Read char #8 RC=1 (0e) waited/max        9/1000000  uS 
answer:  00 06 41 bb a3 79 2e 0e 
received 8 characters
CRC receive OK 0e2e
Transmission State Check: 0
szCvrtFloat    23.454821 0x41bba379
value        23.454821

Attempting to get Partial Energy value 
Elapsed time since last comm 136 us
Attempt 1
Clearing read buffer Success!
szSerBufferSave OK! 02 4e 06 00 00 00 00 00 00 00 
command: 02 4e 06 00 00 00 00 00 c1 d1 
Flushing serial device buffer... Success!
Sending command... sent 10 characters
Draining serial device buffer... Success!
Cleared data buffer: 00 00 00 00 00 00 00 00 00 00 
Read char #1 RC=0 (00) waited/max    98707/1000000  uS 
answer:  Got -1 characters

Elapsed time since last comm 0 us
Attempt 2
Clearing read buffer Success!
szSerBufferSave OK! 02 4e 06 00 00 00 00 00 00 00 
command: 02 4e 06 00 00 00 00 00 c1 d1 
Flushing serial device buffer... Success!
Sending command... sent 10 characters
Draining serial device buffer... Success!
Cleared data buffer: 00 00 00 00 00 00 00 00 00 00 
Read char #1 RC=1 (00) waited/max     1789/1000000  uS 
Read char #2 RC=1 (06) waited/max        9/1000000  uS 
Read char #3 RC=1 (00) waited/max        9/1000000  uS 
Read char #4 RC=1 (00) waited/max        9/1000000  uS 
Read char #5 RC=1 (84) waited/max        9/1000000  uS 
Read char #6 RC=1 (2c) waited/max        9/1000000  uS 
Read char #7 RC=1 (d5) waited/max        9/1000000  uS 
Read char #8 RC=1 (fe) waited/max        9/1000000  uS 
answer:  00 06 00 00 84 2c d5 fe 
received 8 characters

Elapsed time since last comm 0 us
Attempt 3
Clearing read buffer Success!
szSerBufferSave OK! 02 4e 06 00 00 00 00 00 00 00 
command: 02 4e 06 00 00 00 00 00 c1 d1 
Flushing serial device buffer... Success!
Sending command... sent 10 characters
Draining serial device buffer... Success!
Cleared data buffer: 00 00 00 00 00 00 00 00 00 00 
Read char #1 RC=0 (00) waited/max    98814/1000000  uS 
answer:  Got -1 characters

Restoring Serial Port settings /dev/serial/by-id/usb-1a86_USB2.0-Serial-if00-port0... Success!
Flushing serial device buffer... Success!
Closing Serial Port /dev/serial/by-id/usb-1a86_USB2.0-Serial-if00-port0... Success!

devLCKfile: </var/lock/LCK..usb-1a86_USB2.0-Serial-if00-port0>
devLCKfileNew: </var/lock/LCK..usb-1a86_USB2.0-Serial-if00-port0.6239>
Clearing Serial Port Lock (6239)... done.

20120604-13:23:02: aurora: ERROR: Received bad return code (-1 78 6)

Complete 20120604-13:23:02

